[DEBUG] Host name:  gpu156.cluster.local
wandb: Starting wandb agent 🕵️
2025-01-27 01:22:41,803 - wandb.wandb_agent - INFO - Running runs: []
2025-01-27 01:22:41,941 - wandb.wandb_agent - INFO - Agent received command: run
2025-01-27 01:22:41,941 - wandb.wandb_agent - INFO - Agent starting run with config:
	batch_size: 1024
	d_layers: 512
	data_path: ../../data/shoppers
	dataset: shoppers
	dim_t: 64
	dropout: 0.1
	log_interval: 50
	lr: 0.01
	n_layers: 4
	num_epochs: 4000
	seed: 42
	task_type: binclass
2025-01-27 01:22:41,946 - wandb.wandb_agent - INFO - About to run command: /usr/bin/env python ../../main.py --batch_size=1024 --d_layers=512 --data_path=../../data/shoppers --dataset=shoppers --dim_t=64 --dropout=0.1 --log_interval=50 --lr=0.01 --n_layers=4 --num_epochs=4000 --seed=42 --task_type=binclass
/h/aguzmanc/miniforge3/envs/eval/lib/python3.11/site-packages/xgboost/core.py:265: FutureWarning: Your system has an old version of glibc (< 2.28). We will stop supporting Linux distros with glibc older than 2.28 after **May 31, 2025**. Please upgrade to a recent Linux distro (with glibc 2.28+) to use future versions of XGBoost.
Note: You have installed the 'manylinux2014' variant of XGBoost. Certain features such as GPU algorithms or federated learning are not available. To use these features, please upgrade to a recent Linux distro with glibc 2.28+, and install the 'manylinux_2_28' variant.
  warnings.warn(
2025-01-27 01:22:46,959 - wandb.wandb_agent - INFO - Running runs: ['0nnc69lq']
wandb: Currently logged in as: andresguzco. Use `wandb login --relogin` to force relogin
wandb: wandb version 0.19.4 is available!  To upgrade, please run:
wandb:  $ pip install wandb --upgrade
wandb: Tracking run with wandb version 0.16.6
wandb: Run data is saved locally in /fs01/home/aguzmanc/xvfm/src/sweeps/wandb/run-20250127_012250-0nnc69lq
wandb: Run `wandb offline` to turn off syncing.
wandb: Syncing run light-sweep-14
wandb: ⭐️ View project at https://wandb.ai/andresguzco/XVFM
wandb: 🧹 View sweep at https://wandb.ai/andresguzco/XVFM/sweeps/aojvbd3l
wandb: 🚀 View run at https://wandb.ai/andresguzco/XVFM/runs/0nnc69lq
Number of parameters: 869580
Training parameters: {'num_epochs': 4000, 'batch_size': 1024, 'lr': 0.01, 'integration_steps': 100, 'sigma': 0.01, 'dataset': 'shoppers', 'log_interval': 50, 'seed': 42, 'results_dir': 'results', 'd_layers': 512, 'n_layers': 4, 'dropout': 0.1, 'dim_t': 64, 'data_path': '../../data/shoppers', 'task_type': 'binclass', 'arch': [512, 512, 512, 512], 'num_feat': 10, 'classes': [10, 8, 13, 9, 20, 3, 2], 'd_in': 75}
Epoch [1/4000]: Loss: [5686.1352]
Epoch [2/4000]: Loss: [227.0078]
Epoch [3/4000]: Loss: [157.7683]
Epoch [4/4000]: Loss: [148.3068]
Epoch [5/4000]: Loss: [142.6806]
Epoch [6/4000]: Loss: [139.5407]
Epoch [7/4000]: Loss: [136.4924]
Epoch [8/4000]: Loss: [133.6611]
Epoch [9/4000]: Loss: [135.3180]
Epoch [10/4000]: Loss: [134.0700]
Epoch [11/4000]: Loss: [129.1488]
Epoch [12/4000]: Loss: [128.9195]
Epoch [13/4000]: Loss: [135.9778]
Epoch [14/4000]: Loss: [132.9681]
Epoch [15/4000]: Loss: [132.4737]
Epoch [16/4000]: Loss: [130.8308]
Epoch [17/4000]: Loss: [133.7593]
Epoch [18/4000]: Loss: [129.2856]
Epoch [19/4000]: Loss: [127.6334]
Epoch [20/4000]: Loss: [130.3549]
Epoch [21/4000]: Loss: [131.6418]
Epoch [22/4000]: Loss: [130.7725]
Epoch [23/4000]: Loss: [129.6028]
Epoch [24/4000]: Loss: [130.6206]
Epoch [25/4000]: Loss: [131.0990]
Epoch [26/4000]: Loss: [128.5064]
Epoch [27/4000]: Loss: [132.5369]
Epoch [28/4000]: Loss: [130.6544]
Epoch [29/4000]: Loss: [132.6519]
Epoch [30/4000]: Loss: [129.2212]
Epoch [31/4000]: Loss: [137.5274]
Epoch [32/4000]: Loss: [131.7335]
Epoch [33/4000]: Loss: [126.8796]
Epoch [34/4000]: Loss: [133.2670]
Epoch [35/4000]: Loss: [134.1426]
Epoch [36/4000]: Loss: [128.5704]
Epoch [37/4000]: Loss: [131.6749]
Epoch [38/4000]: Loss: [132.0283]
Epoch [39/4000]: Loss: [127.3899]
Epoch [40/4000]: Loss: [130.5793]
Epoch [41/4000]: Loss: [130.4522]
Epoch [42/4000]: Loss: [130.6958]
Epoch [43/4000]: Loss: [126.8380]
Epoch [44/4000]: Loss: [133.8257]
Epoch [45/4000]: Loss: [128.5919]
Epoch [46/4000]: Loss: [132.8373]
Epoch [47/4000]: Loss: [125.8067]
Epoch [48/4000]: Loss: [133.1453]
Epoch [49/4000]: Loss: [129.9129]
Epoch [50/4000]: Loss: [130.1056]
Epoch [51/4000]: Loss: [127.2377]
Epoch [52/4000]: Loss: [128.7448]
Epoch [53/4000]: Loss: [131.4551]
Epoch [54/4000]: Loss: [127.9266]
Epoch [55/4000]: Loss: [124.0204]
Epoch [56/4000]: Loss: [132.4552]
Epoch [57/4000]: Loss: [131.1137]
Epoch [58/4000]: Loss: [123.8607]
Epoch [59/4000]: Loss: [129.6323]
Epoch [60/4000]: Loss: [132.4057]
Epoch [61/4000]: Loss: [133.4683]
Epoch [62/4000]: Loss: [131.7016]
Epoch [63/4000]: Loss: [132.0096]
Epoch [64/4000]: Loss: [130.5360]
Epoch [65/4000]: Loss: [128.6651]
Epoch [66/4000]: Loss: [131.1779]
Epoch [67/4000]: Loss: [128.7052]
Epoch [68/4000]: Loss: [133.7205]
Epoch [69/4000]: Loss: [127.6056]
Epoch [70/4000]: Loss: [129.1286]
Epoch [71/4000]: Loss: [128.9885]
Epoch [72/4000]: Loss: [129.6920]
Epoch [73/4000]: Loss: [125.4947]
Epoch [74/4000]: Loss: [129.8437]
Epoch [75/4000]: Loss: [126.9358]
Epoch [76/4000]: Loss: [126.5638]
Epoch [77/4000]: Loss: [127.2172]
Epoch [78/4000]: Loss: [127.1271]
Epoch [79/4000]: Loss: [128.4575]
Epoch [80/4000]: Loss: [129.2150]
Epoch [81/4000]: Loss: [129.5880]
Epoch [82/4000]: Loss: [130.4258]
Epoch [83/4000]: Loss: [130.5146]
Epoch [84/4000]: Loss: [127.9259]
Epoch [85/4000]: Loss: [129.6372]
Epoch [86/4000]: Loss: [129.2228]
Epoch [87/4000]: Loss: [133.6042]
Epoch [88/4000]: Loss: [128.7785]
Epoch [89/4000]: Loss: [129.7796]
Epoch [90/4000]: Loss: [130.2734]
Epoch [91/4000]: Loss: [128.5698]
Epoch [92/4000]: Loss: [127.7667]
Epoch [93/4000]: Loss: [128.5913]
Epoch [94/4000]: Loss: [130.2536]
Epoch [95/4000]: Loss: [126.7075]
Epoch [96/4000]: Loss: [125.9423]
Epoch [97/4000]: Loss: [128.4935]
Epoch [98/4000]: Loss: [127.5508]
Epoch [99/4000]: Loss: [129.5575]
Epoch [100/4000]: Loss: [131.7766]
Epoch [101/4000]: Loss: [131.4058]
Epoch [102/4000]: Loss: [130.8704]
Epoch [103/4000]: Loss: [130.0645]
Epoch [104/4000]: Loss: [128.8299]
Epoch [105/4000]: Loss: [125.7059]
Epoch [106/4000]: Loss: [129.4728]
Epoch [107/4000]: Loss: [125.9757]
Epoch [108/4000]: Loss: [126.4731]
Epoch [109/4000]: Loss: [128.7574]
Epoch [110/4000]: Loss: [126.7087]
Epoch [111/4000]: Loss: [125.2934]
Epoch [112/4000]: Loss: [126.1013]
Epoch [113/4000]: Loss: [126.8016]
Epoch [114/4000]: Loss: [124.2200]
Epoch [115/4000]: Loss: [129.5964]
Epoch [116/4000]: Loss: [131.3150]
Epoch [117/4000]: Loss: [130.2127]
Epoch [118/4000]: Loss: [126.2984]
Epoch [119/4000]: Loss: [122.8772]
Epoch [120/4000]: Loss: [126.5329]
Epoch [121/4000]: Loss: [126.6898]
Epoch [122/4000]: Loss: [127.1975]
Epoch [123/4000]: Loss: [128.6965]
Epoch [124/4000]: Loss: [129.3032]
Epoch [125/4000]: Loss: [124.8363]
Epoch [126/4000]: Loss: [127.1799]
Epoch [127/4000]: Loss: [130.6174]
Epoch [128/4000]: Loss: [122.3525]
Epoch [129/4000]: Loss: [123.2349]
Epoch [130/4000]: Loss: [129.1935]
Epoch [131/4000]: Loss: [129.1272]
Epoch [132/4000]: Loss: [125.6099]
Epoch [133/4000]: Loss: [124.9993]
Epoch [134/4000]: Loss: [126.8105]
Epoch [135/4000]: Loss: [131.1789]
Epoch [136/4000]: Loss: [128.9199]
Epoch [137/4000]: Loss: [129.7564]
Epoch [138/4000]: Loss: [126.3072]
Epoch [139/4000]: Loss: [123.9853]
Epoch [140/4000]: Loss: [122.2787]
Epoch [141/4000]: Loss: [126.4283]
Epoch [142/4000]: Loss: [124.4004]
Epoch [143/4000]: Loss: [126.0483]
Epoch [144/4000]: Loss: [126.1553]
Epoch [145/4000]: Loss: [129.1907]
Epoch [146/4000]: Loss: [127.7576]
Epoch [147/4000]: Loss: [126.8024]
Epoch [148/4000]: Loss: [128.3829]
Epoch [149/4000]: Loss: [125.6086]
Epoch [150/4000]: Loss: [127.0038]
Epoch [151/4000]: Loss: [127.3003]
Epoch [152/4000]: Loss: [125.1615]
Epoch [153/4000]: Loss: [129.9565]
Epoch [154/4000]: Loss: [125.2590]
Epoch [155/4000]: Loss: [125.3976]
Epoch [156/4000]: Loss: [122.2182]
Epoch [157/4000]: Loss: [123.5871]
Epoch [158/4000]: Loss: [130.2027]
Epoch [159/4000]: Loss: [129.3055]
Epoch [160/4000]: Loss: [123.2755]
Epoch [161/4000]: Loss: [126.3097]
Epoch [162/4000]: Loss: [123.8076]
Epoch [163/4000]: Loss: [128.7538]
Epoch [164/4000]: Loss: [127.8105]
Epoch [165/4000]: Loss: [125.2599]
Epoch [166/4000]: Loss: [127.6264]
Epoch [167/4000]: Loss: [128.2038]
Epoch [168/4000]: Loss: [125.0433]
Epoch [169/4000]: Loss: [123.0938]
Epoch [170/4000]: Loss: [127.6363]
Epoch [171/4000]: Loss: [125.8528]
Epoch [172/4000]: Loss: [125.5368]
Epoch [173/4000]: Loss: [123.0249]
Epoch [174/4000]: Loss: [125.8941]
Epoch [175/4000]: Loss: [127.8302]
Epoch [176/4000]: Loss: [128.3749]
Epoch [177/4000]: Loss: [124.7288]
Epoch [178/4000]: Loss: [124.5394]
Epoch [179/4000]: Loss: [128.5229]
Epoch [180/4000]: Loss: [124.8600]
Epoch [181/4000]: Loss: [122.8689]
Epoch [182/4000]: Loss: [124.8725]
Epoch [183/4000]: Loss: [124.2406]
Epoch [184/4000]: Loss: [124.3704]
Epoch [185/4000]: Loss: [125.1298]
Epoch [186/4000]: Loss: [127.8483]
Epoch [187/4000]: Loss: [125.0561]
Epoch [188/4000]: Loss: [130.4408]
Epoch [189/4000]: Loss: [122.0702]
Epoch [190/4000]: Loss: [124.0547]
Epoch [191/4000]: Loss: [124.9677]
Epoch [192/4000]: Loss: [130.6711]
Epoch [193/4000]: Loss: [125.8260]
Epoch [194/4000]: Loss: [125.5987]
Epoch [195/4000]: Loss: [129.0842]
Epoch [196/4000]: Loss: [126.9568]
Epoch [197/4000]: Loss: [127.4793]
Epoch [198/4000]: Loss: [127.6590]
Epoch [199/4000]: Loss: [127.7931]
Epoch [200/4000]: Loss: [125.6349]
Epoch [201/4000]: Loss: [125.5853]
Epoch [202/4000]: Loss: [127.0455]
Epoch [203/4000]: Loss: [124.5217]
Epoch [204/4000]: Loss: [126.1643]
Epoch [205/4000]: Loss: [124.3436]
Epoch [206/4000]: Loss: [126.2211]
Epoch [207/4000]: Loss: [127.2232]
Epoch [208/4000]: Loss: [127.9737]
Epoch [209/4000]: Loss: [126.5233]
Epoch [210/4000]: Loss: [126.3485]
Epoch [211/4000]: Loss: [126.6802]
Epoch [212/4000]: Loss: [128.6105]
Epoch [213/4000]: Loss: [126.0601]
Epoch [214/4000]: Loss: [126.7725]
Epoch [215/4000]: Loss: [127.4330]
Epoch [216/4000]: Loss: [124.0238]
Epoch [217/4000]: Loss: [128.5328]
Epoch [218/4000]: Loss: [123.2303]
Epoch [219/4000]: Loss: [126.2691]
Epoch [220/4000]: Loss: [132.3017]
Epoch [221/4000]: Loss: [122.1259]
Epoch [222/4000]: Loss: [126.3879]
Epoch [223/4000]: Loss: [129.3224]
Epoch [224/4000]: Loss: [124.6454]
Epoch [225/4000]: Loss: [127.8168]
Epoch [226/4000]: Loss: [133.1439]
Epoch [227/4000]: Loss: [127.7666]
Epoch [228/4000]: Loss: [125.8737]
Epoch [229/4000]: Loss: [126.6141]
Epoch [230/4000]: Loss: [123.8304]
Epoch [231/4000]: Loss: [123.0385]
Epoch [232/4000]: Loss: [126.0596]
Epoch [233/4000]: Loss: [124.9147]
Epoch [234/4000]: Loss: [122.3605]
Epoch [235/4000]: Loss: [121.8963]
Epoch [236/4000]: Loss: [129.2301]
Epoch [237/4000]: Loss: [121.3480]
Epoch [238/4000]: Loss: [124.1441]
Epoch [239/4000]: Loss: [124.0991]
Epoch [240/4000]: Loss: [123.2164]
Epoch [241/4000]: Loss: [123.1634]
Epoch [242/4000]: Loss: [125.9535]
Epoch [243/4000]: Loss: [122.1551]
Epoch [244/4000]: Loss: [125.7844]
Epoch [245/4000]: Loss: [123.0966]
Epoch [246/4000]: Loss: [123.8371]
Epoch [247/4000]: Loss: [124.8924]
Epoch [248/4000]: Loss: [122.0507]
Epoch [249/4000]: Loss: [119.4634]
Epoch [250/4000]: Loss: [123.7932]
Epoch [251/4000]: Loss: [122.9722]
Epoch [252/4000]: Loss: [123.2971]
Epoch [253/4000]: Loss: [121.4456]
Epoch [254/4000]: Loss: [122.4174]
Epoch [255/4000]: Loss: [120.2555]
Epoch [256/4000]: Loss: [123.6841]
Epoch [257/4000]: Loss: [125.5453]
Epoch [258/4000]: Loss: [127.1664]
Epoch [259/4000]: Loss: [125.8119]
Epoch [260/4000]: Loss: [122.5321]
Epoch [261/4000]: Loss: [119.7935]
Epoch [262/4000]: Loss: [123.8064]
Epoch [263/4000]: Loss: [121.2270]
Epoch [264/4000]: Loss: [122.8423]
Epoch [265/4000]: Loss: [123.5187]
Epoch [266/4000]: Loss: [122.6572]
Epoch [267/4000]: Loss: [118.5098]
Epoch [268/4000]: Loss: [121.3751]
Epoch [269/4000]: Loss: [125.6474]
Epoch [270/4000]: Loss: [124.3306]
Epoch [271/4000]: Loss: [123.2786]
Epoch [272/4000]: Loss: [121.9488]
Epoch [273/4000]: Loss: [122.1946]
Epoch [274/4000]: Loss: [124.7787]
Epoch [275/4000]: Loss: [122.6508]
Epoch [276/4000]: Loss: [125.5857]
Epoch [277/4000]: Loss: [121.0382]
Epoch [278/4000]: Loss: [126.6357]
Epoch [279/4000]: Loss: [123.1289]
Epoch [280/4000]: Loss: [118.9054]
Epoch [281/4000]: Loss: [123.8245]
Epoch [282/4000]: Loss: [123.3568]
Epoch [283/4000]: Loss: [123.1002]
Epoch [284/4000]: Loss: [122.6183]
Epoch [285/4000]: Loss: [122.0272]
Epoch [286/4000]: Loss: [119.4154]
Epoch [287/4000]: Loss: [124.8607]
Epoch [288/4000]: Loss: [122.0234]
Epoch [289/4000]: Loss: [122.1930]
Epoch [290/4000]: Loss: [121.0218]
Epoch [291/4000]: Loss: [123.3095]
Epoch [292/4000]: Loss: [121.2439]
Epoch [293/4000]: Loss: [128.1191]
Epoch [294/4000]: Loss: [123.5988]
Epoch [295/4000]: Loss: [123.8365]
Epoch [296/4000]: Loss: [123.7715]
Epoch [297/4000]: Loss: [120.6698]
Epoch [298/4000]: Loss: [124.2716]
Epoch [299/4000]: Loss: [124.3776]
Epoch [300/4000]: Loss: [126.5937]
Epoch [301/4000]: Loss: [123.8927]
Epoch [302/4000]: Loss: [120.4319]
Epoch [303/4000]: Loss: [121.3135]
Epoch [304/4000]: Loss: [119.2553]
Epoch [305/4000]: Loss: [120.4482]
Epoch [306/4000]: Loss: [120.2859]
Epoch [307/4000]: Loss: [121.0840]
Epoch [308/4000]: Loss: [121.9955]
Epoch [309/4000]: Loss: [123.1604]
Epoch [310/4000]: Loss: [122.3191]
Epoch [311/4000]: Loss: [122.6850]
Epoch [312/4000]: Loss: [121.6194]
Epoch [313/4000]: Loss: [118.9747]
Epoch [314/4000]: Loss: [125.8570]
Epoch [315/4000]: Loss: [121.8749]
Epoch [316/4000]: Loss: [122.2710]
Epoch [317/4000]: Loss: [124.3422]
Epoch [318/4000]: Loss: [123.1299]
Epoch [319/4000]: Loss: [122.4435]
Epoch [320/4000]: Loss: [126.5743]
Epoch [321/4000]: Loss: [123.4754]
Epoch [322/4000]: Loss: [125.6167]
Epoch [323/4000]: Loss: [121.0448]
Epoch [324/4000]: Loss: [121.5414]
Epoch [325/4000]: Loss: [128.5907]
Epoch [326/4000]: Loss: [126.1798]
Epoch [327/4000]: Loss: [124.2653]
Epoch [328/4000]: Loss: [125.1043]
Epoch [329/4000]: Loss: [125.3186]
Epoch [330/4000]: Loss: [125.5574]
Epoch [331/4000]: Loss: [123.8433]
Epoch [332/4000]: Loss: [119.7659]
Epoch [333/4000]: Loss: [125.5623]
Epoch [334/4000]: Loss: [124.2092]
Epoch [335/4000]: Loss: [123.7142]
Epoch [336/4000]: Loss: [124.3120]
Epoch [337/4000]: Loss: [119.8686]
Epoch [338/4000]: Loss: [124.9317]
Epoch [339/4000]: Loss: [126.5884]
Epoch [340/4000]: Loss: [119.9413]
Epoch [341/4000]: Loss: [119.1238]
Epoch [342/4000]: Loss: [121.6005]
Epoch [343/4000]: Loss: [125.6500]
Epoch [344/4000]: Loss: [120.5013]
Epoch [345/4000]: Loss: [118.2538]
Epoch [346/4000]: Loss: [121.3799]
Epoch [347/4000]: Loss: [121.7677]
Epoch [348/4000]: Loss: [128.9183]
Epoch [349/4000]: Loss: [123.0234]
Epoch [350/4000]: Loss: [122.4844]
Epoch [351/4000]: Loss: [126.7067]
Epoch [352/4000]: Loss: [123.7185]
Epoch [353/4000]: Loss: [123.4353]
Epoch [354/4000]: Loss: [122.1116]
Epoch [355/4000]: Loss: [125.5030]
Epoch [356/4000]: Loss: [124.8769]
Epoch [357/4000]: Loss: [125.6360]
Epoch [358/4000]: Loss: [124.5869]
Epoch [359/4000]: Loss: [121.2651]
Epoch [360/4000]: Loss: [122.6845]
Epoch [361/4000]: Loss: [122.2321]
Epoch [362/4000]: Loss: [123.4336]
Epoch [363/4000]: Loss: [122.9475]
Epoch [364/4000]: Loss: [123.5126]
Epoch [365/4000]: Loss: [121.4240]
Epoch [366/4000]: Loss: [124.0933]
Epoch [367/4000]: Loss: [122.7226]
Epoch [368/4000]: Loss: [123.8653]
Epoch [369/4000]: Loss: [121.2119]
Epoch [370/4000]: Loss: [124.5742]
Epoch [371/4000]: Loss: [121.5796]
Epoch [372/4000]: Loss: [121.0785]
Epoch [373/4000]: Loss: [119.9342]
Epoch [374/4000]: Loss: [122.8442]
Epoch [375/4000]: Loss: [131.7004]
Epoch [376/4000]: Loss: [124.9054]
Epoch [377/4000]: Loss: [123.5719]
Epoch [378/4000]: Loss: [124.3158]
Epoch [379/4000]: Loss: [123.3883]
Epoch [380/4000]: Loss: [119.2928]
Epoch [381/4000]: Loss: [122.8863]
Epoch [382/4000]: Loss: [123.7260]
Epoch [383/4000]: Loss: [124.5684]
Epoch [384/4000]: Loss: [120.8401]
Epoch [385/4000]: Loss: [123.3230]
Epoch [386/4000]: Loss: [118.4166]
Epoch [387/4000]: Loss: [121.8225]
Epoch [388/4000]: Loss: [124.7025]
Epoch [389/4000]: Loss: [122.5908]
Epoch [390/4000]: Loss: [123.5548]
Epoch [391/4000]: Loss: [119.3529]
Epoch [392/4000]: Loss: [116.1323]
Epoch [393/4000]: Loss: [124.6008]
Epoch [394/4000]: Loss: [120.6675]
Epoch [395/4000]: Loss: [119.5610]
Epoch [396/4000]: Loss: [120.2632]
Epoch [397/4000]: Loss: [120.4467]
Epoch [398/4000]: Loss: [120.3300]
Epoch [399/4000]: Loss: [118.5246]
Epoch [400/4000]: Loss: [127.4916]
Epoch [401/4000]: Loss: [120.4550]
Epoch [402/4000]: Loss: [122.7551]
Epoch [403/4000]: Loss: [123.3938]
Epoch [404/4000]: Loss: [119.5424]
Epoch [405/4000]: Loss: [124.7947]
Epoch [406/4000]: Loss: [124.3788]
Epoch [407/4000]: Loss: [121.7062]
Epoch [408/4000]: Loss: [120.0594]
Epoch [409/4000]: Loss: [123.4607]
Epoch [410/4000]: Loss: [120.6051]
Epoch [411/4000]: Loss: [125.8863]
Epoch [412/4000]: Loss: [124.8967]
Epoch [413/4000]: Loss: [120.1554]
Epoch [414/4000]: Loss: [120.2556]
Epoch [415/4000]: Loss: [122.5849]
Epoch [416/4000]: Loss: [122.4636]
Epoch [417/4000]: Loss: [122.4580]
Epoch [418/4000]: Loss: [121.4860]
Epoch [419/4000]: Loss: [127.9237]
Epoch [420/4000]: Loss: [121.4565]
Epoch [421/4000]: Loss: [122.8466]
Epoch [422/4000]: Loss: [121.7671]
Epoch [423/4000]: Loss: [126.2480]
Epoch [424/4000]: Loss: [118.7964]
Epoch [425/4000]: Loss: [124.8120]
Epoch [426/4000]: Loss: [128.0841]
Epoch [427/4000]: Loss: [125.8113]
Epoch [428/4000]: Loss: [124.0528]
Epoch [429/4000]: Loss: [125.1140]
Epoch [430/4000]: Loss: [123.0871]
Epoch [431/4000]: Loss: [122.4218]
Epoch [432/4000]: Loss: [122.7270]
Epoch [433/4000]: Loss: [123.9764]
Epoch [434/4000]: Loss: [123.5921]
Epoch [435/4000]: Loss: [122.9201]
Epoch [436/4000]: Loss: [125.2115]
Epoch [437/4000]: Loss: [123.9489]
Epoch [438/4000]: Loss: [119.6410]
Epoch [439/4000]: Loss: [123.3365]
Epoch [440/4000]: Loss: [117.1845]
Epoch [441/4000]: Loss: [122.6730]
Epoch [442/4000]: Loss: [122.5576]
Epoch [443/4000]: Loss: [121.7833]
Epoch [444/4000]: Loss: [121.8439]
Epoch [445/4000]: Loss: [117.9878]
Epoch [446/4000]: Loss: [123.8601]
Epoch [447/4000]: Loss: [122.8139]
Epoch [448/4000]: Loss: [123.1497]
Epoch [449/4000]: Loss: [124.7156]
Epoch [450/4000]: Loss: [125.3162]
Epoch [451/4000]: Loss: [119.8803]
Epoch [452/4000]: Loss: [122.4640]
Epoch [453/4000]: Loss: [126.0704]
Epoch [454/4000]: Loss: [124.4788]
Epoch [455/4000]: Loss: [122.2195]
Epoch [456/4000]: Loss: [118.7318]
Epoch [457/4000]: Loss: [125.0904]
Epoch [458/4000]: Loss: [119.9228]
Epoch [459/4000]: Loss: [121.5907]
Epoch [460/4000]: Loss: [126.3099]
Epoch [461/4000]: Loss: [126.0718]
Epoch [462/4000]: Loss: [122.7210]
Epoch [463/4000]: Loss: [124.3504]
Epoch [464/4000]: Loss: [118.1798]
Epoch [465/4000]: Loss: [120.3565]
Epoch [466/4000]: Loss: [123.3003]
Epoch [467/4000]: Loss: [124.8410]
Epoch [468/4000]: Loss: [123.5307]
Epoch [469/4000]: Loss: [122.7444]
Epoch [470/4000]: Loss: [123.4523]
Epoch [471/4000]: Loss: [122.6467]
Epoch [472/4000]: Loss: [124.7395]
Epoch [473/4000]: Loss: [121.4413]
Epoch [474/4000]: Loss: [126.1393]
Epoch [475/4000]: Loss: [121.5552]
Epoch [476/4000]: Loss: [117.6987]
Epoch [477/4000]: Loss: [125.0402]
Epoch [478/4000]: Loss: [127.8376]
Epoch [479/4000]: Loss: [124.6491]
Epoch [480/4000]: Loss: [124.6019]
Epoch [481/4000]: Loss: [124.4505]
Epoch [482/4000]: Loss: [123.3966]
Epoch [483/4000]: Loss: [121.6977]
Epoch [484/4000]: Loss: [118.3887]
Epoch [485/4000]: Loss: [125.0486]
Epoch [486/4000]: Loss: [118.4764]
Epoch [487/4000]: Loss: [122.3273]
Epoch [488/4000]: Loss: [119.9348]
Epoch [489/4000]: Loss: [120.3921]
Epoch [490/4000]: Loss: [121.4475]
Epoch [491/4000]: Loss: [127.7016]
Epoch [492/4000]: Loss: [121.8991]
Epoch [493/4000]: Loss: [125.8100]
Epoch [494/4000]: Loss: [119.7906]
Epoch [495/4000]: Loss: [122.1091]
Epoch [496/4000]: Loss: [115.7183]
Epoch [497/4000]: Loss: [121.4990]
Epoch [498/4000]: Loss: [121.8702]
Epoch [499/4000]: Loss: [123.7575]
Epoch [500/4000]: Loss: [120.2647]
Epoch [501/4000]: Loss: [118.7282]
Epoch [502/4000]: Loss: [120.1950]
Epoch [503/4000]: Loss: [123.8430]
Epoch [504/4000]: Loss: [121.0782]
Epoch [505/4000]: Loss: [120.5549]
Epoch [506/4000]: Loss: [121.8196]
Epoch [507/4000]: Loss: [122.3006]
Epoch [508/4000]: Loss: [123.7564]
Epoch [509/4000]: Loss: [125.9781]
Epoch [510/4000]: Loss: [121.6019]
Epoch [511/4000]: Loss: [121.3186]
Epoch [512/4000]: Loss: [124.6088]
Epoch [513/4000]: Loss: [121.1345]
Epoch [514/4000]: Loss: [122.5569]
Epoch [515/4000]: Loss: [120.4400]
Epoch [516/4000]: Loss: [122.9642]
Epoch [517/4000]: Loss: [125.8997]
Epoch [518/4000]: Loss: [129.0862]
Epoch [519/4000]: Loss: [121.1739]
Epoch [520/4000]: Loss: [122.6618]
Epoch [521/4000]: Loss: [121.9538]
Epoch [522/4000]: Loss: [121.5689]
Epoch [523/4000]: Loss: [122.0859]
Epoch [524/4000]: Loss: [120.4539]
Epoch [525/4000]: Loss: [121.7875]
Epoch [526/4000]: Loss: [130.3671]
Epoch [527/4000]: Loss: [121.9270]
Epoch [528/4000]: Loss: [116.9240]
Epoch [529/4000]: Loss: [114.4939]
Epoch [530/4000]: Loss: [122.6924]
Epoch [531/4000]: Loss: [120.0454]
Epoch [532/4000]: Loss: [119.3806]
Epoch [533/4000]: Loss: [124.3584]
Epoch [534/4000]: Loss: [118.8803]
Epoch [535/4000]: Loss: [123.6151]
Epoch [536/4000]: Loss: [123.1124]
Epoch [537/4000]: Loss: [119.4421]
Epoch [538/4000]: Loss: [121.9425]
Epoch [539/4000]: Loss: [124.9218]
Epoch [540/4000]: Loss: [122.9050]
Epoch [541/4000]: Loss: [123.4798]
Epoch [542/4000]: Loss: [118.9425]
Epoch [543/4000]: Loss: [127.3930]
Epoch [544/4000]: Loss: [119.2407]
Epoch [545/4000]: Loss: [122.9797]
Epoch [546/4000]: Loss: [123.0656]
Epoch [547/4000]: Loss: [122.1181]
Epoch [548/4000]: Loss: [123.5656]
Epoch [549/4000]: Loss: [120.1137]
Epoch [550/4000]: Loss: [120.8738]
Epoch [551/4000]: Loss: [119.7256]
Epoch [552/4000]: Loss: [124.1677]
Epoch [553/4000]: Loss: [118.4772]
Epoch [554/4000]: Loss: [124.4202]
Epoch [555/4000]: Loss: [123.8603]
Epoch [556/4000]: Loss: [125.6845]
Epoch [557/4000]: Loss: [125.0635]
Epoch [558/4000]: Loss: [125.0537]
Epoch [559/4000]: Loss: [122.8628]
Epoch [560/4000]: Loss: [122.6615]
Epoch [561/4000]: Loss: [127.3487]
Epoch [562/4000]: Loss: [119.6953]
Epoch [563/4000]: Loss: [118.5057]
Epoch [564/4000]: Loss: [121.5529]
Epoch [565/4000]: Loss: [126.0157]
Epoch [566/4000]: Loss: [118.5428]
Epoch [567/4000]: Loss: [124.4088]
Epoch [568/4000]: Loss: [124.4184]
Epoch [569/4000]: Loss: [124.6936]
Epoch [570/4000]: Loss: [124.2297]
Epoch [571/4000]: Loss: [120.9396]
Epoch [572/4000]: Loss: [119.7882]
Epoch [573/4000]: Loss: [122.7034]
Epoch [574/4000]: Loss: [123.2977]
Epoch [575/4000]: Loss: [121.5216]
Epoch [576/4000]: Loss: [120.8747]
Epoch [577/4000]: Loss: [121.3688]
Epoch [578/4000]: Loss: [121.1636]
Epoch [579/4000]: Loss: [120.7025]
Epoch [580/4000]: Loss: [120.9423]
Epoch [581/4000]: Loss: [122.6868]
Epoch [582/4000]: Loss: [122.6947]
Epoch [583/4000]: Loss: [124.7763]
Epoch [584/4000]: Loss: [122.4109]
Epoch [585/4000]: Loss: [126.8525]
Epoch [586/4000]: Loss: [122.0586]
Epoch [587/4000]: Loss: [116.6586]
Epoch [588/4000]: Loss: [120.1962]
Epoch [589/4000]: Loss: [119.7269]
Epoch [590/4000]: Loss: [122.8329]
Epoch [591/4000]: Loss: [124.6490]
Epoch [592/4000]: Loss: [116.9390]
Epoch [593/4000]: Loss: [124.0793]
Epoch [594/4000]: Loss: [124.0423]
Epoch [595/4000]: Loss: [122.1527]
Epoch [596/4000]: Loss: [124.6190]
Epoch [597/4000]: Loss: [121.6098]
Epoch [598/4000]: Loss: [124.1746]
Epoch [599/4000]: Loss: [120.7604]
Epoch [600/4000]: Loss: [122.7259]
Epoch [601/4000]: Loss: [118.1592]
Epoch [602/4000]: Loss: [121.9442]
Epoch [603/4000]: Loss: [123.9124]
Epoch [604/4000]: Loss: [123.9205]
Epoch [605/4000]: Loss: [128.0263]
Epoch [606/4000]: Loss: [122.0183]
Epoch [607/4000]: Loss: [121.0300]
Epoch [608/4000]: Loss: [125.3530]
Epoch [609/4000]: Loss: [120.2065]
Epoch [610/4000]: Loss: [122.4712]
Epoch [611/4000]: Loss: [127.9601]
Epoch [612/4000]: Loss: [121.9694]
Epoch [613/4000]: Loss: [121.4525]
Epoch [614/4000]: Loss: [120.7375]
Epoch [615/4000]: Loss: [122.5558]
Epoch [616/4000]: Loss: [123.5067]
Epoch [617/4000]: Loss: [121.8514]
Epoch [618/4000]: Loss: [123.4283]
Epoch [619/4000]: Loss: [121.4910]
Epoch [620/4000]: Loss: [122.4821]
Epoch [621/4000]: Loss: [123.5309]
Epoch [622/4000]: Loss: [123.6913]
Epoch [623/4000]: Loss: [124.9057]
Epoch [624/4000]: Loss: [124.8830]
Epoch [625/4000]: Loss: [125.0502]
Epoch [626/4000]: Loss: [120.7506]
Epoch [627/4000]: Loss: [121.6696]
Epoch [628/4000]: Loss: [122.0379]
Epoch [629/4000]: Loss: [122.3324]
Epoch [630/4000]: Loss: [121.6243]
Epoch [631/4000]: Loss: [121.8273]
Epoch [632/4000]: Loss: [123.1761]
Epoch [633/4000]: Loss: [123.7490]
Epoch [634/4000]: Loss: [126.8723]
Epoch [635/4000]: Loss: [123.8017]
Epoch [636/4000]: Loss: [120.8472]
Epoch [637/4000]: Loss: [128.6121]
Epoch [638/4000]: Loss: [120.7897]
Epoch [639/4000]: Loss: [124.7623]
Epoch [640/4000]: Loss: [117.9437]
Epoch [641/4000]: Loss: [125.3207]
Epoch [642/4000]: Loss: [119.8504]
Epoch [643/4000]: Loss: [119.9566]
Epoch [644/4000]: Loss: [120.6479]
Epoch [645/4000]: Loss: [125.0038]
Epoch [646/4000]: Loss: [119.1077]
Epoch [647/4000]: Loss: [123.6623]
Epoch [648/4000]: Loss: [123.3400]
Epoch [649/4000]: Loss: [123.9345]
Epoch [650/4000]: Loss: [118.0988]
Epoch [651/4000]: Loss: [121.2625]
Epoch [652/4000]: Loss: [118.5432]
Epoch [653/4000]: Loss: [121.0819]
Epoch [654/4000]: Loss: [122.5420]
Epoch [655/4000]: Loss: [123.7872]
Epoch [656/4000]: Loss: [122.7790]
Epoch [657/4000]: Loss: [119.9965]
Epoch [658/4000]: Loss: [120.5504]
Epoch [659/4000]: Loss: [118.3496]
Epoch [660/4000]: Loss: [123.9072]
Epoch [661/4000]: Loss: [123.9633]
Epoch [662/4000]: Loss: [118.5057]
Epoch [663/4000]: Loss: [120.2650]
Epoch [664/4000]: Loss: [117.1279]
Epoch [665/4000]: Loss: [121.9818]
Epoch [666/4000]: Loss: [123.8385]
Epoch [667/4000]: Loss: [117.7406]
Epoch [668/4000]: Loss: [125.9363]
Epoch [669/4000]: Loss: [122.0376]
Epoch [670/4000]: Loss: [122.0801]
Epoch [671/4000]: Loss: [122.1089]
Epoch [672/4000]: Loss: [122.3539]
Epoch [673/4000]: Loss: [124.0938]
Epoch [674/4000]: Loss: [124.3515]
Epoch [675/4000]: Loss: [123.2115]
Epoch [676/4000]: Loss: [120.2791]
Epoch [677/4000]: Loss: [120.2017]
Epoch [678/4000]: Loss: [123.3299]
Epoch [679/4000]: Loss: [125.3607]
Epoch [680/4000]: Loss: [126.2016]
Epoch [681/4000]: Loss: [123.0932]
Epoch [682/4000]: Loss: [119.6947]
Epoch [683/4000]: Loss: [120.7201]
Epoch [684/4000]: Loss: [123.9181]
Epoch [685/4000]: Loss: [119.1911]
Epoch [686/4000]: Loss: [122.6389]
Epoch [687/4000]: Loss: [122.7612]
Epoch [688/4000]: Loss: [120.6424]
Epoch [689/4000]: Loss: [121.3050]
Epoch [690/4000]: Loss: [119.4696]
Epoch [691/4000]: Loss: [122.2974]
Epoch [692/4000]: Loss: [120.0036]
Epoch [693/4000]: Loss: [121.0701]
Epoch [694/4000]: Loss: [120.5889]
Epoch [695/4000]: Loss: [120.3484]
Epoch [696/4000]: Loss: [120.6833]
Epoch [697/4000]: Loss: [122.7797]
Epoch [698/4000]: Loss: [122.2055]
Epoch [699/4000]: Loss: [120.6160]
Epoch [700/4000]: Loss: [122.6655]
Epoch [701/4000]: Loss: [120.1682]
Epoch [702/4000]: Loss: [124.8991]
Epoch [703/4000]: Loss: [121.6018]
Epoch [704/4000]: Loss: [124.7623]
Epoch [705/4000]: Loss: [121.4339]
Epoch [706/4000]: Loss: [121.0303]
Epoch [707/4000]: Loss: [123.7452]
Epoch [708/4000]: Loss: [121.6508]
Epoch [709/4000]: Loss: [119.5034]
Epoch [710/4000]: Loss: [121.0491]
Epoch [711/4000]: Loss: [122.1488]
Epoch [712/4000]: Loss: [123.1292]
Epoch [713/4000]: Loss: [118.1160]
Epoch [714/4000]: Loss: [119.6548]
Epoch [715/4000]: Loss: [122.7635]
Epoch [716/4000]: Loss: [128.5512]
Epoch [717/4000]: Loss: [120.5793]
Epoch [718/4000]: Loss: [122.8844]
Epoch [719/4000]: Loss: [125.9771]
Epoch [720/4000]: Loss: [122.3572]
Epoch [721/4000]: Loss: [121.8191]
Epoch [722/4000]: Loss: [121.9028]
Epoch [723/4000]: Loss: [129.1226]
Epoch [724/4000]: Loss: [122.1172]
Epoch [725/4000]: Loss: [122.3977]
Epoch [726/4000]: Loss: [119.2236]
Epoch [727/4000]: Loss: [119.9764]
Epoch [728/4000]: Loss: [115.0902]
Epoch [729/4000]: Loss: [123.6684]
Epoch [730/4000]: Loss: [123.2502]
Epoch [731/4000]: Loss: [122.0096]
Epoch [732/4000]: Loss: [121.9335]
Epoch [733/4000]: Loss: [119.6878]
Epoch [734/4000]: Loss: [120.3104]
Epoch [735/4000]: Loss: [119.6373]
Epoch [736/4000]: Loss: [124.1898]
Epoch [737/4000]: Loss: [121.2060]
Epoch [738/4000]: Loss: [122.6869]
Epoch [739/4000]: Loss: [120.8794]
Epoch [740/4000]: Loss: [121.2630]
Epoch [741/4000]: Loss: [120.4957]
Epoch [742/4000]: Loss: [121.4982]
Epoch [743/4000]: Loss: [122.7281]
Epoch [744/4000]: Loss: [123.4131]
Epoch [745/4000]: Loss: [122.2577]
Epoch [746/4000]: Loss: [122.2448]
Epoch [747/4000]: Loss: [120.0002]
Epoch [748/4000]: Loss: [124.2950]
Epoch [749/4000]: Loss: [121.7224]
Epoch [750/4000]: Loss: [118.4157]
Epoch [751/4000]: Loss: [122.0116]
Epoch [752/4000]: Loss: [125.7323]
Epoch [753/4000]: Loss: [119.1315]
Epoch [754/4000]: Loss: [117.8201]
Epoch [755/4000]: Loss: [124.5374]
Epoch [756/4000]: Loss: [124.7264]
Epoch [757/4000]: Loss: [119.2317]
Epoch [758/4000]: Loss: [121.6443]
Epoch [759/4000]: Loss: [121.2688]
Epoch [760/4000]: Loss: [117.9697]
Epoch [761/4000]: Loss: [120.2705]
Epoch [762/4000]: Loss: [122.4297]
Epoch [763/4000]: Loss: [125.6140]
Epoch [764/4000]: Loss: [123.2398]
Epoch [765/4000]: Loss: [124.1428]
Epoch [766/4000]: Loss: [125.3247]
Epoch [767/4000]: Loss: [126.6621]
Epoch [768/4000]: Loss: [120.5844]
Epoch [769/4000]: Loss: [123.4591]
Epoch [770/4000]: Loss: [125.8781]
Epoch [771/4000]: Loss: [119.3414]
Epoch [772/4000]: Loss: [122.5644]
Epoch [773/4000]: Loss: [120.1299]
Epoch [774/4000]: Loss: [124.7133]
Epoch [775/4000]: Loss: [123.1937]
Epoch [776/4000]: Loss: [122.1093]
Epoch [777/4000]: Loss: [127.4224]
Epoch [778/4000]: Loss: [118.7272]
Epoch [779/4000]: Loss: [121.2240]
Epoch [780/4000]: Loss: [123.7118]
Epoch [781/4000]: Loss: [125.3548]
Epoch [782/4000]: Loss: [121.0432]
Epoch [783/4000]: Loss: [118.6949]
Epoch [784/4000]: Loss: [121.6877]
Epoch [785/4000]: Loss: [124.2963]
Epoch [786/4000]: Loss: [124.8029]
Epoch [787/4000]: Loss: [125.6723]
Epoch [788/4000]: Loss: [122.7098]
Epoch [789/4000]: Loss: [119.0817]
Epoch [790/4000]: Loss: [122.6076]
Epoch [791/4000]: Loss: [122.2626]
Epoch [792/4000]: Loss: [123.0167]
Epoch [793/4000]: Loss: [124.0475]
Epoch [794/4000]: Loss: [118.2101]
Epoch [795/4000]: Loss: [120.3157]
Epoch [796/4000]: Loss: [121.1529]
Epoch [797/4000]: Loss: [122.3973]
Epoch [798/4000]: Loss: [123.2633]
Epoch [799/4000]: Loss: [126.0004]
Epoch [800/4000]: Loss: [119.8060]
Epoch [801/4000]: Loss: [120.4245]
Epoch [802/4000]: Loss: [118.7836]
Epoch [803/4000]: Loss: [119.2248]
Epoch [804/4000]: Loss: [123.4255]
Epoch [805/4000]: Loss: [122.6358]
Epoch [806/4000]: Loss: [122.9050]
Epoch [807/4000]: Loss: [120.7055]
Epoch [808/4000]: Loss: [122.4914]
Epoch [809/4000]: Loss: [120.2219]
Epoch [810/4000]: Loss: [120.1992]
Epoch [811/4000]: Loss: [125.4457]
Epoch [812/4000]: Loss: [119.3387]
Epoch [813/4000]: Loss: [125.5648]
Epoch [814/4000]: Loss: [122.9557]
Epoch [815/4000]: Loss: [121.7603]
Epoch [816/4000]: Loss: [124.3797]
Epoch [817/4000]: Loss: [117.0777]
Epoch [818/4000]: Loss: [122.0964]
Epoch [819/4000]: Loss: [126.8838]
Epoch [820/4000]: Loss: [125.0476]
Epoch [821/4000]: Loss: [122.7414]
Epoch [822/4000]: Loss: [121.1521]
Epoch [823/4000]: Loss: [124.3843]
Epoch [824/4000]: Loss: [119.8262]
Epoch [825/4000]: Loss: [122.6635]
Epoch [826/4000]: Loss: [119.1765]
Epoch [827/4000]: Loss: [123.8202]
Epoch [828/4000]: Loss: [125.0221]
Epoch [829/4000]: Loss: [119.3051]
Epoch [830/4000]: Loss: [121.2981]
Epoch [831/4000]: Loss: [123.1407]
Epoch [832/4000]: Loss: [116.3553]
Epoch [833/4000]: Loss: [120.1204]
Epoch [834/4000]: Loss: [126.9147]
Epoch [835/4000]: Loss: [119.8910]
Epoch [836/4000]: Loss: [124.2158]
Epoch [837/4000]: Loss: [120.7700]
Epoch [838/4000]: Loss: [125.5860]
Epoch [839/4000]: Loss: [122.3117]
Epoch [840/4000]: Loss: [120.1337]
Epoch [841/4000]: Loss: [119.2897]
Epoch [842/4000]: Loss: [118.4347]
Epoch [843/4000]: Loss: [123.4620]
Epoch [844/4000]: Loss: [119.5668]
Epoch [845/4000]: Loss: [122.4611]
Epoch [846/4000]: Loss: [120.6944]
Epoch [847/4000]: Loss: [116.6014]
Epoch [848/4000]: Loss: [123.6497]
Epoch [849/4000]: Loss: [129.0501]
Epoch [850/4000]: Loss: [122.5046]
Epoch [851/4000]: Loss: [118.8408]
Epoch [852/4000]: Loss: [117.4246]
Epoch [853/4000]: Loss: [119.4842]
Epoch [854/4000]: Loss: [122.3868]
Epoch [855/4000]: Loss: [119.7752]
Epoch [856/4000]: Loss: [117.8563]
Epoch [857/4000]: Loss: [120.5114]
Epoch [858/4000]: Loss: [124.9732]
Epoch [859/4000]: Loss: [123.4293]
Epoch [860/4000]: Loss: [121.2201]
Epoch [861/4000]: Loss: [121.2063]
Epoch [862/4000]: Loss: [124.5478]
Epoch [863/4000]: Loss: [127.2837]
Epoch [864/4000]: Loss: [121.1176]
Epoch [865/4000]: Loss: [121.4508]
Epoch [866/4000]: Loss: [122.2544]
Epoch [867/4000]: Loss: [125.1754]
Epoch [868/4000]: Loss: [117.9435]
Epoch [869/4000]: Loss: [121.0569]
Epoch [870/4000]: Loss: [121.5770]
Epoch [871/4000]: Loss: [120.0071]
Epoch [872/4000]: Loss: [121.2427]
Epoch [873/4000]: Loss: [122.4129]
Epoch [874/4000]: Loss: [121.8686]
Epoch [875/4000]: Loss: [122.9132]
Epoch [876/4000]: Loss: [123.1306]
Epoch [877/4000]: Loss: [123.6457]
Epoch [878/4000]: Loss: [123.8386]
Epoch [879/4000]: Loss: [117.9967]
Epoch [880/4000]: Loss: [121.6355]
Epoch [881/4000]: Loss: [120.1223]
Epoch [882/4000]: Loss: [123.2192]
Epoch [883/4000]: Loss: [127.0713]
Epoch [884/4000]: Loss: [115.3263]
Epoch [885/4000]: Loss: [119.9975]
Epoch [886/4000]: Loss: [119.1306]
Epoch [887/4000]: Loss: [122.7984]
Epoch [888/4000]: Loss: [120.7891]
Epoch [889/4000]: Loss: [120.5285]
Epoch [890/4000]: Loss: [123.7084]
Epoch [891/4000]: Loss: [123.5538]
Epoch [892/4000]: Loss: [120.6306]
Epoch [893/4000]: Loss: [121.8915]
Epoch [894/4000]: Loss: [121.1366]
Epoch [895/4000]: Loss: [122.9243]
Epoch [896/4000]: Loss: [124.8809]
Epoch [897/4000]: Loss: [120.2286]
Epoch [898/4000]: Loss: [123.2787]
Epoch [899/4000]: Loss: [123.2424]
Epoch [900/4000]: Loss: [120.4223]
Epoch [901/4000]: Loss: [121.3304]
Epoch [902/4000]: Loss: [122.7436]
Epoch [903/4000]: Loss: [119.0986]
Epoch [904/4000]: Loss: [120.3189]
Epoch [905/4000]: Loss: [120.3103]
Epoch [906/4000]: Loss: [120.7626]
Epoch [907/4000]: Loss: [120.0553]
Epoch [908/4000]: Loss: [121.0906]
Epoch [909/4000]: Loss: [120.7425]
Epoch [910/4000]: Loss: [121.9044]
Epoch [911/4000]: Loss: [119.1490]
Epoch [912/4000]: Loss: [119.3781]
Epoch [913/4000]: Loss: [123.5575]
Epoch [914/4000]: Loss: [118.5225]
Epoch [915/4000]: Loss: [122.9148]
Epoch [916/4000]: Loss: [122.1295]
Epoch [917/4000]: Loss: [120.3520]
Epoch [918/4000]: Loss: [121.2812]
Epoch [919/4000]: Loss: [122.0353]
Epoch [920/4000]: Loss: [127.5844]
Epoch [921/4000]: Loss: [123.6714]
Epoch [922/4000]: Loss: [119.3224]
Epoch [923/4000]: Loss: [119.2625]
Epoch [924/4000]: Loss: [122.5704]
Epoch [925/4000]: Loss: [121.3996]
Epoch [926/4000]: Loss: [125.1467]
Epoch [927/4000]: Loss: [119.5042]
Epoch [928/4000]: Loss: [120.2707]
Epoch [929/4000]: Loss: [121.3042]
Epoch [930/4000]: Loss: [123.8383]
Epoch [931/4000]: Loss: [121.1286]
Epoch [932/4000]: Loss: [126.2780]
Epoch [933/4000]: Loss: [120.8752]
Epoch [934/4000]: Loss: [119.6040]
Epoch [935/4000]: Loss: [120.1950]
Epoch [936/4000]: Loss: [124.5310]
Epoch [937/4000]: Loss: [121.2743]
Epoch [938/4000]: Loss: [120.7415]
Epoch [939/4000]: Loss: [120.3322]
Epoch [940/4000]: Loss: [121.9140]
Epoch [941/4000]: Loss: [122.6515]
Epoch [942/4000]: Loss: [124.4434]
Epoch [943/4000]: Loss: [120.3375]
Epoch [944/4000]: Loss: [122.4264]
Epoch [945/4000]: Loss: [120.4643]
Epoch [946/4000]: Loss: [121.1166]
Epoch [947/4000]: Loss: [119.8663]
Epoch [948/4000]: Loss: [121.1571]
Epoch [949/4000]: Loss: [116.8475]
Epoch [950/4000]: Loss: [125.4196]
Epoch [951/4000]: Loss: [121.2103]
Epoch [952/4000]: Loss: [121.1742]
Epoch [953/4000]: Loss: [122.3070]
Epoch [954/4000]: Loss: [121.7445]
Epoch [955/4000]: Loss: [119.7529]
Epoch [956/4000]: Loss: [119.2384]
Epoch [957/4000]: Loss: [124.1707]
Epoch [958/4000]: Loss: [117.8595]
Epoch [959/4000]: Loss: [118.4022]
Epoch [960/4000]: Loss: [122.3108]
Epoch [961/4000]: Loss: [119.6180]
Epoch [962/4000]: Loss: [120.7813]
Epoch [963/4000]: Loss: [123.6670]
Epoch [964/4000]: Loss: [120.9516]
Epoch [965/4000]: Loss: [120.7532]
Epoch [966/4000]: Loss: [116.2486]
Epoch [967/4000]: Loss: [125.5805]
Epoch [968/4000]: Loss: [119.8493]
Epoch [969/4000]: Loss: [121.6747]
Epoch [970/4000]: Loss: [125.2721]
Epoch [971/4000]: Loss: [121.2500]
Epoch [972/4000]: Loss: [125.8560]
Epoch [973/4000]: Loss: [119.1078]
Epoch [974/4000]: Loss: [122.0734]
Epoch [975/4000]: Loss: [122.3550]
Epoch [976/4000]: Loss: [122.8325]
Epoch [977/4000]: Loss: [123.8070]
Epoch [978/4000]: Loss: [123.0676]
Epoch [979/4000]: Loss: [121.9558]
Epoch [980/4000]: Loss: [123.5196]
Epoch [981/4000]: Loss: [124.4606]
Epoch [982/4000]: Loss: [123.6097]
Epoch [983/4000]: Loss: [121.8586]
Epoch [984/4000]: Loss: [124.5776]
Epoch [985/4000]: Loss: [125.0595]
Epoch [986/4000]: Loss: [119.6478]
Epoch [987/4000]: Loss: [125.4158]
Epoch [988/4000]: Loss: [120.4159]
Epoch [989/4000]: Loss: [120.3057]
Epoch [990/4000]: Loss: [121.5670]
Epoch [991/4000]: Loss: [126.1826]
Epoch [992/4000]: Loss: [124.9042]
Epoch [993/4000]: Loss: [118.9345]
Epoch [994/4000]: Loss: [127.5618]
Epoch [995/4000]: Loss: [123.9162]
Epoch [996/4000]: Loss: [121.1959]
Epoch [997/4000]: Loss: [121.2470]
Epoch [998/4000]: Loss: [120.9498]
Epoch [999/4000]: Loss: [123.0595]
Epoch [1000/4000]: Loss: [126.0437]
Epoch [1001/4000]: Loss: [122.7592]
Epoch [1002/4000]: Loss: [122.4411]
Epoch [1003/4000]: Loss: [119.1989]
Epoch [1004/4000]: Loss: [124.5145]
Epoch [1005/4000]: Loss: [119.8102]
Epoch [1006/4000]: Loss: [121.1495]
Epoch [1007/4000]: Loss: [126.8510]
Epoch [1008/4000]: Loss: [122.9578]
Epoch [1009/4000]: Loss: [117.4136]
Epoch [1010/4000]: Loss: [120.9676]
Epoch [1011/4000]: Loss: [118.7241]
Epoch [1012/4000]: Loss: [120.1034]
Epoch [1013/4000]: Loss: [119.8956]
Epoch [1014/4000]: Loss: [123.4595]
Epoch [1015/4000]: Loss: [125.2257]
Epoch [1016/4000]: Loss: [124.0039]
Epoch [1017/4000]: Loss: [119.6226]
Epoch [1018/4000]: Loss: [119.5417]
Epoch [1019/4000]: Loss: [121.8317]
Epoch [1020/4000]: Loss: [121.6759]
Epoch [1021/4000]: Loss: [122.8926]
Epoch [1022/4000]: Loss: [121.0137]
Epoch [1023/4000]: Loss: [121.5298]
Epoch [1024/4000]: Loss: [122.0613]
Epoch [1025/4000]: Loss: [121.2436]
Epoch [1026/4000]: Loss: [124.1620]
Epoch [1027/4000]: Loss: [125.5456]
Epoch [1028/4000]: Loss: [119.9407]
Epoch [1029/4000]: Loss: [121.2409]
Epoch [1030/4000]: Loss: [122.4369]
Epoch [1031/4000]: Loss: [117.6479]
Epoch [1032/4000]: Loss: [119.7569]
Epoch [1033/4000]: Loss: [121.3662]
Epoch [1034/4000]: Loss: [121.8700]
Epoch [1035/4000]: Loss: [121.0130]
Epoch [1036/4000]: Loss: [124.6968]
Epoch [1037/4000]: Loss: [123.6622]
Epoch [1038/4000]: Loss: [122.2575]
Epoch [1039/4000]: Loss: [121.1066]
Epoch [1040/4000]: Loss: [122.9754]
Epoch [1041/4000]: Loss: [115.5831]
Epoch [1042/4000]: Loss: [122.3107]
Epoch [1043/4000]: Loss: [121.9347]
Epoch [1044/4000]: Loss: [125.8478]
Epoch [1045/4000]: Loss: [127.5258]
Epoch [1046/4000]: Loss: [120.0351]
Epoch [1047/4000]: Loss: [124.3245]
Epoch [1048/4000]: Loss: [121.5281]
Epoch [1049/4000]: Loss: [120.6194]
Epoch [1050/4000]: Loss: [122.1183]
Epoch [1051/4000]: Loss: [121.9096]
Epoch [1052/4000]: Loss: [118.4691]
Epoch [1053/4000]: Loss: [128.5322]
Epoch [1054/4000]: Loss: [118.0648]
Epoch [1055/4000]: Loss: [122.4690]
Epoch [1056/4000]: Loss: [118.0079]
Epoch [1057/4000]: Loss: [118.6762]
Epoch [1058/4000]: Loss: [119.5038]
Epoch [1059/4000]: Loss: [122.6238]
Epoch [1060/4000]: Loss: [119.7623]
Epoch [1061/4000]: Loss: [122.7582]
Epoch [1062/4000]: Loss: [126.6606]
Epoch [1063/4000]: Loss: [123.4924]
Epoch [1064/4000]: Loss: [121.2632]
Epoch [1065/4000]: Loss: [125.9332]
Epoch [1066/4000]: Loss: [120.1809]
Epoch [1067/4000]: Loss: [124.9932]
Epoch [1068/4000]: Loss: [122.1456]
Epoch [1069/4000]: Loss: [122.8248]
Epoch [1070/4000]: Loss: [118.1769]
Epoch [1071/4000]: Loss: [121.2342]
Epoch [1072/4000]: Loss: [119.4917]
Epoch [1073/4000]: Loss: [124.3722]
Epoch [1074/4000]: Loss: [127.1605]
Epoch [1075/4000]: Loss: [122.9228]
Epoch [1076/4000]: Loss: [121.4310]
Epoch [1077/4000]: Loss: [126.3690]
Epoch [1078/4000]: Loss: [119.2160]
Epoch [1079/4000]: Loss: [120.0880]
Epoch [1080/4000]: Loss: [122.8695]
Epoch [1081/4000]: Loss: [122.4038]
Epoch [1082/4000]: Loss: [122.3433]
Epoch [1083/4000]: Loss: [125.5261]
Epoch [1084/4000]: Loss: [120.3319]
Epoch [1085/4000]: Loss: [120.9980]
Epoch [1086/4000]: Loss: [124.2709]
Epoch [1087/4000]: Loss: [121.5306]
Epoch [1088/4000]: Loss: [123.0499]
Epoch [1089/4000]: Loss: [119.9784]
Epoch [1090/4000]: Loss: [122.7821]
Epoch [1091/4000]: Loss: [120.7845]
Epoch [1092/4000]: Loss: [120.4232]
Epoch [1093/4000]: Loss: [122.1097]
Epoch [1094/4000]: Loss: [123.6073]
Epoch [1095/4000]: Loss: [124.2541]
Epoch [1096/4000]: Loss: [120.3035]
Epoch [1097/4000]: Loss: [117.8988]
Epoch [1098/4000]: Loss: [125.0307]
Epoch [1099/4000]: Loss: [125.6980]
Epoch [1100/4000]: Loss: [119.7223]
Epoch [1101/4000]: Loss: [119.3982]
Epoch [1102/4000]: Loss: [121.8257]
Epoch [1103/4000]: Loss: [123.2232]
Epoch [1104/4000]: Loss: [122.1251]
Epoch [1105/4000]: Loss: [123.3660]
Epoch [1106/4000]: Loss: [118.2574]
Epoch [1107/4000]: Loss: [122.3670]
Epoch [1108/4000]: Loss: [121.8784]
Epoch [1109/4000]: Loss: [120.7610]
Epoch [1110/4000]: Loss: [122.3889]
Epoch [1111/4000]: Loss: [118.0824]
Epoch [1112/4000]: Loss: [123.8672]
Epoch [1113/4000]: Loss: [119.2122]
Epoch [1114/4000]: Loss: [123.6138]
Epoch [1115/4000]: Loss: [123.0400]
Epoch [1116/4000]: Loss: [123.0503]
Epoch [1117/4000]: Loss: [126.9515]
Epoch [1118/4000]: Loss: [125.3018]
Epoch [1119/4000]: Loss: [122.8446]
Epoch [1120/4000]: Loss: [124.8990]
Epoch [1121/4000]: Loss: [118.1859]
Epoch [1122/4000]: Loss: [120.2184]
Epoch [1123/4000]: Loss: [118.3183]
Epoch [1124/4000]: Loss: [124.7881]
Epoch [1125/4000]: Loss: [127.8144]
Epoch [1126/4000]: Loss: [121.5091]
Epoch [1127/4000]: Loss: [121.9276]
Epoch [1128/4000]: Loss: [122.1241]
Epoch [1129/4000]: Loss: [119.8665]
Epoch [1130/4000]: Loss: [117.8869]
Epoch [1131/4000]: Loss: [120.4700]
Epoch [1132/4000]: Loss: [119.4269]
Epoch [1133/4000]: Loss: [123.4837]
Epoch [1134/4000]: Loss: [121.5072]
Epoch [1135/4000]: Loss: [119.2063]
Epoch [1136/4000]: Loss: [119.7174]
Epoch [1137/4000]: Loss: [120.9938]
Epoch [1138/4000]: Loss: [118.1906]
Epoch [1139/4000]: Loss: [123.6243]
Epoch [1140/4000]: Loss: [128.3145]
Epoch [1141/4000]: Loss: [119.9422]
Epoch [1142/4000]: Loss: [118.8733]
Epoch [1143/4000]: Loss: [120.3360]
Epoch [1144/4000]: Loss: [121.9171]
Epoch [1145/4000]: Loss: [119.9237]
Epoch [1146/4000]: Loss: [121.4587]
Epoch [1147/4000]: Loss: [124.8303]
Epoch [1148/4000]: Loss: [119.1105]
Epoch [1149/4000]: Loss: [123.5139]
Epoch [1150/4000]: Loss: [120.1591]
Epoch [1151/4000]: Loss: [121.2121]
Epoch [1152/4000]: Loss: [122.3582]
Epoch [1153/4000]: Loss: [120.4112]
Epoch [1154/4000]: Loss: [120.1256]
Epoch [1155/4000]: Loss: [121.6461]
Epoch [1156/4000]: Loss: [118.6333]
Epoch [1157/4000]: Loss: [116.5717]
Epoch [1158/4000]: Loss: [120.9236]
Epoch [1159/4000]: Loss: [124.2832]
Epoch [1160/4000]: Loss: [123.0878]
Epoch [1161/4000]: Loss: [123.6691]
Epoch [1162/4000]: Loss: [122.6296]
Epoch [1163/4000]: Loss: [119.8793]
Epoch [1164/4000]: Loss: [123.5124]
Epoch [1165/4000]: Loss: [121.5293]
Epoch [1166/4000]: Loss: [119.3452]
Epoch [1167/4000]: Loss: [124.2562]
Epoch [1168/4000]: Loss: [123.2696]
Epoch [1169/4000]: Loss: [122.0278]
Epoch [1170/4000]: Loss: [125.2340]
Epoch [1171/4000]: Loss: [117.9538]
Epoch [1172/4000]: Loss: [122.5187]
Epoch [1173/4000]: Loss: [124.0219]
Epoch [1174/4000]: Loss: [121.4914]
Epoch [1175/4000]: Loss: [120.4602]
Epoch [1176/4000]: Loss: [120.0377]
Epoch [1177/4000]: Loss: [119.5499]
Epoch [1178/4000]: Loss: [120.2045]
Epoch [1179/4000]: Loss: [123.4693]
Epoch [1180/4000]: Loss: [122.9155]
Epoch [1181/4000]: Loss: [120.6460]
Epoch [1182/4000]: Loss: [125.7622]
Epoch [1183/4000]: Loss: [121.4397]
Epoch [1184/4000]: Loss: [121.4322]
Epoch [1185/4000]: Loss: [121.2768]
Epoch [1186/4000]: Loss: [124.9104]
Epoch [1187/4000]: Loss: [126.4746]
Epoch [1188/4000]: Loss: [122.3221]
Epoch [1189/4000]: Loss: [122.8075]
Epoch [1190/4000]: Loss: [121.3538]
Epoch [1191/4000]: Loss: [122.7811]
Epoch [1192/4000]: Loss: [119.9902]
Epoch [1193/4000]: Loss: [124.7032]
Epoch [1194/4000]: Loss: [121.0079]
Epoch [1195/4000]: Loss: [118.5475]
Epoch [1196/4000]: Loss: [121.2704]
Epoch [1197/4000]: Loss: [123.0458]
Epoch [1198/4000]: Loss: [123.0044]
Epoch [1199/4000]: Loss: [123.0969]
Epoch [1200/4000]: Loss: [119.6868]
Epoch [1201/4000]: Loss: [124.3078]
Epoch [1202/4000]: Loss: [116.0746]
Epoch [1203/4000]: Loss: [122.1670]
Epoch [1204/4000]: Loss: [122.6583]
Epoch [1205/4000]: Loss: [120.5644]
Epoch [1206/4000]: Loss: [122.4433]
Epoch [1207/4000]: Loss: [121.1183]
Epoch [1208/4000]: Loss: [119.3318]
Epoch [1209/4000]: Loss: [123.0984]
Epoch [1210/4000]: Loss: [123.6793]
Epoch [1211/4000]: Loss: [120.4889]
Epoch [1212/4000]: Loss: [117.7664]
Epoch [1213/4000]: Loss: [126.7857]
Epoch [1214/4000]: Loss: [122.7324]
Epoch [1215/4000]: Loss: [117.6067]
Epoch [1216/4000]: Loss: [122.2370]
Epoch [1217/4000]: Loss: [127.5526]
Epoch [1218/4000]: Loss: [125.0320]
Epoch [1219/4000]: Loss: [124.8139]
Epoch [1220/4000]: Loss: [122.7910]
Epoch [1221/4000]: Loss: [122.5583]
Epoch [1222/4000]: Loss: [122.2478]
Epoch [1223/4000]: Loss: [122.1357]
Epoch [1224/4000]: Loss: [124.6734]
Epoch [1225/4000]: Loss: [124.1739]
Epoch [1226/4000]: Loss: [120.3980]
Epoch [1227/4000]: Loss: [120.5030]
Epoch [1228/4000]: Loss: [120.8680]
Epoch [1229/4000]: Loss: [117.4692]
Epoch [1230/4000]: Loss: [118.5680]
Epoch [1231/4000]: Loss: [120.0825]
Epoch [1232/4000]: Loss: [124.0958]
Epoch [1233/4000]: Loss: [119.8779]
Epoch [1234/4000]: Loss: [124.6908]
Epoch [1235/4000]: Loss: [121.0014]
Epoch [1236/4000]: Loss: [125.7411]
Epoch [1237/4000]: Loss: [117.8576]
Epoch [1238/4000]: Loss: [118.3695]
Epoch [1239/4000]: Loss: [120.0705]
Epoch [1240/4000]: Loss: [120.1984]
Epoch [1241/4000]: Loss: [125.9160]
Epoch [1242/4000]: Loss: [120.0358]
Epoch [1243/4000]: Loss: [122.6294]
Epoch [1244/4000]: Loss: [125.8620]
Epoch [1245/4000]: Loss: [123.8491]
Epoch [1246/4000]: Loss: [121.6595]
Epoch [1247/4000]: Loss: [124.4563]
Epoch [1248/4000]: Loss: [120.8946]
Epoch [1249/4000]: Loss: [119.6462]
Epoch [1250/4000]: Loss: [126.0900]
Epoch [1251/4000]: Loss: [121.0329]
Epoch [1252/4000]: Loss: [122.3397]
Epoch [1253/4000]: Loss: [119.8995]
Epoch [1254/4000]: Loss: [118.6791]
Epoch [1255/4000]: Loss: [123.8965]
Epoch [1256/4000]: Loss: [124.9177]
Epoch [1257/4000]: Loss: [123.4322]
Epoch [1258/4000]: Loss: [123.7487]
Epoch [1259/4000]: Loss: [123.1454]
Epoch [1260/4000]: Loss: [119.4647]
Epoch [1261/4000]: Loss: [119.3022]
Epoch [1262/4000]: Loss: [118.2799]
Epoch [1263/4000]: Loss: [118.9991]
Epoch [1264/4000]: Loss: [126.1431]
Epoch [1265/4000]: Loss: [120.3832]
Epoch [1266/4000]: Loss: [119.0899]
Epoch [1267/4000]: Loss: [121.0588]
Epoch [1268/4000]: Loss: [119.1268]
Epoch [1269/4000]: Loss: [125.6151]
Epoch [1270/4000]: Loss: [121.5160]
Epoch [1271/4000]: Loss: [126.0846]
Epoch [1272/4000]: Loss: [126.6395]
Epoch [1273/4000]: Loss: [119.5979]
Epoch [1274/4000]: Loss: [124.4953]
Epoch [1275/4000]: Loss: [123.5008]
Epoch [1276/4000]: Loss: [125.9065]
Epoch [1277/4000]: Loss: [121.7278]
Epoch [1278/4000]: Loss: [124.6257]
Epoch [1279/4000]: Loss: [119.4301]
Epoch [1280/4000]: Loss: [125.3487]
Epoch [1281/4000]: Loss: [122.3824]
Epoch [1282/4000]: Loss: [123.2889]
Epoch [1283/4000]: Loss: [123.3015]
Epoch [1284/4000]: Loss: [123.8775]
Epoch [1285/4000]: Loss: [120.6227]
Epoch [1286/4000]: Loss: [120.3151]
Epoch [1287/4000]: Loss: [117.1798]
Epoch [1288/4000]: Loss: [122.9417]
Epoch [1289/4000]: Loss: [122.3009]
Epoch [1290/4000]: Loss: [119.3891]
Epoch [1291/4000]: Loss: [118.2377]
Epoch [1292/4000]: Loss: [118.1654]
Epoch [1293/4000]: Loss: [124.7163]
Epoch [1294/4000]: Loss: [122.3415]
Epoch [1295/4000]: Loss: [120.9031]
Epoch [1296/4000]: Loss: [121.9224]
Epoch [1297/4000]: Loss: [122.2543]
Epoch [1298/4000]: Loss: [120.6887]
Epoch [1299/4000]: Loss: [120.5450]
Epoch [1300/4000]: Loss: [118.1364]
Epoch [1301/4000]: Loss: [122.8625]
Epoch [1302/4000]: Loss: [119.7348]
Epoch [1303/4000]: Loss: [119.7213]
Epoch [1304/4000]: Loss: [121.2916]
Epoch [1305/4000]: Loss: [121.2261]
Epoch [1306/4000]: Loss: [120.3264]
Epoch [1307/4000]: Loss: [117.6101]
Epoch [1308/4000]: Loss: [121.4737]
Epoch [1309/4000]: Loss: [123.2206]
Epoch [1310/4000]: Loss: [123.5563]
Epoch [1311/4000]: Loss: [123.1176]
Epoch [1312/4000]: Loss: [124.8123]
Epoch [1313/4000]: Loss: [123.6401]
Epoch [1314/4000]: Loss: [123.6399]
Epoch [1315/4000]: Loss: [123.1109]
Epoch [1316/4000]: Loss: [120.4108]
Epoch [1317/4000]: Loss: [122.8855]
Epoch [1318/4000]: Loss: [119.8677]
Epoch [1319/4000]: Loss: [121.7378]
Epoch [1320/4000]: Loss: [117.0767]
Epoch [1321/4000]: Loss: [118.7124]
Epoch [1322/4000]: Loss: [123.0255]
Epoch [1323/4000]: Loss: [121.4947]
Epoch [1324/4000]: Loss: [121.6710]
Epoch [1325/4000]: Loss: [125.3850]
Epoch [1326/4000]: Loss: [122.1039]
Epoch [1327/4000]: Loss: [125.0296]
Epoch [1328/4000]: Loss: [122.4116]
Epoch [1329/4000]: Loss: [119.6722]
Epoch [1330/4000]: Loss: [123.8312]
Epoch [1331/4000]: Loss: [122.4665]
Epoch [1332/4000]: Loss: [121.8812]
Epoch [1333/4000]: Loss: [121.4437]
Epoch [1334/4000]: Loss: [118.8555]
Epoch [1335/4000]: Loss: [122.6472]
Epoch [1336/4000]: Loss: [117.7074]
Epoch [1337/4000]: Loss: [116.1445]
Epoch [1338/4000]: Loss: [122.5014]
Epoch [1339/4000]: Loss: [125.2985]
Epoch [1340/4000]: Loss: [124.2743]
Epoch [1341/4000]: Loss: [119.4480]
Epoch [1342/4000]: Loss: [121.1471]
Epoch [1343/4000]: Loss: [121.6361]
Epoch [1344/4000]: Loss: [122.3392]
Epoch [1345/4000]: Loss: [122.1550]
Epoch [1346/4000]: Loss: [115.3212]
Epoch [1347/4000]: Loss: [121.9511]
Epoch [1348/4000]: Loss: [120.1689]
Epoch [1349/4000]: Loss: [119.9853]
Epoch [1350/4000]: Loss: [120.8670]
Epoch [1351/4000]: Loss: [121.8099]
Epoch [1352/4000]: Loss: [122.4980]
Epoch [1353/4000]: Loss: [120.6737]
Epoch [1354/4000]: Loss: [126.0533]
Epoch [1355/4000]: Loss: [117.4656]
Epoch [1356/4000]: Loss: [118.7952]
Epoch [1357/4000]: Loss: [125.5949]
Epoch [1358/4000]: Loss: [119.2625]
Epoch [1359/4000]: Loss: [122.1071]
Epoch [1360/4000]: Loss: [121.5223]
Epoch [1361/4000]: Loss: [121.0559]
Epoch [1362/4000]: Loss: [124.2331]
Epoch [1363/4000]: Loss: [123.1284]
Epoch [1364/4000]: Loss: [121.1785]
Epoch [1365/4000]: Loss: [122.7191]
Epoch [1366/4000]: Loss: [124.3873]
Epoch [1367/4000]: Loss: [120.1338]
Epoch [1368/4000]: Loss: [123.5253]
Epoch [1369/4000]: Loss: [118.6426]
Epoch [1370/4000]: Loss: [120.7100]
Epoch [1371/4000]: Loss: [121.3472]
Epoch [1372/4000]: Loss: [120.0472]
Epoch [1373/4000]: Loss: [120.2811]
Epoch [1374/4000]: Loss: [119.3972]
Epoch [1375/4000]: Loss: [127.6020]
Epoch [1376/4000]: Loss: [124.2528]
Epoch [1377/4000]: Loss: [121.3834]
Epoch [1378/4000]: Loss: [122.2459]
Epoch [1379/4000]: Loss: [122.5634]
Epoch [1380/4000]: Loss: [123.4356]
Epoch [1381/4000]: Loss: [123.0614]
Epoch [1382/4000]: Loss: [123.2210]
Epoch [1383/4000]: Loss: [118.9173]
Epoch [1384/4000]: Loss: [124.8066]
Epoch [1385/4000]: Loss: [120.7281]
Epoch [1386/4000]: Loss: [124.2290]
Epoch [1387/4000]: Loss: [123.3560]
Epoch [1388/4000]: Loss: [120.6008]
Epoch [1389/4000]: Loss: [119.6979]
Epoch [1390/4000]: Loss: [116.7441]
Epoch [1391/4000]: Loss: [119.7077]
Epoch [1392/4000]: Loss: [121.3177]
Epoch [1393/4000]: Loss: [122.1877]
Epoch [1394/4000]: Loss: [120.0381]
Epoch [1395/4000]: Loss: [119.4442]
Epoch [1396/4000]: Loss: [120.8813]
Epoch [1397/4000]: Loss: [121.2195]
Epoch [1398/4000]: Loss: [122.2916]
Epoch [1399/4000]: Loss: [118.3358]
Epoch [1400/4000]: Loss: [122.4989]
Epoch [1401/4000]: Loss: [124.5202]
Epoch [1402/4000]: Loss: [121.0392]
Epoch [1403/4000]: Loss: [119.3201]
Epoch [1404/4000]: Loss: [122.1144]
Epoch [1405/4000]: Loss: [125.4418]
Epoch [1406/4000]: Loss: [123.9024]
Epoch [1407/4000]: Loss: [119.9018]
Epoch [1408/4000]: Loss: [125.0230]
Epoch [1409/4000]: Loss: [124.1546]
Epoch [1410/4000]: Loss: [120.7460]
Epoch [1411/4000]: Loss: [121.0718]
Epoch [1412/4000]: Loss: [121.6964]
Epoch [1413/4000]: Loss: [125.5706]
Epoch [1414/4000]: Loss: [119.9912]
Epoch [1415/4000]: Loss: [124.0969]
Epoch [1416/4000]: Loss: [121.3502]
Epoch [1417/4000]: Loss: [119.7896]
Epoch [1418/4000]: Loss: [121.9316]
Epoch [1419/4000]: Loss: [119.3418]
Epoch [1420/4000]: Loss: [124.9975]
Epoch [1421/4000]: Loss: [122.4140]
Epoch [1422/4000]: Loss: [121.6087]
Epoch [1423/4000]: Loss: [117.4378]
Epoch [1424/4000]: Loss: [121.3885]
Epoch [1425/4000]: Loss: [120.5491]
Epoch [1426/4000]: Loss: [124.0927]
Epoch [1427/4000]: Loss: [121.7019]
Epoch [1428/4000]: Loss: [119.2891]
Epoch [1429/4000]: Loss: [121.7870]
Epoch [1430/4000]: Loss: [119.4191]
Epoch [1431/4000]: Loss: [126.3201]
Epoch [1432/4000]: Loss: [124.9777]
Epoch [1433/4000]: Loss: [123.7146]
Epoch [1434/4000]: Loss: [125.3526]
Epoch [1435/4000]: Loss: [126.4123]
Epoch [1436/4000]: Loss: [113.9818]
Epoch [1437/4000]: Loss: [120.6455]
Epoch [1438/4000]: Loss: [122.6616]
Epoch [1439/4000]: Loss: [123.7504]
Epoch [1440/4000]: Loss: [119.8911]
Epoch [1441/4000]: Loss: [120.8062]
Epoch [1442/4000]: Loss: [120.5453]
Epoch [1443/4000]: Loss: [118.8923]
Epoch [1444/4000]: Loss: [122.0710]
Epoch [1445/4000]: Loss: [121.7410]
Epoch [1446/4000]: Loss: [121.0898]
Epoch [1447/4000]: Loss: [119.9841]
Epoch [1448/4000]: Loss: [120.4775]
Epoch [1449/4000]: Loss: [120.3474]
Epoch [1450/4000]: Loss: [122.6022]
Epoch [1451/4000]: Loss: [123.4475]
Epoch [1452/4000]: Loss: [121.4379]
Epoch [1453/4000]: Loss: [125.1846]
Epoch [1454/4000]: Loss: [125.8063]
Epoch [1455/4000]: Loss: [124.4540]
Epoch [1456/4000]: Loss: [121.1212]
Epoch [1457/4000]: Loss: [118.6417]
Epoch [1458/4000]: Loss: [124.4009]
Epoch [1459/4000]: Loss: [125.0792]
Epoch [1460/4000]: Loss: [123.8991]
Epoch [1461/4000]: Loss: [127.0330]
Epoch [1462/4000]: Loss: [120.3858]
Epoch [1463/4000]: Loss: [119.2020]
Epoch [1464/4000]: Loss: [122.1440]
Epoch [1465/4000]: Loss: [119.1270]
Epoch [1466/4000]: Loss: [118.8717]
Epoch [1467/4000]: Loss: [120.1095]
Epoch [1468/4000]: Loss: [123.3848]
Epoch [1469/4000]: Loss: [118.9358]
Epoch [1470/4000]: Loss: [122.5035]
Epoch [1471/4000]: Loss: [124.0663]
Epoch [1472/4000]: Loss: [126.5889]
Epoch [1473/4000]: Loss: [124.6790]
Epoch [1474/4000]: Loss: [118.0708]
Epoch [1475/4000]: Loss: [120.3932]
Epoch [1476/4000]: Loss: [120.8440]
Epoch [1477/4000]: Loss: [122.0573]
Epoch [1478/4000]: Loss: [121.5862]
Epoch [1479/4000]: Loss: [125.0604]
Epoch [1480/4000]: Loss: [125.6417]
Epoch [1481/4000]: Loss: [122.7022]
Epoch [1482/4000]: Loss: [118.4639]
Epoch [1483/4000]: Loss: [120.0253]
Epoch [1484/4000]: Loss: [120.7888]
Epoch [1485/4000]: Loss: [119.6998]
Epoch [1486/4000]: Loss: [124.6115]
Epoch [1487/4000]: Loss: [121.3620]
Epoch [1488/4000]: Loss: [120.4078]
Epoch [1489/4000]: Loss: [122.5318]
Epoch [1490/4000]: Loss: [125.6607]
Epoch [1491/4000]: Loss: [122.1079]
Epoch [1492/4000]: Loss: [128.7340]
Epoch [1493/4000]: Loss: [119.9541]
Epoch [1494/4000]: Loss: [124.0281]
Epoch [1495/4000]: Loss: [121.1178]
Epoch [1496/4000]: Loss: [119.3374]
Epoch [1497/4000]: Loss: [124.4717]
Epoch [1498/4000]: Loss: [123.6375]
Epoch [1499/4000]: Loss: [125.1269]
Epoch [1500/4000]: Loss: [122.8931]
Epoch [1501/4000]: Loss: [124.8420]
Epoch [1502/4000]: Loss: [116.3808]
Epoch [1503/4000]: Loss: [121.2940]
Epoch [1504/4000]: Loss: [122.3524]
Epoch [1505/4000]: Loss: [121.4459]
Epoch [1506/4000]: Loss: [120.4602]
Epoch [1507/4000]: Loss: [122.2998]
Epoch [1508/4000]: Loss: [124.6785]
Epoch [1509/4000]: Loss: [120.4728]
Epoch [1510/4000]: Loss: [124.1925]
Epoch [1511/4000]: Loss: [123.9809]
Epoch [1512/4000]: Loss: [119.2073]
Epoch [1513/4000]: Loss: [121.9212]
Epoch [1514/4000]: Loss: [125.7405]
Epoch [1515/4000]: Loss: [119.7050]
Epoch [1516/4000]: Loss: [126.5720]
Epoch [1517/4000]: Loss: [122.4319]
Epoch [1518/4000]: Loss: [122.9206]
Epoch [1519/4000]: Loss: [121.0779]
Epoch [1520/4000]: Loss: [121.7032]
Epoch [1521/4000]: Loss: [117.8222]
Epoch [1522/4000]: Loss: [122.2008]
Epoch [1523/4000]: Loss: [123.2139]
Epoch [1524/4000]: Loss: [118.2254]
Epoch [1525/4000]: Loss: [122.0887]
Epoch [1526/4000]: Loss: [119.0299]
Epoch [1527/4000]: Loss: [123.2462]
Epoch [1528/4000]: Loss: [124.6332]
Epoch [1529/4000]: Loss: [120.3378]
Epoch [1530/4000]: Loss: [116.8560]
Epoch [1531/4000]: Loss: [118.7179]
Epoch [1532/4000]: Loss: [121.8026]
Epoch [1533/4000]: Loss: [125.0916]
Epoch [1534/4000]: Loss: [116.9608]
Epoch [1535/4000]: Loss: [118.4293]
Epoch [1536/4000]: Loss: [119.5237]
Epoch [1537/4000]: Loss: [119.8982]
Epoch [1538/4000]: Loss: [121.0690]
Epoch [1539/4000]: Loss: [120.9276]
Epoch [1540/4000]: Loss: [122.0437]
Epoch [1541/4000]: Loss: [120.9296]
Epoch [1542/4000]: Loss: [118.7405]
Epoch [1543/4000]: Loss: [124.5917]
Epoch [1544/4000]: Loss: [117.9622]
Epoch [1545/4000]: Loss: [121.2317]
Epoch [1546/4000]: Loss: [123.1754]
Epoch [1547/4000]: Loss: [120.6770]
Epoch [1548/4000]: Loss: [122.9020]
Epoch [1549/4000]: Loss: [117.6096]
Epoch [1550/4000]: Loss: [117.9861]
Epoch [1551/4000]: Loss: [128.1918]
Epoch [1552/4000]: Loss: [125.5968]
Epoch [1553/4000]: Loss: [122.4260]
Epoch [1554/4000]: Loss: [118.0454]
Epoch [1555/4000]: Loss: [123.0363]
Epoch [1556/4000]: Loss: [123.1326]
Epoch [1557/4000]: Loss: [118.5323]
Epoch [1558/4000]: Loss: [122.0933]
Epoch [1559/4000]: Loss: [121.1247]
Epoch [1560/4000]: Loss: [120.2696]
Epoch [1561/4000]: Loss: [126.4740]
Epoch [1562/4000]: Loss: [125.3335]
Epoch [1563/4000]: Loss: [124.1592]
Epoch [1564/4000]: Loss: [124.1463]
Epoch [1565/4000]: Loss: [118.8133]
Epoch [1566/4000]: Loss: [115.1831]
Epoch [1567/4000]: Loss: [123.0472]
Epoch [1568/4000]: Loss: [120.0348]
Epoch [1569/4000]: Loss: [124.0082]
Epoch [1570/4000]: Loss: [121.7708]
Epoch [1571/4000]: Loss: [122.3307]
Epoch [1572/4000]: Loss: [127.1804]
Epoch [1573/4000]: Loss: [125.1958]
Epoch [1574/4000]: Loss: [123.4974]
Epoch [1575/4000]: Loss: [123.9584]
Epoch [1576/4000]: Loss: [120.0614]
Epoch [1577/4000]: Loss: [120.4970]
Epoch [1578/4000]: Loss: [122.6773]
Epoch [1579/4000]: Loss: [124.8347]
Epoch [1580/4000]: Loss: [122.9209]
Epoch [1581/4000]: Loss: [122.1862]
Epoch [1582/4000]: Loss: [122.9643]
Epoch [1583/4000]: Loss: [119.7017]
Epoch [1584/4000]: Loss: [118.9004]
Epoch [1585/4000]: Loss: [119.8719]
Epoch [1586/4000]: Loss: [121.6759]
Epoch [1587/4000]: Loss: [124.2938]
Epoch [1588/4000]: Loss: [120.8884]
Epoch [1589/4000]: Loss: [124.8119]
Epoch [1590/4000]: Loss: [115.7480]
Epoch [1591/4000]: Loss: [121.2426]
Epoch [1592/4000]: Loss: [120.2009]
Epoch [1593/4000]: Loss: [121.6024]
Epoch [1594/4000]: Loss: [122.2185]
Epoch [1595/4000]: Loss: [123.7345]
Epoch [1596/4000]: Loss: [122.8988]
Epoch [1597/4000]: Loss: [125.1093]
Epoch [1598/4000]: Loss: [119.7673]
Epoch [1599/4000]: Loss: [122.8784]
Epoch [1600/4000]: Loss: [123.1652]
Epoch [1601/4000]: Loss: [123.2153]
Epoch [1602/4000]: Loss: [124.1753]
Epoch [1603/4000]: Loss: [118.3365]
Epoch [1604/4000]: Loss: [120.3596]
Epoch [1605/4000]: Loss: [125.0412]
Epoch [1606/4000]: Loss: [128.3431]
Epoch [1607/4000]: Loss: [124.1061]
Epoch [1608/4000]: Loss: [119.9310]
Epoch [1609/4000]: Loss: [123.2308]
Epoch [1610/4000]: Loss: [122.5085]
Epoch [1611/4000]: Loss: [118.9698]
Epoch [1612/4000]: Loss: [123.9787]
Epoch [1613/4000]: Loss: [123.8120]
Epoch [1614/4000]: Loss: [120.9394]
Epoch [1615/4000]: Loss: [122.9595]
Epoch [1616/4000]: Loss: [118.0456]
Epoch [1617/4000]: Loss: [122.0922]
Epoch [1618/4000]: Loss: [121.1763]
Epoch [1619/4000]: Loss: [121.9264]
Epoch [1620/4000]: Loss: [119.6808]
Epoch [1621/4000]: Loss: [117.5534]
Epoch [1622/4000]: Loss: [118.4500]
Epoch [1623/4000]: Loss: [122.2638]
Epoch [1624/4000]: Loss: [123.6540]
Epoch [1625/4000]: Loss: [120.5821]
Epoch [1626/4000]: Loss: [120.9475]
Epoch [1627/4000]: Loss: [121.8158]
Epoch [1628/4000]: Loss: [120.6066]
Epoch [1629/4000]: Loss: [117.8419]
Epoch [1630/4000]: Loss: [124.2053]
Epoch [1631/4000]: Loss: [125.1724]
Epoch [1632/4000]: Loss: [126.5272]
Epoch [1633/4000]: Loss: [119.1069]
Epoch [1634/4000]: Loss: [120.1028]
Epoch [1635/4000]: Loss: [120.3480]
Epoch [1636/4000]: Loss: [124.4021]
Epoch [1637/4000]: Loss: [124.2206]
Epoch [1638/4000]: Loss: [122.1581]
Epoch [1639/4000]: Loss: [117.6408]
Epoch [1640/4000]: Loss: [118.5709]
Epoch [1641/4000]: Loss: [119.6395]
Epoch [1642/4000]: Loss: [121.6799]
Epoch [1643/4000]: Loss: [124.6241]
Epoch [1644/4000]: Loss: [125.5295]
Epoch [1645/4000]: Loss: [119.6200]
Epoch [1646/4000]: Loss: [123.5290]
Epoch [1647/4000]: Loss: [117.7784]
Epoch [1648/4000]: Loss: [121.2301]
Epoch [1649/4000]: Loss: [125.8215]
Epoch [1650/4000]: Loss: [121.1486]
Epoch [1651/4000]: Loss: [122.2438]
Epoch [1652/4000]: Loss: [124.4104]
Epoch [1653/4000]: Loss: [119.5790]
Epoch [1654/4000]: Loss: [125.4701]
Epoch [1655/4000]: Loss: [126.4494]
Epoch [1656/4000]: Loss: [123.7176]
Epoch [1657/4000]: Loss: [120.6981]
Epoch [1658/4000]: Loss: [120.6581]
Epoch [1659/4000]: Loss: [120.4031]
Epoch [1660/4000]: Loss: [121.9671]
Epoch [1661/4000]: Loss: [120.4370]
Epoch [1662/4000]: Loss: [121.1736]
Epoch [1663/4000]: Loss: [122.6370]
Epoch [1664/4000]: Loss: [120.0187]
Epoch [1665/4000]: Loss: [120.0674]
Epoch [1666/4000]: Loss: [121.0396]
Epoch [1667/4000]: Loss: [118.3376]
Epoch [1668/4000]: Loss: [121.9044]
Epoch [1669/4000]: Loss: [123.1676]
Epoch [1670/4000]: Loss: [118.0748]
Epoch [1671/4000]: Loss: [122.6613]
Epoch [1672/4000]: Loss: [119.0044]
Epoch [1673/4000]: Loss: [123.7435]
Epoch [1674/4000]: Loss: [120.5202]
Epoch [1675/4000]: Loss: [121.7596]
Epoch [1676/4000]: Loss: [122.3760]
Epoch [1677/4000]: Loss: [124.0436]
Epoch [1678/4000]: Loss: [120.6700]
Epoch [1679/4000]: Loss: [122.8263]
Epoch [1680/4000]: Loss: [125.0645]
Epoch [1681/4000]: Loss: [121.2569]
Epoch [1682/4000]: Loss: [119.3370]
Epoch [1683/4000]: Loss: [123.3618]
Epoch [1684/4000]: Loss: [123.9248]
Epoch [1685/4000]: Loss: [120.0839]
Epoch [1686/4000]: Loss: [123.6860]
Epoch [1687/4000]: Loss: [120.3976]
Epoch [1688/4000]: Loss: [119.3017]
Epoch [1689/4000]: Loss: [120.9341]
Epoch [1690/4000]: Loss: [125.2990]
Epoch [1691/4000]: Loss: [121.5817]
Epoch [1692/4000]: Loss: [121.7087]
Epoch [1693/4000]: Loss: [125.0706]
Epoch [1694/4000]: Loss: [119.7505]
Epoch [1695/4000]: Loss: [120.8393]
Epoch [1696/4000]: Loss: [121.6126]
Epoch [1697/4000]: Loss: [123.9598]
Epoch [1698/4000]: Loss: [117.5611]
Epoch [1699/4000]: Loss: [122.7473]
Epoch [1700/4000]: Loss: [123.4913]
Epoch [1701/4000]: Loss: [121.7107]
Epoch [1702/4000]: Loss: [123.1168]
Epoch [1703/4000]: Loss: [121.2353]
Epoch [1704/4000]: Loss: [118.3868]
Epoch [1705/4000]: Loss: [121.1025]
Epoch [1706/4000]: Loss: [121.0241]
Epoch [1707/4000]: Loss: [117.7945]
Epoch [1708/4000]: Loss: [117.8219]
Epoch [1709/4000]: Loss: [122.2485]
Epoch [1710/4000]: Loss: [120.5198]
Epoch [1711/4000]: Loss: [116.8984]
Epoch [1712/4000]: Loss: [123.1175]
Epoch [1713/4000]: Loss: [121.4120]
Epoch [1714/4000]: Loss: [119.3219]
Epoch [1715/4000]: Loss: [125.1351]
Epoch [1716/4000]: Loss: [120.1695]
Epoch [1717/4000]: Loss: [121.6354]
Epoch [1718/4000]: Loss: [125.7975]
Epoch [1719/4000]: Loss: [120.5060]
Epoch [1720/4000]: Loss: [123.0113]
Epoch [1721/4000]: Loss: [121.4143]
Epoch [1722/4000]: Loss: [119.7936]
Epoch [1723/4000]: Loss: [123.0656]
Epoch [1724/4000]: Loss: [124.4477]
Epoch [1725/4000]: Loss: [119.0150]
Epoch [1726/4000]: Loss: [118.1193]
Epoch [1727/4000]: Loss: [120.0549]
Epoch [1728/4000]: Loss: [121.9520]
Epoch [1729/4000]: Loss: [125.4948]
Epoch [1730/4000]: Loss: [121.5650]
Epoch [1731/4000]: Loss: [119.9381]
Epoch [1732/4000]: Loss: [121.2899]
Epoch [1733/4000]: Loss: [121.5216]
Epoch [1734/4000]: Loss: [122.4609]
Epoch [1735/4000]: Loss: [122.1858]
Epoch [1736/4000]: Loss: [117.4086]
Epoch [1737/4000]: Loss: [118.4617]
Epoch [1738/4000]: Loss: [119.6323]
Epoch [1739/4000]: Loss: [121.6886]
Epoch [1740/4000]: Loss: [121.0231]
Epoch [1741/4000]: Loss: [126.0134]
Epoch [1742/4000]: Loss: [120.6095]
Epoch [1743/4000]: Loss: [119.6573]
Epoch [1744/4000]: Loss: [122.4397]
Epoch [1745/4000]: Loss: [118.3955]
Epoch [1746/4000]: Loss: [119.5907]
Epoch [1747/4000]: Loss: [120.2548]
Epoch [1748/4000]: Loss: [121.5714]
Epoch [1749/4000]: Loss: [121.6019]
Epoch [1750/4000]: Loss: [121.7308]
Epoch [1751/4000]: Loss: [119.8624]
Epoch [1752/4000]: Loss: [121.4872]
Epoch [1753/4000]: Loss: [119.1120]
Epoch [1754/4000]: Loss: [126.4485]
Epoch [1755/4000]: Loss: [122.5329]
Epoch [1756/4000]: Loss: [120.2659]
Epoch [1757/4000]: Loss: [123.6539]
Epoch [1758/4000]: Loss: [123.8782]
Epoch [1759/4000]: Loss: [118.9174]
Epoch [1760/4000]: Loss: [123.2409]
Epoch [1761/4000]: Loss: [121.3904]
Epoch [1762/4000]: Loss: [123.9145]
Epoch [1763/4000]: Loss: [121.3282]
Epoch [1764/4000]: Loss: [120.7047]
Epoch [1765/4000]: Loss: [120.3367]
Epoch [1766/4000]: Loss: [118.6619]
Epoch [1767/4000]: Loss: [121.2476]
Epoch [1768/4000]: Loss: [121.3318]
Epoch [1769/4000]: Loss: [119.8584]
Epoch [1770/4000]: Loss: [128.1200]
Epoch [1771/4000]: Loss: [120.8437]
Epoch [1772/4000]: Loss: [120.1277]
Epoch [1773/4000]: Loss: [120.4010]
Epoch [1774/4000]: Loss: [124.7328]
Epoch [1775/4000]: Loss: [123.8495]
Epoch [1776/4000]: Loss: [124.0881]
Epoch [1777/4000]: Loss: [122.8823]
Epoch [1778/4000]: Loss: [124.7256]
Epoch [1779/4000]: Loss: [117.9154]
Epoch [1780/4000]: Loss: [118.1820]
Epoch [1781/4000]: Loss: [122.3134]
Epoch [1782/4000]: Loss: [120.5563]
Epoch [1783/4000]: Loss: [117.3030]
Epoch [1784/4000]: Loss: [124.1039]
Epoch [1785/4000]: Loss: [117.5357]
Epoch [1786/4000]: Loss: [119.6365]
Epoch [1787/4000]: Loss: [120.4672]
Epoch [1788/4000]: Loss: [126.6606]
Epoch [1789/4000]: Loss: [119.9210]
Epoch [1790/4000]: Loss: [122.8083]
Epoch [1791/4000]: Loss: [122.6867]
Epoch [1792/4000]: Loss: [121.9182]
Epoch [1793/4000]: Loss: [120.7220]
Epoch [1794/4000]: Loss: [116.5487]
Epoch [1795/4000]: Loss: [119.8136]
Epoch [1796/4000]: Loss: [120.5409]
Epoch [1797/4000]: Loss: [121.7720]
Epoch [1798/4000]: Loss: [118.1315]
Epoch [1799/4000]: Loss: [119.5723]
Epoch [1800/4000]: Loss: [121.1908]
Epoch [1801/4000]: Loss: [120.3923]
Epoch [1802/4000]: Loss: [121.3767]
Epoch [1803/4000]: Loss: [127.1312]
Epoch [1804/4000]: Loss: [118.6237]
Epoch [1805/4000]: Loss: [121.8994]
Epoch [1806/4000]: Loss: [125.0068]
Epoch [1807/4000]: Loss: [120.5438]
Epoch [1808/4000]: Loss: [119.4164]
Epoch [1809/4000]: Loss: [120.7221]
Epoch [1810/4000]: Loss: [121.3131]
Epoch [1811/4000]: Loss: [118.7676]
Epoch [1812/4000]: Loss: [123.4863]
Epoch [1813/4000]: Loss: [123.0802]
Epoch [1814/4000]: Loss: [125.6682]
Epoch [1815/4000]: Loss: [120.2438]
Epoch [1816/4000]: Loss: [121.1694]
Epoch [1817/4000]: Loss: [119.0691]
Epoch [1818/4000]: Loss: [120.7465]
Epoch [1819/4000]: Loss: [123.1572]
Epoch [1820/4000]: Loss: [121.3787]
Epoch [1821/4000]: Loss: [122.9442]
Epoch [1822/4000]: Loss: [118.1664]
Epoch [1823/4000]: Loss: [121.7284]
Epoch [1824/4000]: Loss: [121.9780]
Epoch [1825/4000]: Loss: [122.9154]
Epoch [1826/4000]: Loss: [122.7340]
Epoch [1827/4000]: Loss: [123.0050]
Epoch [1828/4000]: Loss: [123.4416]
Epoch [1829/4000]: Loss: [119.3577]
Epoch [1830/4000]: Loss: [122.1767]
Epoch [1831/4000]: Loss: [117.7062]
Epoch [1832/4000]: Loss: [126.7564]
Epoch [1833/4000]: Loss: [124.1659]
Epoch [1834/4000]: Loss: [121.9542]
Epoch [1835/4000]: Loss: [119.4167]
Epoch [1836/4000]: Loss: [125.5180]
Epoch [1837/4000]: Loss: [122.1984]
Epoch [1838/4000]: Loss: [122.0111]
Epoch [1839/4000]: Loss: [121.9585]
Epoch [1840/4000]: Loss: [121.6233]
Epoch [1841/4000]: Loss: [122.3143]
Epoch [1842/4000]: Loss: [122.3020]
Epoch [1843/4000]: Loss: [123.4788]
Epoch [1844/4000]: Loss: [123.2937]
Epoch [1845/4000]: Loss: [119.0351]
Epoch [1846/4000]: Loss: [124.3712]
Epoch [1847/4000]: Loss: [123.4291]
Epoch [1848/4000]: Loss: [123.3324]
Epoch [1849/4000]: Loss: [119.8059]
Epoch [1850/4000]: Loss: [118.6190]
Epoch [1851/4000]: Loss: [120.6429]
Epoch [1852/4000]: Loss: [120.5138]
Epoch [1853/4000]: Loss: [121.5835]
Epoch [1854/4000]: Loss: [119.4395]
Epoch [1855/4000]: Loss: [120.5209]
Epoch [1856/4000]: Loss: [118.0687]
Epoch [1857/4000]: Loss: [124.4922]
Epoch [1858/4000]: Loss: [117.9139]
Epoch [1859/4000]: Loss: [120.9564]
Epoch [1860/4000]: Loss: [122.2927]
Epoch [1861/4000]: Loss: [121.6751]
Epoch [1862/4000]: Loss: [115.7156]
Epoch [1863/4000]: Loss: [121.1286]
Epoch [1864/4000]: Loss: [129.0115]
Epoch [1865/4000]: Loss: [124.1286]
Epoch [1866/4000]: Loss: [118.6065]
Epoch [1867/4000]: Loss: [122.6855]
Epoch [1868/4000]: Loss: [123.7520]
Epoch [1869/4000]: Loss: [120.9118]
Epoch [1870/4000]: Loss: [118.7852]
Epoch [1871/4000]: Loss: [122.6924]
Epoch [1872/4000]: Loss: [121.9752]
Epoch [1873/4000]: Loss: [121.4710]
Epoch [1874/4000]: Loss: [120.9700]
Epoch [1875/4000]: Loss: [120.9624]
Epoch [1876/4000]: Loss: [119.2063]
Epoch [1877/4000]: Loss: [118.7732]
Epoch [1878/4000]: Loss: [118.5387]
Epoch [1879/4000]: Loss: [126.9660]
Epoch [1880/4000]: Loss: [125.0757]
Epoch [1881/4000]: Loss: [119.7680]
Epoch [1882/4000]: Loss: [120.8193]
Epoch [1883/4000]: Loss: [118.3628]
Epoch [1884/4000]: Loss: [118.5590]
Epoch [1885/4000]: Loss: [120.8435]
Epoch [1886/4000]: Loss: [121.5460]
Epoch [1887/4000]: Loss: [122.2711]
Epoch [1888/4000]: Loss: [118.1248]
Epoch [1889/4000]: Loss: [121.7144]
Epoch [1890/4000]: Loss: [117.4411]
Epoch [1891/4000]: Loss: [122.0502]
Epoch [1892/4000]: Loss: [127.5014]
Epoch [1893/4000]: Loss: [117.2777]
Epoch [1894/4000]: Loss: [119.1389]
Epoch [1895/4000]: Loss: [120.1909]
Epoch [1896/4000]: Loss: [117.6967]
Epoch [1897/4000]: Loss: [119.2275]
Epoch [1898/4000]: Loss: [121.0957]
Epoch [1899/4000]: Loss: [122.5063]
Epoch [1900/4000]: Loss: [121.2424]
Epoch [1901/4000]: Loss: [119.3673]
Epoch [1902/4000]: Loss: [119.3701]
Epoch [1903/4000]: Loss: [122.6335]
Epoch [1904/4000]: Loss: [122.3913]
Epoch [1905/4000]: Loss: [120.0452]
Epoch [1906/4000]: Loss: [119.6051]
Epoch [1907/4000]: Loss: [121.2355]
Epoch [1908/4000]: Loss: [120.1826]
Epoch [1909/4000]: Loss: [116.3478]
Epoch [1910/4000]: Loss: [120.8319]
Epoch [1911/4000]: Loss: [114.9750]
Epoch [1912/4000]: Loss: [125.3182]
Epoch [1913/4000]: Loss: [122.7083]
Epoch [1914/4000]: Loss: [121.8434]
Epoch [1915/4000]: Loss: [119.3424]
Epoch [1916/4000]: Loss: [121.8789]
Epoch [1917/4000]: Loss: [122.9617]
Epoch [1918/4000]: Loss: [125.5249]
Epoch [1919/4000]: Loss: [125.6572]
Epoch [1920/4000]: Loss: [124.4791]
Epoch [1921/4000]: Loss: [119.8639]
Epoch [1922/4000]: Loss: [118.3179]
Epoch [1923/4000]: Loss: [122.3157]
Epoch [1924/4000]: Loss: [116.2608]
Epoch [1925/4000]: Loss: [122.1938]
Epoch [1926/4000]: Loss: [115.9959]
Epoch [1927/4000]: Loss: [120.5854]
Epoch [1928/4000]: Loss: [123.8582]
Epoch [1929/4000]: Loss: [123.4249]
Epoch [1930/4000]: Loss: [124.9621]
Epoch [1931/4000]: Loss: [119.0519]
Epoch [1932/4000]: Loss: [121.8722]
Epoch [1933/4000]: Loss: [118.8625]
Epoch [1934/4000]: Loss: [120.5555]
Epoch [1935/4000]: Loss: [125.5703]
Epoch [1936/4000]: Loss: [118.6002]
Epoch [1937/4000]: Loss: [125.3299]
Epoch [1938/4000]: Loss: [121.3387]
Epoch [1939/4000]: Loss: [121.4702]
Epoch [1940/4000]: Loss: [119.8702]
Epoch [1941/4000]: Loss: [118.8746]
Epoch [1942/4000]: Loss: [122.3058]
Epoch [1943/4000]: Loss: [121.7406]
Epoch [1944/4000]: Loss: [120.2933]
Epoch [1945/4000]: Loss: [120.9210]
Epoch [1946/4000]: Loss: [128.8589]
Epoch [1947/4000]: Loss: [125.8665]
Epoch [1948/4000]: Loss: [121.6489]
Epoch [1949/4000]: Loss: [124.0240]
Epoch [1950/4000]: Loss: [123.6825]
slurmstepd: error: *** JOB 14637947 ON gpu156 CANCELLED AT 2025-01-27T03:22:49 DUE TO TIME LIMIT ***
