[DEBUG] Host name:  gpu178.cluster.local
wandb: Starting wandb agent 🕵️
2025-01-27 00:34:55,979 - wandb.wandb_agent - INFO - Running runs: []
2025-01-27 00:34:56,139 - wandb.wandb_agent - INFO - Agent received command: run
2025-01-27 00:34:56,139 - wandb.wandb_agent - INFO - Agent starting run with config:
	batch_size: 1024
	d_layers: 1024
	data_path: ../../data/magic
	dataset: magic
	dim_t: 256
	dropout: 0.3
	log_interval: 50
	lr: 0.01
	n_layers: 4
	num_epochs: 4000
	seed: 42
	task_type: binclass
2025-01-27 00:34:56,169 - wandb.wandb_agent - INFO - About to run command: /usr/bin/env python ../../main.py --batch_size=1024 --d_layers=1024 --data_path=../../data/magic --dataset=magic --dim_t=256 --dropout=0.3 --log_interval=50 --lr=0.01 --n_layers=4 --num_epochs=4000 --seed=42 --task_type=binclass
2025-01-27 00:35:01,187 - wandb.wandb_agent - INFO - Running runs: ['zgo1an5b']
/h/aguzmanc/miniforge3/envs/eval/lib/python3.11/site-packages/xgboost/core.py:265: FutureWarning: Your system has an old version of glibc (< 2.28). We will stop supporting Linux distros with glibc older than 2.28 after **May 31, 2025**. Please upgrade to a recent Linux distro (with glibc 2.28+) to use future versions of XGBoost.
Note: You have installed the 'manylinux2014' variant of XGBoost. Certain features such as GPU algorithms or federated learning are not available. To use these features, please upgrade to a recent Linux distro with glibc 2.28+, and install the 'manylinux_2_28' variant.
  warnings.warn(
wandb: Currently logged in as: andresguzco. Use `wandb login --relogin` to force relogin
wandb: wandb version 0.19.4 is available!  To upgrade, please run:
wandb:  $ pip install wandb --upgrade
wandb: Tracking run with wandb version 0.16.6
wandb: Run data is saved locally in /fs01/home/aguzmanc/xvfm/src/sweeps/wandb/run-20250127_003514-zgo1an5b
wandb: Run `wandb offline` to turn off syncing.
wandb: Syncing run skilled-sweep-4
wandb: ⭐️ View project at https://wandb.ai/andresguzco/XVFM
wandb: 🧹 View sweep at https://wandb.ai/andresguzco/XVFM/sweeps/ei563s7k
wandb: 🚀 View run at https://wandb.ai/andresguzco/XVFM/runs/zgo1an5b
Number of parameters: 3493131
Training parameters: {'num_epochs': 4000, 'batch_size': 1024, 'lr': 0.01, 'integration_steps': 100, 'sigma': 0.01, 'dataset': 'magic', 'log_interval': 50, 'seed': 42, 'results_dir': 'results', 'd_layers': 1024, 'n_layers': 4, 'dropout': 0.3, 'dim_t': 256, 'data_path': '../../data/magic', 'task_type': 'binclass', 'arch': [1024, 1024, 1024, 1024], 'num_feat': 10, 'classes': [0], 'd_in': 10}
Epoch [1/4000]: Loss: [5601179.4070]
Epoch [2/4000]: Loss: [102.7905]
Epoch [3/4000]: Loss: [93.9164]
Epoch [4/4000]: Loss: [63.2373]
Epoch [5/4000]: Loss: [33.5221]
Epoch [6/4000]: Loss: [29.9331]
Epoch [7/4000]: Loss: [28.6972]
Epoch [8/4000]: Loss: [27.0689]
Epoch [9/4000]: Loss: [26.3635]
Epoch [10/4000]: Loss: [26.5179]
Epoch [11/4000]: Loss: [26.3286]
Epoch [12/4000]: Loss: [26.3269]
Epoch [13/4000]: Loss: [26.1051]
Epoch [14/4000]: Loss: [26.1777]
Epoch [15/4000]: Loss: [25.6022]
Epoch [16/4000]: Loss: [26.1676]
Epoch [17/4000]: Loss: [26.0915]
Epoch [18/4000]: Loss: [25.4209]
Epoch [19/4000]: Loss: [25.4840]
Epoch [20/4000]: Loss: [25.5138]
Epoch [21/4000]: Loss: [26.0835]
Epoch [22/4000]: Loss: [26.2758]
Epoch [23/4000]: Loss: [25.5367]
Epoch [24/4000]: Loss: [25.9048]
Epoch [25/4000]: Loss: [25.9305]
Epoch [26/4000]: Loss: [25.9629]
Epoch [27/4000]: Loss: [25.6713]
Epoch [28/4000]: Loss: [25.8964]
Epoch [29/4000]: Loss: [25.9983]
Epoch [30/4000]: Loss: [25.6746]
Epoch [31/4000]: Loss: [26.0591]
Epoch [32/4000]: Loss: [26.2822]
Epoch [33/4000]: Loss: [25.8186]
Epoch [34/4000]: Loss: [25.5767]
Epoch [35/4000]: Loss: [26.1124]
Epoch [36/4000]: Loss: [26.2924]
Epoch [37/4000]: Loss: [26.0532]
Epoch [38/4000]: Loss: [26.1578]
Epoch [39/4000]: Loss: [26.1207]
Epoch [40/4000]: Loss: [26.2079]
Epoch [41/4000]: Loss: [26.2100]
Epoch [42/4000]: Loss: [26.1649]
Epoch [43/4000]: Loss: [25.9084]
Epoch [44/4000]: Loss: [25.6860]
Epoch [45/4000]: Loss: [25.9774]
Epoch [46/4000]: Loss: [25.7747]
Epoch [47/4000]: Loss: [25.9975]
Epoch [48/4000]: Loss: [25.9051]
Epoch [49/4000]: Loss: [26.3410]
Epoch [50/4000]: Loss: [25.7386]
Epoch [51/4000]: Loss: [25.3290]
Epoch [52/4000]: Loss: [26.0408]
Epoch [53/4000]: Loss: [25.7493]
Epoch [54/4000]: Loss: [25.7180]
Epoch [55/4000]: Loss: [25.7662]
Epoch [56/4000]: Loss: [26.1984]
Epoch [57/4000]: Loss: [25.9546]
Epoch [58/4000]: Loss: [25.4770]
Epoch [59/4000]: Loss: [25.9429]
Epoch [60/4000]: Loss: [25.9866]
Epoch [61/4000]: Loss: [25.9902]
Epoch [62/4000]: Loss: [25.7325]
Epoch [63/4000]: Loss: [26.0418]
Epoch [64/4000]: Loss: [25.8007]
Epoch [65/4000]: Loss: [25.9414]
Epoch [66/4000]: Loss: [26.0612]
Epoch [67/4000]: Loss: [25.9668]
Epoch [68/4000]: Loss: [25.8116]
Epoch [69/4000]: Loss: [25.6848]
Epoch [70/4000]: Loss: [25.5546]
Epoch [71/4000]: Loss: [25.4878]
Epoch [72/4000]: Loss: [25.7290]
Epoch [73/4000]: Loss: [25.9691]
Epoch [74/4000]: Loss: [25.6056]
Epoch [75/4000]: Loss: [25.6121]
Epoch [76/4000]: Loss: [25.5100]
Epoch [77/4000]: Loss: [26.4250]
Epoch [78/4000]: Loss: [26.2811]
Epoch [79/4000]: Loss: [26.0421]
Epoch [80/4000]: Loss: [25.8481]
Epoch [81/4000]: Loss: [25.8531]
Epoch [82/4000]: Loss: [25.9389]
Epoch [83/4000]: Loss: [25.5121]
Epoch [84/4000]: Loss: [25.8615]
Epoch [85/4000]: Loss: [26.2917]
Epoch [86/4000]: Loss: [26.1596]
Epoch [87/4000]: Loss: [26.0702]
Epoch [88/4000]: Loss: [25.9413]
Epoch [89/4000]: Loss: [25.8989]
Epoch [90/4000]: Loss: [25.6273]
Epoch [91/4000]: Loss: [26.3954]
Epoch [92/4000]: Loss: [26.1028]
Epoch [93/4000]: Loss: [26.0282]
Epoch [94/4000]: Loss: [25.5134]
Epoch [95/4000]: Loss: [25.7127]
Epoch [96/4000]: Loss: [25.9133]
Epoch [97/4000]: Loss: [25.7831]
Epoch [98/4000]: Loss: [25.7573]
Epoch [99/4000]: Loss: [25.6370]
Epoch [100/4000]: Loss: [25.6614]
Epoch [101/4000]: Loss: [25.8263]
Epoch [102/4000]: Loss: [25.4505]
Epoch [103/4000]: Loss: [25.5297]
Epoch [104/4000]: Loss: [25.6040]
Epoch [105/4000]: Loss: [25.9930]
Epoch [106/4000]: Loss: [25.2519]
Epoch [107/4000]: Loss: [25.8350]
Epoch [108/4000]: Loss: [26.0560]
Epoch [109/4000]: Loss: [25.8695]
Epoch [110/4000]: Loss: [25.6973]
Epoch [111/4000]: Loss: [25.2410]
Epoch [112/4000]: Loss: [25.7523]
Epoch [113/4000]: Loss: [25.7048]
Epoch [114/4000]: Loss: [26.0806]
Epoch [115/4000]: Loss: [25.3562]
Epoch [116/4000]: Loss: [26.0278]
Epoch [117/4000]: Loss: [26.1654]
Epoch [118/4000]: Loss: [25.6599]
Epoch [119/4000]: Loss: [26.0645]
Epoch [120/4000]: Loss: [26.2921]
Epoch [121/4000]: Loss: [25.2473]
Epoch [122/4000]: Loss: [25.8877]
Epoch [123/4000]: Loss: [26.1216]
Epoch [124/4000]: Loss: [26.2164]
Epoch [125/4000]: Loss: [25.8927]
Epoch [126/4000]: Loss: [25.5960]
Epoch [127/4000]: Loss: [25.4874]
Epoch [128/4000]: Loss: [26.0440]
Epoch [129/4000]: Loss: [25.7209]
Epoch [130/4000]: Loss: [25.9603]
Epoch [131/4000]: Loss: [25.9201]
Epoch [132/4000]: Loss: [25.7980]
Epoch [133/4000]: Loss: [25.5717]
Epoch [134/4000]: Loss: [25.4149]
Epoch [135/4000]: Loss: [25.6733]
Epoch [136/4000]: Loss: [25.8634]
Epoch [137/4000]: Loss: [25.7940]
Epoch [138/4000]: Loss: [26.1306]
Epoch [139/4000]: Loss: [25.7597]
Epoch [140/4000]: Loss: [26.0142]
Epoch [141/4000]: Loss: [25.5642]
Epoch [142/4000]: Loss: [25.6975]
Epoch [143/4000]: Loss: [25.8494]
Epoch [144/4000]: Loss: [26.0243]
Epoch [145/4000]: Loss: [25.7398]
Epoch [146/4000]: Loss: [26.0712]
Epoch [147/4000]: Loss: [25.9013]
Epoch [148/4000]: Loss: [26.0211]
Epoch [149/4000]: Loss: [25.8284]
Epoch [150/4000]: Loss: [25.8888]
Epoch [151/4000]: Loss: [25.8843]
Epoch [152/4000]: Loss: [25.7429]
Epoch [153/4000]: Loss: [25.4475]
Epoch [154/4000]: Loss: [25.9256]
Epoch [155/4000]: Loss: [26.0669]
Epoch [156/4000]: Loss: [25.8426]
Epoch [157/4000]: Loss: [25.9397]
Epoch [158/4000]: Loss: [25.9788]
Epoch [159/4000]: Loss: [25.8778]
Epoch [160/4000]: Loss: [26.2817]
Epoch [161/4000]: Loss: [26.2789]
Epoch [162/4000]: Loss: [25.5056]
Epoch [163/4000]: Loss: [25.4686]
Epoch [164/4000]: Loss: [25.8339]
Epoch [165/4000]: Loss: [25.9593]
Epoch [166/4000]: Loss: [25.6317]
Epoch [167/4000]: Loss: [25.5867]
Epoch [168/4000]: Loss: [25.7890]
Epoch [169/4000]: Loss: [25.5956]
Epoch [170/4000]: Loss: [25.4892]
Epoch [171/4000]: Loss: [25.9137]
Epoch [172/4000]: Loss: [25.8948]
Epoch [173/4000]: Loss: [26.0536]
Epoch [174/4000]: Loss: [25.8120]
Epoch [175/4000]: Loss: [26.0282]
Epoch [176/4000]: Loss: [26.0187]
Epoch [177/4000]: Loss: [26.0505]
Epoch [178/4000]: Loss: [25.4984]
Epoch [179/4000]: Loss: [25.7908]
Epoch [180/4000]: Loss: [25.9369]
Epoch [181/4000]: Loss: [26.0949]
Epoch [182/4000]: Loss: [25.7989]
Epoch [183/4000]: Loss: [25.7311]
Epoch [184/4000]: Loss: [26.1095]
Epoch [185/4000]: Loss: [25.7350]
Epoch [186/4000]: Loss: [26.0368]
Epoch [187/4000]: Loss: [25.8891]
Epoch [188/4000]: Loss: [25.7889]
Epoch [189/4000]: Loss: [25.7716]
Epoch [190/4000]: Loss: [25.8786]
Epoch [191/4000]: Loss: [25.5827]
Epoch [192/4000]: Loss: [25.5708]
Epoch [193/4000]: Loss: [25.6473]
Epoch [194/4000]: Loss: [26.2659]
Epoch [195/4000]: Loss: [25.6509]
Epoch [196/4000]: Loss: [25.6799]
Epoch [197/4000]: Loss: [25.8130]
Epoch [198/4000]: Loss: [26.3365]
Epoch [199/4000]: Loss: [26.3857]
Epoch [200/4000]: Loss: [26.1645]
Epoch [201/4000]: Loss: [26.0843]
Epoch [202/4000]: Loss: [25.9692]
Epoch [203/4000]: Loss: [25.9970]
Epoch [204/4000]: Loss: [25.8070]
Epoch [205/4000]: Loss: [25.7562]
Epoch [206/4000]: Loss: [25.6854]
Epoch [207/4000]: Loss: [25.9897]
Epoch [208/4000]: Loss: [25.8354]
Epoch [209/4000]: Loss: [25.9009]
Epoch [210/4000]: Loss: [25.4868]
Epoch [211/4000]: Loss: [25.7062]
Epoch [212/4000]: Loss: [25.8023]
Epoch [213/4000]: Loss: [25.6333]
Epoch [214/4000]: Loss: [25.9443]
Epoch [215/4000]: Loss: [26.0438]
Epoch [216/4000]: Loss: [25.9278]
Epoch [217/4000]: Loss: [25.7658]
Epoch [218/4000]: Loss: [25.8899]
Epoch [219/4000]: Loss: [26.0999]
Epoch [220/4000]: Loss: [25.6118]
Epoch [221/4000]: Loss: [25.5631]
Epoch [222/4000]: Loss: [26.0232]
Epoch [223/4000]: Loss: [25.6893]
Epoch [224/4000]: Loss: [25.6809]
Epoch [225/4000]: Loss: [25.4307]
Epoch [226/4000]: Loss: [25.8440]
Epoch [227/4000]: Loss: [26.1087]
Epoch [228/4000]: Loss: [25.4506]
Epoch [229/4000]: Loss: [25.3982]
Epoch [230/4000]: Loss: [25.4135]
Epoch [231/4000]: Loss: [25.8992]
Epoch [232/4000]: Loss: [26.0362]
Epoch [233/4000]: Loss: [25.7825]
Epoch [234/4000]: Loss: [25.8712]
Epoch [235/4000]: Loss: [25.6190]
Epoch [236/4000]: Loss: [25.8557]
Epoch [237/4000]: Loss: [25.3802]
Epoch [238/4000]: Loss: [25.6764]
Epoch [239/4000]: Loss: [25.3598]
Epoch [240/4000]: Loss: [25.3943]
Epoch [241/4000]: Loss: [25.8885]
Epoch [242/4000]: Loss: [25.6480]
Epoch [243/4000]: Loss: [25.4202]
Epoch [244/4000]: Loss: [25.5953]
Epoch [245/4000]: Loss: [25.3635]
Epoch [246/4000]: Loss: [25.5855]
Epoch [247/4000]: Loss: [25.9096]
Epoch [248/4000]: Loss: [25.3368]
Epoch [249/4000]: Loss: [25.8051]
Epoch [250/4000]: Loss: [26.2700]
Epoch [251/4000]: Loss: [25.8422]
Epoch [252/4000]: Loss: [25.3799]
Epoch [253/4000]: Loss: [25.5827]
Epoch [254/4000]: Loss: [25.7788]
Epoch [255/4000]: Loss: [25.9944]
Epoch [256/4000]: Loss: [25.6172]
Epoch [257/4000]: Loss: [25.8146]
Epoch [258/4000]: Loss: [25.3945]
Epoch [259/4000]: Loss: [25.7116]
Epoch [260/4000]: Loss: [26.2626]
Epoch [261/4000]: Loss: [25.9147]
Epoch [262/4000]: Loss: [25.6368]
Epoch [263/4000]: Loss: [25.8484]
Epoch [264/4000]: Loss: [25.6716]
Epoch [265/4000]: Loss: [26.0450]
Epoch [266/4000]: Loss: [25.9480]
Epoch [267/4000]: Loss: [26.1622]
Epoch [268/4000]: Loss: [25.5720]
Epoch [269/4000]: Loss: [25.6669]
Epoch [270/4000]: Loss: [25.5799]
Epoch [271/4000]: Loss: [25.7500]
Epoch [272/4000]: Loss: [26.3558]
Epoch [273/4000]: Loss: [25.8764]
Epoch [274/4000]: Loss: [25.5562]
Epoch [275/4000]: Loss: [25.5105]
Epoch [276/4000]: Loss: [26.0821]
Epoch [277/4000]: Loss: [26.1533]
Epoch [278/4000]: Loss: [25.8170]
Epoch [279/4000]: Loss: [25.6869]
Epoch [280/4000]: Loss: [25.7979]
Epoch [281/4000]: Loss: [25.7500]
Epoch [282/4000]: Loss: [25.9661]
Epoch [283/4000]: Loss: [25.5188]
Epoch [284/4000]: Loss: [26.0052]
Epoch [285/4000]: Loss: [25.8344]
Epoch [286/4000]: Loss: [25.7777]
Epoch [287/4000]: Loss: [25.7109]
Epoch [288/4000]: Loss: [26.1506]
Epoch [289/4000]: Loss: [25.4482]
Epoch [290/4000]: Loss: [25.9572]
Epoch [291/4000]: Loss: [25.7503]
Epoch [292/4000]: Loss: [25.5351]
Epoch [293/4000]: Loss: [26.0685]
Epoch [294/4000]: Loss: [25.9962]
Epoch [295/4000]: Loss: [25.8228]
Epoch [296/4000]: Loss: [25.9954]
Epoch [297/4000]: Loss: [26.1027]
Epoch [298/4000]: Loss: [25.2364]
Epoch [299/4000]: Loss: [25.7223]
Epoch [300/4000]: Loss: [25.7161]
Epoch [301/4000]: Loss: [26.1033]
Epoch [302/4000]: Loss: [25.5183]
Epoch [303/4000]: Loss: [25.8396]
Epoch [304/4000]: Loss: [25.8869]
Epoch [305/4000]: Loss: [25.6955]
Epoch [306/4000]: Loss: [25.4231]
Epoch [307/4000]: Loss: [26.1958]
Epoch [308/4000]: Loss: [25.7245]
Epoch [309/4000]: Loss: [25.7361]
Epoch [310/4000]: Loss: [26.2203]
Epoch [311/4000]: Loss: [25.4429]
Epoch [312/4000]: Loss: [25.9398]
Epoch [313/4000]: Loss: [25.6993]
Epoch [314/4000]: Loss: [25.7546]
Epoch [315/4000]: Loss: [25.7685]
Epoch [316/4000]: Loss: [25.7215]
Epoch [317/4000]: Loss: [25.7199]
Epoch [318/4000]: Loss: [25.7998]
Epoch [319/4000]: Loss: [25.9858]
Epoch [320/4000]: Loss: [26.3954]
Epoch [321/4000]: Loss: [25.6929]
Epoch [322/4000]: Loss: [25.7451]
Epoch [323/4000]: Loss: [25.3857]
Epoch [324/4000]: Loss: [25.9053]
Epoch [325/4000]: Loss: [25.7525]
Epoch [326/4000]: Loss: [25.5685]
Epoch [327/4000]: Loss: [25.2965]
Epoch [328/4000]: Loss: [25.7683]
Epoch [329/4000]: Loss: [26.0046]
Epoch [330/4000]: Loss: [25.7864]
Epoch [331/4000]: Loss: [25.8171]
Epoch [332/4000]: Loss: [25.9320]
Epoch [333/4000]: Loss: [25.9894]
Epoch [334/4000]: Loss: [25.6243]
Epoch [335/4000]: Loss: [25.7337]
Epoch [336/4000]: Loss: [25.7073]
Epoch [337/4000]: Loss: [25.6736]
Epoch [338/4000]: Loss: [25.4042]
Epoch [339/4000]: Loss: [25.8821]
Epoch [340/4000]: Loss: [25.3818]
Epoch [341/4000]: Loss: [26.2447]
Epoch [342/4000]: Loss: [25.6653]
Epoch [343/4000]: Loss: [25.6752]
Epoch [344/4000]: Loss: [25.7351]
Epoch [345/4000]: Loss: [25.5510]
Epoch [346/4000]: Loss: [25.9491]
Epoch [347/4000]: Loss: [25.2907]
Epoch [348/4000]: Loss: [25.8247]
Epoch [349/4000]: Loss: [25.6999]
Epoch [350/4000]: Loss: [25.7067]
Epoch [351/4000]: Loss: [25.7843]
Epoch [352/4000]: Loss: [25.7820]
Epoch [353/4000]: Loss: [25.7300]
Epoch [354/4000]: Loss: [25.9503]
Epoch [355/4000]: Loss: [25.9395]
Epoch [356/4000]: Loss: [25.5258]
Epoch [357/4000]: Loss: [25.8781]
Epoch [358/4000]: Loss: [25.6804]
Epoch [359/4000]: Loss: [25.7000]
Epoch [360/4000]: Loss: [25.5063]
Epoch [361/4000]: Loss: [25.6449]
Epoch [362/4000]: Loss: [25.4608]
Epoch [363/4000]: Loss: [25.6094]
Epoch [364/4000]: Loss: [26.1355]
Epoch [365/4000]: Loss: [25.7383]
Epoch [366/4000]: Loss: [25.9881]
Epoch [367/4000]: Loss: [25.7610]
Epoch [368/4000]: Loss: [25.5195]
Epoch [369/4000]: Loss: [25.7500]
Epoch [370/4000]: Loss: [25.6228]
Epoch [371/4000]: Loss: [26.0310]
Epoch [372/4000]: Loss: [25.8764]
Epoch [373/4000]: Loss: [25.9849]
Epoch [374/4000]: Loss: [25.4691]
Epoch [375/4000]: Loss: [25.6039]
Epoch [376/4000]: Loss: [25.3852]
Epoch [377/4000]: Loss: [25.7212]
Epoch [378/4000]: Loss: [26.0457]
Epoch [379/4000]: Loss: [25.7375]
Epoch [380/4000]: Loss: [25.7146]
Epoch [381/4000]: Loss: [25.7058]
Epoch [382/4000]: Loss: [25.5663]
Epoch [383/4000]: Loss: [25.9708]
Epoch [384/4000]: Loss: [25.5333]
Epoch [385/4000]: Loss: [25.9917]
Epoch [386/4000]: Loss: [26.1905]
Epoch [387/4000]: Loss: [25.4747]
Epoch [388/4000]: Loss: [25.5475]
Epoch [389/4000]: Loss: [25.9579]
Epoch [390/4000]: Loss: [25.4491]
Epoch [391/4000]: Loss: [25.8604]
Epoch [392/4000]: Loss: [25.2383]
Epoch [393/4000]: Loss: [26.0628]
Epoch [394/4000]: Loss: [25.3422]
Epoch [395/4000]: Loss: [25.3850]
Epoch [396/4000]: Loss: [26.1224]
Epoch [397/4000]: Loss: [25.9497]
Epoch [398/4000]: Loss: [25.7757]
Epoch [399/4000]: Loss: [25.4905]
Epoch [400/4000]: Loss: [25.7101]
Epoch [401/4000]: Loss: [25.9239]
Epoch [402/4000]: Loss: [25.7273]
Epoch [403/4000]: Loss: [25.7037]
Epoch [404/4000]: Loss: [25.8902]
Epoch [405/4000]: Loss: [25.9375]
Epoch [406/4000]: Loss: [25.6159]
Epoch [407/4000]: Loss: [25.3169]
Epoch [408/4000]: Loss: [25.8153]
Epoch [409/4000]: Loss: [25.6700]
Epoch [410/4000]: Loss: [26.0844]
Epoch [411/4000]: Loss: [25.7355]
Epoch [412/4000]: Loss: [25.7223]
Epoch [413/4000]: Loss: [25.6535]
Epoch [414/4000]: Loss: [25.4665]
Epoch [415/4000]: Loss: [25.5190]
Epoch [416/4000]: Loss: [25.4067]
Epoch [417/4000]: Loss: [26.0621]
Epoch [418/4000]: Loss: [25.7008]
Epoch [419/4000]: Loss: [25.5809]
Epoch [420/4000]: Loss: [25.8821]
Epoch [421/4000]: Loss: [25.5285]
Epoch [422/4000]: Loss: [25.9876]
Epoch [423/4000]: Loss: [25.5104]
Epoch [424/4000]: Loss: [25.8956]
Epoch [425/4000]: Loss: [25.5426]
Epoch [426/4000]: Loss: [26.0375]
Epoch [427/4000]: Loss: [25.4883]
Epoch [428/4000]: Loss: [25.8279]
Epoch [429/4000]: Loss: [25.7790]
Epoch [430/4000]: Loss: [26.1899]
Epoch [431/4000]: Loss: [25.6409]
Epoch [432/4000]: Loss: [25.4200]
Epoch [433/4000]: Loss: [25.8571]
Epoch [434/4000]: Loss: [25.5405]
Epoch [435/4000]: Loss: [26.4561]
Epoch [436/4000]: Loss: [25.6636]
Epoch [437/4000]: Loss: [25.7050]
Epoch [438/4000]: Loss: [25.2421]
Epoch [439/4000]: Loss: [26.0781]
Epoch [440/4000]: Loss: [26.1334]
Epoch [441/4000]: Loss: [25.5546]
Epoch [442/4000]: Loss: [25.6591]
Epoch [443/4000]: Loss: [26.2083]
Epoch [444/4000]: Loss: [26.0957]
Epoch [445/4000]: Loss: [26.0027]
Epoch [446/4000]: Loss: [25.4082]
Epoch [447/4000]: Loss: [25.5713]
Epoch [448/4000]: Loss: [25.8576]
Epoch [449/4000]: Loss: [25.7093]
Epoch [450/4000]: Loss: [26.2228]
Epoch [451/4000]: Loss: [26.2250]
Epoch [452/4000]: Loss: [25.7265]
Epoch [453/4000]: Loss: [25.7859]
Epoch [454/4000]: Loss: [25.7363]
Epoch [455/4000]: Loss: [26.0487]
Epoch [456/4000]: Loss: [26.0070]
Epoch [457/4000]: Loss: [25.6827]
Epoch [458/4000]: Loss: [25.8350]
Epoch [459/4000]: Loss: [25.4605]
Epoch [460/4000]: Loss: [25.7704]
Epoch [461/4000]: Loss: [25.2872]
Epoch [462/4000]: Loss: [25.7045]
Epoch [463/4000]: Loss: [25.8854]
Epoch [464/4000]: Loss: [25.6407]
Epoch [465/4000]: Loss: [25.6665]
Epoch [466/4000]: Loss: [25.7775]
Epoch [467/4000]: Loss: [25.8466]
Epoch [468/4000]: Loss: [25.8530]
Epoch [469/4000]: Loss: [25.7372]
Epoch [470/4000]: Loss: [25.7238]
Epoch [471/4000]: Loss: [25.6350]
Epoch [472/4000]: Loss: [25.4818]
Epoch [473/4000]: Loss: [25.8244]
Epoch [474/4000]: Loss: [26.1320]
Epoch [475/4000]: Loss: [26.1325]
Epoch [476/4000]: Loss: [25.1150]
Epoch [477/4000]: Loss: [26.2730]
Epoch [478/4000]: Loss: [25.8081]
Epoch [479/4000]: Loss: [26.0539]
Epoch [480/4000]: Loss: [25.4972]
Epoch [481/4000]: Loss: [25.4939]
Epoch [482/4000]: Loss: [25.7676]
Epoch [483/4000]: Loss: [25.8322]
Epoch [484/4000]: Loss: [25.4127]
Epoch [485/4000]: Loss: [25.5874]
Epoch [486/4000]: Loss: [26.0344]
Epoch [487/4000]: Loss: [25.5254]
Epoch [488/4000]: Loss: [25.5701]
Epoch [489/4000]: Loss: [25.6639]
Epoch [490/4000]: Loss: [26.1519]
Epoch [491/4000]: Loss: [25.5444]
Epoch [492/4000]: Loss: [26.0937]
Epoch [493/4000]: Loss: [25.9179]
Epoch [494/4000]: Loss: [26.0432]
Epoch [495/4000]: Loss: [25.3937]
Epoch [496/4000]: Loss: [26.3527]
Epoch [497/4000]: Loss: [25.8467]
Epoch [498/4000]: Loss: [25.4835]
Epoch [499/4000]: Loss: [25.5002]
Epoch [500/4000]: Loss: [26.0133]
Epoch [501/4000]: Loss: [25.6432]
Epoch [502/4000]: Loss: [25.3029]
Epoch [503/4000]: Loss: [25.7446]
Epoch [504/4000]: Loss: [25.5129]
Epoch [505/4000]: Loss: [25.9606]
Epoch [506/4000]: Loss: [25.7812]
Epoch [507/4000]: Loss: [25.7506]
Epoch [508/4000]: Loss: [25.5962]
Epoch [509/4000]: Loss: [25.8633]
Epoch [510/4000]: Loss: [25.5898]
Epoch [511/4000]: Loss: [24.8663]
Epoch [512/4000]: Loss: [25.8962]
Epoch [513/4000]: Loss: [26.1774]
Epoch [514/4000]: Loss: [25.8666]
Epoch [515/4000]: Loss: [25.7463]
Epoch [516/4000]: Loss: [25.4715]
Epoch [517/4000]: Loss: [26.0421]
Epoch [518/4000]: Loss: [25.6442]
Epoch [519/4000]: Loss: [25.6798]
Epoch [520/4000]: Loss: [25.9444]
Epoch [521/4000]: Loss: [25.9602]
Epoch [522/4000]: Loss: [25.6512]
Epoch [523/4000]: Loss: [25.9426]
Epoch [524/4000]: Loss: [26.0371]
Epoch [525/4000]: Loss: [26.0420]
Epoch [526/4000]: Loss: [26.0750]
Epoch [527/4000]: Loss: [25.6343]
Epoch [528/4000]: Loss: [25.7154]
Epoch [529/4000]: Loss: [25.7380]
Epoch [530/4000]: Loss: [25.7207]
Epoch [531/4000]: Loss: [25.7356]
Epoch [532/4000]: Loss: [25.4909]
Epoch [533/4000]: Loss: [25.8462]
Epoch [534/4000]: Loss: [26.0455]
Epoch [535/4000]: Loss: [25.6214]
Epoch [536/4000]: Loss: [25.8405]
Epoch [537/4000]: Loss: [25.6976]
Epoch [538/4000]: Loss: [25.3867]
Epoch [539/4000]: Loss: [25.9538]
Epoch [540/4000]: Loss: [25.7980]
Epoch [541/4000]: Loss: [25.9854]
Epoch [542/4000]: Loss: [25.6246]
Epoch [543/4000]: Loss: [26.0448]
Epoch [544/4000]: Loss: [25.6479]
Epoch [545/4000]: Loss: [25.9447]
Epoch [546/4000]: Loss: [25.4890]
Epoch [547/4000]: Loss: [25.9768]
Epoch [548/4000]: Loss: [25.6361]
Epoch [549/4000]: Loss: [25.5195]
Epoch [550/4000]: Loss: [25.5588]
Epoch [551/4000]: Loss: [25.6634]
Epoch [552/4000]: Loss: [26.2853]
Epoch [553/4000]: Loss: [25.9848]
Epoch [554/4000]: Loss: [26.1423]
Epoch [555/4000]: Loss: [25.6978]
Epoch [556/4000]: Loss: [25.4923]
Epoch [557/4000]: Loss: [25.8981]
Epoch [558/4000]: Loss: [25.7951]
Epoch [559/4000]: Loss: [25.6012]
Epoch [560/4000]: Loss: [25.9487]
Epoch [561/4000]: Loss: [25.6564]
Epoch [562/4000]: Loss: [26.3528]
Epoch [563/4000]: Loss: [25.8989]
Epoch [564/4000]: Loss: [25.8732]
Epoch [565/4000]: Loss: [25.5993]
Epoch [566/4000]: Loss: [25.8014]
Epoch [567/4000]: Loss: [25.7649]
Epoch [568/4000]: Loss: [25.8116]
Epoch [569/4000]: Loss: [25.8273]
Epoch [570/4000]: Loss: [25.6273]
Epoch [571/4000]: Loss: [25.6514]
Epoch [572/4000]: Loss: [25.9490]
Epoch [573/4000]: Loss: [25.3181]
Epoch [574/4000]: Loss: [26.1872]
Epoch [575/4000]: Loss: [25.4625]
Epoch [576/4000]: Loss: [26.1811]
Epoch [577/4000]: Loss: [25.3014]
Epoch [578/4000]: Loss: [25.5096]
Epoch [579/4000]: Loss: [25.9114]
Epoch [580/4000]: Loss: [26.1638]
Epoch [581/4000]: Loss: [25.7216]
Epoch [582/4000]: Loss: [25.7481]
Epoch [583/4000]: Loss: [26.0358]
Epoch [584/4000]: Loss: [25.7988]
Epoch [585/4000]: Loss: [25.6537]
Epoch [586/4000]: Loss: [25.8649]
Epoch [587/4000]: Loss: [25.7609]
Epoch [588/4000]: Loss: [25.7977]
Epoch [589/4000]: Loss: [25.6122]
Epoch [590/4000]: Loss: [25.9065]
Epoch [591/4000]: Loss: [25.7545]
Epoch [592/4000]: Loss: [25.6411]
Epoch [593/4000]: Loss: [25.3259]
Epoch [594/4000]: Loss: [26.0234]
Epoch [595/4000]: Loss: [25.9627]
Epoch [596/4000]: Loss: [25.8125]
Epoch [597/4000]: Loss: [25.2521]
Epoch [598/4000]: Loss: [25.5994]
Epoch [599/4000]: Loss: [25.7462]
Epoch [600/4000]: Loss: [25.7262]
Epoch [601/4000]: Loss: [25.9840]
Epoch [602/4000]: Loss: [25.5873]
Epoch [603/4000]: Loss: [25.7083]
Epoch [604/4000]: Loss: [25.5107]
Epoch [605/4000]: Loss: [26.1327]
Epoch [606/4000]: Loss: [25.9987]
Epoch [607/4000]: Loss: [26.1690]
Epoch [608/4000]: Loss: [25.9044]
Epoch [609/4000]: Loss: [25.7928]
Epoch [610/4000]: Loss: [25.6293]
Epoch [611/4000]: Loss: [25.7721]
Epoch [612/4000]: Loss: [26.1600]
Epoch [613/4000]: Loss: [26.4326]
Epoch [614/4000]: Loss: [25.9930]
Epoch [615/4000]: Loss: [25.9591]
Epoch [616/4000]: Loss: [25.5285]
Epoch [617/4000]: Loss: [26.1006]
Epoch [618/4000]: Loss: [26.0991]
Epoch [619/4000]: Loss: [25.6024]
Epoch [620/4000]: Loss: [25.7467]
Epoch [621/4000]: Loss: [25.8311]
Epoch [622/4000]: Loss: [25.9905]
Epoch [623/4000]: Loss: [25.6032]
Epoch [624/4000]: Loss: [25.9177]
Epoch [625/4000]: Loss: [25.8196]
Epoch [626/4000]: Loss: [25.9950]
Epoch [627/4000]: Loss: [25.9564]
Epoch [628/4000]: Loss: [25.4979]
Epoch [629/4000]: Loss: [25.7832]
Epoch [630/4000]: Loss: [25.2016]
Epoch [631/4000]: Loss: [25.4611]
Epoch [632/4000]: Loss: [25.8221]
Epoch [633/4000]: Loss: [25.6075]
Epoch [634/4000]: Loss: [25.9100]
Epoch [635/4000]: Loss: [26.0561]
Epoch [636/4000]: Loss: [26.0901]
Epoch [637/4000]: Loss: [25.4182]
Epoch [638/4000]: Loss: [25.9613]
Epoch [639/4000]: Loss: [25.5410]
Epoch [640/4000]: Loss: [25.9131]
Epoch [641/4000]: Loss: [25.7711]
Epoch [642/4000]: Loss: [25.7359]
Epoch [643/4000]: Loss: [26.0661]
Epoch [644/4000]: Loss: [25.6261]
Epoch [645/4000]: Loss: [25.9212]
Epoch [646/4000]: Loss: [26.0102]
Epoch [647/4000]: Loss: [25.7322]
Epoch [648/4000]: Loss: [25.7810]
Epoch [649/4000]: Loss: [25.8786]
Epoch [650/4000]: Loss: [25.5842]
Epoch [651/4000]: Loss: [25.9994]
Epoch [652/4000]: Loss: [25.6364]
Epoch [653/4000]: Loss: [25.7178]
Epoch [654/4000]: Loss: [25.7666]
Epoch [655/4000]: Loss: [25.9508]
Epoch [656/4000]: Loss: [25.7585]
Epoch [657/4000]: Loss: [25.6805]
Epoch [658/4000]: Loss: [25.9581]
Epoch [659/4000]: Loss: [25.5598]
Epoch [660/4000]: Loss: [25.5837]
Epoch [661/4000]: Loss: [25.5923]
Epoch [662/4000]: Loss: [25.5181]
Epoch [663/4000]: Loss: [25.9625]
Epoch [664/4000]: Loss: [25.2789]
Epoch [665/4000]: Loss: [25.6557]
Epoch [666/4000]: Loss: [25.7951]
Epoch [667/4000]: Loss: [25.9196]
Epoch [668/4000]: Loss: [26.1652]
Epoch [669/4000]: Loss: [25.6754]
Epoch [670/4000]: Loss: [25.6967]
Epoch [671/4000]: Loss: [25.8395]
Epoch [672/4000]: Loss: [25.8907]
Epoch [673/4000]: Loss: [25.6602]
Epoch [674/4000]: Loss: [25.5210]
Epoch [675/4000]: Loss: [25.8421]
Epoch [676/4000]: Loss: [25.4434]
Epoch [677/4000]: Loss: [25.8648]
Epoch [678/4000]: Loss: [25.6297]
Epoch [679/4000]: Loss: [25.8866]
Epoch [680/4000]: Loss: [25.6832]
Epoch [681/4000]: Loss: [25.5788]
Epoch [682/4000]: Loss: [25.5210]
Epoch [683/4000]: Loss: [25.1833]
Epoch [684/4000]: Loss: [25.7930]
Epoch [685/4000]: Loss: [26.0809]
Epoch [686/4000]: Loss: [25.6718]
Epoch [687/4000]: Loss: [25.7794]
Epoch [688/4000]: Loss: [25.4259]
Epoch [689/4000]: Loss: [25.3245]
Epoch [690/4000]: Loss: [25.4369]
Epoch [691/4000]: Loss: [25.4029]
Epoch [692/4000]: Loss: [25.6000]
Epoch [693/4000]: Loss: [25.6078]
Epoch [694/4000]: Loss: [25.6958]
Epoch [695/4000]: Loss: [25.8390]
Epoch [696/4000]: Loss: [25.6189]
Epoch [697/4000]: Loss: [25.8523]
Epoch [698/4000]: Loss: [25.7627]
Epoch [699/4000]: Loss: [26.0898]
Epoch [700/4000]: Loss: [25.1704]
Epoch [701/4000]: Loss: [25.6188]
Epoch [702/4000]: Loss: [25.3120]
Epoch [703/4000]: Loss: [26.2428]
Epoch [704/4000]: Loss: [26.3214]
Epoch [705/4000]: Loss: [25.6670]
Epoch [706/4000]: Loss: [25.5755]
Epoch [707/4000]: Loss: [25.5969]
Epoch [708/4000]: Loss: [25.9704]
Epoch [709/4000]: Loss: [25.4004]
Epoch [710/4000]: Loss: [25.7936]
Epoch [711/4000]: Loss: [25.4728]
Epoch [712/4000]: Loss: [25.1896]
Epoch [713/4000]: Loss: [25.7328]
Epoch [714/4000]: Loss: [25.4479]
Epoch [715/4000]: Loss: [25.8202]
Epoch [716/4000]: Loss: [25.6577]
Epoch [717/4000]: Loss: [25.7902]
Epoch [718/4000]: Loss: [25.7987]
Epoch [719/4000]: Loss: [26.1069]
Epoch [720/4000]: Loss: [26.2341]
Epoch [721/4000]: Loss: [25.9973]
Epoch [722/4000]: Loss: [25.8267]
Epoch [723/4000]: Loss: [25.9034]
Epoch [724/4000]: Loss: [25.9142]
Epoch [725/4000]: Loss: [25.6392]
Epoch [726/4000]: Loss: [25.9262]
Epoch [727/4000]: Loss: [25.5502]
Epoch [728/4000]: Loss: [25.7237]
Epoch [729/4000]: Loss: [25.0152]
Epoch [730/4000]: Loss: [25.1000]
Epoch [731/4000]: Loss: [25.6433]
Epoch [732/4000]: Loss: [26.0210]
Epoch [733/4000]: Loss: [25.6178]
Epoch [734/4000]: Loss: [25.6293]
Epoch [735/4000]: Loss: [26.2135]
Epoch [736/4000]: Loss: [25.4590]
Epoch [737/4000]: Loss: [25.8844]
Epoch [738/4000]: Loss: [25.9863]
Epoch [739/4000]: Loss: [25.7469]
Epoch [740/4000]: Loss: [25.8706]
Epoch [741/4000]: Loss: [25.5041]
Epoch [742/4000]: Loss: [25.9390]
Epoch [743/4000]: Loss: [25.6264]
Epoch [744/4000]: Loss: [25.5569]
Epoch [745/4000]: Loss: [25.7542]
Epoch [746/4000]: Loss: [25.9156]
Epoch [747/4000]: Loss: [25.7016]
Epoch [748/4000]: Loss: [26.0338]
Epoch [749/4000]: Loss: [25.6183]
Epoch [750/4000]: Loss: [25.4054]
Epoch [751/4000]: Loss: [25.6129]
Epoch [752/4000]: Loss: [26.0151]
Epoch [753/4000]: Loss: [25.6725]
Epoch [754/4000]: Loss: [25.5085]
Epoch [755/4000]: Loss: [25.8544]
Epoch [756/4000]: Loss: [25.8899]
Epoch [757/4000]: Loss: [25.6720]
Epoch [758/4000]: Loss: [25.8573]
Epoch [759/4000]: Loss: [25.2670]
Epoch [760/4000]: Loss: [25.5469]
Epoch [761/4000]: Loss: [25.8880]
Epoch [762/4000]: Loss: [25.5498]
Epoch [763/4000]: Loss: [25.9014]
Epoch [764/4000]: Loss: [25.5508]
Epoch [765/4000]: Loss: [25.3797]
Epoch [766/4000]: Loss: [26.1198]
Epoch [767/4000]: Loss: [25.1977]
Epoch [768/4000]: Loss: [25.5821]
Epoch [769/4000]: Loss: [25.7935]
Epoch [770/4000]: Loss: [25.1372]
Epoch [771/4000]: Loss: [25.7278]
Epoch [772/4000]: Loss: [25.5535]
Epoch [773/4000]: Loss: [25.6242]
Epoch [774/4000]: Loss: [25.6369]
Epoch [775/4000]: Loss: [25.9215]
Epoch [776/4000]: Loss: [26.2515]
Epoch [777/4000]: Loss: [25.2934]
Epoch [778/4000]: Loss: [25.8539]
Epoch [779/4000]: Loss: [26.0975]
Epoch [780/4000]: Loss: [25.7938]
Epoch [781/4000]: Loss: [25.9276]
Epoch [782/4000]: Loss: [25.9557]
Epoch [783/4000]: Loss: [25.8671]
Epoch [784/4000]: Loss: [25.2537]
Epoch [785/4000]: Loss: [25.4083]
Epoch [786/4000]: Loss: [25.4708]
Epoch [787/4000]: Loss: [25.7652]
Epoch [788/4000]: Loss: [25.7881]
Epoch [789/4000]: Loss: [25.7624]
Epoch [790/4000]: Loss: [26.0688]
Epoch [791/4000]: Loss: [25.6928]
Epoch [792/4000]: Loss: [25.5076]
Epoch [793/4000]: Loss: [25.8626]
Epoch [794/4000]: Loss: [25.5406]
Epoch [795/4000]: Loss: [25.1075]
Epoch [796/4000]: Loss: [25.5227]
Epoch [797/4000]: Loss: [26.1755]
Epoch [798/4000]: Loss: [25.9582]
Epoch [799/4000]: Loss: [25.6779]
Epoch [800/4000]: Loss: [25.4304]
Epoch [801/4000]: Loss: [25.4033]
Epoch [802/4000]: Loss: [26.1053]
Epoch [803/4000]: Loss: [25.3761]
Epoch [804/4000]: Loss: [25.7771]
Epoch [805/4000]: Loss: [26.0074]
Epoch [806/4000]: Loss: [25.2893]
Epoch [807/4000]: Loss: [25.6941]
Epoch [808/4000]: Loss: [25.9612]
Epoch [809/4000]: Loss: [25.6161]
Epoch [810/4000]: Loss: [25.6334]
Epoch [811/4000]: Loss: [25.4772]
Epoch [812/4000]: Loss: [25.7578]
Epoch [813/4000]: Loss: [25.6158]
Epoch [814/4000]: Loss: [25.9474]
Epoch [815/4000]: Loss: [25.5321]
Epoch [816/4000]: Loss: [25.5057]
Epoch [817/4000]: Loss: [25.7683]
Epoch [818/4000]: Loss: [25.5941]
Epoch [819/4000]: Loss: [25.0885]
Epoch [820/4000]: Loss: [25.8527]
Epoch [821/4000]: Loss: [25.8139]
Epoch [822/4000]: Loss: [25.9013]
Epoch [823/4000]: Loss: [25.5735]
Epoch [824/4000]: Loss: [25.8003]
Epoch [825/4000]: Loss: [25.7932]
Epoch [826/4000]: Loss: [25.9859]
Epoch [827/4000]: Loss: [25.7379]
Epoch [828/4000]: Loss: [25.1701]
Epoch [829/4000]: Loss: [25.8801]
Epoch [830/4000]: Loss: [25.9083]
Epoch [831/4000]: Loss: [25.0981]
Epoch [832/4000]: Loss: [25.5430]
Epoch [833/4000]: Loss: [25.6580]
Epoch [834/4000]: Loss: [25.5296]
Epoch [835/4000]: Loss: [25.4167]
Epoch [836/4000]: Loss: [25.9145]
Epoch [837/4000]: Loss: [25.3779]
Epoch [838/4000]: Loss: [25.8433]
Epoch [839/4000]: Loss: [25.9235]
Epoch [840/4000]: Loss: [25.4838]
Epoch [841/4000]: Loss: [25.2990]
Epoch [842/4000]: Loss: [25.4223]
Epoch [843/4000]: Loss: [26.1497]
Epoch [844/4000]: Loss: [25.7566]
Epoch [845/4000]: Loss: [25.5439]
Epoch [846/4000]: Loss: [25.7800]
Epoch [847/4000]: Loss: [25.7990]
Epoch [848/4000]: Loss: [25.5080]
Epoch [849/4000]: Loss: [25.9491]
Epoch [850/4000]: Loss: [25.7748]
Epoch [851/4000]: Loss: [25.5592]
Epoch [852/4000]: Loss: [25.7389]
Epoch [853/4000]: Loss: [25.7413]
Epoch [854/4000]: Loss: [25.3087]
Epoch [855/4000]: Loss: [26.0560]
Epoch [856/4000]: Loss: [25.9150]
Epoch [857/4000]: Loss: [25.6010]
Epoch [858/4000]: Loss: [25.6200]
Epoch [859/4000]: Loss: [25.7009]
Epoch [860/4000]: Loss: [25.9307]
Epoch [861/4000]: Loss: [25.8562]
Epoch [862/4000]: Loss: [25.9931]
Epoch [863/4000]: Loss: [25.9020]
Epoch [864/4000]: Loss: [25.5117]
Epoch [865/4000]: Loss: [26.0550]
Epoch [866/4000]: Loss: [25.5330]
Epoch [867/4000]: Loss: [25.8533]
Epoch [868/4000]: Loss: [25.7202]
Epoch [869/4000]: Loss: [26.0580]
Epoch [870/4000]: Loss: [25.6081]
Epoch [871/4000]: Loss: [25.6632]
Epoch [872/4000]: Loss: [25.7966]
Epoch [873/4000]: Loss: [25.5291]
Epoch [874/4000]: Loss: [25.5970]
Epoch [875/4000]: Loss: [25.5528]
Epoch [876/4000]: Loss: [25.7647]
Epoch [877/4000]: Loss: [25.9524]
Epoch [878/4000]: Loss: [25.5854]
Epoch [879/4000]: Loss: [25.5554]
Epoch [880/4000]: Loss: [25.6241]
Epoch [881/4000]: Loss: [25.5210]
Epoch [882/4000]: Loss: [25.6434]
Epoch [883/4000]: Loss: [25.8989]
Epoch [884/4000]: Loss: [25.7868]
Epoch [885/4000]: Loss: [25.7826]
Epoch [886/4000]: Loss: [25.5787]
Epoch [887/4000]: Loss: [25.2468]
Epoch [888/4000]: Loss: [25.7011]
Epoch [889/4000]: Loss: [25.8302]
Epoch [890/4000]: Loss: [25.7517]
Epoch [891/4000]: Loss: [25.7771]
Epoch [892/4000]: Loss: [26.2272]
Epoch [893/4000]: Loss: [25.8436]
Epoch [894/4000]: Loss: [25.6088]
Epoch [895/4000]: Loss: [25.1024]
Epoch [896/4000]: Loss: [26.0079]
Epoch [897/4000]: Loss: [25.6285]
Epoch [898/4000]: Loss: [26.1187]
Epoch [899/4000]: Loss: [25.3277]
Epoch [900/4000]: Loss: [26.1088]
Epoch [901/4000]: Loss: [25.6071]
Epoch [902/4000]: Loss: [25.3710]
Epoch [903/4000]: Loss: [25.5220]
Epoch [904/4000]: Loss: [25.5035]
Epoch [905/4000]: Loss: [25.6260]
Epoch [906/4000]: Loss: [25.0765]
Epoch [907/4000]: Loss: [25.8084]
Epoch [908/4000]: Loss: [25.5921]
Epoch [909/4000]: Loss: [25.5918]
Epoch [910/4000]: Loss: [25.8712]
Epoch [911/4000]: Loss: [25.9629]
Epoch [912/4000]: Loss: [25.5404]
Epoch [913/4000]: Loss: [25.6973]
Epoch [914/4000]: Loss: [25.6049]
Epoch [915/4000]: Loss: [26.3831]
Epoch [916/4000]: Loss: [25.5833]
Epoch [917/4000]: Loss: [26.0468]
Epoch [918/4000]: Loss: [25.5289]
Epoch [919/4000]: Loss: [25.4843]
Epoch [920/4000]: Loss: [25.6562]
Epoch [921/4000]: Loss: [25.5198]
Epoch [922/4000]: Loss: [25.3389]
Epoch [923/4000]: Loss: [26.0578]
Epoch [924/4000]: Loss: [25.9617]
Epoch [925/4000]: Loss: [25.6222]
Epoch [926/4000]: Loss: [25.5545]
Epoch [927/4000]: Loss: [25.8522]
Epoch [928/4000]: Loss: [26.2293]
Epoch [929/4000]: Loss: [25.8375]
Epoch [930/4000]: Loss: [25.6912]
Epoch [931/4000]: Loss: [25.4666]
Epoch [932/4000]: Loss: [25.6640]
Epoch [933/4000]: Loss: [25.4909]
Epoch [934/4000]: Loss: [25.4945]
Epoch [935/4000]: Loss: [25.6368]
Epoch [936/4000]: Loss: [25.2654]
Epoch [937/4000]: Loss: [25.3726]
Epoch [938/4000]: Loss: [25.6844]
Epoch [939/4000]: Loss: [25.6861]
Epoch [940/4000]: Loss: [25.5725]
Epoch [941/4000]: Loss: [25.7079]
Epoch [942/4000]: Loss: [26.2819]
Epoch [943/4000]: Loss: [25.5519]
Epoch [944/4000]: Loss: [25.5987]
Epoch [945/4000]: Loss: [26.0963]
Epoch [946/4000]: Loss: [25.6903]
Epoch [947/4000]: Loss: [24.9602]
Epoch [948/4000]: Loss: [25.5136]
Epoch [949/4000]: Loss: [25.8997]
Epoch [950/4000]: Loss: [25.9062]
Epoch [951/4000]: Loss: [25.8062]
Epoch [952/4000]: Loss: [25.5199]
Epoch [953/4000]: Loss: [25.6959]
Epoch [954/4000]: Loss: [25.5909]
Epoch [955/4000]: Loss: [25.4449]
Epoch [956/4000]: Loss: [25.4005]
Epoch [957/4000]: Loss: [25.3102]
Epoch [958/4000]: Loss: [25.2088]
Epoch [959/4000]: Loss: [25.1259]
Epoch [960/4000]: Loss: [25.8073]
Epoch [961/4000]: Loss: [25.7213]
Epoch [962/4000]: Loss: [25.5825]
Epoch [963/4000]: Loss: [25.5847]
Epoch [964/4000]: Loss: [25.7245]
Epoch [965/4000]: Loss: [25.5018]
Epoch [966/4000]: Loss: [25.9034]
Epoch [967/4000]: Loss: [25.5398]
Epoch [968/4000]: Loss: [25.4555]
Epoch [969/4000]: Loss: [25.5331]
Epoch [970/4000]: Loss: [25.2113]
Epoch [971/4000]: Loss: [25.8094]
Epoch [972/4000]: Loss: [25.5788]
Epoch [973/4000]: Loss: [25.3440]
Epoch [974/4000]: Loss: [25.4279]
Epoch [975/4000]: Loss: [25.5607]
Epoch [976/4000]: Loss: [25.6661]
Epoch [977/4000]: Loss: [25.3143]
Epoch [978/4000]: Loss: [25.8904]
Epoch [979/4000]: Loss: [25.6657]
Epoch [980/4000]: Loss: [25.5574]
Epoch [981/4000]: Loss: [25.5765]
Epoch [982/4000]: Loss: [25.3396]
Epoch [983/4000]: Loss: [25.4541]
Epoch [984/4000]: Loss: [25.7531]
Epoch [985/4000]: Loss: [25.2448]
Epoch [986/4000]: Loss: [25.5753]
Epoch [987/4000]: Loss: [25.6038]
Epoch [988/4000]: Loss: [25.6643]
Epoch [989/4000]: Loss: [25.2181]
Epoch [990/4000]: Loss: [25.8922]
Epoch [991/4000]: Loss: [25.5571]
Epoch [992/4000]: Loss: [25.2980]
Epoch [993/4000]: Loss: [26.0008]
Epoch [994/4000]: Loss: [25.3872]
Epoch [995/4000]: Loss: [25.5892]
Epoch [996/4000]: Loss: [25.4163]
Epoch [997/4000]: Loss: [25.1115]
Epoch [998/4000]: Loss: [26.1136]
Epoch [999/4000]: Loss: [25.8271]
Epoch [1000/4000]: Loss: [25.4530]
Epoch [1001/4000]: Loss: [25.6374]
Epoch [1002/4000]: Loss: [25.9025]
Epoch [1003/4000]: Loss: [25.4150]
Epoch [1004/4000]: Loss: [25.8350]
Epoch [1005/4000]: Loss: [25.4970]
Epoch [1006/4000]: Loss: [25.5861]
Epoch [1007/4000]: Loss: [25.4707]
Epoch [1008/4000]: Loss: [26.1059]
Epoch [1009/4000]: Loss: [25.2128]
Epoch [1010/4000]: Loss: [26.1285]
Epoch [1011/4000]: Loss: [25.6932]
Epoch [1012/4000]: Loss: [25.7203]
Epoch [1013/4000]: Loss: [25.6094]
Epoch [1014/4000]: Loss: [25.9606]
Epoch [1015/4000]: Loss: [25.5936]
Epoch [1016/4000]: Loss: [25.6580]
Epoch [1017/4000]: Loss: [26.1033]
Epoch [1018/4000]: Loss: [25.9966]
Epoch [1019/4000]: Loss: [26.0685]
Epoch [1020/4000]: Loss: [25.5943]
Epoch [1021/4000]: Loss: [25.3359]
Epoch [1022/4000]: Loss: [25.6852]
Epoch [1023/4000]: Loss: [25.3718]
Epoch [1024/4000]: Loss: [25.7530]
Epoch [1025/4000]: Loss: [25.9064]
Epoch [1026/4000]: Loss: [25.9012]
Epoch [1027/4000]: Loss: [25.5039]
Epoch [1028/4000]: Loss: [25.3025]
Epoch [1029/4000]: Loss: [25.7748]
Epoch [1030/4000]: Loss: [25.4314]
Epoch [1031/4000]: Loss: [25.3820]
Epoch [1032/4000]: Loss: [25.5786]
Epoch [1033/4000]: Loss: [26.0478]
Epoch [1034/4000]: Loss: [25.7536]
Epoch [1035/4000]: Loss: [25.3964]
Epoch [1036/4000]: Loss: [25.6174]
Epoch [1037/4000]: Loss: [25.4835]
Epoch [1038/4000]: Loss: [25.5213]
Epoch [1039/4000]: Loss: [25.4388]
Epoch [1040/4000]: Loss: [25.6093]
Epoch [1041/4000]: Loss: [25.3334]
Epoch [1042/4000]: Loss: [25.5161]
Epoch [1043/4000]: Loss: [25.6466]
Epoch [1044/4000]: Loss: [25.7110]
Epoch [1045/4000]: Loss: [25.3667]
Epoch [1046/4000]: Loss: [25.2359]
Epoch [1047/4000]: Loss: [25.6396]
Epoch [1048/4000]: Loss: [25.4494]
Epoch [1049/4000]: Loss: [25.5253]
Epoch [1050/4000]: Loss: [25.8332]
Epoch [1051/4000]: Loss: [25.6575]
Epoch [1052/4000]: Loss: [25.8374]
Epoch [1053/4000]: Loss: [25.7278]
Epoch [1054/4000]: Loss: [25.6340]
Epoch [1055/4000]: Loss: [26.0343]
Epoch [1056/4000]: Loss: [25.6001]
Epoch [1057/4000]: Loss: [25.5825]
Epoch [1058/4000]: Loss: [25.7040]
Epoch [1059/4000]: Loss: [25.3560]
Epoch [1060/4000]: Loss: [25.2662]
Epoch [1061/4000]: Loss: [25.2811]
Epoch [1062/4000]: Loss: [25.4424]
Epoch [1063/4000]: Loss: [25.1166]
Epoch [1064/4000]: Loss: [25.5650]
Epoch [1065/4000]: Loss: [26.1452]
Epoch [1066/4000]: Loss: [25.7655]
Epoch [1067/4000]: Loss: [25.4974]
Epoch [1068/4000]: Loss: [26.0515]
Epoch [1069/4000]: Loss: [25.6482]
Epoch [1070/4000]: Loss: [25.7954]
Epoch [1071/4000]: Loss: [25.5408]
Epoch [1072/4000]: Loss: [25.4087]
Epoch [1073/4000]: Loss: [25.2519]
Epoch [1074/4000]: Loss: [25.9711]
Epoch [1075/4000]: Loss: [25.6348]
Epoch [1076/4000]: Loss: [25.5061]
Epoch [1077/4000]: Loss: [25.7701]
Epoch [1078/4000]: Loss: [25.5770]
Epoch [1079/4000]: Loss: [25.7594]
Epoch [1080/4000]: Loss: [25.7855]
Epoch [1081/4000]: Loss: [25.9437]
Epoch [1082/4000]: Loss: [25.1906]
Epoch [1083/4000]: Loss: [25.8888]
Epoch [1084/4000]: Loss: [26.0152]
Epoch [1085/4000]: Loss: [25.6071]
Epoch [1086/4000]: Loss: [25.6830]
Epoch [1087/4000]: Loss: [25.4864]
Epoch [1088/4000]: Loss: [25.0651]
Epoch [1089/4000]: Loss: [25.0608]
Epoch [1090/4000]: Loss: [25.6896]
Epoch [1091/4000]: Loss: [25.5518]
Epoch [1092/4000]: Loss: [25.9485]
Epoch [1093/4000]: Loss: [25.2136]
slurmstepd: error: *** JOB 14637641 ON gpu178 CANCELLED AT 2025-01-27T01:34:54 DUE TO TIME LIMIT ***
