[DEBUG] Host name:  gpu140.cluster.local
wandb: Starting wandb agent 🕵️
2025-01-27 00:27:11,113 - wandb.wandb_agent - INFO - Running runs: []
2025-01-27 00:27:11,308 - wandb.wandb_agent - INFO - Agent received command: run
2025-01-27 00:27:11,308 - wandb.wandb_agent - INFO - Agent starting run with config:
	batch_size: 4096
	d_layers: 1024
	data_path: ../../data/adult
	dataset: adult
	dim_t: 128
	dropout: 0.3
	log_interval: 50
	lr: 0.01
	n_layers: 4
	num_epochs: 4000
	seed: 42
	task_type: binclass
2025-01-27 00:27:11,322 - wandb.wandb_agent - INFO - About to run command: /usr/bin/env python ../../main.py --batch_size=4096 --d_layers=1024 --data_path=../../data/adult --dataset=adult --dim_t=128 --dropout=0.3 --log_interval=50 --lr=0.01 --n_layers=4 --num_epochs=4000 --seed=42 --task_type=binclass
2025-01-27 00:27:16,353 - wandb.wandb_agent - INFO - Running runs: ['sb9lra3v']
/h/aguzmanc/miniforge3/envs/eval/lib/python3.11/site-packages/xgboost/core.py:265: FutureWarning: Your system has an old version of glibc (< 2.28). We will stop supporting Linux distros with glibc older than 2.28 after **May 31, 2025**. Please upgrade to a recent Linux distro (with glibc 2.28+) to use future versions of XGBoost.
Note: You have installed the 'manylinux2014' variant of XGBoost. Certain features such as GPU algorithms or federated learning are not available. To use these features, please upgrade to a recent Linux distro with glibc 2.28+, and install the 'manylinux_2_28' variant.
  warnings.warn(
wandb: Currently logged in as: andresguzco. Use `wandb login --relogin` to force relogin
wandb: wandb version 0.19.4 is available!  To upgrade, please run:
wandb:  $ pip install wandb --upgrade
wandb: Tracking run with wandb version 0.16.6
wandb: Run data is saved locally in /fs01/home/aguzmanc/xvfm/src/sweeps/wandb/run-20250127_002743-sb9lra3v
wandb: Run `wandb offline` to turn off syncing.
wandb: Syncing run blooming-sweep-4
wandb: ⭐️ View project at https://wandb.ai/andresguzco/XVFM
wandb: 🧹 View sweep at https://wandb.ai/andresguzco/XVFM/sweeps/8n9o8ux4
wandb: 🚀 View run at https://wandb.ai/andresguzco/XVFM/runs/sb9lra3v
Number of parameters: 3419113
Training parameters: {'num_epochs': 4000, 'batch_size': 4096, 'lr': 0.01, 'integration_steps': 100, 'sigma': 0.01, 'dataset': 'adult', 'log_interval': 50, 'seed': 42, 'results_dir': 'results', 'd_layers': 1024, 'n_layers': 4, 'dropout': 0.3, 'dim_t': 128, 'data_path': '../../data/adult', 'task_type': 'binclass', 'arch': [1024, 1024, 1024, 1024], 'num_feat': 6, 'classes': [7, 16, 7, 14, 6, 5, 2, 41], 'd_in': 104}
Epoch [1/4000]: Loss: [1733534.1012]
Epoch [2/4000]: Loss: [105.3796]
Epoch [3/4000]: Loss: [102.1504]
Epoch [4/4000]: Loss: [102.0396]
Epoch [5/4000]: Loss: [93.6004]
Epoch [6/4000]: Loss: [78.7106]
Epoch [7/4000]: Loss: [58.4175]
Epoch [8/4000]: Loss: [40.0912]
Epoch [9/4000]: Loss: [42.1545]
Epoch [10/4000]: Loss: [38.9307]
Epoch [11/4000]: Loss: [38.0659]
Epoch [12/4000]: Loss: [37.5665]
Epoch [13/4000]: Loss: [36.5126]
Epoch [14/4000]: Loss: [35.4115]
Epoch [15/4000]: Loss: [34.6084]
Epoch [16/4000]: Loss: [34.1184]
Epoch [17/4000]: Loss: [34.8514]
Epoch [18/4000]: Loss: [33.0204]
Epoch [19/4000]: Loss: [33.7333]
Epoch [20/4000]: Loss: [33.2777]
Epoch [21/4000]: Loss: [33.0095]
Epoch [22/4000]: Loss: [33.0744]
Epoch [23/4000]: Loss: [32.3292]
Epoch [24/4000]: Loss: [32.8611]
Epoch [25/4000]: Loss: [32.7268]
Epoch [26/4000]: Loss: [32.2673]
Epoch [27/4000]: Loss: [32.5705]
Epoch [28/4000]: Loss: [31.6433]
Epoch [29/4000]: Loss: [32.4051]
Epoch [30/4000]: Loss: [32.3073]
Epoch [31/4000]: Loss: [32.2409]
Epoch [32/4000]: Loss: [32.5260]
Epoch [33/4000]: Loss: [32.7324]
Epoch [34/4000]: Loss: [32.0159]
Epoch [35/4000]: Loss: [32.1416]
Epoch [36/4000]: Loss: [31.9024]
Epoch [37/4000]: Loss: [31.8057]
Epoch [38/4000]: Loss: [33.0595]
Epoch [39/4000]: Loss: [32.2535]
Epoch [40/4000]: Loss: [32.4327]
Epoch [41/4000]: Loss: [31.6487]
Epoch [42/4000]: Loss: [31.5637]
Epoch [43/4000]: Loss: [31.4850]
Epoch [44/4000]: Loss: [32.6791]
Epoch [45/4000]: Loss: [32.1793]
Epoch [46/4000]: Loss: [32.3778]
Epoch [47/4000]: Loss: [32.3059]
Epoch [48/4000]: Loss: [32.1144]
Epoch [49/4000]: Loss: [32.0868]
Epoch [50/4000]: Loss: [32.4547]
Epoch [51/4000]: Loss: [32.0416]
Epoch [52/4000]: Loss: [31.7926]
Epoch [53/4000]: Loss: [32.1423]
Epoch [54/4000]: Loss: [32.4855]
Epoch [55/4000]: Loss: [32.3818]
Epoch [56/4000]: Loss: [32.5627]
Epoch [57/4000]: Loss: [31.8824]
Epoch [58/4000]: Loss: [32.3048]
Epoch [59/4000]: Loss: [31.6569]
Epoch [60/4000]: Loss: [32.0842]
Epoch [61/4000]: Loss: [32.4219]
Epoch [62/4000]: Loss: [31.3905]
Epoch [63/4000]: Loss: [32.4125]
Epoch [64/4000]: Loss: [32.9312]
Epoch [65/4000]: Loss: [32.1630]
Epoch [66/4000]: Loss: [32.0402]
Epoch [67/4000]: Loss: [31.9076]
Epoch [68/4000]: Loss: [32.4923]
Epoch [69/4000]: Loss: [31.8376]
Epoch [70/4000]: Loss: [32.2408]
Epoch [71/4000]: Loss: [31.4933]
Epoch [72/4000]: Loss: [31.9104]
Epoch [73/4000]: Loss: [32.4714]
Epoch [74/4000]: Loss: [32.3583]
Epoch [75/4000]: Loss: [32.4822]
Epoch [76/4000]: Loss: [31.5837]
Epoch [77/4000]: Loss: [32.4536]
Epoch [78/4000]: Loss: [32.6647]
Epoch [79/4000]: Loss: [31.4576]
Epoch [80/4000]: Loss: [32.5262]
Epoch [81/4000]: Loss: [32.8085]
Epoch [82/4000]: Loss: [32.8171]
Epoch [83/4000]: Loss: [31.9736]
Epoch [84/4000]: Loss: [32.5416]
Epoch [85/4000]: Loss: [32.6182]
Epoch [86/4000]: Loss: [32.0101]
Epoch [87/4000]: Loss: [32.2626]
Epoch [88/4000]: Loss: [32.5113]
Epoch [89/4000]: Loss: [32.7583]
Epoch [90/4000]: Loss: [31.7966]
Epoch [91/4000]: Loss: [31.8460]
Epoch [92/4000]: Loss: [32.1854]
Epoch [93/4000]: Loss: [32.1510]
Epoch [94/4000]: Loss: [32.0402]
Epoch [95/4000]: Loss: [32.0105]
Epoch [96/4000]: Loss: [32.1250]
Epoch [97/4000]: Loss: [31.3546]
Epoch [98/4000]: Loss: [31.7825]
Epoch [99/4000]: Loss: [31.9192]
Epoch [100/4000]: Loss: [31.5281]
Epoch [101/4000]: Loss: [31.4930]
Epoch [102/4000]: Loss: [32.6027]
Epoch [103/4000]: Loss: [31.5033]
Epoch [104/4000]: Loss: [32.4169]
Epoch [105/4000]: Loss: [32.5552]
Epoch [106/4000]: Loss: [31.6370]
Epoch [107/4000]: Loss: [32.9754]
Epoch [108/4000]: Loss: [32.4492]
Epoch [109/4000]: Loss: [32.8244]
Epoch [110/4000]: Loss: [31.7096]
Epoch [111/4000]: Loss: [31.7248]
Epoch [112/4000]: Loss: [31.6145]
Epoch [113/4000]: Loss: [31.8727]
Epoch [114/4000]: Loss: [32.2408]
Epoch [115/4000]: Loss: [31.9258]
Epoch [116/4000]: Loss: [30.9752]
Epoch [117/4000]: Loss: [31.6612]
Epoch [118/4000]: Loss: [32.3090]
Epoch [119/4000]: Loss: [32.3100]
Epoch [120/4000]: Loss: [32.1329]
Epoch [121/4000]: Loss: [32.0673]
Epoch [122/4000]: Loss: [32.5821]
Epoch [123/4000]: Loss: [32.5765]
Epoch [124/4000]: Loss: [31.9564]
Epoch [125/4000]: Loss: [32.5067]
Epoch [126/4000]: Loss: [32.0925]
Epoch [127/4000]: Loss: [31.6066]
Epoch [128/4000]: Loss: [32.6625]
Epoch [129/4000]: Loss: [31.9162]
Epoch [130/4000]: Loss: [32.2699]
Epoch [131/4000]: Loss: [32.6341]
Epoch [132/4000]: Loss: [31.7699]
Epoch [133/4000]: Loss: [31.6254]
Epoch [134/4000]: Loss: [31.9592]
Epoch [135/4000]: Loss: [32.1640]
Epoch [136/4000]: Loss: [31.9038]
Epoch [137/4000]: Loss: [31.8923]
Epoch [138/4000]: Loss: [31.9818]
Epoch [139/4000]: Loss: [32.9397]
Epoch [140/4000]: Loss: [32.1295]
Epoch [141/4000]: Loss: [31.8647]
Epoch [142/4000]: Loss: [32.0511]
Epoch [143/4000]: Loss: [31.8376]
Epoch [144/4000]: Loss: [32.4079]
Epoch [145/4000]: Loss: [32.8404]
Epoch [146/4000]: Loss: [32.4233]
Epoch [147/4000]: Loss: [32.3149]
Epoch [148/4000]: Loss: [32.3982]
Epoch [149/4000]: Loss: [32.0633]
Epoch [150/4000]: Loss: [31.7210]
Epoch [151/4000]: Loss: [32.1673]
Epoch [152/4000]: Loss: [32.6169]
Epoch [153/4000]: Loss: [32.1379]
Epoch [154/4000]: Loss: [32.1457]
Epoch [155/4000]: Loss: [32.1668]
Epoch [156/4000]: Loss: [32.4515]
Epoch [157/4000]: Loss: [31.8679]
Epoch [158/4000]: Loss: [32.3704]
Epoch [159/4000]: Loss: [31.6832]
Epoch [160/4000]: Loss: [31.9360]
Epoch [161/4000]: Loss: [32.1533]
Epoch [162/4000]: Loss: [33.0992]
Epoch [163/4000]: Loss: [32.5015]
Epoch [164/4000]: Loss: [32.3899]
Epoch [165/4000]: Loss: [32.0455]
Epoch [166/4000]: Loss: [32.7616]
Epoch [167/4000]: Loss: [31.5995]
Epoch [168/4000]: Loss: [32.0744]
Epoch [169/4000]: Loss: [32.2429]
Epoch [170/4000]: Loss: [31.7666]
Epoch [171/4000]: Loss: [32.1262]
Epoch [172/4000]: Loss: [32.0145]
Epoch [173/4000]: Loss: [32.2289]
Epoch [174/4000]: Loss: [31.8622]
Epoch [175/4000]: Loss: [31.7289]
Epoch [176/4000]: Loss: [32.0418]
Epoch [177/4000]: Loss: [31.6751]
Epoch [178/4000]: Loss: [32.4807]
Epoch [179/4000]: Loss: [32.7518]
Epoch [180/4000]: Loss: [31.9669]
Epoch [181/4000]: Loss: [32.0137]
Epoch [182/4000]: Loss: [32.7832]
Epoch [183/4000]: Loss: [32.1948]
Epoch [184/4000]: Loss: [31.8928]
Epoch [185/4000]: Loss: [32.4265]
Epoch [186/4000]: Loss: [32.5055]
Epoch [187/4000]: Loss: [33.3608]
Epoch [188/4000]: Loss: [31.6669]
Epoch [189/4000]: Loss: [32.4873]
Epoch [190/4000]: Loss: [32.0944]
Epoch [191/4000]: Loss: [32.2474]
Epoch [192/4000]: Loss: [31.4996]
Epoch [193/4000]: Loss: [31.5515]
Epoch [194/4000]: Loss: [32.2716]
Epoch [195/4000]: Loss: [32.3146]
Epoch [196/4000]: Loss: [31.6172]
Epoch [197/4000]: Loss: [31.7093]
Epoch [198/4000]: Loss: [31.8510]
Epoch [199/4000]: Loss: [32.3214]
Epoch [200/4000]: Loss: [31.8816]
Epoch [201/4000]: Loss: [32.1482]
Epoch [202/4000]: Loss: [31.6260]
Epoch [203/4000]: Loss: [31.8216]
Epoch [204/4000]: Loss: [32.0498]
Epoch [205/4000]: Loss: [31.9202]
Epoch [206/4000]: Loss: [32.3620]
Epoch [207/4000]: Loss: [31.8665]
Epoch [208/4000]: Loss: [32.5092]
Epoch [209/4000]: Loss: [32.7235]
Epoch [210/4000]: Loss: [31.7954]
Epoch [211/4000]: Loss: [32.3754]
Epoch [212/4000]: Loss: [32.1494]
Epoch [213/4000]: Loss: [31.8762]
Epoch [214/4000]: Loss: [32.7389]
Epoch [215/4000]: Loss: [32.5248]
Epoch [216/4000]: Loss: [32.3762]
Epoch [217/4000]: Loss: [32.3964]
Epoch [218/4000]: Loss: [31.9412]
Epoch [219/4000]: Loss: [32.3182]
Epoch [220/4000]: Loss: [31.9188]
Epoch [221/4000]: Loss: [32.5727]
Epoch [222/4000]: Loss: [32.5872]
Epoch [223/4000]: Loss: [31.9317]
Epoch [224/4000]: Loss: [32.1421]
Epoch [225/4000]: Loss: [32.0612]
Epoch [226/4000]: Loss: [32.0841]
Epoch [227/4000]: Loss: [31.9203]
Epoch [228/4000]: Loss: [32.4323]
Epoch [229/4000]: Loss: [31.6883]
Epoch [230/4000]: Loss: [31.3767]
Epoch [231/4000]: Loss: [32.5627]
Epoch [232/4000]: Loss: [31.6154]
Epoch [233/4000]: Loss: [32.2808]
Epoch [234/4000]: Loss: [32.0090]
Epoch [235/4000]: Loss: [32.0891]
Epoch [236/4000]: Loss: [32.2514]
Epoch [237/4000]: Loss: [31.5816]
Epoch [238/4000]: Loss: [31.8736]
Epoch [239/4000]: Loss: [32.3158]
Epoch [240/4000]: Loss: [31.9550]
Epoch [241/4000]: Loss: [32.3577]
Epoch [242/4000]: Loss: [32.7458]
Epoch [243/4000]: Loss: [31.4597]
Epoch [244/4000]: Loss: [32.7087]
Epoch [245/4000]: Loss: [32.8323]
Epoch [246/4000]: Loss: [31.8748]
Epoch [247/4000]: Loss: [31.9567]
Epoch [248/4000]: Loss: [32.6942]
Epoch [249/4000]: Loss: [32.2351]
Epoch [250/4000]: Loss: [32.0570]
Epoch [251/4000]: Loss: [31.9916]
Epoch [252/4000]: Loss: [31.7936]
Epoch [253/4000]: Loss: [32.3004]
Epoch [254/4000]: Loss: [32.8160]
Epoch [255/4000]: Loss: [32.1192]
Epoch [256/4000]: Loss: [32.0541]
Epoch [257/4000]: Loss: [32.4019]
Epoch [258/4000]: Loss: [31.3605]
Epoch [259/4000]: Loss: [32.5327]
Epoch [260/4000]: Loss: [31.8056]
Epoch [261/4000]: Loss: [31.3641]
Epoch [262/4000]: Loss: [31.8248]
Epoch [263/4000]: Loss: [32.4367]
Epoch [264/4000]: Loss: [32.9104]
Epoch [265/4000]: Loss: [31.7353]
Epoch [266/4000]: Loss: [32.2465]
Epoch [267/4000]: Loss: [32.3672]
Epoch [268/4000]: Loss: [32.0068]
Epoch [269/4000]: Loss: [32.1557]
Epoch [270/4000]: Loss: [31.6738]
Epoch [271/4000]: Loss: [31.9551]
Epoch [272/4000]: Loss: [31.5408]
Epoch [273/4000]: Loss: [32.1668]
Epoch [274/4000]: Loss: [31.6755]
Epoch [275/4000]: Loss: [32.3671]
Epoch [276/4000]: Loss: [31.9322]
Epoch [277/4000]: Loss: [32.1132]
Epoch [278/4000]: Loss: [31.8635]
Epoch [279/4000]: Loss: [32.3487]
Epoch [280/4000]: Loss: [32.3664]
Epoch [281/4000]: Loss: [32.1191]
Epoch [282/4000]: Loss: [31.7226]
Epoch [283/4000]: Loss: [31.9297]
Epoch [284/4000]: Loss: [32.0948]
Epoch [285/4000]: Loss: [31.7236]
Epoch [286/4000]: Loss: [31.4150]
Epoch [287/4000]: Loss: [32.1689]
Epoch [288/4000]: Loss: [31.5445]
Epoch [289/4000]: Loss: [32.0472]
Epoch [290/4000]: Loss: [32.0918]
Epoch [291/4000]: Loss: [32.4970]
Epoch [292/4000]: Loss: [32.1412]
Epoch [293/4000]: Loss: [32.5923]
Epoch [294/4000]: Loss: [32.7280]
Epoch [295/4000]: Loss: [31.9920]
Epoch [296/4000]: Loss: [32.1831]
Epoch [297/4000]: Loss: [32.3405]
Epoch [298/4000]: Loss: [32.2814]
Epoch [299/4000]: Loss: [32.5436]
Epoch [300/4000]: Loss: [32.2315]
Epoch [301/4000]: Loss: [31.8744]
Epoch [302/4000]: Loss: [31.5834]
Epoch [303/4000]: Loss: [32.7061]
Epoch [304/4000]: Loss: [33.2286]
Epoch [305/4000]: Loss: [31.4583]
Epoch [306/4000]: Loss: [32.5050]
Epoch [307/4000]: Loss: [32.2440]
Epoch [308/4000]: Loss: [31.7507]
Epoch [309/4000]: Loss: [32.3118]
Epoch [310/4000]: Loss: [32.0924]
Epoch [311/4000]: Loss: [32.0295]
Epoch [312/4000]: Loss: [32.1330]
Epoch [313/4000]: Loss: [32.3280]
Epoch [314/4000]: Loss: [32.0391]
Epoch [315/4000]: Loss: [32.1271]
Epoch [316/4000]: Loss: [32.0664]
Epoch [317/4000]: Loss: [32.0395]
Epoch [318/4000]: Loss: [32.1006]
Epoch [319/4000]: Loss: [32.1472]
Epoch [320/4000]: Loss: [31.9889]
Epoch [321/4000]: Loss: [32.3061]
Epoch [322/4000]: Loss: [32.1752]
Epoch [323/4000]: Loss: [31.6366]
Epoch [324/4000]: Loss: [31.9844]
Epoch [325/4000]: Loss: [31.3347]
Epoch [326/4000]: Loss: [31.6646]
Epoch [327/4000]: Loss: [31.7093]
Epoch [328/4000]: Loss: [31.7782]
Epoch [329/4000]: Loss: [31.7844]
Epoch [330/4000]: Loss: [31.3540]
Epoch [331/4000]: Loss: [32.3513]
Epoch [332/4000]: Loss: [31.7543]
Epoch [333/4000]: Loss: [32.9234]
Epoch [334/4000]: Loss: [31.6248]
Epoch [335/4000]: Loss: [32.4240]
Epoch [336/4000]: Loss: [31.7340]
Epoch [337/4000]: Loss: [32.7875]
Epoch [338/4000]: Loss: [31.3980]
Epoch [339/4000]: Loss: [31.8861]
Epoch [340/4000]: Loss: [32.1853]
Epoch [341/4000]: Loss: [32.8321]
Epoch [342/4000]: Loss: [32.5907]
Epoch [343/4000]: Loss: [31.7663]
Epoch [344/4000]: Loss: [32.2088]
Epoch [345/4000]: Loss: [31.2720]
Epoch [346/4000]: Loss: [32.4946]
Epoch [347/4000]: Loss: [32.0664]
Epoch [348/4000]: Loss: [31.6904]
Epoch [349/4000]: Loss: [32.7776]
Epoch [350/4000]: Loss: [32.5411]
Epoch [351/4000]: Loss: [31.9983]
Epoch [352/4000]: Loss: [31.1221]
Epoch [353/4000]: Loss: [32.2681]
Epoch [354/4000]: Loss: [32.0178]
Epoch [355/4000]: Loss: [31.7810]
Epoch [356/4000]: Loss: [31.7832]
Epoch [357/4000]: Loss: [31.6394]
Epoch [358/4000]: Loss: [32.0907]
Epoch [359/4000]: Loss: [32.1220]
Epoch [360/4000]: Loss: [32.0909]
Epoch [361/4000]: Loss: [32.1658]
Epoch [362/4000]: Loss: [32.4825]
Epoch [363/4000]: Loss: [31.9030]
Epoch [364/4000]: Loss: [32.3902]
Epoch [365/4000]: Loss: [32.2847]
Epoch [366/4000]: Loss: [32.4318]
Epoch [367/4000]: Loss: [32.1366]
Epoch [368/4000]: Loss: [31.4931]
Epoch [369/4000]: Loss: [31.8572]
Epoch [370/4000]: Loss: [32.2337]
Epoch [371/4000]: Loss: [32.2236]
Epoch [372/4000]: Loss: [32.2656]
Epoch [373/4000]: Loss: [32.0383]
Epoch [374/4000]: Loss: [32.0536]
Epoch [375/4000]: Loss: [31.9586]
Epoch [376/4000]: Loss: [32.7080]
Epoch [377/4000]: Loss: [32.1460]
Epoch [378/4000]: Loss: [31.8676]
Epoch [379/4000]: Loss: [32.1482]
Epoch [380/4000]: Loss: [31.4051]
Epoch [381/4000]: Loss: [31.9685]
Epoch [382/4000]: Loss: [32.5278]
Epoch [383/4000]: Loss: [32.2090]
Epoch [384/4000]: Loss: [32.5989]
Epoch [385/4000]: Loss: [32.6612]
Epoch [386/4000]: Loss: [31.6768]
Epoch [387/4000]: Loss: [32.6267]
Epoch [388/4000]: Loss: [31.7891]
Epoch [389/4000]: Loss: [32.3108]
Epoch [390/4000]: Loss: [32.1976]
Epoch [391/4000]: Loss: [31.5604]
Epoch [392/4000]: Loss: [32.3089]
Epoch [393/4000]: Loss: [31.4305]
Epoch [394/4000]: Loss: [32.0100]
Epoch [395/4000]: Loss: [33.1800]
Epoch [396/4000]: Loss: [32.6244]
Epoch [397/4000]: Loss: [31.9518]
Epoch [398/4000]: Loss: [31.9163]
Epoch [399/4000]: Loss: [31.8808]
Epoch [400/4000]: Loss: [32.1344]
Epoch [401/4000]: Loss: [31.6666]
Epoch [402/4000]: Loss: [31.4598]
Epoch [403/4000]: Loss: [32.1284]
Epoch [404/4000]: Loss: [31.4491]
Epoch [405/4000]: Loss: [31.8571]
Epoch [406/4000]: Loss: [32.2341]
Epoch [407/4000]: Loss: [32.0592]
Epoch [408/4000]: Loss: [31.4090]
Epoch [409/4000]: Loss: [32.8110]
Epoch [410/4000]: Loss: [31.6534]
Epoch [411/4000]: Loss: [32.0108]
Epoch [412/4000]: Loss: [31.8010]
Epoch [413/4000]: Loss: [32.6153]
Epoch [414/4000]: Loss: [32.1131]
Epoch [415/4000]: Loss: [32.1392]
Epoch [416/4000]: Loss: [32.2661]
Epoch [417/4000]: Loss: [32.2802]
Epoch [418/4000]: Loss: [32.2305]
Epoch [419/4000]: Loss: [32.4847]
Epoch [420/4000]: Loss: [31.8549]
Epoch [421/4000]: Loss: [32.5602]
Epoch [422/4000]: Loss: [32.4638]
Epoch [423/4000]: Loss: [32.3885]
Epoch [424/4000]: Loss: [32.3602]
Epoch [425/4000]: Loss: [32.2267]
Epoch [426/4000]: Loss: [31.9023]
Epoch [427/4000]: Loss: [31.7693]
Epoch [428/4000]: Loss: [32.2408]
Epoch [429/4000]: Loss: [31.9654]
Epoch [430/4000]: Loss: [32.3295]
Epoch [431/4000]: Loss: [31.6520]
Epoch [432/4000]: Loss: [31.9998]
Epoch [433/4000]: Loss: [31.9824]
Epoch [434/4000]: Loss: [32.4896]
Epoch [435/4000]: Loss: [31.7726]
Epoch [436/4000]: Loss: [31.8008]
Epoch [437/4000]: Loss: [32.4541]
Epoch [438/4000]: Loss: [32.3258]
Epoch [439/4000]: Loss: [31.7050]
Epoch [440/4000]: Loss: [32.2421]
Epoch [441/4000]: Loss: [32.2020]
Epoch [442/4000]: Loss: [32.3977]
Epoch [443/4000]: Loss: [31.9777]
Epoch [444/4000]: Loss: [31.7218]
Epoch [445/4000]: Loss: [32.1028]
Epoch [446/4000]: Loss: [32.1727]
Epoch [447/4000]: Loss: [32.0124]
Epoch [448/4000]: Loss: [32.2141]
Epoch [449/4000]: Loss: [31.7815]
Epoch [450/4000]: Loss: [31.1207]
Epoch [451/4000]: Loss: [32.7056]
Epoch [452/4000]: Loss: [32.1028]
Epoch [453/4000]: Loss: [31.8404]
Epoch [454/4000]: Loss: [31.9410]
Epoch [455/4000]: Loss: [31.5346]
Epoch [456/4000]: Loss: [31.7178]
Epoch [457/4000]: Loss: [32.2037]
Epoch [458/4000]: Loss: [31.5942]
Epoch [459/4000]: Loss: [32.3785]
Epoch [460/4000]: Loss: [32.2137]
Epoch [461/4000]: Loss: [32.5256]
Epoch [462/4000]: Loss: [32.5624]
Epoch [463/4000]: Loss: [32.0512]
Epoch [464/4000]: Loss: [32.1411]
Epoch [465/4000]: Loss: [32.0933]
Epoch [466/4000]: Loss: [31.8697]
Epoch [467/4000]: Loss: [31.6645]
Epoch [468/4000]: Loss: [32.1224]
Epoch [469/4000]: Loss: [32.2699]
Epoch [470/4000]: Loss: [31.7500]
Epoch [471/4000]: Loss: [31.6872]
Epoch [472/4000]: Loss: [31.8134]
Epoch [473/4000]: Loss: [31.9619]
Epoch [474/4000]: Loss: [31.2181]
Epoch [475/4000]: Loss: [31.8847]
Epoch [476/4000]: Loss: [31.5928]
Epoch [477/4000]: Loss: [32.0736]
Epoch [478/4000]: Loss: [33.2730]
Epoch [479/4000]: Loss: [32.1021]
Epoch [480/4000]: Loss: [32.5450]
Epoch [481/4000]: Loss: [31.3597]
Epoch [482/4000]: Loss: [31.8844]
Epoch [483/4000]: Loss: [32.2784]
Epoch [484/4000]: Loss: [31.9824]
Epoch [485/4000]: Loss: [31.8570]
Epoch [486/4000]: Loss: [31.6398]
Epoch [487/4000]: Loss: [32.0778]
Epoch [488/4000]: Loss: [32.5935]
Epoch [489/4000]: Loss: [32.4800]
Epoch [490/4000]: Loss: [32.0212]
Epoch [491/4000]: Loss: [31.9775]
Epoch [492/4000]: Loss: [31.5436]
Epoch [493/4000]: Loss: [31.3925]
Epoch [494/4000]: Loss: [32.2367]
Epoch [495/4000]: Loss: [31.9128]
Epoch [496/4000]: Loss: [31.6869]
Epoch [497/4000]: Loss: [31.5966]
Epoch [498/4000]: Loss: [32.4819]
Epoch [499/4000]: Loss: [32.0605]
Epoch [500/4000]: Loss: [31.8006]
Epoch [501/4000]: Loss: [31.8747]
Epoch [502/4000]: Loss: [31.5313]
Epoch [503/4000]: Loss: [32.3276]
Epoch [504/4000]: Loss: [31.7656]
Epoch [505/4000]: Loss: [32.1560]
Epoch [506/4000]: Loss: [31.5381]
Epoch [507/4000]: Loss: [32.3338]
Epoch [508/4000]: Loss: [32.0815]
Epoch [509/4000]: Loss: [32.5838]
Epoch [510/4000]: Loss: [32.2345]
Epoch [511/4000]: Loss: [31.4404]
Epoch [512/4000]: Loss: [32.2656]
Epoch [513/4000]: Loss: [31.2587]
Epoch [514/4000]: Loss: [32.8338]
Epoch [515/4000]: Loss: [31.9835]
Epoch [516/4000]: Loss: [31.4579]
Epoch [517/4000]: Loss: [32.1377]
Epoch [518/4000]: Loss: [32.5703]
Epoch [519/4000]: Loss: [31.7906]
Epoch [520/4000]: Loss: [31.6248]
Epoch [521/4000]: Loss: [31.9340]
Epoch [522/4000]: Loss: [31.6533]
Epoch [523/4000]: Loss: [32.1009]
Epoch [524/4000]: Loss: [31.9775]
Epoch [525/4000]: Loss: [32.3325]
Epoch [526/4000]: Loss: [32.6149]
Epoch [527/4000]: Loss: [32.7676]
Epoch [528/4000]: Loss: [31.8925]
Epoch [529/4000]: Loss: [32.2714]
Epoch [530/4000]: Loss: [32.5946]
Epoch [531/4000]: Loss: [31.8094]
Epoch [532/4000]: Loss: [32.2043]
Epoch [533/4000]: Loss: [32.2142]
Epoch [534/4000]: Loss: [31.9251]
Epoch [535/4000]: Loss: [32.7014]
Epoch [536/4000]: Loss: [32.3190]
Epoch [537/4000]: Loss: [31.9487]
Epoch [538/4000]: Loss: [31.8633]
Epoch [539/4000]: Loss: [32.0668]
Epoch [540/4000]: Loss: [32.2103]
Epoch [541/4000]: Loss: [31.1639]
Epoch [542/4000]: Loss: [32.4131]
Epoch [543/4000]: Loss: [31.7483]
Epoch [544/4000]: Loss: [32.4097]
Epoch [545/4000]: Loss: [32.7687]
Epoch [546/4000]: Loss: [31.9961]
Epoch [547/4000]: Loss: [32.1214]
Epoch [548/4000]: Loss: [32.3185]
Epoch [549/4000]: Loss: [32.0418]
Epoch [550/4000]: Loss: [31.8427]
Epoch [551/4000]: Loss: [31.9974]
Epoch [552/4000]: Loss: [32.4531]
Epoch [553/4000]: Loss: [31.7916]
Epoch [554/4000]: Loss: [32.1179]
Epoch [555/4000]: Loss: [31.6101]
Epoch [556/4000]: Loss: [32.2868]
Epoch [557/4000]: Loss: [31.6767]
Epoch [558/4000]: Loss: [32.4014]
Epoch [559/4000]: Loss: [31.8153]
Epoch [560/4000]: Loss: [32.2361]
Epoch [561/4000]: Loss: [31.8858]
Epoch [562/4000]: Loss: [32.8806]
Epoch [563/4000]: Loss: [31.5514]
Epoch [564/4000]: Loss: [32.0239]
Epoch [565/4000]: Loss: [32.3956]
Epoch [566/4000]: Loss: [31.9370]
Epoch [567/4000]: Loss: [32.2283]
Epoch [568/4000]: Loss: [32.2347]
Epoch [569/4000]: Loss: [32.2382]
Epoch [570/4000]: Loss: [31.3024]
Epoch [571/4000]: Loss: [33.0626]
Epoch [572/4000]: Loss: [31.7206]
Epoch [573/4000]: Loss: [32.4269]
Epoch [574/4000]: Loss: [31.8654]
Epoch [575/4000]: Loss: [32.2951]
Epoch [576/4000]: Loss: [31.6179]
Epoch [577/4000]: Loss: [31.6883]
Epoch [578/4000]: Loss: [31.4059]
Epoch [579/4000]: Loss: [32.2881]
Epoch [580/4000]: Loss: [32.0396]
Epoch [581/4000]: Loss: [31.8905]
Epoch [582/4000]: Loss: [31.7150]
Epoch [583/4000]: Loss: [32.3152]
Epoch [584/4000]: Loss: [32.9965]
Epoch [585/4000]: Loss: [32.7309]
Epoch [586/4000]: Loss: [32.1591]
Epoch [587/4000]: Loss: [31.0732]
Epoch [588/4000]: Loss: [31.8233]
Epoch [589/4000]: Loss: [32.8231]
Epoch [590/4000]: Loss: [31.8937]
Epoch [591/4000]: Loss: [32.6936]
Epoch [592/4000]: Loss: [32.0602]
Epoch [593/4000]: Loss: [31.5220]
Epoch [594/4000]: Loss: [32.3491]
Epoch [595/4000]: Loss: [31.6680]
Epoch [596/4000]: Loss: [31.3529]
Epoch [597/4000]: Loss: [32.3122]
Epoch [598/4000]: Loss: [31.4389]
Epoch [599/4000]: Loss: [32.9786]
Epoch [600/4000]: Loss: [31.8342]
Epoch [601/4000]: Loss: [32.3174]
Epoch [602/4000]: Loss: [32.5697]
Epoch [603/4000]: Loss: [32.2319]
Epoch [604/4000]: Loss: [32.1704]
Epoch [605/4000]: Loss: [31.7855]
Epoch [606/4000]: Loss: [32.2571]
Epoch [607/4000]: Loss: [31.6332]
Epoch [608/4000]: Loss: [31.9839]
Epoch [609/4000]: Loss: [31.7405]
Epoch [610/4000]: Loss: [32.5337]
Epoch [611/4000]: Loss: [32.0623]
Epoch [612/4000]: Loss: [32.3119]
Epoch [613/4000]: Loss: [32.5858]
Epoch [614/4000]: Loss: [31.9009]
Epoch [615/4000]: Loss: [32.5086]
Epoch [616/4000]: Loss: [33.2567]
Epoch [617/4000]: Loss: [31.8386]
Epoch [618/4000]: Loss: [31.9107]
Epoch [619/4000]: Loss: [31.9934]
Epoch [620/4000]: Loss: [31.9559]
Epoch [621/4000]: Loss: [31.8546]
Epoch [622/4000]: Loss: [31.4882]
Epoch [623/4000]: Loss: [31.7183]
Epoch [624/4000]: Loss: [31.2552]
Epoch [625/4000]: Loss: [31.4910]
Epoch [626/4000]: Loss: [31.3377]
Epoch [627/4000]: Loss: [32.2859]
Epoch [628/4000]: Loss: [32.2662]
Epoch [629/4000]: Loss: [32.3367]
Epoch [630/4000]: Loss: [31.9652]
Epoch [631/4000]: Loss: [32.1215]
Epoch [632/4000]: Loss: [31.8393]
Epoch [633/4000]: Loss: [31.8987]
Epoch [634/4000]: Loss: [32.1747]
Epoch [635/4000]: Loss: [31.8325]
Epoch [636/4000]: Loss: [32.8124]
Epoch [637/4000]: Loss: [32.1554]
Epoch [638/4000]: Loss: [32.4206]
Epoch [639/4000]: Loss: [32.2605]
Epoch [640/4000]: Loss: [32.1887]
Epoch [641/4000]: Loss: [32.3252]
Epoch [642/4000]: Loss: [32.6228]
Epoch [643/4000]: Loss: [31.5043]
Epoch [644/4000]: Loss: [31.7835]
Epoch [645/4000]: Loss: [32.2999]
Epoch [646/4000]: Loss: [31.6527]
Epoch [647/4000]: Loss: [32.5234]
Epoch [648/4000]: Loss: [31.7789]
Epoch [649/4000]: Loss: [32.5414]
Epoch [650/4000]: Loss: [31.8195]
Epoch [651/4000]: Loss: [32.1448]
Epoch [652/4000]: Loss: [33.0137]
Epoch [653/4000]: Loss: [32.1893]
Epoch [654/4000]: Loss: [32.0317]
Epoch [655/4000]: Loss: [31.9623]
Epoch [656/4000]: Loss: [31.6569]
Epoch [657/4000]: Loss: [32.1034]
Epoch [658/4000]: Loss: [31.8306]
Epoch [659/4000]: Loss: [32.0686]
Epoch [660/4000]: Loss: [32.5904]
Epoch [661/4000]: Loss: [31.8010]
Epoch [662/4000]: Loss: [31.8093]
Epoch [663/4000]: Loss: [32.1472]
Epoch [664/4000]: Loss: [31.6885]
Epoch [665/4000]: Loss: [32.0677]
Epoch [666/4000]: Loss: [31.7503]
Epoch [667/4000]: Loss: [32.0136]
Epoch [668/4000]: Loss: [32.1525]
Epoch [669/4000]: Loss: [32.6821]
Epoch [670/4000]: Loss: [31.8923]
Epoch [671/4000]: Loss: [32.9407]
Epoch [672/4000]: Loss: [32.1489]
Epoch [673/4000]: Loss: [32.0233]
Epoch [674/4000]: Loss: [32.2519]
Epoch [675/4000]: Loss: [31.6617]
Epoch [676/4000]: Loss: [32.1647]
Epoch [677/4000]: Loss: [31.7860]
Epoch [678/4000]: Loss: [32.6918]
Epoch [679/4000]: Loss: [31.7986]
Epoch [680/4000]: Loss: [32.0746]
Epoch [681/4000]: Loss: [31.9078]
Epoch [682/4000]: Loss: [32.1822]
Epoch [683/4000]: Loss: [32.5039]
Epoch [684/4000]: Loss: [32.2582]
Epoch [685/4000]: Loss: [33.0112]
Epoch [686/4000]: Loss: [32.0882]
Epoch [687/4000]: Loss: [31.8455]
Epoch [688/4000]: Loss: [31.9201]
Epoch [689/4000]: Loss: [31.4424]
Epoch [690/4000]: Loss: [31.6021]
Epoch [691/4000]: Loss: [32.1502]
Epoch [692/4000]: Loss: [32.1264]
Epoch [693/4000]: Loss: [32.3264]
Epoch [694/4000]: Loss: [32.4791]
Epoch [695/4000]: Loss: [31.4665]
Epoch [696/4000]: Loss: [31.9859]
Epoch [697/4000]: Loss: [32.3658]
Epoch [698/4000]: Loss: [31.8102]
Epoch [699/4000]: Loss: [32.4095]
Epoch [700/4000]: Loss: [31.8130]
Epoch [701/4000]: Loss: [32.1582]
Epoch [702/4000]: Loss: [32.2416]
Epoch [703/4000]: Loss: [32.3036]
Epoch [704/4000]: Loss: [31.6051]
Epoch [705/4000]: Loss: [32.1021]
Epoch [706/4000]: Loss: [31.9534]
Epoch [707/4000]: Loss: [32.1145]
Epoch [708/4000]: Loss: [32.9740]
Epoch [709/4000]: Loss: [31.8909]
Epoch [710/4000]: Loss: [31.7562]
Epoch [711/4000]: Loss: [32.1291]
Epoch [712/4000]: Loss: [31.8512]
Epoch [713/4000]: Loss: [31.8488]
Epoch [714/4000]: Loss: [31.9217]
Epoch [715/4000]: Loss: [31.3687]
Epoch [716/4000]: Loss: [32.1201]
Epoch [717/4000]: Loss: [32.6431]
Epoch [718/4000]: Loss: [31.8727]
Epoch [719/4000]: Loss: [32.3201]
Epoch [720/4000]: Loss: [31.6081]
Epoch [721/4000]: Loss: [31.9116]
Epoch [722/4000]: Loss: [31.9893]
Epoch [723/4000]: Loss: [31.9107]
Epoch [724/4000]: Loss: [31.5804]
Epoch [725/4000]: Loss: [32.4008]
Epoch [726/4000]: Loss: [31.2871]
Epoch [727/4000]: Loss: [31.4375]
Epoch [728/4000]: Loss: [31.9950]
Epoch [729/4000]: Loss: [31.9662]
Epoch [730/4000]: Loss: [32.0016]
Epoch [731/4000]: Loss: [31.8297]
Epoch [732/4000]: Loss: [31.6649]
Epoch [733/4000]: Loss: [32.0673]
Epoch [734/4000]: Loss: [32.5816]
Epoch [735/4000]: Loss: [31.9216]
Epoch [736/4000]: Loss: [31.6213]
Epoch [737/4000]: Loss: [31.9070]
Epoch [738/4000]: Loss: [32.8800]
Epoch [739/4000]: Loss: [31.5633]
Epoch [740/4000]: Loss: [32.5693]
Epoch [741/4000]: Loss: [31.6059]
Epoch [742/4000]: Loss: [31.8260]
Epoch [743/4000]: Loss: [32.1848]
Epoch [744/4000]: Loss: [32.8606]
Epoch [745/4000]: Loss: [31.6763]
Epoch [746/4000]: Loss: [31.7507]
Epoch [747/4000]: Loss: [32.4625]
Epoch [748/4000]: Loss: [32.6638]
Epoch [749/4000]: Loss: [31.6138]
Epoch [750/4000]: Loss: [32.5866]
Epoch [751/4000]: Loss: [31.9129]
Epoch [752/4000]: Loss: [32.2932]
Epoch [753/4000]: Loss: [31.8359]
Epoch [754/4000]: Loss: [32.6317]
Epoch [755/4000]: Loss: [32.1597]
Epoch [756/4000]: Loss: [32.1224]
Epoch [757/4000]: Loss: [32.0004]
Epoch [758/4000]: Loss: [31.7538]
Epoch [759/4000]: Loss: [33.0111]
Epoch [760/4000]: Loss: [32.2315]
Epoch [761/4000]: Loss: [31.3304]
Epoch [762/4000]: Loss: [32.0972]
Epoch [763/4000]: Loss: [32.1333]
Epoch [764/4000]: Loss: [31.6427]
Epoch [765/4000]: Loss: [32.7413]
Epoch [766/4000]: Loss: [32.3728]
Epoch [767/4000]: Loss: [31.9670]
Epoch [768/4000]: Loss: [32.7831]
Epoch [769/4000]: Loss: [31.7380]
Epoch [770/4000]: Loss: [31.6848]
Epoch [771/4000]: Loss: [32.0751]
Epoch [772/4000]: Loss: [31.5546]
Epoch [773/4000]: Loss: [31.3535]
Epoch [774/4000]: Loss: [31.8896]
Epoch [775/4000]: Loss: [31.7944]
Epoch [776/4000]: Loss: [32.1234]
Epoch [777/4000]: Loss: [32.3717]
Epoch [778/4000]: Loss: [31.5818]
Epoch [779/4000]: Loss: [32.8570]
Epoch [780/4000]: Loss: [32.1216]
Epoch [781/4000]: Loss: [32.1886]
Epoch [782/4000]: Loss: [32.3158]
Epoch [783/4000]: Loss: [31.8114]
Epoch [784/4000]: Loss: [31.9012]
Epoch [785/4000]: Loss: [31.8690]
Epoch [786/4000]: Loss: [32.7115]
Epoch [787/4000]: Loss: [31.9287]
Epoch [788/4000]: Loss: [32.3996]
Epoch [789/4000]: Loss: [32.4207]
Epoch [790/4000]: Loss: [32.2095]
Epoch [791/4000]: Loss: [32.1011]
Epoch [792/4000]: Loss: [32.9128]
Epoch [793/4000]: Loss: [31.8845]
Epoch [794/4000]: Loss: [32.5154]
Epoch [795/4000]: Loss: [31.9243]
Epoch [796/4000]: Loss: [32.0421]
Epoch [797/4000]: Loss: [32.2567]
Epoch [798/4000]: Loss: [32.3922]
Epoch [799/4000]: Loss: [32.2460]
Epoch [800/4000]: Loss: [31.8141]
Epoch [801/4000]: Loss: [32.3417]
Epoch [802/4000]: Loss: [32.1660]
Epoch [803/4000]: Loss: [32.1126]
Epoch [804/4000]: Loss: [31.6198]
Epoch [805/4000]: Loss: [31.5318]
Epoch [806/4000]: Loss: [33.1664]
Epoch [807/4000]: Loss: [31.7937]
Epoch [808/4000]: Loss: [31.8160]
Epoch [809/4000]: Loss: [32.2180]
Epoch [810/4000]: Loss: [32.2684]
Epoch [811/4000]: Loss: [32.9563]
Epoch [812/4000]: Loss: [32.7941]
Epoch [813/4000]: Loss: [31.6971]
Epoch [814/4000]: Loss: [31.9139]
Epoch [815/4000]: Loss: [31.7095]
Epoch [816/4000]: Loss: [31.7088]
Epoch [817/4000]: Loss: [31.8393]
Epoch [818/4000]: Loss: [32.3541]
Epoch [819/4000]: Loss: [31.2991]
Epoch [820/4000]: Loss: [32.2913]
Epoch [821/4000]: Loss: [31.7921]
Epoch [822/4000]: Loss: [32.1515]
Epoch [823/4000]: Loss: [32.5843]
Epoch [824/4000]: Loss: [31.6841]
Epoch [825/4000]: Loss: [32.1001]
Epoch [826/4000]: Loss: [32.1172]
Epoch [827/4000]: Loss: [32.9284]
Epoch [828/4000]: Loss: [31.3354]
Epoch [829/4000]: Loss: [31.8394]
Epoch [830/4000]: Loss: [31.8547]
Epoch [831/4000]: Loss: [32.5493]
Epoch [832/4000]: Loss: [32.1184]
Epoch [833/4000]: Loss: [31.5645]
Epoch [834/4000]: Loss: [31.9287]
Epoch [835/4000]: Loss: [31.1502]
Epoch [836/4000]: Loss: [32.0726]
Epoch [837/4000]: Loss: [32.0321]
Epoch [838/4000]: Loss: [33.0820]
Epoch [839/4000]: Loss: [32.1825]
Epoch [840/4000]: Loss: [32.3749]
Epoch [841/4000]: Loss: [31.7559]
Epoch [842/4000]: Loss: [31.2085]
Epoch [843/4000]: Loss: [33.2570]
Epoch [844/4000]: Loss: [32.3720]
Epoch [845/4000]: Loss: [32.1536]
Epoch [846/4000]: Loss: [32.3599]
Epoch [847/4000]: Loss: [31.9074]
Epoch [848/4000]: Loss: [32.1274]
Epoch [849/4000]: Loss: [31.7014]
Epoch [850/4000]: Loss: [31.7214]
Epoch [851/4000]: Loss: [32.1737]
Epoch [852/4000]: Loss: [31.8017]
Epoch [853/4000]: Loss: [32.1177]
Epoch [854/4000]: Loss: [31.8940]
Epoch [855/4000]: Loss: [32.5380]
Epoch [856/4000]: Loss: [32.0010]
Epoch [857/4000]: Loss: [32.1934]
Epoch [858/4000]: Loss: [32.6511]
Epoch [859/4000]: Loss: [32.2486]
Epoch [860/4000]: Loss: [31.9775]
Epoch [861/4000]: Loss: [31.7395]
Epoch [862/4000]: Loss: [32.0348]
Epoch [863/4000]: Loss: [31.8341]
Epoch [864/4000]: Loss: [32.2659]
Epoch [865/4000]: Loss: [31.9141]
Epoch [866/4000]: Loss: [32.1119]
Epoch [867/4000]: Loss: [31.8430]
Epoch [868/4000]: Loss: [32.5613]
Epoch [869/4000]: Loss: [32.1348]
Epoch [870/4000]: Loss: [31.9136]
Epoch [871/4000]: Loss: [31.8463]
Epoch [872/4000]: Loss: [32.0185]
Epoch [873/4000]: Loss: [31.9516]
Epoch [874/4000]: Loss: [31.9532]
Epoch [875/4000]: Loss: [31.8450]
Epoch [876/4000]: Loss: [33.2527]
Epoch [877/4000]: Loss: [32.2248]
Epoch [878/4000]: Loss: [32.3545]
Epoch [879/4000]: Loss: [31.9780]
Epoch [880/4000]: Loss: [32.1287]
Epoch [881/4000]: Loss: [31.5948]
Epoch [882/4000]: Loss: [31.4243]
Epoch [883/4000]: Loss: [32.5177]
Epoch [884/4000]: Loss: [32.5767]
Epoch [885/4000]: Loss: [31.9724]
Epoch [886/4000]: Loss: [33.3759]
Epoch [887/4000]: Loss: [31.7116]
Epoch [888/4000]: Loss: [32.4063]
Epoch [889/4000]: Loss: [32.2144]
Epoch [890/4000]: Loss: [31.8575]
Epoch [891/4000]: Loss: [32.4495]
Epoch [892/4000]: Loss: [31.4235]
Epoch [893/4000]: Loss: [31.2260]
Epoch [894/4000]: Loss: [31.5959]
Epoch [895/4000]: Loss: [31.4823]
Epoch [896/4000]: Loss: [31.7622]
Epoch [897/4000]: Loss: [32.4973]
Epoch [898/4000]: Loss: [31.7396]
Epoch [899/4000]: Loss: [32.6725]
Epoch [900/4000]: Loss: [32.4017]
Epoch [901/4000]: Loss: [32.1666]
Epoch [902/4000]: Loss: [32.2888]
Epoch [903/4000]: Loss: [31.7430]
Epoch [904/4000]: Loss: [32.0531]
Epoch [905/4000]: Loss: [31.5414]
Epoch [906/4000]: Loss: [32.0013]
Epoch [907/4000]: Loss: [31.8838]
Epoch [908/4000]: Loss: [31.2704]
Epoch [909/4000]: Loss: [31.4487]
Epoch [910/4000]: Loss: [32.3698]
Epoch [911/4000]: Loss: [31.9713]
Epoch [912/4000]: Loss: [32.6001]
Epoch [913/4000]: Loss: [32.4179]
Epoch [914/4000]: Loss: [32.3148]
Epoch [915/4000]: Loss: [32.0535]
Epoch [916/4000]: Loss: [32.0865]
Epoch [917/4000]: Loss: [33.0963]
Epoch [918/4000]: Loss: [33.2038]
Epoch [919/4000]: Loss: [31.6719]
Epoch [920/4000]: Loss: [32.2059]
Epoch [921/4000]: Loss: [32.2908]
Epoch [922/4000]: Loss: [31.8038]
Epoch [923/4000]: Loss: [32.0843]
Epoch [924/4000]: Loss: [32.2003]
Epoch [925/4000]: Loss: [32.0713]
Epoch [926/4000]: Loss: [31.7894]
Epoch [927/4000]: Loss: [31.8374]
Epoch [928/4000]: Loss: [32.6316]
Epoch [929/4000]: Loss: [31.6010]
Epoch [930/4000]: Loss: [32.3790]
Epoch [931/4000]: Loss: [32.0539]
Epoch [932/4000]: Loss: [31.7660]
Epoch [933/4000]: Loss: [31.4158]
Epoch [934/4000]: Loss: [32.0982]
Epoch [935/4000]: Loss: [32.1233]
Epoch [936/4000]: Loss: [31.8721]
Epoch [937/4000]: Loss: [32.2536]
Epoch [938/4000]: Loss: [32.3378]
Epoch [939/4000]: Loss: [32.2816]
Epoch [940/4000]: Loss: [32.3266]
Epoch [941/4000]: Loss: [32.2573]
Epoch [942/4000]: Loss: [32.3612]
Epoch [943/4000]: Loss: [31.9562]
Epoch [944/4000]: Loss: [32.1642]
Epoch [945/4000]: Loss: [32.4298]
Epoch [946/4000]: Loss: [32.3522]
Epoch [947/4000]: Loss: [31.4885]
Epoch [948/4000]: Loss: [31.7850]
Epoch [949/4000]: Loss: [31.9913]
Epoch [950/4000]: Loss: [32.5677]
Epoch [951/4000]: Loss: [31.6022]
Epoch [952/4000]: Loss: [31.7151]
Epoch [953/4000]: Loss: [31.3758]
Epoch [954/4000]: Loss: [32.1170]
Epoch [955/4000]: Loss: [31.9693]
Epoch [956/4000]: Loss: [31.9630]
Epoch [957/4000]: Loss: [31.9938]
Epoch [958/4000]: Loss: [32.4788]
Epoch [959/4000]: Loss: [32.6679]
Epoch [960/4000]: Loss: [31.9031]
Epoch [961/4000]: Loss: [32.1661]
Epoch [962/4000]: Loss: [32.2809]
Epoch [963/4000]: Loss: [32.0784]
Epoch [964/4000]: Loss: [31.9467]
Epoch [965/4000]: Loss: [31.8150]
Epoch [966/4000]: Loss: [31.8659]
Epoch [967/4000]: Loss: [31.9046]
Epoch [968/4000]: Loss: [31.4938]
Epoch [969/4000]: Loss: [32.3222]
Epoch [970/4000]: Loss: [32.2284]
Epoch [971/4000]: Loss: [31.8313]
Epoch [972/4000]: Loss: [32.3072]
Epoch [973/4000]: Loss: [31.8175]
Epoch [974/4000]: Loss: [31.5334]
Epoch [975/4000]: Loss: [32.1143]
Epoch [976/4000]: Loss: [31.8448]
Epoch [977/4000]: Loss: [32.1148]
Epoch [978/4000]: Loss: [31.2056]
Epoch [979/4000]: Loss: [31.9923]
Epoch [980/4000]: Loss: [31.9190]
Epoch [981/4000]: Loss: [31.6700]
Epoch [982/4000]: Loss: [32.6070]
Epoch [983/4000]: Loss: [32.0026]
Epoch [984/4000]: Loss: [31.7397]
Epoch [985/4000]: Loss: [32.2330]
Epoch [986/4000]: Loss: [31.7677]
Epoch [987/4000]: Loss: [31.5310]
Epoch [988/4000]: Loss: [32.4998]
Epoch [989/4000]: Loss: [31.5500]
Epoch [990/4000]: Loss: [31.8955]
Epoch [991/4000]: Loss: [32.2515]
Epoch [992/4000]: Loss: [32.1669]
Epoch [993/4000]: Loss: [32.0735]
Epoch [994/4000]: Loss: [32.7511]
Epoch [995/4000]: Loss: [32.1311]
Epoch [996/4000]: Loss: [31.9930]
Epoch [997/4000]: Loss: [31.9867]
Epoch [998/4000]: Loss: [32.1595]
Epoch [999/4000]: Loss: [32.0323]
Epoch [1000/4000]: Loss: [32.5549]
Epoch [1001/4000]: Loss: [31.2444]
Epoch [1002/4000]: Loss: [31.7092]
Epoch [1003/4000]: Loss: [31.8354]
Epoch [1004/4000]: Loss: [32.5462]
Epoch [1005/4000]: Loss: [31.7921]
Epoch [1006/4000]: Loss: [31.2906]
Epoch [1007/4000]: Loss: [32.5573]
Epoch [1008/4000]: Loss: [33.2456]
Epoch [1009/4000]: Loss: [31.9354]
Epoch [1010/4000]: Loss: [32.0606]
Epoch [1011/4000]: Loss: [32.3768]
Epoch [1012/4000]: Loss: [32.3295]
Epoch [1013/4000]: Loss: [32.5147]
Epoch [1014/4000]: Loss: [32.1348]
Epoch [1015/4000]: Loss: [32.3147]
Epoch [1016/4000]: Loss: [32.3532]
Epoch [1017/4000]: Loss: [32.6020]
Epoch [1018/4000]: Loss: [31.9122]
Epoch [1019/4000]: Loss: [32.8479]
Epoch [1020/4000]: Loss: [33.2284]
Epoch [1021/4000]: Loss: [31.8352]
Epoch [1022/4000]: Loss: [31.6896]
Epoch [1023/4000]: Loss: [32.6884]
Epoch [1024/4000]: Loss: [32.1059]
Epoch [1025/4000]: Loss: [31.1311]
Epoch [1026/4000]: Loss: [32.5012]
Epoch [1027/4000]: Loss: [32.6095]
Epoch [1028/4000]: Loss: [32.5457]
Epoch [1029/4000]: Loss: [32.3647]
Epoch [1030/4000]: Loss: [32.1979]
Epoch [1031/4000]: Loss: [31.6317]
Epoch [1032/4000]: Loss: [32.0811]
Epoch [1033/4000]: Loss: [32.5704]
Epoch [1034/4000]: Loss: [32.4314]
Epoch [1035/4000]: Loss: [31.6442]
Epoch [1036/4000]: Loss: [33.4467]
Epoch [1037/4000]: Loss: [31.3265]
Epoch [1038/4000]: Loss: [32.3504]
Epoch [1039/4000]: Loss: [32.1075]
Epoch [1040/4000]: Loss: [32.1467]
Epoch [1041/4000]: Loss: [32.1726]
Epoch [1042/4000]: Loss: [32.2127]
Epoch [1043/4000]: Loss: [31.7432]
Epoch [1044/4000]: Loss: [32.5173]
Epoch [1045/4000]: Loss: [32.7372]
Epoch [1046/4000]: Loss: [32.5091]
Epoch [1047/4000]: Loss: [31.7424]
Epoch [1048/4000]: Loss: [32.3987]
Epoch [1049/4000]: Loss: [31.9323]
Epoch [1050/4000]: Loss: [32.3309]
Epoch [1051/4000]: Loss: [31.8042]
Epoch [1052/4000]: Loss: [31.6255]
Epoch [1053/4000]: Loss: [32.2943]
Epoch [1054/4000]: Loss: [32.1189]
Epoch [1055/4000]: Loss: [31.9672]
Epoch [1056/4000]: Loss: [31.5693]
Epoch [1057/4000]: Loss: [31.6917]
Epoch [1058/4000]: Loss: [32.6012]
Epoch [1059/4000]: Loss: [33.0513]
Epoch [1060/4000]: Loss: [31.5196]
Epoch [1061/4000]: Loss: [32.5090]
Epoch [1062/4000]: Loss: [32.1891]
Epoch [1063/4000]: Loss: [32.1788]
Epoch [1064/4000]: Loss: [32.1868]
Epoch [1065/4000]: Loss: [31.3261]
Epoch [1066/4000]: Loss: [31.9497]
Epoch [1067/4000]: Loss: [32.1779]
Epoch [1068/4000]: Loss: [31.8709]
Epoch [1069/4000]: Loss: [32.3091]
Epoch [1070/4000]: Loss: [32.0236]
Epoch [1071/4000]: Loss: [32.0919]
Epoch [1072/4000]: Loss: [32.1078]
Epoch [1073/4000]: Loss: [32.1003]
Epoch [1074/4000]: Loss: [32.0343]
Epoch [1075/4000]: Loss: [31.5094]
Epoch [1076/4000]: Loss: [31.7071]
Epoch [1077/4000]: Loss: [31.7768]
Epoch [1078/4000]: Loss: [31.9487]
Epoch [1079/4000]: Loss: [31.4863]
Epoch [1080/4000]: Loss: [32.2472]
Epoch [1081/4000]: Loss: [32.0682]
Epoch [1082/4000]: Loss: [31.3650]
Epoch [1083/4000]: Loss: [32.5149]
Epoch [1084/4000]: Loss: [31.9265]
Epoch [1085/4000]: Loss: [31.7463]
Epoch [1086/4000]: Loss: [32.6283]
Epoch [1087/4000]: Loss: [32.2323]
Epoch [1088/4000]: Loss: [32.2758]
Epoch [1089/4000]: Loss: [31.9052]
Epoch [1090/4000]: Loss: [31.9385]
Epoch [1091/4000]: Loss: [31.5939]
Epoch [1092/4000]: Loss: [31.4970]
Epoch [1093/4000]: Loss: [32.0565]
Epoch [1094/4000]: Loss: [32.0076]
Epoch [1095/4000]: Loss: [31.7808]
Epoch [1096/4000]: Loss: [31.7313]
Epoch [1097/4000]: Loss: [32.2282]
Epoch [1098/4000]: Loss: [31.8826]
Epoch [1099/4000]: Loss: [31.9398]
Epoch [1100/4000]: Loss: [32.0355]
Epoch [1101/4000]: Loss: [31.9346]
Epoch [1102/4000]: Loss: [32.0428]
Epoch [1103/4000]: Loss: [32.4345]
Epoch [1104/4000]: Loss: [31.6904]
Epoch [1105/4000]: Loss: [32.3838]
Epoch [1106/4000]: Loss: [32.2582]
Epoch [1107/4000]: Loss: [32.0536]
Epoch [1108/4000]: Loss: [31.5910]
Epoch [1109/4000]: Loss: [32.2281]
Epoch [1110/4000]: Loss: [31.4838]
Epoch [1111/4000]: Loss: [32.4791]
Epoch [1112/4000]: Loss: [31.5456]
Epoch [1113/4000]: Loss: [31.6832]
Epoch [1114/4000]: Loss: [32.1362]
Epoch [1115/4000]: Loss: [31.4984]
Epoch [1116/4000]: Loss: [32.2130]
Epoch [1117/4000]: Loss: [32.0246]
Epoch [1118/4000]: Loss: [32.0652]
Epoch [1119/4000]: Loss: [31.8238]
Epoch [1120/4000]: Loss: [32.9737]
Epoch [1121/4000]: Loss: [32.2238]
Epoch [1122/4000]: Loss: [31.9702]
Epoch [1123/4000]: Loss: [31.9048]
Epoch [1124/4000]: Loss: [32.6270]
Epoch [1125/4000]: Loss: [32.3554]
Epoch [1126/4000]: Loss: [32.1814]
Epoch [1127/4000]: Loss: [31.3964]
Epoch [1128/4000]: Loss: [31.9758]
Epoch [1129/4000]: Loss: [31.7151]
Epoch [1130/4000]: Loss: [30.8032]
Epoch [1131/4000]: Loss: [32.3058]
Epoch [1132/4000]: Loss: [31.8277]
Epoch [1133/4000]: Loss: [31.7784]
Epoch [1134/4000]: Loss: [32.6752]
Epoch [1135/4000]: Loss: [32.6974]
Epoch [1136/4000]: Loss: [31.5895]
Epoch [1137/4000]: Loss: [32.4014]
Epoch [1138/4000]: Loss: [31.6711]
Epoch [1139/4000]: Loss: [31.4626]
Epoch [1140/4000]: Loss: [32.1041]
Epoch [1141/4000]: Loss: [32.2072]
Epoch [1142/4000]: Loss: [31.6775]
Epoch [1143/4000]: Loss: [31.7211]
Epoch [1144/4000]: Loss: [32.5078]
Epoch [1145/4000]: Loss: [32.5913]
Epoch [1146/4000]: Loss: [31.3636]
Epoch [1147/4000]: Loss: [32.8543]
Epoch [1148/4000]: Loss: [31.9874]
Epoch [1149/4000]: Loss: [31.6123]
Epoch [1150/4000]: Loss: [31.7575]
Epoch [1151/4000]: Loss: [31.5310]
Epoch [1152/4000]: Loss: [31.5132]
Epoch [1153/4000]: Loss: [31.7714]
Epoch [1154/4000]: Loss: [32.1300]
Epoch [1155/4000]: Loss: [32.8042]
Epoch [1156/4000]: Loss: [31.6862]
Epoch [1157/4000]: Loss: [31.8245]
Epoch [1158/4000]: Loss: [31.9041]
Epoch [1159/4000]: Loss: [31.8874]
Epoch [1160/4000]: Loss: [32.4166]
Epoch [1161/4000]: Loss: [32.2382]
Epoch [1162/4000]: Loss: [31.9108]
Epoch [1163/4000]: Loss: [32.2590]
Epoch [1164/4000]: Loss: [32.4890]
Epoch [1165/4000]: Loss: [31.3898]
Epoch [1166/4000]: Loss: [32.4412]
Epoch [1167/4000]: Loss: [32.4000]
Epoch [1168/4000]: Loss: [32.6838]
Epoch [1169/4000]: Loss: [32.3805]
Epoch [1170/4000]: Loss: [31.6048]
Epoch [1171/4000]: Loss: [31.4978]
Epoch [1172/4000]: Loss: [32.1332]
Epoch [1173/4000]: Loss: [32.3062]
Epoch [1174/4000]: Loss: [31.1576]
Epoch [1175/4000]: Loss: [31.7278]
Epoch [1176/4000]: Loss: [32.1180]
Epoch [1177/4000]: Loss: [32.4877]
Epoch [1178/4000]: Loss: [32.0851]
Epoch [1179/4000]: Loss: [31.9971]
Epoch [1180/4000]: Loss: [32.1677]
Epoch [1181/4000]: Loss: [31.8127]
Epoch [1182/4000]: Loss: [32.5243]
Epoch [1183/4000]: Loss: [31.8958]
Epoch [1184/4000]: Loss: [32.0105]
Epoch [1185/4000]: Loss: [33.2418]
Epoch [1186/4000]: Loss: [31.8615]
Epoch [1187/4000]: Loss: [32.3543]
Epoch [1188/4000]: Loss: [32.2586]
Epoch [1189/4000]: Loss: [31.8647]
Epoch [1190/4000]: Loss: [31.8591]
Epoch [1191/4000]: Loss: [31.2332]
Epoch [1192/4000]: Loss: [32.5958]
Epoch [1193/4000]: Loss: [31.3932]
Epoch [1194/4000]: Loss: [32.2772]
Epoch [1195/4000]: Loss: [31.6966]
Epoch [1196/4000]: Loss: [32.3688]
Epoch [1197/4000]: Loss: [32.3176]
Epoch [1198/4000]: Loss: [32.1228]
Epoch [1199/4000]: Loss: [31.8780]
Epoch [1200/4000]: Loss: [31.3222]
Epoch [1201/4000]: Loss: [32.2073]
Epoch [1202/4000]: Loss: [31.4306]
Epoch [1203/4000]: Loss: [31.7945]
Epoch [1204/4000]: Loss: [31.9444]
Epoch [1205/4000]: Loss: [31.6216]
Epoch [1206/4000]: Loss: [31.7618]
Epoch [1207/4000]: Loss: [32.3650]
Epoch [1208/4000]: Loss: [32.5036]
Epoch [1209/4000]: Loss: [31.6841]
Epoch [1210/4000]: Loss: [32.2427]
Epoch [1211/4000]: Loss: [31.8579]
Epoch [1212/4000]: Loss: [32.4744]
Epoch [1213/4000]: Loss: [31.6351]
Epoch [1214/4000]: Loss: [32.0175]
Epoch [1215/4000]: Loss: [32.4683]
Epoch [1216/4000]: Loss: [31.8736]
Epoch [1217/4000]: Loss: [31.9275]
Epoch [1218/4000]: Loss: [32.1366]
Epoch [1219/4000]: Loss: [32.1644]
Epoch [1220/4000]: Loss: [31.6449]
Epoch [1221/4000]: Loss: [32.1471]
Epoch [1222/4000]: Loss: [31.5498]
Epoch [1223/4000]: Loss: [32.3878]
Epoch [1224/4000]: Loss: [31.7844]
Epoch [1225/4000]: Loss: [32.3222]
Epoch [1226/4000]: Loss: [32.2905]
Epoch [1227/4000]: Loss: [32.5227]
Epoch [1228/4000]: Loss: [32.0615]
Epoch [1229/4000]: Loss: [31.9505]
Epoch [1230/4000]: Loss: [32.1211]
Epoch [1231/4000]: Loss: [31.9363]
Epoch [1232/4000]: Loss: [32.3758]
Epoch [1233/4000]: Loss: [32.0882]
Epoch [1234/4000]: Loss: [32.2162]
Epoch [1235/4000]: Loss: [32.2749]
Epoch [1236/4000]: Loss: [32.4520]
Epoch [1237/4000]: Loss: [32.9912]
Epoch [1238/4000]: Loss: [32.2746]
Epoch [1239/4000]: Loss: [31.6626]
Epoch [1240/4000]: Loss: [32.0963]
Epoch [1241/4000]: Loss: [32.1977]
Epoch [1242/4000]: Loss: [32.3923]
Epoch [1243/4000]: Loss: [32.2289]
Epoch [1244/4000]: Loss: [32.2523]
Epoch [1245/4000]: Loss: [32.5580]
Epoch [1246/4000]: Loss: [31.5105]
Epoch [1247/4000]: Loss: [31.6886]
Epoch [1248/4000]: Loss: [31.9865]
Epoch [1249/4000]: Loss: [31.7487]
Epoch [1250/4000]: Loss: [31.8517]
Epoch [1251/4000]: Loss: [32.0756]
Epoch [1252/4000]: Loss: [32.5119]
Epoch [1253/4000]: Loss: [31.0687]
Epoch [1254/4000]: Loss: [31.4346]
Epoch [1255/4000]: Loss: [31.6275]
Epoch [1256/4000]: Loss: [32.2174]
Epoch [1257/4000]: Loss: [32.0608]
Epoch [1258/4000]: Loss: [31.7131]
Epoch [1259/4000]: Loss: [32.0540]
Epoch [1260/4000]: Loss: [31.8160]
Epoch [1261/4000]: Loss: [31.9422]
Epoch [1262/4000]: Loss: [31.7800]
Epoch [1263/4000]: Loss: [32.3912]
Epoch [1264/4000]: Loss: [32.3051]
Epoch [1265/4000]: Loss: [31.6213]
Epoch [1266/4000]: Loss: [32.1814]
Epoch [1267/4000]: Loss: [31.3613]
Epoch [1268/4000]: Loss: [32.5432]
Epoch [1269/4000]: Loss: [31.7789]
Epoch [1270/4000]: Loss: [31.6069]
Epoch [1271/4000]: Loss: [31.9583]
Epoch [1272/4000]: Loss: [31.3813]
Epoch [1273/4000]: Loss: [32.9416]
Epoch [1274/4000]: Loss: [31.6554]
Epoch [1275/4000]: Loss: [31.5631]
Epoch [1276/4000]: Loss: [31.5488]
Epoch [1277/4000]: Loss: [32.6121]
Epoch [1278/4000]: Loss: [32.2075]
Epoch [1279/4000]: Loss: [32.1970]
Epoch [1280/4000]: Loss: [31.8672]
Epoch [1281/4000]: Loss: [33.0196]
Epoch [1282/4000]: Loss: [32.6282]
Epoch [1283/4000]: Loss: [31.8094]
Epoch [1284/4000]: Loss: [31.5404]
Epoch [1285/4000]: Loss: [32.2131]
Epoch [1286/4000]: Loss: [31.8863]
Epoch [1287/4000]: Loss: [32.4730]
Epoch [1288/4000]: Loss: [32.7983]
Epoch [1289/4000]: Loss: [31.5450]
Epoch [1290/4000]: Loss: [32.1170]
Epoch [1291/4000]: Loss: [31.5400]
Epoch [1292/4000]: Loss: [32.5955]
Epoch [1293/4000]: Loss: [32.2919]
Epoch [1294/4000]: Loss: [32.3866]
Epoch [1295/4000]: Loss: [32.2152]
Epoch [1296/4000]: Loss: [31.6929]
Epoch [1297/4000]: Loss: [32.2450]
Epoch [1298/4000]: Loss: [31.8117]
Epoch [1299/4000]: Loss: [32.1230]
Epoch [1300/4000]: Loss: [31.8839]
Epoch [1301/4000]: Loss: [31.9458]
Epoch [1302/4000]: Loss: [32.0426]
Epoch [1303/4000]: Loss: [31.8500]
Epoch [1304/4000]: Loss: [32.6485]
Epoch [1305/4000]: Loss: [31.8731]
Epoch [1306/4000]: Loss: [32.4606]
Epoch [1307/4000]: Loss: [31.3071]
Epoch [1308/4000]: Loss: [32.1553]
Epoch [1309/4000]: Loss: [32.4105]
Epoch [1310/4000]: Loss: [32.3102]
Epoch [1311/4000]: Loss: [31.6974]
Epoch [1312/4000]: Loss: [32.0465]
Epoch [1313/4000]: Loss: [32.5461]
Epoch [1314/4000]: Loss: [31.2546]
Epoch [1315/4000]: Loss: [32.2607]
Epoch [1316/4000]: Loss: [31.6685]
Epoch [1317/4000]: Loss: [31.8910]
Epoch [1318/4000]: Loss: [31.6388]
Epoch [1319/4000]: Loss: [32.1925]
Epoch [1320/4000]: Loss: [32.2743]
Epoch [1321/4000]: Loss: [32.3145]
Epoch [1322/4000]: Loss: [32.5691]
Epoch [1323/4000]: Loss: [32.1892]
Epoch [1324/4000]: Loss: [31.5603]
Epoch [1325/4000]: Loss: [31.4603]
Epoch [1326/4000]: Loss: [31.4346]
Epoch [1327/4000]: Loss: [31.8695]
Epoch [1328/4000]: Loss: [32.3923]
Epoch [1329/4000]: Loss: [32.6492]
Epoch [1330/4000]: Loss: [32.1741]
Epoch [1331/4000]: Loss: [31.4298]
Epoch [1332/4000]: Loss: [32.6824]
Epoch [1333/4000]: Loss: [32.4505]
Epoch [1334/4000]: Loss: [31.8901]
Epoch [1335/4000]: Loss: [32.3847]
Epoch [1336/4000]: Loss: [32.2924]
Epoch [1337/4000]: Loss: [31.7063]
Epoch [1338/4000]: Loss: [32.2291]
Epoch [1339/4000]: Loss: [32.1720]
Epoch [1340/4000]: Loss: [32.6329]
Epoch [1341/4000]: Loss: [31.9949]
Epoch [1342/4000]: Loss: [32.0499]
Epoch [1343/4000]: Loss: [31.5279]
Epoch [1344/4000]: Loss: [32.4464]
Epoch [1345/4000]: Loss: [32.1339]
Epoch [1346/4000]: Loss: [31.1738]
Epoch [1347/4000]: Loss: [31.7387]
Epoch [1348/4000]: Loss: [32.3480]
Epoch [1349/4000]: Loss: [31.8794]
Epoch [1350/4000]: Loss: [31.8042]
Epoch [1351/4000]: Loss: [32.1943]
Epoch [1352/4000]: Loss: [32.0488]
Epoch [1353/4000]: Loss: [32.0323]
Epoch [1354/4000]: Loss: [31.9623]
Epoch [1355/4000]: Loss: [31.9018]
Epoch [1356/4000]: Loss: [32.1815]
Epoch [1357/4000]: Loss: [32.4199]
Epoch [1358/4000]: Loss: [32.2011]
Epoch [1359/4000]: Loss: [31.9305]
Epoch [1360/4000]: Loss: [31.3843]
Epoch [1361/4000]: Loss: [31.9260]
Epoch [1362/4000]: Loss: [32.4633]
Epoch [1363/4000]: Loss: [31.8433]
Epoch [1364/4000]: Loss: [32.7750]
Epoch [1365/4000]: Loss: [31.8025]
Epoch [1366/4000]: Loss: [32.0489]
Epoch [1367/4000]: Loss: [31.3317]
Epoch [1368/4000]: Loss: [32.1228]
Epoch [1369/4000]: Loss: [31.6763]
Epoch [1370/4000]: Loss: [32.4591]
Epoch [1371/4000]: Loss: [32.0958]
Epoch [1372/4000]: Loss: [31.8588]
Epoch [1373/4000]: Loss: [32.1548]
Epoch [1374/4000]: Loss: [32.1883]
Epoch [1375/4000]: Loss: [31.8292]
Epoch [1376/4000]: Loss: [32.3360]
Epoch [1377/4000]: Loss: [32.2005]
Epoch [1378/4000]: Loss: [32.7142]
Epoch [1379/4000]: Loss: [32.2015]
Epoch [1380/4000]: Loss: [32.1512]
Epoch [1381/4000]: Loss: [32.6798]
Epoch [1382/4000]: Loss: [31.5330]
Epoch [1383/4000]: Loss: [32.5878]
Epoch [1384/4000]: Loss: [32.6660]
Epoch [1385/4000]: Loss: [32.7610]
Epoch [1386/4000]: Loss: [32.0358]
Epoch [1387/4000]: Loss: [32.0721]
Epoch [1388/4000]: Loss: [31.2276]
Epoch [1389/4000]: Loss: [31.8369]
Epoch [1390/4000]: Loss: [32.2194]
Epoch [1391/4000]: Loss: [32.1483]
Epoch [1392/4000]: Loss: [32.0913]
Epoch [1393/4000]: Loss: [32.0360]
Epoch [1394/4000]: Loss: [31.6846]
Epoch [1395/4000]: Loss: [32.4020]
Epoch [1396/4000]: Loss: [31.6151]
Epoch [1397/4000]: Loss: [32.2554]
Epoch [1398/4000]: Loss: [32.2112]
Epoch [1399/4000]: Loss: [31.3268]
Epoch [1400/4000]: Loss: [32.8193]
Epoch [1401/4000]: Loss: [32.6906]
Epoch [1402/4000]: Loss: [32.0771]
Epoch [1403/4000]: Loss: [32.9569]
Epoch [1404/4000]: Loss: [32.7807]
Epoch [1405/4000]: Loss: [32.0983]
Epoch [1406/4000]: Loss: [32.6113]
Epoch [1407/4000]: Loss: [31.9481]
Epoch [1408/4000]: Loss: [32.1191]
Epoch [1409/4000]: Loss: [31.5326]
Epoch [1410/4000]: Loss: [31.6565]
Epoch [1411/4000]: Loss: [32.5479]
Epoch [1412/4000]: Loss: [31.3041]
Epoch [1413/4000]: Loss: [31.6023]
Epoch [1414/4000]: Loss: [31.8828]
Epoch [1415/4000]: Loss: [32.6245]
Epoch [1416/4000]: Loss: [32.2819]
Epoch [1417/4000]: Loss: [31.5187]
Epoch [1418/4000]: Loss: [31.9681]
Epoch [1419/4000]: Loss: [32.3459]
Epoch [1420/4000]: Loss: [32.2708]
Epoch [1421/4000]: Loss: [32.2043]
Epoch [1422/4000]: Loss: [32.9054]
Epoch [1423/4000]: Loss: [32.3444]
Epoch [1424/4000]: Loss: [31.7494]
Epoch [1425/4000]: Loss: [32.4000]
Epoch [1426/4000]: Loss: [32.4547]
Epoch [1427/4000]: Loss: [32.3228]
Epoch [1428/4000]: Loss: [32.1528]
Epoch [1429/4000]: Loss: [32.0458]
Epoch [1430/4000]: Loss: [31.7141]
Epoch [1431/4000]: Loss: [31.6658]
Epoch [1432/4000]: Loss: [32.1431]
Epoch [1433/4000]: Loss: [31.4298]
Epoch [1434/4000]: Loss: [31.9856]
Epoch [1435/4000]: Loss: [32.3693]
Epoch [1436/4000]: Loss: [32.4938]
Epoch [1437/4000]: Loss: [31.7841]
Epoch [1438/4000]: Loss: [32.4298]
Epoch [1439/4000]: Loss: [32.3425]
Epoch [1440/4000]: Loss: [32.6827]
Epoch [1441/4000]: Loss: [32.4891]
Epoch [1442/4000]: Loss: [32.7165]
Epoch [1443/4000]: Loss: [32.5940]
Epoch [1444/4000]: Loss: [31.0473]
Epoch [1445/4000]: Loss: [31.9351]
Epoch [1446/4000]: Loss: [32.6578]
Epoch [1447/4000]: Loss: [32.2151]
Epoch [1448/4000]: Loss: [32.3997]
Epoch [1449/4000]: Loss: [32.7395]
Epoch [1450/4000]: Loss: [32.0807]
Epoch [1451/4000]: Loss: [31.7486]
Epoch [1452/4000]: Loss: [31.6181]
Epoch [1453/4000]: Loss: [32.6060]
Epoch [1454/4000]: Loss: [31.8035]
Epoch [1455/4000]: Loss: [32.5237]
Epoch [1456/4000]: Loss: [32.0546]
Epoch [1457/4000]: Loss: [32.0705]
Epoch [1458/4000]: Loss: [32.2534]
Epoch [1459/4000]: Loss: [31.9234]
Epoch [1460/4000]: Loss: [32.1685]
Epoch [1461/4000]: Loss: [31.3234]
Epoch [1462/4000]: Loss: [31.6791]
Epoch [1463/4000]: Loss: [31.5900]
Epoch [1464/4000]: Loss: [32.5012]
Epoch [1465/4000]: Loss: [32.1526]
Epoch [1466/4000]: Loss: [32.2565]
Epoch [1467/4000]: Loss: [31.8084]
Traceback (most recent call last):
  File "/fs01/home/aguzmanc/xvfm/src/sweeps/../../main.py", line 152, in <module>
    main(args)
  File "/fs01/home/aguzmanc/xvfm/src/sweeps/../../main.py", line 102, in main
    train(dataloader, test_data, flow_model, criterion, optimizer, 
    ^^^^^^^^^^^^^^^^^^^^^^^^^^^^^^^^^^^^^^^^^^^^^^^^^^^^^^^^^^^^^^
  File "/fs01/home/aguzmanc/xvfm/src/sweeps/../../main.py", line 143, in train
    scores = evaluate(args, model, test_data, savedir, epoch + 1, flag, device)
             ^^^^^^^^^^^^^^^^^^^^^^^^^^^^^^^^^^^^^^^^^^^^^^^^^^^^^^^^^^^^^^^^^^
  File "/fs01/home/aguzmanc/xvfm/xvfm/utils.py", line 57, in evaluate
    scores = get_performance(gen, test, args, plotting)
             ^^^^^^^^^^^^^^^^^^^^^^^^^^^^^^^^^^^^^^^^^^
  File "/fs01/home/aguzmanc/xvfm/xvfm/eval.py", line 85, in get_performance
    alpha, beta = get_quality(test_oh.cpu().numpy(), syn_oh.cpu().numpy())
                  ^^^^^^^^^^^^^^^^^^^^^^^^^^^^^^^^^^^^^^^^^^^^^^^^^^^^^^^^
  File "/fs01/home/aguzmanc/xvfm/xvfm/eval.py", line 165, in get_quality
    qual_res = quality_evaluator.evaluate(rloader, sloader)
               ^^^^^^^^^^^^^^^^^^^^^^^^^^^^^^^^^^^^^^^^^^^^
  File "pydantic/decorator.py", line 40, in pydantic.decorator.validate_arguments.validate.wrapper_function
    from contextlib import _GeneratorContextManager
  File "pydantic/decorator.py", line 134, in pydantic.decorator.ValidatedFunction.call
    
  File "pydantic/decorator.py", line 206, in pydantic.decorator.ValidatedFunction.execute
    
  File "/h/aguzmanc/miniforge3/envs/eval/lib/python3.11/site-packages/synthcity/metrics/eval_statistical.py", line 60, in evaluate
    results = self._evaluate(X_gt, X_syn)
              ^^^^^^^^^^^^^^^^^^^^^^^^^^^
  File "pydantic/decorator.py", line 40, in pydantic.decorator.validate_arguments.validate.wrapper_function
    from contextlib import _GeneratorContextManager
  File "pydantic/decorator.py", line 134, in pydantic.decorator.ValidatedFunction.call
    
  File "pydantic/decorator.py", line 206, in pydantic.decorator.ValidatedFunction.execute
    
  File "/h/aguzmanc/miniforge3/envs/eval/lib/python3.11/site-packages/synthcity/metrics/eval_statistical.py", line 720, in _evaluate
    oneclass_model = self._get_oneclass_model(X_)
                     ^^^^^^^^^^^^^^^^^^^^^^^^^^^^
  File "/h/aguzmanc/miniforge3/envs/eval/lib/python3.11/site-packages/synthcity/metrics/core/metric.py", line 119, in _get_oneclass_model
    return load_from_file(cache_file)
           ^^^^^^^^^^^^^^^^^^^^^^^^^^
  File "/h/aguzmanc/miniforge3/envs/eval/lib/python3.11/site-packages/synthcity/utils/serialization.py", line 159, in load_from_file
    return cloudpickle.load(f)
           ^^^^^^^^^^^^^^^^^^^
EOFError: Ran out of input
2025-01-27 03:30:40,872 - wandb.wandb_agent - INFO - Cleaning up finished run: sb9lra3v
wandb: - 0.005 MB of 0.005 MB uploadedwandb: \ 0.075 MB of 0.075 MB uploadedwandb: | 0.075 MB of 0.075 MB uploadedwandb: / 0.075 MB of 0.075 MB uploadedwandb: - 0.075 MB of 0.075 MB uploadedwandb: 
wandb: Run history:
wandb:  accuracy ▁▁▁▁▁▁▁▁▁▁▁▁▁▁▁▁▁▁▁▁▁▁▁▁▁▁▁▁▁
wandb:     alpha ▁▅▃▇▆▇▄█▄▄▆▅▅▆▆▃█▅▆▆▆▇▅▆▅▅▅▅▅▅▅▅▆▇▆▆▆▅▇▇
wandb:      beta ▂▃▁▃▄▄▂▄▂▅▂▆▄▅▂▇▆▄▂▃▄▅▅▃▆▅▂▇▅▄▅▅▂▅█▅▇▅▁▂
wandb: binary_f1 ▁▁▁▁▁▁▁▁▁▁▁▁▁▁▁▁▁▁▁▁▁▁▁▁▁▁▁▁▁
wandb: detection ▆▅▂█▅▆▃▆▁▇▆▅▅▅▅▆▅▅▃▄▅▅▅▅▆▆▅▅▅▆▅▅▅▅▅▄▆▅▄▄
wandb:      loss █▃▄▁▂▁▃▁▆▂▄▃▃▄▂▃▂▃▃▁▃▂▂▃▂▄▂▆▃▃▅▁▂▃▃▂▄▃▃▄
wandb:   quality █▄▁▅▃▅▆▅▆▅▆▅▆█▅▇▆▇▅▆▅▅▇▆█▇▆▇▆▆▆▇▇▆▇▆▆█▆▆
wandb:   roc_auc ▅▅▂▅█▅▅▆▄▄▆▆▅▆▃▇▁▇▇▃▅▂▃▂▄▇▆▆▅
wandb:     shape █▄▁▅▂▄▅▅▆▄▆▅▆▇▅▆▆▆▄▆▅▆▆▅▇▆▅▆▆▆▅▇▆▅▆▆▅▇▅▅
wandb:     trend ▁▂▄▂▄▄▅▃▂▅▄▄▄▆▄▄▅▇▆▅▅▁▆▆▅▇▇▅▅▃▃▄▅▆▃▅█▅▄▅
wandb: 
wandb: Run summary:
wandb:  accuracy 0.75437
wandb:     alpha 0.95875
wandb:      beta 0.07855
wandb: binary_f1 0.0
wandb: detection 0.26908
wandb:      loss 32.25646
wandb:   quality 0.85697
wandb:   roc_auc 0.55949
wandb:     shape 0.7571
wandb:     trend 0.95684
wandb: 
wandb: 🚀 View run blooming-sweep-4 at: https://wandb.ai/andresguzco/XVFM/runs/sb9lra3v
wandb: ⭐️ View project at: https://wandb.ai/andresguzco/XVFM
wandb: Synced 6 W&B file(s), 0 media file(s), 0 artifact file(s) and 0 other file(s)
wandb: Find logs at: ./wandb/run-20250127_002743-sb9lra3v/logs
wandb: Terminating and syncing runs. Press ctrl-c to kill.
