[DEBUG] Host name:  gpu162.cluster.local
wandb: Starting wandb agent 🕵️
2025-01-27 00:40:19,656 - wandb.wandb_agent - INFO - Running runs: []
2025-01-27 00:40:19,833 - wandb.wandb_agent - INFO - Agent received command: run
2025-01-27 00:40:19,838 - wandb.wandb_agent - INFO - Agent starting run with config:
	batch_size: 1024
	d_layers: 512
	data_path: ../../data/shoppers
	dataset: shoppers
	dim_t: 64
	dropout: 0.5
	log_interval: 50
	lr: 0.01
	n_layers: 5
	num_epochs: 4000
	seed: 42
	task_type: binclass
2025-01-27 00:40:19,854 - wandb.wandb_agent - INFO - About to run command: /usr/bin/env python ../../main.py --batch_size=1024 --d_layers=512 --data_path=../../data/shoppers --dataset=shoppers --dim_t=64 --dropout=0.5 --log_interval=50 --lr=0.01 --n_layers=5 --num_epochs=4000 --seed=42 --task_type=binclass
2025-01-27 00:40:24,871 - wandb.wandb_agent - INFO - Running runs: ['by4dbdd6']
/h/aguzmanc/miniforge3/envs/eval/lib/python3.11/site-packages/xgboost/core.py:265: FutureWarning: Your system has an old version of glibc (< 2.28). We will stop supporting Linux distros with glibc older than 2.28 after **May 31, 2025**. Please upgrade to a recent Linux distro (with glibc 2.28+) to use future versions of XGBoost.
Note: You have installed the 'manylinux2014' variant of XGBoost. Certain features such as GPU algorithms or federated learning are not available. To use these features, please upgrade to a recent Linux distro with glibc 2.28+, and install the 'manylinux_2_28' variant.
  warnings.warn(
wandb: Currently logged in as: andresguzco. Use `wandb login --relogin` to force relogin
wandb: wandb version 0.19.4 is available!  To upgrade, please run:
wandb:  $ pip install wandb --upgrade
wandb: Tracking run with wandb version 0.16.6
wandb: Run data is saved locally in /fs01/home/aguzmanc/xvfm/src/sweeps/wandb/run-20250127_004049-by4dbdd6
wandb: Run `wandb offline` to turn off syncing.
wandb: Syncing run different-sweep-4
wandb: ⭐️ View project at https://wandb.ai/andresguzco/XVFM
wandb: 🧹 View sweep at https://wandb.ai/andresguzco/XVFM/sweeps/aojvbd3l
wandb: 🚀 View run at https://wandb.ai/andresguzco/XVFM/runs/by4dbdd6
Number of parameters: 1132236
Training parameters: {'num_epochs': 4000, 'batch_size': 1024, 'lr': 0.01, 'integration_steps': 100, 'sigma': 0.01, 'dataset': 'shoppers', 'log_interval': 50, 'seed': 42, 'results_dir': 'results', 'd_layers': 512, 'n_layers': 5, 'dropout': 0.5, 'dim_t': 64, 'data_path': '../../data/shoppers', 'task_type': 'binclass', 'arch': [512, 512, 512, 512, 512], 'num_feat': 10, 'classes': [10, 8, 13, 9, 20, 3, 2], 'd_in': 75}
Epoch [1/4000]: Loss: [748.3085]
Epoch [2/4000]: Loss: [230.1105]
Epoch [3/4000]: Loss: [154.7447]
Epoch [4/4000]: Loss: [140.5169]
Epoch [5/4000]: Loss: [133.6283]
Epoch [6/4000]: Loss: [137.0107]
Epoch [7/4000]: Loss: [138.3842]
Epoch [8/4000]: Loss: [138.3112]
Epoch [9/4000]: Loss: [134.8428]
Epoch [10/4000]: Loss: [136.5236]
Epoch [11/4000]: Loss: [130.8503]
Epoch [12/4000]: Loss: [136.8973]
Epoch [13/4000]: Loss: [137.9452]
Epoch [14/4000]: Loss: [135.7769]
Epoch [15/4000]: Loss: [135.1586]
Epoch [16/4000]: Loss: [131.5773]
Epoch [17/4000]: Loss: [133.4025]
Traceback (most recent call last):
  File "/fs01/home/aguzmanc/xvfm/src/sweeps/../../main.py", line 152, in <module>
    main(args)
  File "/fs01/home/aguzmanc/xvfm/src/sweeps/../../main.py", line 102, in main
    train(dataloader, test_data, flow_model, criterion, optimizer, 
    ^^^^^^^^^^^^^^^^^^^^^^^^^^^^^^^^^^^^^^^^^^^^^^^^^^^^^^^^^^^^^^
  File "/fs01/home/aguzmanc/xvfm/src/sweeps/../../main.py", line 143, in train
    scores = evaluate(args, model, test_data, savedir, epoch + 1, flag, device)
             ^^^^^^^^^^^^^^^^^^^^^^^^^^^^^^^^^^^^^^^^^^^^^^^^^^^^^^^^^^^^^^^^^^
  File "/fs01/home/aguzmanc/xvfm/xvfm/utils.py", line 57, in evaluate
    scores = get_performance(gen, test, args, plotting)
             ^^^^^^^^^^^^^^^^^^^^^^^^^^^^^^^^^^^^^^^^^^
  File "/fs01/home/aguzmanc/xvfm/xvfm/eval.py", line 85, in get_performance
    alpha, beta = get_quality(test_oh.cpu().numpy(), syn_oh.cpu().numpy())
                  ^^^^^^^^^^^^^^^^^^^^^^^^^^^^^^^^^^^^^^^^^^^^^^^^^^^^^^^^
  File "/fs01/home/aguzmanc/xvfm/xvfm/eval.py", line 165, in get_quality
    qual_res = quality_evaluator.evaluate(rloader, sloader)
               ^^^^^^^^^^^^^^^^^^^^^^^^^^^^^^^^^^^^^^^^^^^^
  File "pydantic/decorator.py", line 40, in pydantic.decorator.validate_arguments.validate.wrapper_function
    from contextlib import _GeneratorContextManager
  File "pydantic/decorator.py", line 134, in pydantic.decorator.ValidatedFunction.call
    
  File "pydantic/decorator.py", line 206, in pydantic.decorator.ValidatedFunction.execute
    
  File "/h/aguzmanc/miniforge3/envs/eval/lib/python3.11/site-packages/synthcity/metrics/eval_statistical.py", line 60, in evaluate
    results = self._evaluate(X_gt, X_syn)
              ^^^^^^^^^^^^^^^^^^^^^^^^^^^
  File "pydantic/decorator.py", line 40, in pydantic.decorator.validate_arguments.validate.wrapper_function
    from contextlib import _GeneratorContextManager
  File "pydantic/decorator.py", line 134, in pydantic.decorator.ValidatedFunction.call
    
  File "pydantic/decorator.py", line 206, in pydantic.decorator.ValidatedFunction.execute
    
  File "/h/aguzmanc/miniforge3/envs/eval/lib/python3.11/site-packages/synthcity/metrics/eval_statistical.py", line 720, in _evaluate
    oneclass_model = self._get_oneclass_model(X_)
                     ^^^^^^^^^^^^^^^^^^^^^^^^^^^^
  File "/h/aguzmanc/miniforge3/envs/eval/lib/python3.11/site-packages/synthcity/metrics/core/metric.py", line 119, in _get_oneclass_model
    return load_from_file(cache_file)
           ^^^^^^^^^^^^^^^^^^^^^^^^^^
  File "/h/aguzmanc/miniforge3/envs/eval/lib/python3.11/site-packages/synthcity/utils/serialization.py", line 158, in load_from_file
    with open(path, "rb") as f:
         ^^^^^^^^^^^^^^^^
FileNotFoundError: [Errno 2] No such file or directory: 'workspace/sc_metric_cache_model_oneclass_17677478246632158771_3.11.11.bkp'
2025-01-27 00:42:07,119 - wandb.wandb_agent - INFO - Cleaning up finished run: by4dbdd6
wandb: - 0.005 MB of 0.005 MB uploadedwandb: \ 0.005 MB of 0.028 MB uploadedwandb: 
wandb: Run history:
wandb:     alpha ▁▆██▆▇▇▇▇▇▇▇▆▇▇▇
wandb:      beta ▁▅▇█▇█▇▇█▇▇██▇▇█
wandb: detection ▁▁▂▇█▄█▇▅█▇▇▇▇▇▇
wandb:      loss █▂▁▁▁▁▁▁▁▁▁▁▁▁▁▁
wandb:   quality ▁▅▅▇▇▇▇▇▇█▇▇██▇█
wandb:     shape ▁▅▆▇▇▇▇▇▇█▇▇█▇▇█
wandb:     trend █▅▁▄▃▅▄▅▅▅▄▅▅▅▄▅
wandb: 
wandb: Run summary:
wandb:     alpha 0.55761
wandb:      beta 0.35685
wandb: detection 0.3933
wandb:      loss 131.57733
wandb:   quality 0.78038
wandb:     shape 0.63035
wandb:     trend 0.9304
wandb: 
wandb: 🚀 View run different-sweep-4 at: https://wandb.ai/andresguzco/XVFM/runs/by4dbdd6
wandb: ⭐️ View project at: https://wandb.ai/andresguzco/XVFM
wandb: Synced 6 W&B file(s), 0 media file(s), 0 artifact file(s) and 0 other file(s)
wandb: Find logs at: ./wandb/run-20250127_004049-by4dbdd6/logs
wandb: Terminating and syncing runs. Press ctrl-c to kill.
