[DEBUG] Host name:  gpu145.cluster.local
wandb: Starting wandb agent 🕵️
2025-01-27 00:39:48,494 - wandb.wandb_agent - INFO - Running runs: []
2025-01-27 00:39:48,802 - wandb.wandb_agent - INFO - Agent received command: run
2025-01-27 00:39:48,802 - wandb.wandb_agent - INFO - Agent starting run with config:
	batch_size: 2048
	d_layers: 512
	data_path: ../../data/news
	dataset: news
	dim_t: 64
	dropout: 0.5
	log_interval: 50
	lr: 0.01
	n_layers: 5
	num_epochs: 4000
	seed: 42
	task_type: regression
2025-01-27 00:39:48,808 - wandb.wandb_agent - INFO - About to run command: /usr/bin/env python ../../main.py --batch_size=2048 --d_layers=512 --data_path=../../data/news --dataset=news --dim_t=64 --dropout=0.5 --log_interval=50 --lr=0.01 --n_layers=5 --num_epochs=4000 --seed=42 --task_type=regression
2025-01-27 00:39:53,825 - wandb.wandb_agent - INFO - Running runs: ['jan21qzc']
/h/aguzmanc/miniforge3/envs/eval/lib/python3.11/site-packages/xgboost/core.py:265: FutureWarning: Your system has an old version of glibc (< 2.28). We will stop supporting Linux distros with glibc older than 2.28 after **May 31, 2025**. Please upgrade to a recent Linux distro (with glibc 2.28+) to use future versions of XGBoost.
Note: You have installed the 'manylinux2014' variant of XGBoost. Certain features such as GPU algorithms or federated learning are not available. To use these features, please upgrade to a recent Linux distro with glibc 2.28+, and install the 'manylinux_2_28' variant.
  warnings.warn(
wandb: Currently logged in as: andresguzco. Use `wandb login --relogin` to force relogin
wandb: wandb version 0.19.4 is available!  To upgrade, please run:
wandb:  $ pip install wandb --upgrade
wandb: Tracking run with wandb version 0.16.6
wandb: Run data is saved locally in /fs01/home/aguzmanc/xvfm/src/sweeps/wandb/run-20250127_004019-jan21qzc
wandb: Run `wandb offline` to turn off syncing.
wandb: Syncing run sweepy-sweep-4
wandb: ⭐️ View project at https://wandb.ai/andresguzco/XVFM
wandb: 🧹 View sweep at https://wandb.ai/andresguzco/XVFM/sweeps/vwuyhntw
wandb: 🚀 View run at https://wandb.ai/andresguzco/XVFM/runs/jan21qzc
Number of parameters: 1122427
Training parameters: {'num_epochs': 4000, 'batch_size': 2048, 'lr': 0.01, 'integration_steps': 100, 'sigma': 0.01, 'dataset': 'news', 'log_interval': 50, 'seed': 42, 'results_dir': 'results', 'd_layers': 512, 'n_layers': 5, 'dropout': 0.5, 'dim_t': 64, 'data_path': '../../data/news', 'task_type': 'regression', 'arch': [512, 512, 512, 512, 512], 'num_feat': 45, 'classes': [6, 7], 'd_in': 58}
Epoch [1/4000]: Loss: [57169.1105]
Epoch [2/4000]: Loss: [424.4465]
Epoch [3/4000]: Loss: [381.5908]
Epoch [4/4000]: Loss: [388.5742]
Epoch [5/4000]: Loss: [379.8233]
Epoch [6/4000]: Loss: [385.2087]
Epoch [7/4000]: Loss: [391.7587]
Epoch [8/4000]: Loss: [379.4869]
Epoch [9/4000]: Loss: [368.3057]
Epoch [10/4000]: Loss: [365.6959]
Epoch [11/4000]: Loss: [367.8361]
Epoch [12/4000]: Loss: [374.9275]
Epoch [13/4000]: Loss: [367.3831]
Epoch [14/4000]: Loss: [366.3956]
Epoch [15/4000]: Loss: [372.5201]
Epoch [16/4000]: Loss: [354.6284]
Epoch [17/4000]: Loss: [353.3677]
Epoch [18/4000]: Loss: [360.3729]
Epoch [19/4000]: Loss: [353.8321]
Epoch [20/4000]: Loss: [342.4844]
Epoch [21/4000]: Loss: [354.5923]
Epoch [22/4000]: Loss: [356.9988]
Epoch [23/4000]: Loss: [344.1664]
Epoch [24/4000]: Loss: [343.9703]
Epoch [25/4000]: Loss: [349.2439]
Epoch [26/4000]: Loss: [354.2114]
Epoch [27/4000]: Loss: [349.5218]
Epoch [28/4000]: Loss: [360.5005]
Epoch [29/4000]: Loss: [355.1658]
Epoch [30/4000]: Loss: [341.6691]
Epoch [31/4000]: Loss: [338.0482]
Epoch [32/4000]: Loss: [342.4492]
Epoch [33/4000]: Loss: [338.9688]
Epoch [34/4000]: Loss: [333.8388]
Epoch [35/4000]: Loss: [324.6809]
Epoch [36/4000]: Loss: [325.0083]
Epoch [37/4000]: Loss: [316.1129]
Epoch [38/4000]: Loss: [318.7896]
Epoch [39/4000]: Loss: [321.3672]
Epoch [40/4000]: Loss: [324.2694]
Epoch [41/4000]: Loss: [335.3590]
Epoch [42/4000]: Loss: [314.8359]
Epoch [43/4000]: Loss: [318.3857]
Epoch [44/4000]: Loss: [324.9631]
Epoch [45/4000]: Loss: [316.3310]
Epoch [46/4000]: Loss: [320.0648]
Epoch [47/4000]: Loss: [320.2278]
Epoch [48/4000]: Loss: [323.3687]
Epoch [49/4000]: Loss: [322.9492]
Epoch [50/4000]: Loss: [308.0293]
Epoch [51/4000]: Loss: [324.0388]
Epoch [52/4000]: Loss: [323.3080]
Epoch [53/4000]: Loss: [311.0490]
Epoch [54/4000]: Loss: [323.0089]
Epoch [55/4000]: Loss: [327.9595]
Epoch [56/4000]: Loss: [321.4237]
Epoch [57/4000]: Loss: [323.0964]
Epoch [58/4000]: Loss: [317.3629]
Epoch [59/4000]: Loss: [318.0497]
Epoch [60/4000]: Loss: [317.8740]
Epoch [61/4000]: Loss: [319.3512]
Epoch [62/4000]: Loss: [309.9244]
Epoch [63/4000]: Loss: [326.6821]
Epoch [64/4000]: Loss: [321.7146]
Epoch [65/4000]: Loss: [327.4545]
Epoch [66/4000]: Loss: [327.2401]
Epoch [67/4000]: Loss: [321.7513]
Epoch [68/4000]: Loss: [312.3888]
Epoch [69/4000]: Loss: [313.5989]
Epoch [70/4000]: Loss: [321.5428]
Epoch [71/4000]: Loss: [331.0963]
Epoch [72/4000]: Loss: [317.6001]
Epoch [73/4000]: Loss: [322.1279]
Epoch [74/4000]: Loss: [324.7136]
Epoch [75/4000]: Loss: [322.5519]
Epoch [76/4000]: Loss: [327.5085]
Epoch [77/4000]: Loss: [319.3987]
Epoch [78/4000]: Loss: [329.4641]
Epoch [79/4000]: Loss: [320.0550]
Epoch [80/4000]: Loss: [322.4761]
Epoch [81/4000]: Loss: [322.1273]
Epoch [82/4000]: Loss: [312.4269]
Epoch [83/4000]: Loss: [317.8564]
Epoch [84/4000]: Loss: [318.3034]
Epoch [85/4000]: Loss: [309.3180]
Epoch [86/4000]: Loss: [309.3631]
Epoch [87/4000]: Loss: [319.0652]
Epoch [88/4000]: Loss: [309.5318]
Epoch [89/4000]: Loss: [319.1625]
Epoch [90/4000]: Loss: [301.2284]
Epoch [91/4000]: Loss: [329.1692]
Epoch [92/4000]: Loss: [312.9526]
Epoch [93/4000]: Loss: [320.5925]
Epoch [94/4000]: Loss: [306.1262]
Epoch [95/4000]: Loss: [324.9632]
Epoch [96/4000]: Loss: [317.8472]
Epoch [97/4000]: Loss: [307.0208]
Epoch [98/4000]: Loss: [317.7954]
Epoch [99/4000]: Loss: [310.1443]
Epoch [100/4000]: Loss: [309.0496]
Epoch [101/4000]: Loss: [315.9167]
Epoch [102/4000]: Loss: [312.4402]
Epoch [103/4000]: Loss: [314.0800]
Epoch [104/4000]: Loss: [315.5508]
Epoch [105/4000]: Loss: [315.1712]
Epoch [106/4000]: Loss: [327.9203]
Epoch [107/4000]: Loss: [312.6186]
Epoch [108/4000]: Loss: [309.6889]
Epoch [109/4000]: Loss: [316.4152]
Epoch [110/4000]: Loss: [319.0939]
Epoch [111/4000]: Loss: [308.2988]
Epoch [112/4000]: Loss: [317.3058]
Epoch [113/4000]: Loss: [310.0932]
Epoch [114/4000]: Loss: [306.5928]
Epoch [115/4000]: Loss: [315.7631]
Epoch [116/4000]: Loss: [317.8136]
Epoch [117/4000]: Loss: [312.9433]
Epoch [118/4000]: Loss: [308.2609]
Epoch [119/4000]: Loss: [319.5382]
Epoch [120/4000]: Loss: [306.8142]
Epoch [121/4000]: Loss: [315.5199]
Epoch [122/4000]: Loss: [314.2678]
Epoch [123/4000]: Loss: [321.0944]
Epoch [124/4000]: Loss: [309.1054]
Epoch [125/4000]: Loss: [323.0079]
Epoch [126/4000]: Loss: [321.5455]
Epoch [127/4000]: Loss: [322.8045]
Epoch [128/4000]: Loss: [308.4660]
Epoch [129/4000]: Loss: [318.1665]
Epoch [130/4000]: Loss: [321.0898]
Epoch [131/4000]: Loss: [311.4711]
Epoch [132/4000]: Loss: [312.6297]
Epoch [133/4000]: Loss: [313.8691]
Epoch [134/4000]: Loss: [311.9373]
Epoch [135/4000]: Loss: [302.7894]
Epoch [136/4000]: Loss: [317.4759]
Epoch [137/4000]: Loss: [310.0985]
Epoch [138/4000]: Loss: [317.8809]
Epoch [139/4000]: Loss: [313.9406]
Epoch [140/4000]: Loss: [309.0104]
Epoch [141/4000]: Loss: [318.1553]
Epoch [142/4000]: Loss: [315.8157]
Epoch [143/4000]: Loss: [305.0028]
Epoch [144/4000]: Loss: [303.9716]
Epoch [145/4000]: Loss: [311.6525]
Epoch [146/4000]: Loss: [319.1347]
Epoch [147/4000]: Loss: [308.3103]
Epoch [148/4000]: Loss: [297.3608]
Epoch [149/4000]: Loss: [308.4672]
Epoch [150/4000]: Loss: [312.1057]
Epoch [151/4000]: Loss: [305.2924]
Epoch [152/4000]: Loss: [313.9947]
Epoch [153/4000]: Loss: [308.4863]
Epoch [154/4000]: Loss: [303.5607]
Epoch [155/4000]: Loss: [311.3893]
Epoch [156/4000]: Loss: [318.7264]
Epoch [157/4000]: Loss: [305.7076]
Epoch [158/4000]: Loss: [306.0007]
Epoch [159/4000]: Loss: [318.7236]
Epoch [160/4000]: Loss: [300.4019]
Epoch [161/4000]: Loss: [309.8620]
Epoch [162/4000]: Loss: [301.6511]
Epoch [163/4000]: Loss: [312.1888]
Epoch [164/4000]: Loss: [310.4939]
Epoch [165/4000]: Loss: [311.6636]
Epoch [166/4000]: Loss: [296.6267]
Epoch [167/4000]: Loss: [307.0686]
Epoch [168/4000]: Loss: [298.0359]
Epoch [169/4000]: Loss: [312.3616]
Epoch [170/4000]: Loss: [303.2111]
Epoch [171/4000]: Loss: [304.8237]
Epoch [172/4000]: Loss: [292.1999]
Epoch [173/4000]: Loss: [313.2279]
Epoch [174/4000]: Loss: [309.1529]
Epoch [175/4000]: Loss: [298.9057]
Epoch [176/4000]: Loss: [301.4912]
Epoch [177/4000]: Loss: [305.0171]
Epoch [178/4000]: Loss: [305.9393]
Epoch [179/4000]: Loss: [305.7020]
Epoch [180/4000]: Loss: [320.0699]
Epoch [181/4000]: Loss: [304.4863]
Epoch [182/4000]: Loss: [309.2695]
Epoch [183/4000]: Loss: [298.8873]
Epoch [184/4000]: Loss: [305.2038]
Epoch [185/4000]: Loss: [300.5706]
Epoch [186/4000]: Loss: [306.1218]
Epoch [187/4000]: Loss: [305.5060]
Epoch [188/4000]: Loss: [313.9044]
Epoch [189/4000]: Loss: [309.4078]
Epoch [190/4000]: Loss: [313.5839]
Epoch [191/4000]: Loss: [303.4464]
Epoch [192/4000]: Loss: [307.1611]
Epoch [193/4000]: Loss: [305.5226]
Epoch [194/4000]: Loss: [312.4628]
Epoch [195/4000]: Loss: [301.8934]
Epoch [196/4000]: Loss: [306.1970]
Epoch [197/4000]: Loss: [312.2166]
Epoch [198/4000]: Loss: [305.0460]
Epoch [199/4000]: Loss: [303.6763]
Epoch [200/4000]: Loss: [311.9349]
Epoch [201/4000]: Loss: [300.8218]
Epoch [202/4000]: Loss: [310.3028]
Epoch [203/4000]: Loss: [298.6116]
Epoch [204/4000]: Loss: [309.0094]
Epoch [205/4000]: Loss: [307.5286]
Epoch [206/4000]: Loss: [302.9212]
Epoch [207/4000]: Loss: [304.6319]
Epoch [208/4000]: Loss: [316.9078]
Epoch [209/4000]: Loss: [299.3482]
Epoch [210/4000]: Loss: [307.9561]
Epoch [211/4000]: Loss: [299.5608]
Epoch [212/4000]: Loss: [310.6817]
Epoch [213/4000]: Loss: [305.3759]
Epoch [214/4000]: Loss: [294.6380]
Epoch [215/4000]: Loss: [305.0696]
Epoch [216/4000]: Loss: [296.0485]
Epoch [217/4000]: Loss: [298.7203]
Epoch [218/4000]: Loss: [298.2273]
Epoch [219/4000]: Loss: [305.9124]
Epoch [220/4000]: Loss: [312.4088]
Epoch [221/4000]: Loss: [296.1387]
Epoch [222/4000]: Loss: [304.4937]
Epoch [223/4000]: Loss: [307.4783]
Epoch [224/4000]: Loss: [311.9134]
Epoch [225/4000]: Loss: [305.2035]
Epoch [226/4000]: Loss: [305.0467]
Epoch [227/4000]: Loss: [313.0782]
Epoch [228/4000]: Loss: [311.3874]
Epoch [229/4000]: Loss: [298.1194]
Epoch [230/4000]: Loss: [306.7397]
Epoch [231/4000]: Loss: [309.5301]
Epoch [232/4000]: Loss: [307.0316]
Epoch [233/4000]: Loss: [298.5165]
Epoch [234/4000]: Loss: [312.6724]
Epoch [235/4000]: Loss: [293.6148]
Epoch [236/4000]: Loss: [299.9583]
Epoch [237/4000]: Loss: [304.3770]
Epoch [238/4000]: Loss: [306.5456]
Epoch [239/4000]: Loss: [305.2852]
Epoch [240/4000]: Loss: [301.5547]
Epoch [241/4000]: Loss: [294.8710]
Epoch [242/4000]: Loss: [305.9350]
Epoch [243/4000]: Loss: [291.5437]
Epoch [244/4000]: Loss: [300.6796]
Epoch [245/4000]: Loss: [298.7699]
Epoch [246/4000]: Loss: [304.9212]
Epoch [247/4000]: Loss: [299.5466]
Epoch [248/4000]: Loss: [299.2214]
Epoch [249/4000]: Loss: [300.1902]
Epoch [250/4000]: Loss: [294.8186]
Epoch [251/4000]: Loss: [316.7355]
Epoch [252/4000]: Loss: [306.6351]
Epoch [253/4000]: Loss: [305.2328]
Epoch [254/4000]: Loss: [306.5086]
Epoch [255/4000]: Loss: [304.4725]
Epoch [256/4000]: Loss: [304.1641]
Epoch [257/4000]: Loss: [306.2881]
Epoch [258/4000]: Loss: [306.5526]
Epoch [259/4000]: Loss: [310.7553]
Epoch [260/4000]: Loss: [299.8008]
Epoch [261/4000]: Loss: [292.3443]
Epoch [262/4000]: Loss: [313.1270]
Epoch [263/4000]: Loss: [307.9121]
Epoch [264/4000]: Loss: [293.1628]
Epoch [265/4000]: Loss: [300.2530]
Epoch [266/4000]: Loss: [309.0576]
Epoch [267/4000]: Loss: [299.6472]
Epoch [268/4000]: Loss: [296.3980]
Epoch [269/4000]: Loss: [304.7197]
Epoch [270/4000]: Loss: [298.5037]
Epoch [271/4000]: Loss: [306.7436]
Epoch [272/4000]: Loss: [308.7066]
Epoch [273/4000]: Loss: [295.5957]
Epoch [274/4000]: Loss: [295.2151]
Epoch [275/4000]: Loss: [296.6104]
Epoch [276/4000]: Loss: [305.5640]
Epoch [277/4000]: Loss: [306.6074]
Epoch [278/4000]: Loss: [296.8075]
Epoch [279/4000]: Loss: [296.3897]
Epoch [280/4000]: Loss: [300.0666]
Epoch [281/4000]: Loss: [297.7149]
Epoch [282/4000]: Loss: [302.7481]
Epoch [283/4000]: Loss: [293.7965]
Epoch [284/4000]: Loss: [317.0228]
Epoch [285/4000]: Loss: [303.2692]
Epoch [286/4000]: Loss: [304.1612]
Epoch [287/4000]: Loss: [298.9554]
Epoch [288/4000]: Loss: [296.8801]
Epoch [289/4000]: Loss: [300.6504]
Epoch [290/4000]: Loss: [297.4647]
Epoch [291/4000]: Loss: [291.8942]
Epoch [292/4000]: Loss: [299.1438]
Epoch [293/4000]: Loss: [302.8623]
Epoch [294/4000]: Loss: [303.9956]
Epoch [295/4000]: Loss: [294.5635]
Epoch [296/4000]: Loss: [295.7012]
Epoch [297/4000]: Loss: [294.7966]
Epoch [298/4000]: Loss: [301.3448]
Epoch [299/4000]: Loss: [309.4068]
Epoch [300/4000]: Loss: [301.8326]
Epoch [301/4000]: Loss: [311.2451]
Epoch [302/4000]: Loss: [300.5335]
Epoch [303/4000]: Loss: [312.6430]
Epoch [304/4000]: Loss: [304.4879]
Epoch [305/4000]: Loss: [298.6230]
Epoch [306/4000]: Loss: [302.0072]
Epoch [307/4000]: Loss: [312.5664]
Epoch [308/4000]: Loss: [297.4244]
Epoch [309/4000]: Loss: [296.0113]
Epoch [310/4000]: Loss: [299.7547]
Epoch [311/4000]: Loss: [305.7224]
Epoch [312/4000]: Loss: [291.4779]
Epoch [313/4000]: Loss: [303.4362]
Epoch [314/4000]: Loss: [300.0780]
Epoch [315/4000]: Loss: [299.8237]
Epoch [316/4000]: Loss: [306.8974]
Epoch [317/4000]: Loss: [300.8620]
Epoch [318/4000]: Loss: [310.6262]
Epoch [319/4000]: Loss: [306.2657]
Epoch [320/4000]: Loss: [300.2071]
Epoch [321/4000]: Loss: [320.1850]
Epoch [322/4000]: Loss: [292.2035]
Epoch [323/4000]: Loss: [297.2180]
Epoch [324/4000]: Loss: [305.2856]
Epoch [325/4000]: Loss: [296.2324]
Epoch [326/4000]: Loss: [297.8798]
Epoch [327/4000]: Loss: [304.3327]
Epoch [328/4000]: Loss: [298.0083]
Epoch [329/4000]: Loss: [304.8718]
Epoch [330/4000]: Loss: [301.7520]
Epoch [331/4000]: Loss: [293.2551]
Epoch [332/4000]: Loss: [302.6425]
Epoch [333/4000]: Loss: [295.6572]
Epoch [334/4000]: Loss: [288.6529]
Epoch [335/4000]: Loss: [304.0462]
Epoch [336/4000]: Loss: [299.2527]
Epoch [337/4000]: Loss: [291.2042]
Epoch [338/4000]: Loss: [304.2473]
Epoch [339/4000]: Loss: [297.9644]
Epoch [340/4000]: Loss: [302.0783]
Epoch [341/4000]: Loss: [294.3826]
Epoch [342/4000]: Loss: [293.3495]
Epoch [343/4000]: Loss: [301.2629]
Epoch [344/4000]: Loss: [297.1829]
Epoch [345/4000]: Loss: [296.7437]
Epoch [346/4000]: Loss: [297.3899]
Epoch [347/4000]: Loss: [310.6695]
Epoch [348/4000]: Loss: [324.6863]
Epoch [349/4000]: Loss: [296.1454]
Epoch [350/4000]: Loss: [301.6271]
Epoch [351/4000]: Loss: [297.1914]
Epoch [352/4000]: Loss: [300.5027]
Epoch [353/4000]: Loss: [302.8736]
Epoch [354/4000]: Loss: [303.5141]
Epoch [355/4000]: Loss: [298.7446]
Epoch [356/4000]: Loss: [302.0912]
Epoch [357/4000]: Loss: [301.1237]
Epoch [358/4000]: Loss: [293.4448]
Epoch [359/4000]: Loss: [301.7001]
Epoch [360/4000]: Loss: [304.5405]
Epoch [361/4000]: Loss: [299.9752]
Epoch [362/4000]: Loss: [309.2594]
Epoch [363/4000]: Loss: [300.4323]
Epoch [364/4000]: Loss: [302.4856]
Epoch [365/4000]: Loss: [302.5749]
Epoch [366/4000]: Loss: [307.1131]
Epoch [367/4000]: Loss: [318.9332]
Epoch [368/4000]: Loss: [290.3724]
Epoch [369/4000]: Loss: [306.5259]
Epoch [370/4000]: Loss: [302.9132]
Epoch [371/4000]: Loss: [298.5758]
Epoch [372/4000]: Loss: [308.4930]
Epoch [373/4000]: Loss: [303.0465]
Epoch [374/4000]: Loss: [297.1444]
Epoch [375/4000]: Loss: [310.2488]
Epoch [376/4000]: Loss: [292.4072]
Epoch [377/4000]: Loss: [288.7274]
Epoch [378/4000]: Loss: [291.2020]
Epoch [379/4000]: Loss: [304.5812]
Epoch [380/4000]: Loss: [297.3530]
Epoch [381/4000]: Loss: [309.5186]
Epoch [382/4000]: Loss: [291.5532]
Epoch [383/4000]: Loss: [296.6458]
Epoch [384/4000]: Loss: [300.3435]
Epoch [385/4000]: Loss: [301.2662]
Epoch [386/4000]: Loss: [291.6773]
Epoch [387/4000]: Loss: [300.9427]
Epoch [388/4000]: Loss: [297.6071]
Epoch [389/4000]: Loss: [300.0140]
Epoch [390/4000]: Loss: [302.0961]
Epoch [391/4000]: Loss: [295.7321]
Epoch [392/4000]: Loss: [303.0385]
Epoch [393/4000]: Loss: [298.7306]
Epoch [394/4000]: Loss: [300.9042]
Epoch [395/4000]: Loss: [301.4709]
Epoch [396/4000]: Loss: [310.4935]
Epoch [397/4000]: Loss: [300.4176]
Epoch [398/4000]: Loss: [297.6704]
Epoch [399/4000]: Loss: [295.3657]
Epoch [400/4000]: Loss: [309.5323]
Epoch [401/4000]: Loss: [302.8651]
Epoch [402/4000]: Loss: [304.4571]
Epoch [403/4000]: Loss: [301.3313]
Epoch [404/4000]: Loss: [296.8190]
Epoch [405/4000]: Loss: [305.0606]
Epoch [406/4000]: Loss: [294.7693]
Epoch [407/4000]: Loss: [299.9697]
Epoch [408/4000]: Loss: [295.6419]
Epoch [409/4000]: Loss: [303.8570]
Epoch [410/4000]: Loss: [293.7837]
Epoch [411/4000]: Loss: [298.4454]
Epoch [412/4000]: Loss: [301.7106]
Epoch [413/4000]: Loss: [296.3022]
Epoch [414/4000]: Loss: [307.8486]
Epoch [415/4000]: Loss: [301.0078]
Epoch [416/4000]: Loss: [294.1078]
Epoch [417/4000]: Loss: [300.5883]
Epoch [418/4000]: Loss: [302.9652]
Epoch [419/4000]: Loss: [297.7440]
Epoch [420/4000]: Loss: [310.0843]
Epoch [421/4000]: Loss: [303.6947]
Epoch [422/4000]: Loss: [313.0476]
Epoch [423/4000]: Loss: [296.4061]
Epoch [424/4000]: Loss: [300.1293]
Epoch [425/4000]: Loss: [295.6562]
Epoch [426/4000]: Loss: [306.1817]
Epoch [427/4000]: Loss: [291.1510]
Epoch [428/4000]: Loss: [288.8488]
Epoch [429/4000]: Loss: [297.1311]
Epoch [430/4000]: Loss: [299.5910]
Epoch [431/4000]: Loss: [300.1217]
Epoch [432/4000]: Loss: [313.1763]
Epoch [433/4000]: Loss: [303.2693]
Epoch [434/4000]: Loss: [293.4632]
Epoch [435/4000]: Loss: [311.6896]
Epoch [436/4000]: Loss: [295.0467]
Epoch [437/4000]: Loss: [301.8196]
Epoch [438/4000]: Loss: [297.8387]
Epoch [439/4000]: Loss: [299.5458]
Epoch [440/4000]: Loss: [301.0908]
Epoch [441/4000]: Loss: [297.1588]
Epoch [442/4000]: Loss: [300.1816]
Epoch [443/4000]: Loss: [301.5379]
Epoch [444/4000]: Loss: [297.0804]
Epoch [445/4000]: Loss: [296.1240]
Epoch [446/4000]: Loss: [302.6015]
Epoch [447/4000]: Loss: [309.0985]
Epoch [448/4000]: Loss: [302.5679]
Epoch [449/4000]: Loss: [308.0717]
Epoch [450/4000]: Loss: [304.1309]
Epoch [451/4000]: Loss: [300.1642]
Epoch [452/4000]: Loss: [301.0363]
Epoch [453/4000]: Loss: [307.6671]
Epoch [454/4000]: Loss: [301.2680]
Epoch [455/4000]: Loss: [302.7803]
Epoch [456/4000]: Loss: [300.2505]
Epoch [457/4000]: Loss: [292.4696]
Epoch [458/4000]: Loss: [292.2482]
Epoch [459/4000]: Loss: [285.8571]
Epoch [460/4000]: Loss: [308.3540]
Epoch [461/4000]: Loss: [293.1455]
Epoch [462/4000]: Loss: [296.8488]
Epoch [463/4000]: Loss: [303.2578]
Epoch [464/4000]: Loss: [302.2374]
Epoch [465/4000]: Loss: [296.7242]
Epoch [466/4000]: Loss: [293.3139]
Epoch [467/4000]: Loss: [308.9341]
Epoch [468/4000]: Loss: [294.7466]
Epoch [469/4000]: Loss: [300.0209]
Epoch [470/4000]: Loss: [304.9751]
Epoch [471/4000]: Loss: [293.9285]
Epoch [472/4000]: Loss: [299.4080]
Epoch [473/4000]: Loss: [306.7995]
Epoch [474/4000]: Loss: [296.5200]
Epoch [475/4000]: Loss: [292.2415]
Epoch [476/4000]: Loss: [301.8154]
Epoch [477/4000]: Loss: [297.2577]
Epoch [478/4000]: Loss: [301.7763]
Epoch [479/4000]: Loss: [293.2138]
Epoch [480/4000]: Loss: [298.3331]
Epoch [481/4000]: Loss: [293.7682]
Epoch [482/4000]: Loss: [304.9172]
Epoch [483/4000]: Loss: [291.8629]
Epoch [484/4000]: Loss: [306.3095]
Epoch [485/4000]: Loss: [298.4897]
Epoch [486/4000]: Loss: [303.6645]
Epoch [487/4000]: Loss: [305.5253]
Epoch [488/4000]: Loss: [298.2622]
Epoch [489/4000]: Loss: [296.6954]
Epoch [490/4000]: Loss: [309.6917]
Epoch [491/4000]: Loss: [295.6101]
Epoch [492/4000]: Loss: [299.1900]
Epoch [493/4000]: Loss: [298.0424]
Epoch [494/4000]: Loss: [301.2640]
Epoch [495/4000]: Loss: [300.8407]
Epoch [496/4000]: Loss: [300.8169]
Epoch [497/4000]: Loss: [294.5621]
Epoch [498/4000]: Loss: [290.7981]
Epoch [499/4000]: Loss: [293.8302]
Epoch [500/4000]: Loss: [295.3807]
Epoch [501/4000]: Loss: [300.6461]
Epoch [502/4000]: Loss: [308.2054]
Epoch [503/4000]: Loss: [305.1807]
Epoch [504/4000]: Loss: [309.3834]
Epoch [505/4000]: Loss: [310.5955]
Epoch [506/4000]: Loss: [309.2441]
Epoch [507/4000]: Loss: [304.1119]
Epoch [508/4000]: Loss: [305.9426]
Epoch [509/4000]: Loss: [303.8304]
Epoch [510/4000]: Loss: [307.3613]
Epoch [511/4000]: Loss: [295.7324]
Epoch [512/4000]: Loss: [299.5729]
Epoch [513/4000]: Loss: [300.0985]
Epoch [514/4000]: Loss: [295.1555]
Epoch [515/4000]: Loss: [306.9449]
Epoch [516/4000]: Loss: [305.7433]
Epoch [517/4000]: Loss: [295.3735]
Epoch [518/4000]: Loss: [294.8954]
Epoch [519/4000]: Loss: [306.0715]
Epoch [520/4000]: Loss: [309.1930]
Epoch [521/4000]: Loss: [297.8818]
Epoch [522/4000]: Loss: [298.0886]
Epoch [523/4000]: Loss: [309.4405]
Epoch [524/4000]: Loss: [290.6106]
Epoch [525/4000]: Loss: [291.5395]
Epoch [526/4000]: Loss: [309.7460]
Epoch [527/4000]: Loss: [299.9744]
Epoch [528/4000]: Loss: [302.1569]
Epoch [529/4000]: Loss: [301.9900]
Epoch [530/4000]: Loss: [302.8812]
Epoch [531/4000]: Loss: [292.7289]
Epoch [532/4000]: Loss: [299.4233]
Epoch [533/4000]: Loss: [302.2294]
Epoch [534/4000]: Loss: [293.6691]
Epoch [535/4000]: Loss: [305.4028]
Epoch [536/4000]: Loss: [293.9932]
Epoch [537/4000]: Loss: [318.3840]
Epoch [538/4000]: Loss: [296.8538]
Epoch [539/4000]: Loss: [298.3241]
Epoch [540/4000]: Loss: [297.6576]
Epoch [541/4000]: Loss: [301.0408]
Epoch [542/4000]: Loss: [303.5226]
Epoch [543/4000]: Loss: [296.3628]
Epoch [544/4000]: Loss: [304.9453]
Epoch [545/4000]: Loss: [292.9659]
Epoch [546/4000]: Loss: [291.5381]
Epoch [547/4000]: Loss: [299.4115]
Epoch [548/4000]: Loss: [300.9223]
Epoch [549/4000]: Loss: [298.7209]
Epoch [550/4000]: Loss: [304.7026]
Epoch [551/4000]: Loss: [313.5951]
Epoch [552/4000]: Loss: [297.0087]
Epoch [553/4000]: Loss: [309.9387]
Epoch [554/4000]: Loss: [304.5679]
Epoch [555/4000]: Loss: [296.5873]
Epoch [556/4000]: Loss: [306.7975]
Epoch [557/4000]: Loss: [299.2268]
Epoch [558/4000]: Loss: [298.0197]
Epoch [559/4000]: Loss: [300.7075]
Epoch [560/4000]: Loss: [298.9314]
Epoch [561/4000]: Loss: [301.1626]
Epoch [562/4000]: Loss: [303.9286]
Epoch [563/4000]: Loss: [294.3616]
Epoch [564/4000]: Loss: [296.9646]
Epoch [565/4000]: Loss: [305.5577]
Epoch [566/4000]: Loss: [308.5518]
Epoch [567/4000]: Loss: [299.9575]
Epoch [568/4000]: Loss: [301.8777]
Epoch [569/4000]: Loss: [303.9458]
Epoch [570/4000]: Loss: [301.3867]
Epoch [571/4000]: Loss: [305.1545]
Epoch [572/4000]: Loss: [303.1548]
Epoch [573/4000]: Loss: [297.9789]
Epoch [574/4000]: Loss: [296.6579]
Epoch [575/4000]: Loss: [297.7037]
Epoch [576/4000]: Loss: [302.0963]
Epoch [577/4000]: Loss: [297.5801]
Epoch [578/4000]: Loss: [306.6711]
Epoch [579/4000]: Loss: [299.4229]
Epoch [580/4000]: Loss: [288.7920]
Epoch [581/4000]: Loss: [311.3975]
Epoch [582/4000]: Loss: [310.0520]
Epoch [583/4000]: Loss: [303.1728]
Epoch [584/4000]: Loss: [303.0753]
Epoch [585/4000]: Loss: [294.1094]
Epoch [586/4000]: Loss: [305.2891]
Epoch [587/4000]: Loss: [305.3299]
Epoch [588/4000]: Loss: [292.9470]
Epoch [589/4000]: Loss: [299.0524]
Epoch [590/4000]: Loss: [300.6156]
Epoch [591/4000]: Loss: [292.3633]
Epoch [592/4000]: Loss: [293.6951]
Epoch [593/4000]: Loss: [300.5664]
Epoch [594/4000]: Loss: [301.7331]
Epoch [595/4000]: Loss: [302.3899]
Epoch [596/4000]: Loss: [302.3062]
Epoch [597/4000]: Loss: [298.9430]
Epoch [598/4000]: Loss: [297.6478]
Epoch [599/4000]: Loss: [305.0158]
Epoch [600/4000]: Loss: [296.6273]
Epoch [601/4000]: Loss: [306.9766]
Epoch [602/4000]: Loss: [315.5024]
Epoch [603/4000]: Loss: [297.1055]
Epoch [604/4000]: Loss: [299.5180]
Epoch [605/4000]: Loss: [305.2678]
Epoch [606/4000]: Loss: [307.3876]
Epoch [607/4000]: Loss: [294.1048]
Epoch [608/4000]: Loss: [306.6804]
Epoch [609/4000]: Loss: [314.4102]
Epoch [610/4000]: Loss: [305.4541]
Epoch [611/4000]: Loss: [293.0564]
Epoch [612/4000]: Loss: [307.6694]
Epoch [613/4000]: Loss: [299.2238]
Epoch [614/4000]: Loss: [295.5434]
Epoch [615/4000]: Loss: [298.7509]
Epoch [616/4000]: Loss: [308.4758]
Epoch [617/4000]: Loss: [301.8528]
Epoch [618/4000]: Loss: [300.8933]
Epoch [619/4000]: Loss: [299.0018]
Epoch [620/4000]: Loss: [299.9048]
Epoch [621/4000]: Loss: [299.3800]
Epoch [622/4000]: Loss: [298.9322]
Epoch [623/4000]: Loss: [301.6929]
Epoch [624/4000]: Loss: [293.9830]
Epoch [625/4000]: Loss: [306.3849]
Epoch [626/4000]: Loss: [313.8180]
Epoch [627/4000]: Loss: [311.7568]
Epoch [628/4000]: Loss: [295.3974]
Epoch [629/4000]: Loss: [304.3375]
Epoch [630/4000]: Loss: [297.1220]
Epoch [631/4000]: Loss: [296.9970]
Epoch [632/4000]: Loss: [293.3149]
Epoch [633/4000]: Loss: [305.8088]
Epoch [634/4000]: Loss: [300.3454]
Epoch [635/4000]: Loss: [301.8848]
Epoch [636/4000]: Loss: [293.5657]
Epoch [637/4000]: Loss: [298.8453]
Epoch [638/4000]: Loss: [298.1861]
Epoch [639/4000]: Loss: [299.6461]
Epoch [640/4000]: Loss: [291.8624]
Epoch [641/4000]: Loss: [309.2588]
Epoch [642/4000]: Loss: [298.7074]
Epoch [643/4000]: Loss: [292.0267]
Epoch [644/4000]: Loss: [296.5553]
Epoch [645/4000]: Loss: [304.5936]
Epoch [646/4000]: Loss: [303.9891]
Epoch [647/4000]: Loss: [305.0860]
Epoch [648/4000]: Loss: [301.7129]
Epoch [649/4000]: Loss: [308.1301]
Epoch [650/4000]: Loss: [304.4975]
Epoch [651/4000]: Loss: [293.1549]
Epoch [652/4000]: Loss: [297.0129]
Epoch [653/4000]: Loss: [307.8033]
Epoch [654/4000]: Loss: [288.4563]
Epoch [655/4000]: Loss: [296.1814]
Epoch [656/4000]: Loss: [311.2736]
Epoch [657/4000]: Loss: [303.4466]
Epoch [658/4000]: Loss: [301.6273]
Epoch [659/4000]: Loss: [294.4006]
Epoch [660/4000]: Loss: [310.4321]
Epoch [661/4000]: Loss: [305.8848]
Epoch [662/4000]: Loss: [303.0486]
Epoch [663/4000]: Loss: [294.4098]
Epoch [664/4000]: Loss: [299.0489]
Epoch [665/4000]: Loss: [306.1771]
Epoch [666/4000]: Loss: [302.5373]
Epoch [667/4000]: Loss: [289.4709]
Epoch [668/4000]: Loss: [292.3893]
Epoch [669/4000]: Loss: [293.2064]
Epoch [670/4000]: Loss: [304.1865]
Epoch [671/4000]: Loss: [296.6023]
Epoch [672/4000]: Loss: [303.2164]
Epoch [673/4000]: Loss: [297.1457]
Epoch [674/4000]: Loss: [297.4289]
Epoch [675/4000]: Loss: [301.0372]
Epoch [676/4000]: Loss: [303.1827]
Epoch [677/4000]: Loss: [307.5854]
Epoch [678/4000]: Loss: [296.1729]
Epoch [679/4000]: Loss: [298.5113]
Epoch [680/4000]: Loss: [302.0090]
Epoch [681/4000]: Loss: [298.5235]
Epoch [682/4000]: Loss: [305.0575]
Epoch [683/4000]: Loss: [302.2672]
Epoch [684/4000]: Loss: [286.1160]
Epoch [685/4000]: Loss: [308.0267]
Epoch [686/4000]: Loss: [303.1210]
Epoch [687/4000]: Loss: [304.2752]
Epoch [688/4000]: Loss: [295.4760]
Epoch [689/4000]: Loss: [307.8844]
Epoch [690/4000]: Loss: [298.0477]
Epoch [691/4000]: Loss: [298.5950]
Epoch [692/4000]: Loss: [296.7393]
Epoch [693/4000]: Loss: [303.0324]
Epoch [694/4000]: Loss: [295.8832]
Epoch [695/4000]: Loss: [295.8918]
Epoch [696/4000]: Loss: [293.1477]
Epoch [697/4000]: Loss: [308.8304]
Epoch [698/4000]: Loss: [295.3226]
Epoch [699/4000]: Loss: [300.5163]
Epoch [700/4000]: Loss: [299.7448]
Epoch [701/4000]: Loss: [286.9734]
Epoch [702/4000]: Loss: [299.7976]
Epoch [703/4000]: Loss: [299.2724]
Epoch [704/4000]: Loss: [301.4100]
Epoch [705/4000]: Loss: [309.3463]
Epoch [706/4000]: Loss: [290.6900]
Epoch [707/4000]: Loss: [304.3304]
Epoch [708/4000]: Loss: [300.6111]
Epoch [709/4000]: Loss: [302.1027]
Epoch [710/4000]: Loss: [308.3132]
Epoch [711/4000]: Loss: [304.5126]
Epoch [712/4000]: Loss: [296.9485]
Epoch [713/4000]: Loss: [307.1601]
Epoch [714/4000]: Loss: [302.7035]
Epoch [715/4000]: Loss: [302.8041]
Epoch [716/4000]: Loss: [300.2244]
Epoch [717/4000]: Loss: [297.7633]
Epoch [718/4000]: Loss: [296.9085]
Epoch [719/4000]: Loss: [298.6710]
Epoch [720/4000]: Loss: [295.7735]
Epoch [721/4000]: Loss: [301.6569]
Epoch [722/4000]: Loss: [295.0317]
Epoch [723/4000]: Loss: [298.6155]
Epoch [724/4000]: Loss: [294.7691]
Epoch [725/4000]: Loss: [309.1498]
Epoch [726/4000]: Loss: [306.2382]
Epoch [727/4000]: Loss: [299.3188]
Epoch [728/4000]: Loss: [300.9057]
Epoch [729/4000]: Loss: [309.5834]
Epoch [730/4000]: Loss: [299.7131]
Epoch [731/4000]: Loss: [317.4556]
Epoch [732/4000]: Loss: [299.2115]
Epoch [733/4000]: Loss: [307.5090]
Epoch [734/4000]: Loss: [302.2511]
Epoch [735/4000]: Loss: [301.9086]
Epoch [736/4000]: Loss: [303.1390]
Epoch [737/4000]: Loss: [295.7861]
Epoch [738/4000]: Loss: [313.1369]
Epoch [739/4000]: Loss: [302.6029]
Epoch [740/4000]: Loss: [301.5106]
Epoch [741/4000]: Loss: [298.7324]
Epoch [742/4000]: Loss: [298.2474]
Epoch [743/4000]: Loss: [304.3499]
Epoch [744/4000]: Loss: [310.1456]
Epoch [745/4000]: Loss: [297.7580]
Epoch [746/4000]: Loss: [299.5994]
Epoch [747/4000]: Loss: [300.7014]
Epoch [748/4000]: Loss: [296.6078]
Epoch [749/4000]: Loss: [306.0726]
Epoch [750/4000]: Loss: [292.2404]
Epoch [751/4000]: Loss: [304.7765]
Epoch [752/4000]: Loss: [293.5741]
Epoch [753/4000]: Loss: [295.9178]
Epoch [754/4000]: Loss: [307.5506]
Epoch [755/4000]: Loss: [310.8211]
Epoch [756/4000]: Loss: [312.5185]
Epoch [757/4000]: Loss: [306.9139]
Epoch [758/4000]: Loss: [303.8934]
Epoch [759/4000]: Loss: [295.8804]
Epoch [760/4000]: Loss: [297.6143]
Epoch [761/4000]: Loss: [292.9797]
Epoch [762/4000]: Loss: [301.1576]
Epoch [763/4000]: Loss: [284.5039]
Epoch [764/4000]: Loss: [305.5678]
Epoch [765/4000]: Loss: [305.0385]
Epoch [766/4000]: Loss: [300.5720]
Epoch [767/4000]: Loss: [298.5102]
Epoch [768/4000]: Loss: [297.5179]
Epoch [769/4000]: Loss: [302.1373]
Epoch [770/4000]: Loss: [296.0691]
Epoch [771/4000]: Loss: [305.3414]
Epoch [772/4000]: Loss: [299.4253]
Epoch [773/4000]: Loss: [300.2419]
Epoch [774/4000]: Loss: [299.0658]
Epoch [775/4000]: Loss: [301.7488]
Epoch [776/4000]: Loss: [294.0261]
Epoch [777/4000]: Loss: [296.9923]
Epoch [778/4000]: Loss: [301.4525]
Epoch [779/4000]: Loss: [295.3460]
Epoch [780/4000]: Loss: [298.0099]
Epoch [781/4000]: Loss: [305.3672]
Epoch [782/4000]: Loss: [307.9304]
Epoch [783/4000]: Loss: [295.7399]
Epoch [784/4000]: Loss: [306.6331]
Epoch [785/4000]: Loss: [311.9003]
Epoch [786/4000]: Loss: [300.1505]
Epoch [787/4000]: Loss: [304.9307]
Epoch [788/4000]: Loss: [299.2956]
Epoch [789/4000]: Loss: [300.4457]
Epoch [790/4000]: Loss: [301.4814]
Epoch [791/4000]: Loss: [306.0517]
Epoch [792/4000]: Loss: [298.1592]
Epoch [793/4000]: Loss: [297.7138]
Epoch [794/4000]: Loss: [301.4749]
Epoch [795/4000]: Loss: [288.8249]
Epoch [796/4000]: Loss: [296.8196]
Epoch [797/4000]: Loss: [297.9576]
Epoch [798/4000]: Loss: [301.2181]
Epoch [799/4000]: Loss: [310.1354]
Epoch [800/4000]: Loss: [302.4989]
Epoch [801/4000]: Loss: [306.1025]
Epoch [802/4000]: Loss: [303.4429]
Epoch [803/4000]: Loss: [298.2423]
Epoch [804/4000]: Loss: [298.5615]
Epoch [805/4000]: Loss: [305.2087]
Epoch [806/4000]: Loss: [296.0597]
Epoch [807/4000]: Loss: [296.0592]
Epoch [808/4000]: Loss: [300.4357]
Epoch [809/4000]: Loss: [294.8057]
Epoch [810/4000]: Loss: [297.7930]
Epoch [811/4000]: Loss: [291.5533]
Epoch [812/4000]: Loss: [302.4007]
Epoch [813/4000]: Loss: [299.0976]
Epoch [814/4000]: Loss: [304.7129]
Epoch [815/4000]: Loss: [293.9464]
Epoch [816/4000]: Loss: [286.1413]
Epoch [817/4000]: Loss: [299.8694]
Epoch [818/4000]: Loss: [310.8224]
Epoch [819/4000]: Loss: [312.3590]
Epoch [820/4000]: Loss: [301.6431]
Epoch [821/4000]: Loss: [301.7997]
Epoch [822/4000]: Loss: [306.4190]
Epoch [823/4000]: Loss: [293.4424]
Epoch [824/4000]: Loss: [312.2084]
Epoch [825/4000]: Loss: [300.4826]
Epoch [826/4000]: Loss: [308.5684]
Epoch [827/4000]: Loss: [303.3140]
Epoch [828/4000]: Loss: [296.6880]
Epoch [829/4000]: Loss: [292.8435]
Epoch [830/4000]: Loss: [301.0214]
Epoch [831/4000]: Loss: [298.5681]
Epoch [832/4000]: Loss: [299.6466]
Epoch [833/4000]: Loss: [309.3914]
Epoch [834/4000]: Loss: [298.9514]
Epoch [835/4000]: Loss: [301.8563]
Epoch [836/4000]: Loss: [294.0654]
Epoch [837/4000]: Loss: [308.5633]
Epoch [838/4000]: Loss: [295.8030]
Epoch [839/4000]: Loss: [299.2592]
Epoch [840/4000]: Loss: [296.2496]
Epoch [841/4000]: Loss: [303.9105]
Epoch [842/4000]: Loss: [300.8905]
Epoch [843/4000]: Loss: [299.4284]
Epoch [844/4000]: Loss: [300.8259]
Epoch [845/4000]: Loss: [299.6889]
Epoch [846/4000]: Loss: [299.5157]
Epoch [847/4000]: Loss: [319.2897]
Epoch [848/4000]: Loss: [303.8809]
Epoch [849/4000]: Loss: [300.8154]
Epoch [850/4000]: Loss: [298.8655]
Epoch [851/4000]: Loss: [310.0708]
Epoch [852/4000]: Loss: [296.9733]
Epoch [853/4000]: Loss: [302.1689]
Epoch [854/4000]: Loss: [296.8608]
Epoch [855/4000]: Loss: [300.6421]
Epoch [856/4000]: Loss: [298.3767]
Epoch [857/4000]: Loss: [299.0170]
Epoch [858/4000]: Loss: [296.4885]
Epoch [859/4000]: Loss: [291.1334]
Epoch [860/4000]: Loss: [298.8419]
Epoch [861/4000]: Loss: [300.7499]
Epoch [862/4000]: Loss: [302.5839]
Epoch [863/4000]: Loss: [301.3087]
Epoch [864/4000]: Loss: [304.1703]
Epoch [865/4000]: Loss: [304.8772]
Epoch [866/4000]: Loss: [304.7320]
Epoch [867/4000]: Loss: [302.8418]
Epoch [868/4000]: Loss: [308.0887]
Epoch [869/4000]: Loss: [306.9768]
Epoch [870/4000]: Loss: [312.4671]
Epoch [871/4000]: Loss: [295.8174]
Epoch [872/4000]: Loss: [298.7239]
Epoch [873/4000]: Loss: [301.3762]
Epoch [874/4000]: Loss: [299.8495]
Epoch [875/4000]: Loss: [307.9847]
Epoch [876/4000]: Loss: [296.2457]
Epoch [877/4000]: Loss: [289.0535]
Epoch [878/4000]: Loss: [305.5349]
Epoch [879/4000]: Loss: [299.0441]
Epoch [880/4000]: Loss: [307.1114]
Epoch [881/4000]: Loss: [295.6780]
Epoch [882/4000]: Loss: [305.6039]
Epoch [883/4000]: Loss: [299.9213]
Epoch [884/4000]: Loss: [302.1788]
Epoch [885/4000]: Loss: [307.0347]
Epoch [886/4000]: Loss: [300.5379]
Epoch [887/4000]: Loss: [302.7741]
Epoch [888/4000]: Loss: [299.9245]
Epoch [889/4000]: Loss: [301.7557]
Epoch [890/4000]: Loss: [303.4760]
Epoch [891/4000]: Loss: [295.8099]
Epoch [892/4000]: Loss: [301.6135]
Epoch [893/4000]: Loss: [301.5540]
Epoch [894/4000]: Loss: [299.3244]
Epoch [895/4000]: Loss: [313.6720]
Epoch [896/4000]: Loss: [298.6261]
Epoch [897/4000]: Loss: [300.4352]
Epoch [898/4000]: Loss: [303.4388]
Epoch [899/4000]: Loss: [307.0095]
Epoch [900/4000]: Loss: [302.7247]
Epoch [901/4000]: Loss: [298.4855]
Epoch [902/4000]: Loss: [300.2696]
Epoch [903/4000]: Loss: [304.9936]
Epoch [904/4000]: Loss: [295.5279]
Epoch [905/4000]: Loss: [299.6002]
Epoch [906/4000]: Loss: [299.8158]
Epoch [907/4000]: Loss: [300.2010]
Epoch [908/4000]: Loss: [317.8799]
Epoch [909/4000]: Loss: [298.7649]
Epoch [910/4000]: Loss: [297.0082]
Epoch [911/4000]: Loss: [300.9396]
Epoch [912/4000]: Loss: [300.6230]
Epoch [913/4000]: Loss: [297.1758]
Epoch [914/4000]: Loss: [300.5042]
Epoch [915/4000]: Loss: [297.0761]
Epoch [916/4000]: Loss: [299.0018]
Epoch [917/4000]: Loss: [290.6774]
Epoch [918/4000]: Loss: [303.9369]
Epoch [919/4000]: Loss: [294.3235]
Epoch [920/4000]: Loss: [297.2802]
Epoch [921/4000]: Loss: [294.9828]
Epoch [922/4000]: Loss: [301.2902]
Epoch [923/4000]: Loss: [309.8082]
Epoch [924/4000]: Loss: [293.9079]
Epoch [925/4000]: Loss: [304.1441]
Epoch [926/4000]: Loss: [304.4777]
Epoch [927/4000]: Loss: [306.7479]
Epoch [928/4000]: Loss: [301.9749]
Epoch [929/4000]: Loss: [298.1747]
Epoch [930/4000]: Loss: [298.0268]
Epoch [931/4000]: Loss: [308.1106]
Epoch [932/4000]: Loss: [295.7043]
Epoch [933/4000]: Loss: [306.3953]
Epoch [934/4000]: Loss: [290.5844]
Epoch [935/4000]: Loss: [294.8984]
Epoch [936/4000]: Loss: [296.7014]
Epoch [937/4000]: Loss: [297.2685]
Epoch [938/4000]: Loss: [304.9024]
Epoch [939/4000]: Loss: [297.7447]
Epoch [940/4000]: Loss: [298.6703]
Epoch [941/4000]: Loss: [302.5715]
Epoch [942/4000]: Loss: [302.3176]
Epoch [943/4000]: Loss: [300.4608]
Epoch [944/4000]: Loss: [306.8147]
Epoch [945/4000]: Loss: [302.8228]
Epoch [946/4000]: Loss: [305.3515]
Epoch [947/4000]: Loss: [300.4090]
Epoch [948/4000]: Loss: [299.4677]
Epoch [949/4000]: Loss: [302.8359]
Epoch [950/4000]: Loss: [307.0609]
Epoch [951/4000]: Loss: [305.7482]
Epoch [952/4000]: Loss: [299.2568]
Epoch [953/4000]: Loss: [295.9841]
Epoch [954/4000]: Loss: [298.4840]
Epoch [955/4000]: Loss: [295.9360]
Epoch [956/4000]: Loss: [302.6049]
Epoch [957/4000]: Loss: [298.9905]
Epoch [958/4000]: Loss: [311.3953]
Epoch [959/4000]: Loss: [296.1050]
Epoch [960/4000]: Loss: [295.1285]
Epoch [961/4000]: Loss: [298.3626]
Epoch [962/4000]: Loss: [296.9500]
Epoch [963/4000]: Loss: [304.9121]
Epoch [964/4000]: Loss: [308.4768]
Epoch [965/4000]: Loss: [313.1584]
Epoch [966/4000]: Loss: [308.1473]
Epoch [967/4000]: Loss: [309.2868]
Epoch [968/4000]: Loss: [305.9525]
Epoch [969/4000]: Loss: [300.0421]
Epoch [970/4000]: Loss: [300.5172]
Epoch [971/4000]: Loss: [294.6525]
Epoch [972/4000]: Loss: [299.3668]
Epoch [973/4000]: Loss: [303.5980]
Epoch [974/4000]: Loss: [301.5248]
Epoch [975/4000]: Loss: [301.0511]
Epoch [976/4000]: Loss: [302.6072]
Epoch [977/4000]: Loss: [287.4080]
Epoch [978/4000]: Loss: [297.5587]
Epoch [979/4000]: Loss: [297.2038]
Epoch [980/4000]: Loss: [301.8177]
Epoch [981/4000]: Loss: [293.1826]
Epoch [982/4000]: Loss: [304.3767]
Epoch [983/4000]: Loss: [301.2881]
Epoch [984/4000]: Loss: [295.8326]
Epoch [985/4000]: Loss: [300.2774]
Epoch [986/4000]: Loss: [306.6671]
Epoch [987/4000]: Loss: [303.0548]
Epoch [988/4000]: Loss: [295.5455]
Epoch [989/4000]: Loss: [299.6033]
Epoch [990/4000]: Loss: [300.9745]
Epoch [991/4000]: Loss: [293.8311]
Epoch [992/4000]: Loss: [304.5200]
Epoch [993/4000]: Loss: [299.0958]
Epoch [994/4000]: Loss: [298.1911]
Epoch [995/4000]: Loss: [299.8161]
Epoch [996/4000]: Loss: [305.3423]
Epoch [997/4000]: Loss: [287.6623]
Epoch [998/4000]: Loss: [301.6043]
Epoch [999/4000]: Loss: [295.6822]
Epoch [1000/4000]: Loss: [310.0558]
Epoch [1001/4000]: Loss: [306.7069]
Epoch [1002/4000]: Loss: [298.1810]
Epoch [1003/4000]: Loss: [309.0210]
Epoch [1004/4000]: Loss: [297.2121]
Epoch [1005/4000]: Loss: [295.9718]
Epoch [1006/4000]: Loss: [311.1374]
Epoch [1007/4000]: Loss: [299.9480]
Epoch [1008/4000]: Loss: [299.3107]
Epoch [1009/4000]: Loss: [299.3587]
Epoch [1010/4000]: Loss: [295.6306]
Epoch [1011/4000]: Loss: [302.2584]
Epoch [1012/4000]: Loss: [291.1425]
Epoch [1013/4000]: Loss: [294.4675]
Epoch [1014/4000]: Loss: [295.5882]
Epoch [1015/4000]: Loss: [290.4211]
Epoch [1016/4000]: Loss: [297.4494]
Epoch [1017/4000]: Loss: [304.4340]
Epoch [1018/4000]: Loss: [306.5142]
Epoch [1019/4000]: Loss: [295.2397]
Epoch [1020/4000]: Loss: [311.2392]
Epoch [1021/4000]: Loss: [298.4824]
Epoch [1022/4000]: Loss: [314.1072]
Epoch [1023/4000]: Loss: [294.8378]
Epoch [1024/4000]: Loss: [300.6128]
Epoch [1025/4000]: Loss: [292.1774]
Epoch [1026/4000]: Loss: [299.8683]
Epoch [1027/4000]: Loss: [302.8421]
Epoch [1028/4000]: Loss: [294.4573]
Epoch [1029/4000]: Loss: [299.3983]
Epoch [1030/4000]: Loss: [303.5010]
Epoch [1031/4000]: Loss: [307.5363]
Epoch [1032/4000]: Loss: [293.6120]
Epoch [1033/4000]: Loss: [298.9220]
Epoch [1034/4000]: Loss: [293.9825]
Epoch [1035/4000]: Loss: [294.7371]
Epoch [1036/4000]: Loss: [289.6794]
Epoch [1037/4000]: Loss: [297.6599]
Epoch [1038/4000]: Loss: [295.5318]
Epoch [1039/4000]: Loss: [304.4447]
Epoch [1040/4000]: Loss: [297.7075]
Epoch [1041/4000]: Loss: [303.8058]
Epoch [1042/4000]: Loss: [299.7692]
Epoch [1043/4000]: Loss: [288.9623]
Epoch [1044/4000]: Loss: [301.4755]
Epoch [1045/4000]: Loss: [294.0458]
Epoch [1046/4000]: Loss: [301.3082]
Epoch [1047/4000]: Loss: [305.4436]
Epoch [1048/4000]: Loss: [297.2932]
Epoch [1049/4000]: Loss: [299.2677]
Epoch [1050/4000]: Loss: [292.0241]
Epoch [1051/4000]: Loss: [292.9515]
Epoch [1052/4000]: Loss: [298.9678]
Epoch [1053/4000]: Loss: [293.9481]
Epoch [1054/4000]: Loss: [296.0352]
Epoch [1055/4000]: Loss: [296.4535]
Epoch [1056/4000]: Loss: [298.4797]
Epoch [1057/4000]: Loss: [304.0061]
Epoch [1058/4000]: Loss: [307.5233]
Epoch [1059/4000]: Loss: [305.6888]
Epoch [1060/4000]: Loss: [301.4080]
Epoch [1061/4000]: Loss: [302.4988]
Epoch [1062/4000]: Loss: [292.1827]
Epoch [1063/4000]: Loss: [301.4518]
Epoch [1064/4000]: Loss: [300.3478]
Epoch [1065/4000]: Loss: [289.8924]
Epoch [1066/4000]: Loss: [299.3239]
Epoch [1067/4000]: Loss: [304.2565]
Epoch [1068/4000]: Loss: [303.3441]
Epoch [1069/4000]: Loss: [298.3489]
Epoch [1070/4000]: Loss: [298.3215]
Epoch [1071/4000]: Loss: [296.0649]
Epoch [1072/4000]: Loss: [295.6657]
Epoch [1073/4000]: Loss: [300.0180]
Epoch [1074/4000]: Loss: [305.5266]
Epoch [1075/4000]: Loss: [294.5573]
Epoch [1076/4000]: Loss: [301.8235]
Epoch [1077/4000]: Loss: [290.8266]
Epoch [1078/4000]: Loss: [309.5045]
Epoch [1079/4000]: Loss: [298.1248]
Epoch [1080/4000]: Loss: [304.9171]
Epoch [1081/4000]: Loss: [303.5724]
Epoch [1082/4000]: Loss: [288.9781]
Epoch [1083/4000]: Loss: [293.4096]
Epoch [1084/4000]: Loss: [297.8300]
Epoch [1085/4000]: Loss: [301.7700]
Epoch [1086/4000]: Loss: [291.8731]
Epoch [1087/4000]: Loss: [292.4923]
Epoch [1088/4000]: Loss: [298.0598]
Epoch [1089/4000]: Loss: [305.6721]
Epoch [1090/4000]: Loss: [303.0562]
Epoch [1091/4000]: Loss: [314.7702]
Epoch [1092/4000]: Loss: [301.2602]
Epoch [1093/4000]: Loss: [302.4446]
Epoch [1094/4000]: Loss: [296.6456]
Epoch [1095/4000]: Loss: [302.0271]
Epoch [1096/4000]: Loss: [298.2756]
Epoch [1097/4000]: Loss: [308.3144]
Epoch [1098/4000]: Loss: [301.2507]
Epoch [1099/4000]: Loss: [298.6185]
Epoch [1100/4000]: Loss: [301.6533]
Epoch [1101/4000]: Loss: [300.7738]
Epoch [1102/4000]: Loss: [291.7667]
Epoch [1103/4000]: Loss: [295.0839]
Epoch [1104/4000]: Loss: [301.6322]
Epoch [1105/4000]: Loss: [294.6491]
Epoch [1106/4000]: Loss: [303.6508]
Epoch [1107/4000]: Loss: [302.1284]
Epoch [1108/4000]: Loss: [297.6208]
Epoch [1109/4000]: Loss: [303.8089]
Epoch [1110/4000]: Loss: [291.9058]
Epoch [1111/4000]: Loss: [306.1263]
Epoch [1112/4000]: Loss: [300.8280]
Epoch [1113/4000]: Loss: [293.4883]
Epoch [1114/4000]: Loss: [295.1951]
Epoch [1115/4000]: Loss: [290.7016]
Epoch [1116/4000]: Loss: [291.9554]
Epoch [1117/4000]: Loss: [296.4200]
Epoch [1118/4000]: Loss: [305.9585]
Epoch [1119/4000]: Loss: [310.1951]
Epoch [1120/4000]: Loss: [312.5159]
Epoch [1121/4000]: Loss: [298.7709]
Epoch [1122/4000]: Loss: [301.7563]
Epoch [1123/4000]: Loss: [299.5179]
Epoch [1124/4000]: Loss: [293.7620]
Epoch [1125/4000]: Loss: [294.7090]
Epoch [1126/4000]: Loss: [294.0348]
Epoch [1127/4000]: Loss: [301.0771]
Epoch [1128/4000]: Loss: [306.4013]
Epoch [1129/4000]: Loss: [302.6473]
Epoch [1130/4000]: Loss: [297.5823]
Epoch [1131/4000]: Loss: [307.9662]
Epoch [1132/4000]: Loss: [288.0936]
Epoch [1133/4000]: Loss: [294.0456]
Epoch [1134/4000]: Loss: [312.8267]
Epoch [1135/4000]: Loss: [300.9515]
Epoch [1136/4000]: Loss: [306.1431]
Epoch [1137/4000]: Loss: [304.1167]
Epoch [1138/4000]: Loss: [299.0618]
Epoch [1139/4000]: Loss: [308.4448]
Epoch [1140/4000]: Loss: [297.7836]
Epoch [1141/4000]: Loss: [300.2496]
Epoch [1142/4000]: Loss: [291.5223]
Epoch [1143/4000]: Loss: [304.5304]
Epoch [1144/4000]: Loss: [304.4508]
Epoch [1145/4000]: Loss: [298.3071]
Epoch [1146/4000]: Loss: [300.0788]
Epoch [1147/4000]: Loss: [297.2808]
Epoch [1148/4000]: Loss: [294.4261]
Epoch [1149/4000]: Loss: [304.7880]
Epoch [1150/4000]: Loss: [307.6017]
Epoch [1151/4000]: Loss: [307.3512]
Epoch [1152/4000]: Loss: [290.3568]
Epoch [1153/4000]: Loss: [302.0108]
Epoch [1154/4000]: Loss: [304.1670]
Epoch [1155/4000]: Loss: [299.2723]
Epoch [1156/4000]: Loss: [310.2081]
Epoch [1157/4000]: Loss: [290.9667]
Epoch [1158/4000]: Loss: [303.8556]
Epoch [1159/4000]: Loss: [305.1845]
Epoch [1160/4000]: Loss: [312.8973]
Epoch [1161/4000]: Loss: [297.8375]
Epoch [1162/4000]: Loss: [302.9807]
Epoch [1163/4000]: Loss: [296.7922]
Epoch [1164/4000]: Loss: [297.4440]
Epoch [1165/4000]: Loss: [302.0526]
Epoch [1166/4000]: Loss: [297.8544]
Epoch [1167/4000]: Loss: [300.1946]
Epoch [1168/4000]: Loss: [297.1430]
Epoch [1169/4000]: Loss: [295.2613]
Epoch [1170/4000]: Loss: [290.5134]
Epoch [1171/4000]: Loss: [298.0865]
Epoch [1172/4000]: Loss: [301.3117]
Epoch [1173/4000]: Loss: [295.6192]
Epoch [1174/4000]: Loss: [292.7066]
Epoch [1175/4000]: Loss: [296.4757]
Epoch [1176/4000]: Loss: [304.9875]
Epoch [1177/4000]: Loss: [296.9840]
Epoch [1178/4000]: Loss: [300.6644]
Epoch [1179/4000]: Loss: [300.9554]
Epoch [1180/4000]: Loss: [298.7286]
Epoch [1181/4000]: Loss: [303.2138]
Epoch [1182/4000]: Loss: [303.9448]
Epoch [1183/4000]: Loss: [295.5880]
Epoch [1184/4000]: Loss: [309.1003]
Epoch [1185/4000]: Loss: [296.5819]
Epoch [1186/4000]: Loss: [301.5516]
Epoch [1187/4000]: Loss: [304.3803]
Epoch [1188/4000]: Loss: [302.2503]
Epoch [1189/4000]: Loss: [302.3495]
Epoch [1190/4000]: Loss: [299.0660]
Epoch [1191/4000]: Loss: [304.0626]
Epoch [1192/4000]: Loss: [295.5518]
Epoch [1193/4000]: Loss: [300.0578]
Epoch [1194/4000]: Loss: [301.1529]
Epoch [1195/4000]: Loss: [305.8522]
Epoch [1196/4000]: Loss: [303.3338]
Epoch [1197/4000]: Loss: [302.4811]
Epoch [1198/4000]: Loss: [299.6812]
Epoch [1199/4000]: Loss: [300.0013]
Epoch [1200/4000]: Loss: [303.5166]
Epoch [1201/4000]: Loss: [299.2509]
Epoch [1202/4000]: Loss: [304.8005]
Epoch [1203/4000]: Loss: [302.5549]
Epoch [1204/4000]: Loss: [289.7711]
Epoch [1205/4000]: Loss: [307.4134]
Epoch [1206/4000]: Loss: [299.7419]
Epoch [1207/4000]: Loss: [300.6164]
Epoch [1208/4000]: Loss: [303.2311]
Epoch [1209/4000]: Loss: [295.3295]
Epoch [1210/4000]: Loss: [304.3814]
Epoch [1211/4000]: Loss: [298.0421]
Epoch [1212/4000]: Loss: [293.0319]
Epoch [1213/4000]: Loss: [295.7186]
Epoch [1214/4000]: Loss: [299.0099]
Epoch [1215/4000]: Loss: [309.7614]
Epoch [1216/4000]: Loss: [305.1460]
Epoch [1217/4000]: Loss: [301.1100]
Epoch [1218/4000]: Loss: [318.7137]
Epoch [1219/4000]: Loss: [286.8929]
Epoch [1220/4000]: Loss: [298.1980]
Epoch [1221/4000]: Loss: [300.0064]
Epoch [1222/4000]: Loss: [293.5275]
Epoch [1223/4000]: Loss: [303.9402]
Epoch [1224/4000]: Loss: [310.2682]
Epoch [1225/4000]: Loss: [289.4183]
Epoch [1226/4000]: Loss: [300.8830]
Epoch [1227/4000]: Loss: [307.8538]
Epoch [1228/4000]: Loss: [307.6626]
Epoch [1229/4000]: Loss: [295.4892]
Epoch [1230/4000]: Loss: [305.0290]
Epoch [1231/4000]: Loss: [293.8239]
Epoch [1232/4000]: Loss: [298.1688]
Epoch [1233/4000]: Loss: [295.4060]
Epoch [1234/4000]: Loss: [303.6661]
Epoch [1235/4000]: Loss: [292.9347]
Epoch [1236/4000]: Loss: [310.2885]
Epoch [1237/4000]: Loss: [304.0973]
Epoch [1238/4000]: Loss: [296.6129]
Epoch [1239/4000]: Loss: [306.7240]
Epoch [1240/4000]: Loss: [299.5012]
Epoch [1241/4000]: Loss: [310.1683]
Epoch [1242/4000]: Loss: [296.6910]
Epoch [1243/4000]: Loss: [309.9636]
Epoch [1244/4000]: Loss: [300.4765]
Epoch [1245/4000]: Loss: [294.8973]
Epoch [1246/4000]: Loss: [296.8982]
Epoch [1247/4000]: Loss: [294.3337]
Epoch [1248/4000]: Loss: [314.9026]
Epoch [1249/4000]: Loss: [303.8075]
Epoch [1250/4000]: Loss: [300.1658]
Epoch [1251/4000]: Loss: [293.8414]
Epoch [1252/4000]: Loss: [307.5969]
Epoch [1253/4000]: Loss: [296.9336]
Epoch [1254/4000]: Loss: [289.8467]
Epoch [1255/4000]: Loss: [302.1240]
Epoch [1256/4000]: Loss: [302.2265]
Epoch [1257/4000]: Loss: [307.3675]
Epoch [1258/4000]: Loss: [305.1604]
Epoch [1259/4000]: Loss: [304.2317]
Epoch [1260/4000]: Loss: [292.6600]
Epoch [1261/4000]: Loss: [298.1309]
Epoch [1262/4000]: Loss: [291.4957]
Epoch [1263/4000]: Loss: [307.5104]
Epoch [1264/4000]: Loss: [302.7386]
Epoch [1265/4000]: Loss: [298.8762]
Epoch [1266/4000]: Loss: [305.3332]
Epoch [1267/4000]: Loss: [294.8697]
Epoch [1268/4000]: Loss: [299.6942]
Epoch [1269/4000]: Loss: [296.6915]
Epoch [1270/4000]: Loss: [299.3224]
Epoch [1271/4000]: Loss: [299.9483]
Epoch [1272/4000]: Loss: [302.3941]
Epoch [1273/4000]: Loss: [291.6101]
Epoch [1274/4000]: Loss: [297.7199]
Epoch [1275/4000]: Loss: [300.9586]
Epoch [1276/4000]: Loss: [296.8064]
Epoch [1277/4000]: Loss: [292.8424]
Epoch [1278/4000]: Loss: [300.6208]
Epoch [1279/4000]: Loss: [299.8796]
Epoch [1280/4000]: Loss: [299.2265]
Epoch [1281/4000]: Loss: [308.2872]
Epoch [1282/4000]: Loss: [298.4843]
Epoch [1283/4000]: Loss: [303.4872]
Epoch [1284/4000]: Loss: [300.7093]
Epoch [1285/4000]: Loss: [298.3270]
Epoch [1286/4000]: Loss: [294.3275]
Epoch [1287/4000]: Loss: [302.2519]
Epoch [1288/4000]: Loss: [306.2289]
Epoch [1289/4000]: Loss: [312.5484]
Epoch [1290/4000]: Loss: [301.3583]
Epoch [1291/4000]: Loss: [310.4572]
Epoch [1292/4000]: Loss: [291.3655]
Epoch [1293/4000]: Loss: [301.9462]
Epoch [1294/4000]: Loss: [291.7819]
Epoch [1295/4000]: Loss: [300.6380]
Epoch [1296/4000]: Loss: [301.8399]
Epoch [1297/4000]: Loss: [311.0981]
Epoch [1298/4000]: Loss: [302.5317]
Epoch [1299/4000]: Loss: [287.5071]
Epoch [1300/4000]: Loss: [301.0701]
Epoch [1301/4000]: Loss: [306.5177]
Epoch [1302/4000]: Loss: [302.8465]
Epoch [1303/4000]: Loss: [297.4593]
Epoch [1304/4000]: Loss: [296.9506]
Epoch [1305/4000]: Loss: [306.3238]
Epoch [1306/4000]: Loss: [305.8918]
Epoch [1307/4000]: Loss: [306.5906]
Epoch [1308/4000]: Loss: [296.5094]
Epoch [1309/4000]: Loss: [301.2431]
Epoch [1310/4000]: Loss: [299.6280]
Epoch [1311/4000]: Loss: [292.5698]
Epoch [1312/4000]: Loss: [295.7111]
Epoch [1313/4000]: Loss: [310.5057]
Epoch [1314/4000]: Loss: [299.3982]
Epoch [1315/4000]: Loss: [296.7217]
Epoch [1316/4000]: Loss: [300.4088]
Epoch [1317/4000]: Loss: [296.3890]
Epoch [1318/4000]: Loss: [295.1585]
Epoch [1319/4000]: Loss: [296.7702]
Epoch [1320/4000]: Loss: [292.9247]
Epoch [1321/4000]: Loss: [301.6054]
Epoch [1322/4000]: Loss: [305.2211]
Epoch [1323/4000]: Loss: [297.3932]
Epoch [1324/4000]: Loss: [306.9327]
Epoch [1325/4000]: Loss: [297.2446]
Epoch [1326/4000]: Loss: [298.3210]
Epoch [1327/4000]: Loss: [298.1914]
Epoch [1328/4000]: Loss: [295.0333]
Epoch [1329/4000]: Loss: [294.8256]
Epoch [1330/4000]: Loss: [295.3288]
Epoch [1331/4000]: Loss: [294.4351]
Epoch [1332/4000]: Loss: [300.2672]
Epoch [1333/4000]: Loss: [299.8833]
Epoch [1334/4000]: Loss: [296.6733]
Epoch [1335/4000]: Loss: [300.6875]
Epoch [1336/4000]: Loss: [299.1173]
Epoch [1337/4000]: Loss: [301.2142]
Epoch [1338/4000]: Loss: [300.8861]
Epoch [1339/4000]: Loss: [306.1207]
Epoch [1340/4000]: Loss: [307.3816]
Epoch [1341/4000]: Loss: [294.0843]
Epoch [1342/4000]: Loss: [299.7266]
Epoch [1343/4000]: Loss: [301.3257]
Epoch [1344/4000]: Loss: [294.9724]
Epoch [1345/4000]: Loss: [309.4271]
Epoch [1346/4000]: Loss: [305.3942]
Epoch [1347/4000]: Loss: [301.7010]
Epoch [1348/4000]: Loss: [304.6486]
Epoch [1349/4000]: Loss: [307.5911]
Epoch [1350/4000]: Loss: [306.0652]
Epoch [1351/4000]: Loss: [302.7717]
Epoch [1352/4000]: Loss: [297.6185]
Epoch [1353/4000]: Loss: [302.7658]
Epoch [1354/4000]: Loss: [298.5372]
Epoch [1355/4000]: Loss: [294.9480]
Epoch [1356/4000]: Loss: [297.7043]
Epoch [1357/4000]: Loss: [303.8856]
Epoch [1358/4000]: Loss: [305.5829]
Epoch [1359/4000]: Loss: [297.9795]
Epoch [1360/4000]: Loss: [305.9459]
Epoch [1361/4000]: Loss: [292.7536]
Epoch [1362/4000]: Loss: [305.5373]
Epoch [1363/4000]: Loss: [304.1160]
Epoch [1364/4000]: Loss: [300.8780]
Epoch [1365/4000]: Loss: [302.2105]
Epoch [1366/4000]: Loss: [303.1667]
Epoch [1367/4000]: Loss: [294.6880]
Epoch [1368/4000]: Loss: [294.9992]
Epoch [1369/4000]: Loss: [297.7566]
Epoch [1370/4000]: Loss: [304.0143]
Epoch [1371/4000]: Loss: [302.0436]
Epoch [1372/4000]: Loss: [300.1018]
Epoch [1373/4000]: Loss: [309.7534]
Epoch [1374/4000]: Loss: [293.0176]
Epoch [1375/4000]: Loss: [307.9326]
Epoch [1376/4000]: Loss: [298.2877]
Epoch [1377/4000]: Loss: [304.5205]
Epoch [1378/4000]: Loss: [302.7010]
Epoch [1379/4000]: Loss: [294.0653]
Epoch [1380/4000]: Loss: [297.4406]
Epoch [1381/4000]: Loss: [293.4010]
Epoch [1382/4000]: Loss: [300.1345]
Epoch [1383/4000]: Loss: [302.0833]
Epoch [1384/4000]: Loss: [299.3494]
Epoch [1385/4000]: Loss: [298.0597]
Epoch [1386/4000]: Loss: [295.9971]
Epoch [1387/4000]: Loss: [298.8848]
Epoch [1388/4000]: Loss: [297.6653]
Epoch [1389/4000]: Loss: [293.1712]
Epoch [1390/4000]: Loss: [299.2638]
Epoch [1391/4000]: Loss: [295.4315]
Epoch [1392/4000]: Loss: [296.0940]
Epoch [1393/4000]: Loss: [286.0963]
Epoch [1394/4000]: Loss: [299.8828]
Epoch [1395/4000]: Loss: [298.5534]
Epoch [1396/4000]: Loss: [297.3321]
Epoch [1397/4000]: Loss: [306.7415]
Epoch [1398/4000]: Loss: [298.4630]
Epoch [1399/4000]: Loss: [308.4397]
Epoch [1400/4000]: Loss: [295.6103]
Epoch [1401/4000]: Loss: [298.8421]
Epoch [1402/4000]: Loss: [302.4481]
Epoch [1403/4000]: Loss: [302.8914]
Epoch [1404/4000]: Loss: [309.2307]
Epoch [1405/4000]: Loss: [290.4734]
Epoch [1406/4000]: Loss: [296.2938]
Epoch [1407/4000]: Loss: [295.8943]
Epoch [1408/4000]: Loss: [298.7360]
Epoch [1409/4000]: Loss: [307.5294]
Epoch [1410/4000]: Loss: [307.4191]
Epoch [1411/4000]: Loss: [295.6357]
Epoch [1412/4000]: Loss: [295.2913]
Epoch [1413/4000]: Loss: [297.5040]
Epoch [1414/4000]: Loss: [294.1505]
Epoch [1415/4000]: Loss: [304.1781]
Epoch [1416/4000]: Loss: [303.2122]
Epoch [1417/4000]: Loss: [296.7220]
Epoch [1418/4000]: Loss: [298.2338]
Epoch [1419/4000]: Loss: [299.9597]
Epoch [1420/4000]: Loss: [301.9968]
Epoch [1421/4000]: Loss: [295.0062]
Epoch [1422/4000]: Loss: [298.4617]
Epoch [1423/4000]: Loss: [304.9642]
Epoch [1424/4000]: Loss: [291.7807]
Epoch [1425/4000]: Loss: [310.6184]
Epoch [1426/4000]: Loss: [297.6719]
Epoch [1427/4000]: Loss: [294.1017]
Epoch [1428/4000]: Loss: [304.8946]
Epoch [1429/4000]: Loss: [293.8026]
Epoch [1430/4000]: Loss: [303.9187]
Epoch [1431/4000]: Loss: [307.4268]
Epoch [1432/4000]: Loss: [303.8638]
Epoch [1433/4000]: Loss: [299.6621]
Epoch [1434/4000]: Loss: [295.0807]
Epoch [1435/4000]: Loss: [299.5038]
Epoch [1436/4000]: Loss: [298.2472]
Epoch [1437/4000]: Loss: [297.7576]
Epoch [1438/4000]: Loss: [294.9920]
Epoch [1439/4000]: Loss: [301.2448]
Epoch [1440/4000]: Loss: [289.4551]
Epoch [1441/4000]: Loss: [309.6427]
Epoch [1442/4000]: Loss: [297.9878]
Epoch [1443/4000]: Loss: [321.6771]
Epoch [1444/4000]: Loss: [311.9822]
Epoch [1445/4000]: Loss: [312.1271]
Epoch [1446/4000]: Loss: [299.0432]
Epoch [1447/4000]: Loss: [302.6394]
Epoch [1448/4000]: Loss: [292.4677]
Epoch [1449/4000]: Loss: [302.0879]
Epoch [1450/4000]: Loss: [307.7283]
Epoch [1451/4000]: Loss: [290.9799]
Epoch [1452/4000]: Loss: [289.2121]
Epoch [1453/4000]: Loss: [296.7827]
Epoch [1454/4000]: Loss: [298.6604]
Epoch [1455/4000]: Loss: [292.8666]
Epoch [1456/4000]: Loss: [296.5106]
Epoch [1457/4000]: Loss: [303.0694]
Epoch [1458/4000]: Loss: [299.2489]
Epoch [1459/4000]: Loss: [295.3279]
Epoch [1460/4000]: Loss: [303.3591]
Epoch [1461/4000]: Loss: [302.6682]
Epoch [1462/4000]: Loss: [303.9269]
Epoch [1463/4000]: Loss: [297.5174]
Epoch [1464/4000]: Loss: [299.5767]
Epoch [1465/4000]: Loss: [298.1127]
Epoch [1466/4000]: Loss: [297.8106]
Epoch [1467/4000]: Loss: [293.5357]
Epoch [1468/4000]: Loss: [301.1251]
Epoch [1469/4000]: Loss: [300.2562]
Epoch [1470/4000]: Loss: [300.1619]
Epoch [1471/4000]: Loss: [305.3836]
Epoch [1472/4000]: Loss: [294.3508]
Epoch [1473/4000]: Loss: [299.8703]
Epoch [1474/4000]: Loss: [310.7406]
Epoch [1475/4000]: Loss: [312.2034]
Epoch [1476/4000]: Loss: [295.7345]
Epoch [1477/4000]: Loss: [296.3105]
Epoch [1478/4000]: Loss: [294.6034]
Epoch [1479/4000]: Loss: [303.8683]
Epoch [1480/4000]: Loss: [301.5630]
Epoch [1481/4000]: Loss: [299.9919]
Epoch [1482/4000]: Loss: [289.3292]
Epoch [1483/4000]: Loss: [303.4728]
Epoch [1484/4000]: Loss: [299.6632]
Epoch [1485/4000]: Loss: [298.5157]
Epoch [1486/4000]: Loss: [294.8690]
Epoch [1487/4000]: Loss: [296.4086]
Epoch [1488/4000]: Loss: [298.7508]
Epoch [1489/4000]: Loss: [303.5491]
Epoch [1490/4000]: Loss: [297.6588]
Epoch [1491/4000]: Loss: [301.2161]
Epoch [1492/4000]: Loss: [296.6486]
Epoch [1493/4000]: Loss: [298.0646]
Epoch [1494/4000]: Loss: [299.8636]
Epoch [1495/4000]: Loss: [306.6246]
Epoch [1496/4000]: Loss: [292.7245]
Epoch [1497/4000]: Loss: [297.9963]
Epoch [1498/4000]: Loss: [300.3973]
Epoch [1499/4000]: Loss: [305.6513]
Epoch [1500/4000]: Loss: [296.6797]
Epoch [1501/4000]: Loss: [296.4147]
Epoch [1502/4000]: Loss: [305.0462]
Epoch [1503/4000]: Loss: [301.9420]
Epoch [1504/4000]: Loss: [289.0780]
Epoch [1505/4000]: Loss: [301.9806]
Epoch [1506/4000]: Loss: [299.2771]
Epoch [1507/4000]: Loss: [299.4813]
Epoch [1508/4000]: Loss: [304.5257]
Epoch [1509/4000]: Loss: [301.5328]
Epoch [1510/4000]: Loss: [302.5735]
Epoch [1511/4000]: Loss: [301.9521]
Epoch [1512/4000]: Loss: [305.6994]
Epoch [1513/4000]: Loss: [299.5968]
Epoch [1514/4000]: Loss: [293.0971]
Epoch [1515/4000]: Loss: [313.0673]
Epoch [1516/4000]: Loss: [299.9559]
Epoch [1517/4000]: Loss: [291.7017]
Epoch [1518/4000]: Loss: [296.6821]
Epoch [1519/4000]: Loss: [295.3961]
Epoch [1520/4000]: Loss: [289.2622]
Epoch [1521/4000]: Loss: [295.2719]
Epoch [1522/4000]: Loss: [297.2129]
Epoch [1523/4000]: Loss: [299.1362]
Epoch [1524/4000]: Loss: [301.7065]
Epoch [1525/4000]: Loss: [297.9321]
Epoch [1526/4000]: Loss: [291.6681]
Epoch [1527/4000]: Loss: [294.6185]
Epoch [1528/4000]: Loss: [308.7116]
Epoch [1529/4000]: Loss: [299.7423]
Epoch [1530/4000]: Loss: [291.6117]
Epoch [1531/4000]: Loss: [300.4887]
Epoch [1532/4000]: Loss: [298.0574]
Epoch [1533/4000]: Loss: [294.9606]
Epoch [1534/4000]: Loss: [305.3073]
Epoch [1535/4000]: Loss: [303.4682]
Epoch [1536/4000]: Loss: [295.7595]
Epoch [1537/4000]: Loss: [297.2125]
Epoch [1538/4000]: Loss: [293.7727]
Epoch [1539/4000]: Loss: [296.9765]
Epoch [1540/4000]: Loss: [298.4312]
Epoch [1541/4000]: Loss: [304.6537]
Epoch [1542/4000]: Loss: [300.8792]
Epoch [1543/4000]: Loss: [296.0423]
Epoch [1544/4000]: Loss: [298.5105]
Epoch [1545/4000]: Loss: [302.8324]
Epoch [1546/4000]: Loss: [302.5915]
Epoch [1547/4000]: Loss: [303.1156]
Epoch [1548/4000]: Loss: [298.9378]
Epoch [1549/4000]: Loss: [288.4725]
Epoch [1550/4000]: Loss: [302.2731]
Epoch [1551/4000]: Loss: [302.0558]
Epoch [1552/4000]: Loss: [302.9138]
Epoch [1553/4000]: Loss: [300.5809]
Epoch [1554/4000]: Loss: [289.8282]
Epoch [1555/4000]: Loss: [302.3105]
Epoch [1556/4000]: Loss: [301.9762]
Epoch [1557/4000]: Loss: [311.3770]
Epoch [1558/4000]: Loss: [303.7924]
Epoch [1559/4000]: Loss: [298.3921]
Epoch [1560/4000]: Loss: [293.6682]
Epoch [1561/4000]: Loss: [302.3293]
Epoch [1562/4000]: Loss: [292.7627]
Epoch [1563/4000]: Loss: [298.4810]
Epoch [1564/4000]: Loss: [296.0240]
Epoch [1565/4000]: Loss: [299.8442]
Epoch [1566/4000]: Loss: [298.5415]
Epoch [1567/4000]: Loss: [295.1016]
Epoch [1568/4000]: Loss: [305.0978]
Epoch [1569/4000]: Loss: [292.7994]
Epoch [1570/4000]: Loss: [303.4309]
Epoch [1571/4000]: Loss: [300.9694]
Epoch [1572/4000]: Loss: [299.5965]
Epoch [1573/4000]: Loss: [302.2874]
Epoch [1574/4000]: Loss: [296.3820]
Epoch [1575/4000]: Loss: [291.7736]
Epoch [1576/4000]: Loss: [294.7374]
Epoch [1577/4000]: Loss: [301.3854]
Epoch [1578/4000]: Loss: [306.2019]
Epoch [1579/4000]: Loss: [305.8828]
Epoch [1580/4000]: Loss: [304.8223]
Epoch [1581/4000]: Loss: [302.7883]
Epoch [1582/4000]: Loss: [304.3537]
Epoch [1583/4000]: Loss: [302.8862]
Epoch [1584/4000]: Loss: [287.9212]
Epoch [1585/4000]: Loss: [302.2546]
Traceback (most recent call last):
  File "/fs01/home/aguzmanc/xvfm/src/sweeps/../../main.py", line 152, in <module>
    main(args)
  File "/fs01/home/aguzmanc/xvfm/src/sweeps/../../main.py", line 102, in main
    train(dataloader, test_data, flow_model, criterion, optimizer, 
    ^^^^^^^^^^^^^^^^^^^^^^^^^^^^^^^^^^^^^^^^^^^^^^^^^^^^^^^^^^^^^^
  File "/fs01/home/aguzmanc/xvfm/src/sweeps/../../main.py", line 143, in train
    scores = evaluate(args, model, test_data, savedir, epoch + 1, flag, device)
             ^^^^^^^^^^^^^^^^^^^^^^^^^^^^^^^^^^^^^^^^^^^^^^^^^^^^^^^^^^^^^^^^^^
  File "/fs01/home/aguzmanc/xvfm/xvfm/utils.py", line 57, in evaluate
    scores = get_performance(gen, test, args, plotting)
             ^^^^^^^^^^^^^^^^^^^^^^^^^^^^^^^^^^^^^^^^^^
  File "/fs01/home/aguzmanc/xvfm/xvfm/eval.py", line 85, in get_performance
    alpha, beta = get_quality(test_oh.cpu().numpy(), syn_oh.cpu().numpy())
                  ^^^^^^^^^^^^^^^^^^^^^^^^^^^^^^^^^^^^^^^^^^^^^^^^^^^^^^^^
  File "/fs01/home/aguzmanc/xvfm/xvfm/eval.py", line 165, in get_quality
    qual_res = quality_evaluator.evaluate(rloader, sloader)
               ^^^^^^^^^^^^^^^^^^^^^^^^^^^^^^^^^^^^^^^^^^^^
  File "pydantic/decorator.py", line 40, in pydantic.decorator.validate_arguments.validate.wrapper_function
    from contextlib import _GeneratorContextManager
  File "pydantic/decorator.py", line 134, in pydantic.decorator.ValidatedFunction.call
    
  File "pydantic/decorator.py", line 206, in pydantic.decorator.ValidatedFunction.execute
    
  File "/h/aguzmanc/miniforge3/envs/eval/lib/python3.11/site-packages/synthcity/metrics/eval_statistical.py", line 60, in evaluate
    results = self._evaluate(X_gt, X_syn)
              ^^^^^^^^^^^^^^^^^^^^^^^^^^^
  File "pydantic/decorator.py", line 40, in pydantic.decorator.validate_arguments.validate.wrapper_function
    from contextlib import _GeneratorContextManager
  File "pydantic/decorator.py", line 134, in pydantic.decorator.ValidatedFunction.call
    
  File "pydantic/decorator.py", line 206, in pydantic.decorator.ValidatedFunction.execute
    
  File "/h/aguzmanc/miniforge3/envs/eval/lib/python3.11/site-packages/synthcity/metrics/eval_statistical.py", line 720, in _evaluate
    oneclass_model = self._get_oneclass_model(X_)
                     ^^^^^^^^^^^^^^^^^^^^^^^^^^^^
  File "/h/aguzmanc/miniforge3/envs/eval/lib/python3.11/site-packages/synthcity/metrics/core/metric.py", line 119, in _get_oneclass_model
    return load_from_file(cache_file)
           ^^^^^^^^^^^^^^^^^^^^^^^^^^
  File "/h/aguzmanc/miniforge3/envs/eval/lib/python3.11/site-packages/synthcity/utils/serialization.py", line 159, in load_from_file
    return cloudpickle.load(f)
           ^^^^^^^^^^^^^^^^^^^
EOFError: Ran out of input
2025-01-27 04:52:42,013 - wandb.wandb_agent - INFO - Cleaning up finished run: jan21qzc
wandb: - 0.005 MB of 0.005 MB uploadedwandb: \ 0.005 MB of 0.081 MB uploadedwandb: | 0.081 MB of 0.081 MB uploadedwandb: 
wandb: Run history:
wandb:                MAE ▃▁▁▃▂▃▃▂▁▂█▂▁▁▄▃▃▂▄▂▄▁▃▃▄▆▂▆▂▁▂
wandb:               RMSE ▃▁▁▃▂▂▃▂▁▂█▂▁▁▄▃▃▂▄▂▄▁▃▃▄▆▂▆▂▁▂
wandb:              alpha ▆███▅▄▂▂▂▁▁▁▁▁▁▁▁▁▁▁▁▁▁▁▁▁▁▁▁▁▁▁▁▁▁▁▁▁▁▁
wandb:               beta ▃█▄▁▄▄▃▃▃▅▂▄▂▄▅▅▃▂▄▃▁▂▅▁▄▁▃▁▃▂▃▂▃▆▄▃▂▂▂▃
wandb:          detection ▁▆▅▅▆▆▇▅▄▆▅▅▅▆▆▅▆▆▆▆▇▆▇▇▇▇▇▇▇█▇█▇███████
wandb: explained_variance ███▆▇▇▆▇██▂▇▇▇▅▇▄▇▆▆▄█▅█▅▄█▁▇█▆
wandb:               loss █▅▄▃▃▄▃▂▂▁▂▃▂▃▃▃▄▂▃▂▁▃▂▃▃▂▂▂▃▂▃▄▃▂▂▂▂▂▂▁
wandb:            quality ▁▅▄▅▆▆▇▆▇▇▇▇▇▇▇▇▇▇▇▇█▇██████████████████
wandb:                 r2 ▇██▆▇▇▇▇██▁▇██▆▇▆█▆▇▆█▇▇▆▄█▄▇██
wandb:              shape ▁▃▂▂▃▃▅▄▅▅▆▆▆▆▆▆▇▆▆▇▇▇▇▇█▇████▇█▇▇██████
wandb:              trend ▁▆▇▇███████▇█▇▇█▇▇▇▇█▇▇▇▇▇▇▇▇▇▇▇▇▇▇▇▇▇▇▇
wandb: 
wandb: Run summary:
wandb:                MAE 0.34993
wandb:               RMSE 0.41018
wandb:              alpha 0.07475
wandb:               beta 0.00323
wandb:          detection 0.5431
wandb: explained_variance -1.08335
wandb:               loss 287.92122
wandb:            quality 0.65308
wandb:                 r2 -4.08628
wandb:              shape 0.40376
wandb:              trend 0.90241
wandb: 
wandb: 🚀 View run sweepy-sweep-4 at: https://wandb.ai/andresguzco/XVFM/runs/jan21qzc
wandb: ⭐️ View project at: https://wandb.ai/andresguzco/XVFM
wandb: Synced 6 W&B file(s), 0 media file(s), 0 artifact file(s) and 0 other file(s)
wandb: Find logs at: ./wandb/run-20250127_004019-jan21qzc/logs
wandb: Terminating and syncing runs. Press ctrl-c to kill.
