[DEBUG] Host name:  gpu135.cluster.local
wandb: Starting wandb agent 🕵️
2025-01-27 04:12:40,532 - wandb.wandb_agent - INFO - Running runs: []
2025-01-27 04:12:40,982 - wandb.wandb_agent - INFO - Agent received command: run
2025-01-27 04:12:40,982 - wandb.wandb_agent - INFO - Agent starting run with config:
	batch_size: 2048
	d_layers: 1024
	data_path: ../../data/news
	dataset: news
	dim_t: 256
	dropout: 0.3
	log_interval: 50
	lr: 0.01
	n_layers: 4
	num_epochs: 4000
	seed: 42
	task_type: regression
2025-01-27 04:12:40,990 - wandb.wandb_agent - INFO - About to run command: /usr/bin/env python ../../main.py --batch_size=2048 --d_layers=1024 --data_path=../../data/news --dataset=news --dim_t=256 --dropout=0.3 --log_interval=50 --lr=0.01 --n_layers=4 --num_epochs=4000 --seed=42 --task_type=regression
2025-01-27 04:12:46,004 - wandb.wandb_agent - INFO - Running runs: ['0ybgcwsb']
/h/aguzmanc/miniforge3/envs/eval/lib/python3.11/site-packages/xgboost/core.py:265: FutureWarning: Your system has an old version of glibc (< 2.28). We will stop supporting Linux distros with glibc older than 2.28 after **May 31, 2025**. Please upgrade to a recent Linux distro (with glibc 2.28+) to use future versions of XGBoost.
Note: You have installed the 'manylinux2014' variant of XGBoost. Certain features such as GPU algorithms or federated learning are not available. To use these features, please upgrade to a recent Linux distro with glibc 2.28+, and install the 'manylinux_2_28' variant.
  warnings.warn(
wandb: Currently logged in as: andresguzco. Use `wandb login --relogin` to force relogin
wandb: wandb version 0.19.4 is available!  To upgrade, please run:
wandb:  $ pip install wandb --upgrade
wandb: Tracking run with wandb version 0.16.6
wandb: Run data is saved locally in /fs01/home/aguzmanc/xvfm/src/sweeps/wandb/run-20250127_041314-0ybgcwsb
wandb: Run `wandb offline` to turn off syncing.
wandb: Syncing run crimson-sweep-16
wandb: ⭐️ View project at https://wandb.ai/andresguzco/XVFM
wandb: 🧹 View sweep at https://wandb.ai/andresguzco/XVFM/sweeps/vwuyhntw
wandb: 🚀 View run at https://wandb.ai/andresguzco/XVFM/runs/0ybgcwsb
Number of parameters: 3554619
Training parameters: {'num_epochs': 4000, 'batch_size': 2048, 'lr': 0.01, 'integration_steps': 100, 'sigma': 0.01, 'dataset': 'news', 'log_interval': 50, 'seed': 42, 'results_dir': 'results', 'd_layers': 1024, 'n_layers': 4, 'dropout': 0.3, 'dim_t': 256, 'data_path': '../../data/news', 'task_type': 'regression', 'arch': [1024, 1024, 1024, 1024], 'num_feat': 45, 'classes': [6, 7], 'd_in': 58}
Epoch [1/4000]: Loss: [13985951.2389]
Epoch [2/4000]: Loss: [646.2120]
Epoch [3/4000]: Loss: [563.4330]
Epoch [4/4000]: Loss: [536.7803]
Epoch [5/4000]: Loss: [441.0311]
Epoch [6/4000]: Loss: [332.2958]
Epoch [7/4000]: Loss: [316.8883]
Epoch [8/4000]: Loss: [310.7407]
Epoch [9/4000]: Loss: [310.4438]
Epoch [10/4000]: Loss: [303.4961]
Epoch [11/4000]: Loss: [300.5068]
Epoch [12/4000]: Loss: [307.1275]
Epoch [13/4000]: Loss: [310.7839]
Epoch [14/4000]: Loss: [310.8305]
Epoch [15/4000]: Loss: [309.1136]
Epoch [16/4000]: Loss: [301.3687]
Epoch [17/4000]: Loss: [314.4897]
Epoch [18/4000]: Loss: [303.6595]
Epoch [19/4000]: Loss: [313.0944]
Epoch [20/4000]: Loss: [306.3129]
Epoch [21/4000]: Loss: [303.1282]
Epoch [22/4000]: Loss: [310.3138]
Epoch [23/4000]: Loss: [306.0300]
Epoch [24/4000]: Loss: [302.3954]
Epoch [25/4000]: Loss: [308.0373]
Epoch [26/4000]: Loss: [308.3192]
Epoch [27/4000]: Loss: [310.4430]
Epoch [28/4000]: Loss: [315.4441]
Epoch [29/4000]: Loss: [306.7803]
Epoch [30/4000]: Loss: [296.8780]
Epoch [31/4000]: Loss: [310.2973]
Epoch [32/4000]: Loss: [312.7211]
Epoch [33/4000]: Loss: [308.9256]
Epoch [34/4000]: Loss: [309.8899]
Epoch [35/4000]: Loss: [295.6347]
Epoch [36/4000]: Loss: [319.0411]
Epoch [37/4000]: Loss: [305.4889]
Epoch [38/4000]: Loss: [297.7771]
Epoch [39/4000]: Loss: [294.2844]
Epoch [40/4000]: Loss: [307.1130]
Epoch [41/4000]: Loss: [307.1556]
Epoch [42/4000]: Loss: [305.5534]
Epoch [43/4000]: Loss: [306.3656]
Epoch [44/4000]: Loss: [310.8555]
Epoch [45/4000]: Loss: [312.6477]
Epoch [46/4000]: Loss: [304.7277]
Epoch [47/4000]: Loss: [301.3437]
Epoch [48/4000]: Loss: [300.9936]
Epoch [49/4000]: Loss: [297.2903]
Epoch [50/4000]: Loss: [307.3204]
Epoch [51/4000]: Loss: [316.0941]
Epoch [52/4000]: Loss: [303.0901]
Epoch [53/4000]: Loss: [308.5648]
Epoch [54/4000]: Loss: [299.6152]
Epoch [55/4000]: Loss: [302.7700]
Epoch [56/4000]: Loss: [304.6057]
Epoch [57/4000]: Loss: [303.8965]
Epoch [58/4000]: Loss: [301.7813]
Epoch [59/4000]: Loss: [311.1496]
Epoch [60/4000]: Loss: [306.2862]
Epoch [61/4000]: Loss: [315.6496]
Epoch [62/4000]: Loss: [300.2896]
Epoch [63/4000]: Loss: [291.0589]
Epoch [64/4000]: Loss: [306.4677]
Epoch [65/4000]: Loss: [311.6262]
Epoch [66/4000]: Loss: [308.7770]
Epoch [67/4000]: Loss: [302.6275]
Epoch [68/4000]: Loss: [304.2550]
Epoch [69/4000]: Loss: [308.4299]
Epoch [70/4000]: Loss: [306.0392]
Epoch [71/4000]: Loss: [294.6198]
Epoch [72/4000]: Loss: [303.7010]
Epoch [73/4000]: Loss: [300.2546]
Epoch [74/4000]: Loss: [300.9572]
Epoch [75/4000]: Loss: [302.9542]
Epoch [76/4000]: Loss: [297.4035]
Epoch [77/4000]: Loss: [304.1254]
Epoch [78/4000]: Loss: [303.7081]
Epoch [79/4000]: Loss: [302.2833]
Epoch [80/4000]: Loss: [299.9735]
Epoch [81/4000]: Loss: [304.6198]
Epoch [82/4000]: Loss: [294.9965]
Epoch [83/4000]: Loss: [307.8759]
Epoch [84/4000]: Loss: [313.1660]
Epoch [85/4000]: Loss: [299.5607]
Epoch [86/4000]: Loss: [304.7732]
Epoch [87/4000]: Loss: [299.5424]
Epoch [88/4000]: Loss: [298.2789]
Epoch [89/4000]: Loss: [302.2309]
Epoch [90/4000]: Loss: [311.5852]
Epoch [91/4000]: Loss: [309.1652]
Epoch [92/4000]: Loss: [313.0406]
Epoch [93/4000]: Loss: [312.8572]
Epoch [94/4000]: Loss: [300.1624]
Epoch [95/4000]: Loss: [311.4015]
Epoch [96/4000]: Loss: [304.0030]
Epoch [97/4000]: Loss: [301.6497]
Epoch [98/4000]: Loss: [309.7364]
Epoch [99/4000]: Loss: [310.5477]
Epoch [100/4000]: Loss: [291.2400]
Epoch [101/4000]: Loss: [303.1836]
Epoch [102/4000]: Loss: [311.4417]
Epoch [103/4000]: Loss: [315.8417]
Epoch [104/4000]: Loss: [288.9891]
Epoch [105/4000]: Loss: [295.8142]
Epoch [106/4000]: Loss: [303.8226]
Epoch [107/4000]: Loss: [298.1339]
Epoch [108/4000]: Loss: [307.4742]
Epoch [109/4000]: Loss: [295.8126]
Epoch [110/4000]: Loss: [315.2948]
Epoch [111/4000]: Loss: [319.0230]
Epoch [112/4000]: Loss: [300.6885]
Epoch [113/4000]: Loss: [309.0556]
Epoch [114/4000]: Loss: [307.5372]
Epoch [115/4000]: Loss: [311.7882]
Epoch [116/4000]: Loss: [303.0005]
Epoch [117/4000]: Loss: [299.7014]
Epoch [118/4000]: Loss: [306.0277]
Epoch [119/4000]: Loss: [308.9315]
Epoch [120/4000]: Loss: [311.4993]
Epoch [121/4000]: Loss: [310.5458]
Epoch [122/4000]: Loss: [298.5105]
Epoch [123/4000]: Loss: [302.3249]
Epoch [124/4000]: Loss: [310.6173]
Epoch [125/4000]: Loss: [310.6977]
Epoch [126/4000]: Loss: [300.4518]
Epoch [127/4000]: Loss: [301.6301]
Epoch [128/4000]: Loss: [311.8679]
Epoch [129/4000]: Loss: [311.1675]
Epoch [130/4000]: Loss: [300.5175]
Epoch [131/4000]: Loss: [300.6476]
Epoch [132/4000]: Loss: [299.1074]
Epoch [133/4000]: Loss: [309.5926]
Epoch [134/4000]: Loss: [304.2549]
Epoch [135/4000]: Loss: [303.0189]
Epoch [136/4000]: Loss: [305.5305]
Epoch [137/4000]: Loss: [301.9068]
Epoch [138/4000]: Loss: [319.0890]
Epoch [139/4000]: Loss: [303.9331]
Epoch [140/4000]: Loss: [306.0061]
Epoch [141/4000]: Loss: [311.7782]
Epoch [142/4000]: Loss: [303.4108]
Epoch [143/4000]: Loss: [309.4079]
Epoch [144/4000]: Loss: [312.2006]
Epoch [145/4000]: Loss: [312.2095]
Epoch [146/4000]: Loss: [311.7577]
Epoch [147/4000]: Loss: [309.3470]
Epoch [148/4000]: Loss: [300.3883]
Epoch [149/4000]: Loss: [295.0551]
Epoch [150/4000]: Loss: [305.9482]
Epoch [151/4000]: Loss: [304.3536]
Epoch [152/4000]: Loss: [308.1262]
Epoch [153/4000]: Loss: [302.9411]
Epoch [154/4000]: Loss: [308.5925]
Epoch [155/4000]: Loss: [302.3746]
Epoch [156/4000]: Loss: [306.8038]
Epoch [157/4000]: Loss: [307.6691]
Epoch [158/4000]: Loss: [302.5993]
Epoch [159/4000]: Loss: [307.9054]
Epoch [160/4000]: Loss: [311.4715]
Epoch [161/4000]: Loss: [304.7116]
Epoch [162/4000]: Loss: [312.0249]
Epoch [163/4000]: Loss: [305.2221]
Epoch [164/4000]: Loss: [308.1719]
Epoch [165/4000]: Loss: [297.4246]
Epoch [166/4000]: Loss: [315.2338]
Epoch [167/4000]: Loss: [300.3924]
Epoch [168/4000]: Loss: [309.6500]
Epoch [169/4000]: Loss: [306.5830]
Epoch [170/4000]: Loss: [305.5462]
Epoch [171/4000]: Loss: [299.8976]
Epoch [172/4000]: Loss: [310.5908]
Epoch [173/4000]: Loss: [300.8242]
Epoch [174/4000]: Loss: [300.7284]
Epoch [175/4000]: Loss: [306.1022]
Epoch [176/4000]: Loss: [311.7209]
Epoch [177/4000]: Loss: [303.2838]
Epoch [178/4000]: Loss: [306.9143]
Epoch [179/4000]: Loss: [311.5467]
Epoch [180/4000]: Loss: [301.6288]
Epoch [181/4000]: Loss: [302.4940]
Epoch [182/4000]: Loss: [304.1730]
Epoch [183/4000]: Loss: [308.7336]
Epoch [184/4000]: Loss: [309.1279]
Epoch [185/4000]: Loss: [302.4723]
Epoch [186/4000]: Loss: [299.1831]
Epoch [187/4000]: Loss: [311.9391]
Epoch [188/4000]: Loss: [304.5006]
Epoch [189/4000]: Loss: [311.2519]
Epoch [190/4000]: Loss: [302.2255]
Epoch [191/4000]: Loss: [308.4132]
Epoch [192/4000]: Loss: [306.0992]
Epoch [193/4000]: Loss: [308.5952]
Epoch [194/4000]: Loss: [308.3663]
Epoch [195/4000]: Loss: [307.9954]
Epoch [196/4000]: Loss: [304.7573]
Epoch [197/4000]: Loss: [302.5174]
Epoch [198/4000]: Loss: [307.5555]
Epoch [199/4000]: Loss: [305.7520]
Epoch [200/4000]: Loss: [301.5302]
Epoch [201/4000]: Loss: [311.0168]
Epoch [202/4000]: Loss: [307.6088]
Epoch [203/4000]: Loss: [301.5952]
Epoch [204/4000]: Loss: [300.8734]
Epoch [205/4000]: Loss: [296.8600]
Epoch [206/4000]: Loss: [310.1190]
Epoch [207/4000]: Loss: [308.9074]
Epoch [208/4000]: Loss: [306.9630]
Epoch [209/4000]: Loss: [305.2698]
Epoch [210/4000]: Loss: [301.6319]
Epoch [211/4000]: Loss: [309.5270]
Epoch [212/4000]: Loss: [308.3892]
Epoch [213/4000]: Loss: [303.0496]
Epoch [214/4000]: Loss: [305.8590]
Epoch [215/4000]: Loss: [311.0888]
Epoch [216/4000]: Loss: [306.2382]
Epoch [217/4000]: Loss: [306.5487]
Epoch [218/4000]: Loss: [302.2668]
Epoch [219/4000]: Loss: [305.1591]
Epoch [220/4000]: Loss: [312.1298]
Epoch [221/4000]: Loss: [298.0097]
Epoch [222/4000]: Loss: [301.4559]
Epoch [223/4000]: Loss: [308.2506]
Epoch [224/4000]: Loss: [299.9598]
Epoch [225/4000]: Loss: [304.4614]
Epoch [226/4000]: Loss: [311.3887]
Epoch [227/4000]: Loss: [313.3108]
Epoch [228/4000]: Loss: [294.9292]
Epoch [229/4000]: Loss: [298.3124]
Epoch [230/4000]: Loss: [305.5452]
Epoch [231/4000]: Loss: [313.2491]
Epoch [232/4000]: Loss: [308.2295]
Epoch [233/4000]: Loss: [305.0859]
Epoch [234/4000]: Loss: [317.1194]
Epoch [235/4000]: Loss: [305.9639]
Epoch [236/4000]: Loss: [307.8963]
Epoch [237/4000]: Loss: [310.5484]
Epoch [238/4000]: Loss: [307.7027]
Epoch [239/4000]: Loss: [301.3314]
Epoch [240/4000]: Loss: [302.9305]
Epoch [241/4000]: Loss: [305.6281]
Epoch [242/4000]: Loss: [306.9666]
Epoch [243/4000]: Loss: [305.2174]
Epoch [244/4000]: Loss: [296.0372]
Epoch [245/4000]: Loss: [297.2558]
Epoch [246/4000]: Loss: [298.4330]
Epoch [247/4000]: Loss: [299.9137]
Epoch [248/4000]: Loss: [307.3667]
Epoch [249/4000]: Loss: [301.3427]
Epoch [250/4000]: Loss: [310.3399]
Epoch [251/4000]: Loss: [302.3195]
Epoch [252/4000]: Loss: [304.6181]
Epoch [253/4000]: Loss: [303.7546]
Epoch [254/4000]: Loss: [305.2955]
Epoch [255/4000]: Loss: [295.0171]
Epoch [256/4000]: Loss: [315.9733]
Epoch [257/4000]: Loss: [311.6979]
Epoch [258/4000]: Loss: [302.9935]
Epoch [259/4000]: Loss: [312.5251]
Epoch [260/4000]: Loss: [295.6005]
Epoch [261/4000]: Loss: [303.7165]
Epoch [262/4000]: Loss: [300.0389]
Epoch [263/4000]: Loss: [298.2401]
Epoch [264/4000]: Loss: [297.4963]
Epoch [265/4000]: Loss: [302.0947]
Epoch [266/4000]: Loss: [312.6393]
Epoch [267/4000]: Loss: [304.0013]
Epoch [268/4000]: Loss: [309.1745]
Epoch [269/4000]: Loss: [305.6200]
Epoch [270/4000]: Loss: [302.8429]
Epoch [271/4000]: Loss: [304.0836]
Epoch [272/4000]: Loss: [297.1441]
Epoch [273/4000]: Loss: [304.6880]
Epoch [274/4000]: Loss: [305.8476]
Epoch [275/4000]: Loss: [299.4787]
Epoch [276/4000]: Loss: [306.5418]
Epoch [277/4000]: Loss: [308.3985]
Epoch [278/4000]: Loss: [304.7338]
Epoch [279/4000]: Loss: [320.5234]
Epoch [280/4000]: Loss: [300.9702]
Epoch [281/4000]: Loss: [310.5755]
Epoch [282/4000]: Loss: [310.1869]
Epoch [283/4000]: Loss: [305.3602]
Epoch [284/4000]: Loss: [303.0928]
Epoch [285/4000]: Loss: [303.4805]
Epoch [286/4000]: Loss: [303.7974]
Epoch [287/4000]: Loss: [300.1039]
Epoch [288/4000]: Loss: [301.6999]
Epoch [289/4000]: Loss: [304.0273]
Epoch [290/4000]: Loss: [301.9784]
Epoch [291/4000]: Loss: [305.9178]
Epoch [292/4000]: Loss: [313.0743]
Epoch [293/4000]: Loss: [297.4578]
Epoch [294/4000]: Loss: [308.7851]
Epoch [295/4000]: Loss: [306.5487]
Epoch [296/4000]: Loss: [315.9059]
Epoch [297/4000]: Loss: [312.0722]
Epoch [298/4000]: Loss: [303.1656]
Epoch [299/4000]: Loss: [297.6830]
Epoch [300/4000]: Loss: [306.8680]
Epoch [301/4000]: Loss: [299.7870]
Epoch [302/4000]: Loss: [306.2069]
Epoch [303/4000]: Loss: [303.6448]
Epoch [304/4000]: Loss: [311.2063]
Epoch [305/4000]: Loss: [314.9305]
Epoch [306/4000]: Loss: [311.3500]
Epoch [307/4000]: Loss: [299.8950]
Epoch [308/4000]: Loss: [305.6412]
Epoch [309/4000]: Loss: [295.7838]
Epoch [310/4000]: Loss: [302.7859]
Epoch [311/4000]: Loss: [317.7207]
Epoch [312/4000]: Loss: [314.3983]
Epoch [313/4000]: Loss: [301.8073]
Epoch [314/4000]: Loss: [302.8624]
Epoch [315/4000]: Loss: [307.8970]
Epoch [316/4000]: Loss: [303.0663]
Epoch [317/4000]: Loss: [302.0050]
Epoch [318/4000]: Loss: [305.2025]
Epoch [319/4000]: Loss: [310.7105]
Epoch [320/4000]: Loss: [305.2363]
Epoch [321/4000]: Loss: [300.6059]
Epoch [322/4000]: Loss: [301.4429]
Epoch [323/4000]: Loss: [304.4915]
Epoch [324/4000]: Loss: [303.5812]
Epoch [325/4000]: Loss: [303.3902]
Epoch [326/4000]: Loss: [305.9060]
Epoch [327/4000]: Loss: [311.5228]
Epoch [328/4000]: Loss: [299.9440]
Epoch [329/4000]: Loss: [313.0689]
Epoch [330/4000]: Loss: [301.1861]
Epoch [331/4000]: Loss: [308.7692]
Epoch [332/4000]: Loss: [308.8154]
Epoch [333/4000]: Loss: [297.7538]
Epoch [334/4000]: Loss: [308.1459]
Epoch [335/4000]: Loss: [309.7888]
Epoch [336/4000]: Loss: [301.0380]
Epoch [337/4000]: Loss: [302.4549]
Epoch [338/4000]: Loss: [311.4054]
Epoch [339/4000]: Loss: [314.6006]
Epoch [340/4000]: Loss: [302.4148]
Epoch [341/4000]: Loss: [303.2141]
Epoch [342/4000]: Loss: [308.3972]
Epoch [343/4000]: Loss: [311.4844]
Epoch [344/4000]: Loss: [297.1754]
Epoch [345/4000]: Loss: [303.6760]
Epoch [346/4000]: Loss: [299.2721]
Epoch [347/4000]: Loss: [306.4413]
Epoch [348/4000]: Loss: [310.3834]
Epoch [349/4000]: Loss: [319.7475]
Epoch [350/4000]: Loss: [294.4320]
Epoch [351/4000]: Loss: [303.4761]
Epoch [352/4000]: Loss: [310.2317]
Epoch [353/4000]: Loss: [303.8281]
Epoch [354/4000]: Loss: [299.5712]
Epoch [355/4000]: Loss: [304.9476]
Epoch [356/4000]: Loss: [302.2268]
Epoch [357/4000]: Loss: [292.7859]
Epoch [358/4000]: Loss: [297.0564]
Epoch [359/4000]: Loss: [298.8135]
Epoch [360/4000]: Loss: [299.6533]
Epoch [361/4000]: Loss: [309.3090]
Epoch [362/4000]: Loss: [296.7339]
Epoch [363/4000]: Loss: [302.8142]
Epoch [364/4000]: Loss: [296.8500]
Epoch [365/4000]: Loss: [311.0394]
Epoch [366/4000]: Loss: [303.5219]
Epoch [367/4000]: Loss: [314.8957]
Epoch [368/4000]: Loss: [321.1719]
Epoch [369/4000]: Loss: [297.2651]
Epoch [370/4000]: Loss: [302.2043]
Epoch [371/4000]: Loss: [315.2198]
Epoch [372/4000]: Loss: [301.9651]
Epoch [373/4000]: Loss: [299.8191]
Epoch [374/4000]: Loss: [313.0262]
Epoch [375/4000]: Loss: [312.0097]
Epoch [376/4000]: Loss: [295.3379]
Epoch [377/4000]: Loss: [317.0228]
Epoch [378/4000]: Loss: [305.6709]
Epoch [379/4000]: Loss: [303.2340]
Epoch [380/4000]: Loss: [300.1911]
Epoch [381/4000]: Loss: [313.1091]
Epoch [382/4000]: Loss: [305.3793]
Epoch [383/4000]: Loss: [302.7788]
Epoch [384/4000]: Loss: [305.8510]
Epoch [385/4000]: Loss: [307.7621]
Epoch [386/4000]: Loss: [308.9086]
Epoch [387/4000]: Loss: [305.4659]
Epoch [388/4000]: Loss: [308.8242]
Epoch [389/4000]: Loss: [318.2771]
Epoch [390/4000]: Loss: [308.5694]
Epoch [391/4000]: Loss: [304.8261]
Epoch [392/4000]: Loss: [305.4826]
Epoch [393/4000]: Loss: [290.9584]
Epoch [394/4000]: Loss: [306.1128]
Epoch [395/4000]: Loss: [307.2100]
Epoch [396/4000]: Loss: [297.3204]
Epoch [397/4000]: Loss: [299.1509]
Epoch [398/4000]: Loss: [292.0659]
Epoch [399/4000]: Loss: [313.0442]
Epoch [400/4000]: Loss: [298.4362]
Epoch [401/4000]: Loss: [311.3457]
Epoch [402/4000]: Loss: [305.7311]
Epoch [403/4000]: Loss: [303.0479]
Epoch [404/4000]: Loss: [302.0502]
Epoch [405/4000]: Loss: [304.2141]
Epoch [406/4000]: Loss: [307.0627]
Epoch [407/4000]: Loss: [308.0598]
Epoch [408/4000]: Loss: [314.3745]
Epoch [409/4000]: Loss: [301.0359]
Epoch [410/4000]: Loss: [301.1714]
Epoch [411/4000]: Loss: [297.4270]
Epoch [412/4000]: Loss: [311.4360]
Epoch [413/4000]: Loss: [303.2091]
Epoch [414/4000]: Loss: [304.1621]
Epoch [415/4000]: Loss: [308.7586]
Epoch [416/4000]: Loss: [306.8529]
Epoch [417/4000]: Loss: [321.5441]
Epoch [418/4000]: Loss: [311.7447]
Epoch [419/4000]: Loss: [298.2549]
Epoch [420/4000]: Loss: [303.9997]
Epoch [421/4000]: Loss: [302.5076]
Epoch [422/4000]: Loss: [312.7145]
Epoch [423/4000]: Loss: [307.6057]
Epoch [424/4000]: Loss: [307.5145]
Epoch [425/4000]: Loss: [298.4664]
Epoch [426/4000]: Loss: [301.6794]
Epoch [427/4000]: Loss: [298.0267]
Epoch [428/4000]: Loss: [298.8766]
Epoch [429/4000]: Loss: [300.8482]
Epoch [430/4000]: Loss: [305.2422]
Epoch [431/4000]: Loss: [305.4444]
Epoch [432/4000]: Loss: [304.7947]
Epoch [433/4000]: Loss: [296.9526]
Epoch [434/4000]: Loss: [302.1997]
Epoch [435/4000]: Loss: [307.7420]
Epoch [436/4000]: Loss: [309.9385]
Epoch [437/4000]: Loss: [305.0708]
Epoch [438/4000]: Loss: [308.7542]
Epoch [439/4000]: Loss: [301.8753]
Epoch [440/4000]: Loss: [302.3543]
Epoch [441/4000]: Loss: [302.8783]
Epoch [442/4000]: Loss: [310.5579]
Epoch [443/4000]: Loss: [308.5747]
Epoch [444/4000]: Loss: [301.8531]
Epoch [445/4000]: Loss: [301.3033]
Epoch [446/4000]: Loss: [306.5656]
Epoch [447/4000]: Loss: [292.4263]
Epoch [448/4000]: Loss: [303.3337]
Epoch [449/4000]: Loss: [299.6530]
Epoch [450/4000]: Loss: [300.8645]
Epoch [451/4000]: Loss: [306.2769]
Epoch [452/4000]: Loss: [305.0480]
Epoch [453/4000]: Loss: [314.4520]
Epoch [454/4000]: Loss: [302.6400]
Epoch [455/4000]: Loss: [307.1817]
Epoch [456/4000]: Loss: [306.4341]
Epoch [457/4000]: Loss: [307.0891]
Epoch [458/4000]: Loss: [303.7801]
Epoch [459/4000]: Loss: [301.3434]
Epoch [460/4000]: Loss: [311.7747]
Epoch [461/4000]: Loss: [303.0657]
Epoch [462/4000]: Loss: [298.7651]
Epoch [463/4000]: Loss: [303.8804]
Epoch [464/4000]: Loss: [301.0395]
Epoch [465/4000]: Loss: [305.1534]
Epoch [466/4000]: Loss: [300.8165]
Epoch [467/4000]: Loss: [312.1238]
Epoch [468/4000]: Loss: [302.4218]
Epoch [469/4000]: Loss: [312.5298]
Epoch [470/4000]: Loss: [313.2854]
Epoch [471/4000]: Loss: [297.5419]
Epoch [472/4000]: Loss: [303.6711]
Epoch [473/4000]: Loss: [299.3593]
Epoch [474/4000]: Loss: [306.9427]
Epoch [475/4000]: Loss: [300.9707]
Epoch [476/4000]: Loss: [304.1807]
Epoch [477/4000]: Loss: [303.4219]
Epoch [478/4000]: Loss: [296.9834]
Epoch [479/4000]: Loss: [304.4108]
Epoch [480/4000]: Loss: [305.5677]
Epoch [481/4000]: Loss: [310.4538]
Epoch [482/4000]: Loss: [304.1775]
Epoch [483/4000]: Loss: [304.7077]
Epoch [484/4000]: Loss: [296.2133]
Epoch [485/4000]: Loss: [302.3684]
Epoch [486/4000]: Loss: [306.0708]
Epoch [487/4000]: Loss: [312.0528]
Epoch [488/4000]: Loss: [304.8953]
Epoch [489/4000]: Loss: [314.4960]
Epoch [490/4000]: Loss: [307.5585]
Epoch [491/4000]: Loss: [302.0367]
Epoch [492/4000]: Loss: [308.4935]
Epoch [493/4000]: Loss: [318.3088]
Epoch [494/4000]: Loss: [304.4605]
Epoch [495/4000]: Loss: [295.5534]
Epoch [496/4000]: Loss: [303.2227]
Epoch [497/4000]: Loss: [306.9728]
Epoch [498/4000]: Loss: [309.2686]
Epoch [499/4000]: Loss: [297.5403]
Epoch [500/4000]: Loss: [305.8381]
Epoch [501/4000]: Loss: [304.7101]
Epoch [502/4000]: Loss: [309.4762]
Epoch [503/4000]: Loss: [310.8333]
Epoch [504/4000]: Loss: [303.5399]
Epoch [505/4000]: Loss: [306.7390]
Epoch [506/4000]: Loss: [301.1462]
Epoch [507/4000]: Loss: [303.4497]
Epoch [508/4000]: Loss: [308.8470]
Epoch [509/4000]: Loss: [295.1572]
Epoch [510/4000]: Loss: [306.0423]
Epoch [511/4000]: Loss: [295.7467]
Epoch [512/4000]: Loss: [303.4690]
Epoch [513/4000]: Loss: [297.3708]
Epoch [514/4000]: Loss: [300.0105]
Epoch [515/4000]: Loss: [306.4552]
Epoch [516/4000]: Loss: [307.3137]
Epoch [517/4000]: Loss: [307.5560]
Epoch [518/4000]: Loss: [309.2026]
Epoch [519/4000]: Loss: [302.7007]
Epoch [520/4000]: Loss: [298.9892]
Epoch [521/4000]: Loss: [312.1146]
Epoch [522/4000]: Loss: [297.5151]
Epoch [523/4000]: Loss: [305.8286]
Epoch [524/4000]: Loss: [309.9368]
Epoch [525/4000]: Loss: [305.3888]
Epoch [526/4000]: Loss: [311.4625]
Epoch [527/4000]: Loss: [307.7483]
Epoch [528/4000]: Loss: [304.3115]
Epoch [529/4000]: Loss: [305.1326]
Epoch [530/4000]: Loss: [302.0360]
Epoch [531/4000]: Loss: [320.2747]
Epoch [532/4000]: Loss: [308.0461]
Epoch [533/4000]: Loss: [303.6509]
Epoch [534/4000]: Loss: [302.2054]
Epoch [535/4000]: Loss: [304.1591]
Epoch [536/4000]: Loss: [304.8463]
Epoch [537/4000]: Loss: [309.3878]
Epoch [538/4000]: Loss: [307.2163]
Epoch [539/4000]: Loss: [310.0171]
Epoch [540/4000]: Loss: [315.0903]
Epoch [541/4000]: Loss: [302.0868]
Epoch [542/4000]: Loss: [301.4062]
Epoch [543/4000]: Loss: [305.2484]
Epoch [544/4000]: Loss: [300.6572]
Epoch [545/4000]: Loss: [296.8988]
Epoch [546/4000]: Loss: [295.6605]
Epoch [547/4000]: Loss: [308.8756]
Epoch [548/4000]: Loss: [306.5143]
Epoch [549/4000]: Loss: [307.2948]
Epoch [550/4000]: Loss: [302.5559]
Epoch [551/4000]: Loss: [308.1598]
Epoch [552/4000]: Loss: [304.6854]
Epoch [553/4000]: Loss: [311.3623]
Epoch [554/4000]: Loss: [317.7909]
Epoch [555/4000]: Loss: [299.6333]
Epoch [556/4000]: Loss: [301.2961]
Epoch [557/4000]: Loss: [298.9833]
Epoch [558/4000]: Loss: [304.0391]
Epoch [559/4000]: Loss: [308.8580]
Epoch [560/4000]: Loss: [313.7531]
Epoch [561/4000]: Loss: [305.0566]
Epoch [562/4000]: Loss: [309.6215]
Epoch [563/4000]: Loss: [312.4232]
Epoch [564/4000]: Loss: [308.5866]
Epoch [565/4000]: Loss: [301.9368]
Epoch [566/4000]: Loss: [314.6200]
Epoch [567/4000]: Loss: [309.8881]
Epoch [568/4000]: Loss: [306.5553]
Epoch [569/4000]: Loss: [311.0641]
Epoch [570/4000]: Loss: [303.8226]
Epoch [571/4000]: Loss: [311.6826]
Epoch [572/4000]: Loss: [302.0630]
Epoch [573/4000]: Loss: [303.5199]
Epoch [574/4000]: Loss: [308.0103]
Epoch [575/4000]: Loss: [313.2147]
Epoch [576/4000]: Loss: [311.4883]
Epoch [577/4000]: Loss: [307.9117]
Epoch [578/4000]: Loss: [305.5000]
Epoch [579/4000]: Loss: [312.2699]
Epoch [580/4000]: Loss: [300.9882]
Epoch [581/4000]: Loss: [313.3348]
Epoch [582/4000]: Loss: [301.0201]
Epoch [583/4000]: Loss: [309.5372]
Epoch [584/4000]: Loss: [308.5135]
Epoch [585/4000]: Loss: [304.0745]
Epoch [586/4000]: Loss: [308.6686]
Epoch [587/4000]: Loss: [298.2719]
Epoch [588/4000]: Loss: [310.4264]
Epoch [589/4000]: Loss: [305.9297]
Epoch [590/4000]: Loss: [308.0614]
Epoch [591/4000]: Loss: [307.7774]
Epoch [592/4000]: Loss: [304.9684]
Epoch [593/4000]: Loss: [301.1804]
Epoch [594/4000]: Loss: [303.3754]
Epoch [595/4000]: Loss: [308.2736]
Epoch [596/4000]: Loss: [296.6923]
Epoch [597/4000]: Loss: [313.6236]
Epoch [598/4000]: Loss: [308.5421]
Epoch [599/4000]: Loss: [307.1789]
Epoch [600/4000]: Loss: [299.2813]
Epoch [601/4000]: Loss: [305.9874]
Epoch [602/4000]: Loss: [297.2665]
Epoch [603/4000]: Loss: [302.7545]
Epoch [604/4000]: Loss: [306.2135]
Epoch [605/4000]: Loss: [301.5571]
Epoch [606/4000]: Loss: [310.0071]
Epoch [607/4000]: Loss: [307.9119]
Epoch [608/4000]: Loss: [298.5788]
Epoch [609/4000]: Loss: [299.0685]
Epoch [610/4000]: Loss: [305.2458]
Epoch [611/4000]: Loss: [304.5717]
Epoch [612/4000]: Loss: [307.1889]
Epoch [613/4000]: Loss: [304.3586]
Epoch [614/4000]: Loss: [306.8793]
Epoch [615/4000]: Loss: [304.0991]
Epoch [616/4000]: Loss: [296.4652]
Epoch [617/4000]: Loss: [310.8073]
Epoch [618/4000]: Loss: [296.6648]
Epoch [619/4000]: Loss: [300.6787]
Epoch [620/4000]: Loss: [302.8964]
Epoch [621/4000]: Loss: [313.1483]
Epoch [622/4000]: Loss: [303.4644]
Epoch [623/4000]: Loss: [299.8019]
Epoch [624/4000]: Loss: [306.0332]
Epoch [625/4000]: Loss: [315.4175]
Epoch [626/4000]: Loss: [303.3117]
Epoch [627/4000]: Loss: [302.9200]
Epoch [628/4000]: Loss: [304.6161]
Epoch [629/4000]: Loss: [315.0844]
Epoch [630/4000]: Loss: [294.7760]
Epoch [631/4000]: Loss: [312.0767]
Epoch [632/4000]: Loss: [297.8205]
Epoch [633/4000]: Loss: [300.1000]
Epoch [634/4000]: Loss: [293.3318]
Epoch [635/4000]: Loss: [309.8249]
Epoch [636/4000]: Loss: [304.8187]
Epoch [637/4000]: Loss: [297.1281]
Epoch [638/4000]: Loss: [307.2468]
Epoch [639/4000]: Loss: [306.6773]
Epoch [640/4000]: Loss: [307.5334]
Epoch [641/4000]: Loss: [304.9904]
Epoch [642/4000]: Loss: [306.0675]
Epoch [643/4000]: Loss: [309.8917]
Epoch [644/4000]: Loss: [304.8062]
Epoch [645/4000]: Loss: [304.7093]
Epoch [646/4000]: Loss: [311.7702]
Epoch [647/4000]: Loss: [309.3339]
Epoch [648/4000]: Loss: [317.8324]
Epoch [649/4000]: Loss: [295.3708]
Epoch [650/4000]: Loss: [313.1342]
Epoch [651/4000]: Loss: [312.1282]
Epoch [652/4000]: Loss: [314.3322]
Epoch [653/4000]: Loss: [320.0486]
Epoch [654/4000]: Loss: [306.7884]
Epoch [655/4000]: Loss: [306.0970]
Epoch [656/4000]: Loss: [307.7795]
Epoch [657/4000]: Loss: [300.0056]
Epoch [658/4000]: Loss: [295.4698]
Epoch [659/4000]: Loss: [308.3529]
Epoch [660/4000]: Loss: [307.3265]
Epoch [661/4000]: Loss: [301.6687]
Epoch [662/4000]: Loss: [315.1748]
Epoch [663/4000]: Loss: [307.8394]
Epoch [664/4000]: Loss: [308.0674]
Epoch [665/4000]: Loss: [306.0665]
Epoch [666/4000]: Loss: [299.2788]
Epoch [667/4000]: Loss: [303.4313]
Epoch [668/4000]: Loss: [307.8422]
Epoch [669/4000]: Loss: [305.5949]
Epoch [670/4000]: Loss: [306.9031]
Epoch [671/4000]: Loss: [311.1713]
Epoch [672/4000]: Loss: [310.8480]
Epoch [673/4000]: Loss: [309.7472]
Epoch [674/4000]: Loss: [302.8500]
Epoch [675/4000]: Loss: [299.9487]
Epoch [676/4000]: Loss: [296.4596]
Epoch [677/4000]: Loss: [301.5803]
Epoch [678/4000]: Loss: [307.2729]
Epoch [679/4000]: Loss: [314.0893]
Epoch [680/4000]: Loss: [302.4026]
Epoch [681/4000]: Loss: [307.0367]
Epoch [682/4000]: Loss: [304.1796]
Epoch [683/4000]: Loss: [302.1304]
Epoch [684/4000]: Loss: [301.8871]
Epoch [685/4000]: Loss: [298.6613]
Epoch [686/4000]: Loss: [301.3847]
Epoch [687/4000]: Loss: [309.7928]
Epoch [688/4000]: Loss: [304.2151]
Epoch [689/4000]: Loss: [304.9575]
Epoch [690/4000]: Loss: [301.2279]
Epoch [691/4000]: Loss: [308.4113]
Epoch [692/4000]: Loss: [307.7221]
Epoch [693/4000]: Loss: [300.1859]
Epoch [694/4000]: Loss: [303.4079]
Epoch [695/4000]: Loss: [305.8312]
Epoch [696/4000]: Loss: [308.7241]
Epoch [697/4000]: Loss: [296.4562]
Epoch [698/4000]: Loss: [309.6131]
Epoch [699/4000]: Loss: [311.7780]
Epoch [700/4000]: Loss: [305.3482]
Epoch [701/4000]: Loss: [315.0334]
Epoch [702/4000]: Loss: [304.9355]
Epoch [703/4000]: Loss: [297.0583]
Epoch [704/4000]: Loss: [306.2325]
Epoch [705/4000]: Loss: [295.1534]
Epoch [706/4000]: Loss: [309.6028]
Epoch [707/4000]: Loss: [299.8202]
Epoch [708/4000]: Loss: [308.6439]
Epoch [709/4000]: Loss: [305.3092]
Epoch [710/4000]: Loss: [310.4722]
Epoch [711/4000]: Loss: [299.4145]
Epoch [712/4000]: Loss: [309.9013]
Epoch [713/4000]: Loss: [308.2133]
Epoch [714/4000]: Loss: [307.2924]
Epoch [715/4000]: Loss: [306.9240]
Epoch [716/4000]: Loss: [298.9055]
Epoch [717/4000]: Loss: [306.2837]
Epoch [718/4000]: Loss: [298.9442]
Epoch [719/4000]: Loss: [318.3112]
Epoch [720/4000]: Loss: [303.3002]
Epoch [721/4000]: Loss: [313.1649]
Epoch [722/4000]: Loss: [304.2433]
Epoch [723/4000]: Loss: [304.9822]
Epoch [724/4000]: Loss: [299.5032]
Epoch [725/4000]: Loss: [298.3559]
Epoch [726/4000]: Loss: [295.4235]
Epoch [727/4000]: Loss: [301.8053]
Epoch [728/4000]: Loss: [306.7827]
Epoch [729/4000]: Loss: [307.6958]
Epoch [730/4000]: Loss: [304.3754]
Epoch [731/4000]: Loss: [305.9494]
Epoch [732/4000]: Loss: [299.0119]
Epoch [733/4000]: Loss: [308.7342]
Epoch [734/4000]: Loss: [306.7976]
Epoch [735/4000]: Loss: [295.2973]
Epoch [736/4000]: Loss: [301.9164]
Epoch [737/4000]: Loss: [295.5201]
Epoch [738/4000]: Loss: [307.0059]
Epoch [739/4000]: Loss: [308.6193]
Epoch [740/4000]: Loss: [300.7322]
Epoch [741/4000]: Loss: [303.5514]
Epoch [742/4000]: Loss: [309.4741]
Epoch [743/4000]: Loss: [304.3337]
Epoch [744/4000]: Loss: [320.3171]
Epoch [745/4000]: Loss: [300.3457]
Epoch [746/4000]: Loss: [315.2433]
Epoch [747/4000]: Loss: [318.5814]
Epoch [748/4000]: Loss: [306.0774]
Epoch [749/4000]: Loss: [300.7418]
wandb: ERROR Error while calling W&B API: context deadline exceeded (<Response [500]>)
Epoch [750/4000]: Loss: [303.8305]
Epoch [751/4000]: Loss: [300.5582]
Epoch [752/4000]: Loss: [289.3522]
Epoch [753/4000]: Loss: [315.3182]
Epoch [754/4000]: Loss: [309.1744]
Epoch [755/4000]: Loss: [306.2795]
Epoch [756/4000]: Loss: [302.9037]
Epoch [757/4000]: Loss: [305.4782]
Epoch [758/4000]: Loss: [305.0725]
Epoch [759/4000]: Loss: [315.1133]
Epoch [760/4000]: Loss: [309.6367]
Epoch [761/4000]: Loss: [298.4872]
Epoch [762/4000]: Loss: [307.1852]
Epoch [763/4000]: Loss: [304.7536]
Epoch [764/4000]: Loss: [297.7296]
Epoch [765/4000]: Loss: [299.4678]
Epoch [766/4000]: Loss: [302.8090]
Epoch [767/4000]: Loss: [304.1575]
Epoch [768/4000]: Loss: [308.9807]
Epoch [769/4000]: Loss: [295.2419]
Epoch [770/4000]: Loss: [306.2106]
Epoch [771/4000]: Loss: [306.5081]
Epoch [772/4000]: Loss: [303.5442]
Epoch [773/4000]: Loss: [290.4757]
Epoch [774/4000]: Loss: [317.2667]
Epoch [775/4000]: Loss: [305.2362]
Epoch [776/4000]: Loss: [303.6265]
Epoch [777/4000]: Loss: [312.3827]
Epoch [778/4000]: Loss: [307.5774]
Epoch [779/4000]: Loss: [303.2416]
Epoch [780/4000]: Loss: [313.0693]
Epoch [781/4000]: Loss: [307.3379]
Epoch [782/4000]: Loss: [295.7277]
Epoch [783/4000]: Loss: [299.5114]
Epoch [784/4000]: Loss: [309.6107]
Epoch [785/4000]: Loss: [299.8972]
Epoch [786/4000]: Loss: [302.6002]
Epoch [787/4000]: Loss: [295.0045]
Epoch [788/4000]: Loss: [306.1687]
Epoch [789/4000]: Loss: [299.1558]
Epoch [790/4000]: Loss: [299.8779]
Epoch [791/4000]: Loss: [295.3365]
Epoch [792/4000]: Loss: [308.5439]
Epoch [793/4000]: Loss: [312.8120]
Epoch [794/4000]: Loss: [305.4014]
Epoch [795/4000]: Loss: [309.2307]
Epoch [796/4000]: Loss: [304.1520]
Epoch [797/4000]: Loss: [298.6315]
Epoch [798/4000]: Loss: [302.2971]
Epoch [799/4000]: Loss: [297.8169]
Epoch [800/4000]: Loss: [314.2017]
Epoch [801/4000]: Loss: [314.5308]
Epoch [802/4000]: Loss: [310.6627]
Epoch [803/4000]: Loss: [305.8469]
Epoch [804/4000]: Loss: [309.4285]
Epoch [805/4000]: Loss: [303.9023]
Epoch [806/4000]: Loss: [303.7940]
Epoch [807/4000]: Loss: [298.3006]
Epoch [808/4000]: Loss: [302.3756]
Epoch [809/4000]: Loss: [307.4158]
Epoch [810/4000]: Loss: [310.2536]
Epoch [811/4000]: Loss: [310.0761]
Epoch [812/4000]: Loss: [299.6928]
Epoch [813/4000]: Loss: [303.7130]
Epoch [814/4000]: Loss: [306.7927]
Epoch [815/4000]: Loss: [300.9485]
Epoch [816/4000]: Loss: [296.3618]
Epoch [817/4000]: Loss: [299.0490]
Epoch [818/4000]: Loss: [303.0003]
Epoch [819/4000]: Loss: [306.2561]
Epoch [820/4000]: Loss: [304.4559]
Epoch [821/4000]: Loss: [310.3685]
Epoch [822/4000]: Loss: [307.5947]
Epoch [823/4000]: Loss: [310.7250]
Epoch [824/4000]: Loss: [300.2769]
Epoch [825/4000]: Loss: [306.7361]
Epoch [826/4000]: Loss: [304.1516]
Epoch [827/4000]: Loss: [305.5265]
Epoch [828/4000]: Loss: [312.2793]
Epoch [829/4000]: Loss: [307.2164]
Epoch [830/4000]: Loss: [310.8844]
Epoch [831/4000]: Loss: [309.3427]
Epoch [832/4000]: Loss: [309.5367]
Epoch [833/4000]: Loss: [303.8470]
Epoch [834/4000]: Loss: [306.6435]
Epoch [835/4000]: Loss: [298.0235]
Epoch [836/4000]: Loss: [316.6987]
Epoch [837/4000]: Loss: [307.8048]
Epoch [838/4000]: Loss: [299.0764]
Epoch [839/4000]: Loss: [308.0636]
Epoch [840/4000]: Loss: [304.4417]
Epoch [841/4000]: Loss: [308.7289]
Epoch [842/4000]: Loss: [308.3516]
Epoch [843/4000]: Loss: [316.8568]
Epoch [844/4000]: Loss: [295.8665]
Epoch [845/4000]: Loss: [314.1078]
Epoch [846/4000]: Loss: [295.6260]
Epoch [847/4000]: Loss: [299.5718]
Epoch [848/4000]: Loss: [297.1670]
Epoch [849/4000]: Loss: [305.0335]
Epoch [850/4000]: Loss: [301.9264]
Epoch [851/4000]: Loss: [293.0150]
Epoch [852/4000]: Loss: [297.5822]
Epoch [853/4000]: Loss: [294.5876]
Epoch [854/4000]: Loss: [306.3570]
Epoch [855/4000]: Loss: [307.1838]
Epoch [856/4000]: Loss: [310.4031]
Epoch [857/4000]: Loss: [297.3954]
Epoch [858/4000]: Loss: [313.5662]
Epoch [859/4000]: Loss: [302.4337]
Epoch [860/4000]: Loss: [296.7146]
Epoch [861/4000]: Loss: [305.6277]
Epoch [862/4000]: Loss: [297.7330]
Epoch [863/4000]: Loss: [316.1329]
Epoch [864/4000]: Loss: [303.2993]
Epoch [865/4000]: Loss: [304.5039]
Epoch [866/4000]: Loss: [305.4483]
Epoch [867/4000]: Loss: [306.1641]
Epoch [868/4000]: Loss: [311.0207]
Epoch [869/4000]: Loss: [306.8153]
Epoch [870/4000]: Loss: [309.5323]
Epoch [871/4000]: Loss: [315.8717]
Epoch [872/4000]: Loss: [302.5475]
Epoch [873/4000]: Loss: [309.9852]
Epoch [874/4000]: Loss: [316.8604]
Epoch [875/4000]: Loss: [305.6863]
Epoch [876/4000]: Loss: [305.3065]
Epoch [877/4000]: Loss: [297.3656]
Epoch [878/4000]: Loss: [299.8400]
Epoch [879/4000]: Loss: [305.0847]
Epoch [880/4000]: Loss: [317.9004]
Epoch [881/4000]: Loss: [293.0754]
Epoch [882/4000]: Loss: [304.6494]
Epoch [883/4000]: Loss: [305.3288]
Epoch [884/4000]: Loss: [294.7684]
Epoch [885/4000]: Loss: [300.2378]
Epoch [886/4000]: Loss: [300.8214]
Epoch [887/4000]: Loss: [308.8190]
Epoch [888/4000]: Loss: [301.7751]
Epoch [889/4000]: Loss: [304.1609]
Epoch [890/4000]: Loss: [306.8508]
Epoch [891/4000]: Loss: [312.0718]
Epoch [892/4000]: Loss: [301.7783]
Epoch [893/4000]: Loss: [305.4989]
Epoch [894/4000]: Loss: [305.4910]
Epoch [895/4000]: Loss: [306.4628]
Epoch [896/4000]: Loss: [309.5028]
Epoch [897/4000]: Loss: [322.6466]
Epoch [898/4000]: Loss: [306.1364]
Epoch [899/4000]: Loss: [300.2056]
Epoch [900/4000]: Loss: [304.9870]
Epoch [901/4000]: Loss: [306.5191]
Epoch [902/4000]: Loss: [312.3005]
Epoch [903/4000]: Loss: [297.4305]
Epoch [904/4000]: Loss: [299.1744]
Epoch [905/4000]: Loss: [296.3623]
Epoch [906/4000]: Loss: [301.5686]
Epoch [907/4000]: Loss: [301.2676]
Epoch [908/4000]: Loss: [298.2777]
Epoch [909/4000]: Loss: [299.6294]
Epoch [910/4000]: Loss: [298.6574]
Epoch [911/4000]: Loss: [301.5030]
Epoch [912/4000]: Loss: [301.4824]
Epoch [913/4000]: Loss: [297.4984]
Epoch [914/4000]: Loss: [302.1511]
Epoch [915/4000]: Loss: [310.1963]
Epoch [916/4000]: Loss: [301.5237]
Epoch [917/4000]: Loss: [312.0871]
Epoch [918/4000]: Loss: [295.3305]
Epoch [919/4000]: Loss: [311.3489]
Epoch [920/4000]: Loss: [311.9841]
Epoch [921/4000]: Loss: [293.0012]
Epoch [922/4000]: Loss: [309.1269]
Epoch [923/4000]: Loss: [304.2581]
Epoch [924/4000]: Loss: [310.5919]
Epoch [925/4000]: Loss: [303.7413]
Epoch [926/4000]: Loss: [304.4686]
Epoch [927/4000]: Loss: [300.7052]
Epoch [928/4000]: Loss: [307.8437]
Epoch [929/4000]: Loss: [299.2843]
Epoch [930/4000]: Loss: [296.7858]
Epoch [931/4000]: Loss: [310.8933]
Epoch [932/4000]: Loss: [299.4465]
Epoch [933/4000]: Loss: [305.8327]
Epoch [934/4000]: Loss: [304.3124]
Epoch [935/4000]: Loss: [304.2392]
Epoch [936/4000]: Loss: [298.2975]
Epoch [937/4000]: Loss: [297.5167]
Epoch [938/4000]: Loss: [296.8033]
Epoch [939/4000]: Loss: [304.3594]
Epoch [940/4000]: Loss: [299.7845]
Epoch [941/4000]: Loss: [307.8980]
Epoch [942/4000]: Loss: [304.3203]
Epoch [943/4000]: Loss: [312.6960]
Epoch [944/4000]: Loss: [310.2791]
Epoch [945/4000]: Loss: [303.6858]
Epoch [946/4000]: Loss: [300.8235]
Epoch [947/4000]: Loss: [311.8998]
Epoch [948/4000]: Loss: [306.2536]
Epoch [949/4000]: Loss: [324.3967]
Epoch [950/4000]: Loss: [297.3397]
Epoch [951/4000]: Loss: [301.6071]
Epoch [952/4000]: Loss: [306.4729]
Epoch [953/4000]: Loss: [299.3634]
Epoch [954/4000]: Loss: [298.6680]
Epoch [955/4000]: Loss: [320.6306]
Epoch [956/4000]: Loss: [304.1201]
Epoch [957/4000]: Loss: [307.3752]
Epoch [958/4000]: Loss: [304.9172]
Epoch [959/4000]: Loss: [305.2799]
Epoch [960/4000]: Loss: [303.6527]
Epoch [961/4000]: Loss: [312.7697]
Epoch [962/4000]: Loss: [299.6042]
Epoch [963/4000]: Loss: [307.7265]
Epoch [964/4000]: Loss: [298.3349]
Epoch [965/4000]: Loss: [310.0502]
Epoch [966/4000]: Loss: [300.9735]
Epoch [967/4000]: Loss: [304.6336]
Epoch [968/4000]: Loss: [299.2684]
Epoch [969/4000]: Loss: [298.4069]
Epoch [970/4000]: Loss: [304.0252]
Epoch [971/4000]: Loss: [305.4056]
Epoch [972/4000]: Loss: [303.5994]
Epoch [973/4000]: Loss: [307.5200]
Epoch [974/4000]: Loss: [305.3969]
Epoch [975/4000]: Loss: [305.2001]
Epoch [976/4000]: Loss: [302.4824]
Epoch [977/4000]: Loss: [301.4709]
Epoch [978/4000]: Loss: [306.7072]
Epoch [979/4000]: Loss: [300.0248]
Epoch [980/4000]: Loss: [302.2518]
Epoch [981/4000]: Loss: [307.4990]
Epoch [982/4000]: Loss: [301.6323]
Epoch [983/4000]: Loss: [298.3426]
Epoch [984/4000]: Loss: [299.9006]
Epoch [985/4000]: Loss: [304.7015]
Epoch [986/4000]: Loss: [303.3400]
Epoch [987/4000]: Loss: [308.1031]
Epoch [988/4000]: Loss: [312.8591]
Epoch [989/4000]: Loss: [300.8316]
Epoch [990/4000]: Loss: [306.3411]
Epoch [991/4000]: Loss: [304.1725]
Epoch [992/4000]: Loss: [296.5083]
Epoch [993/4000]: Loss: [299.8164]
Epoch [994/4000]: Loss: [313.6724]
Epoch [995/4000]: Loss: [306.9796]
Epoch [996/4000]: Loss: [306.5278]
Epoch [997/4000]: Loss: [308.6562]
Epoch [998/4000]: Loss: [302.9070]
Epoch [999/4000]: Loss: [303.0012]
Epoch [1000/4000]: Loss: [307.0649]
Epoch [1001/4000]: Loss: [311.0703]
Epoch [1002/4000]: Loss: [307.6624]
Epoch [1003/4000]: Loss: [305.5999]
Epoch [1004/4000]: Loss: [304.6840]
Epoch [1005/4000]: Loss: [299.9060]
Epoch [1006/4000]: Loss: [306.4341]
Epoch [1007/4000]: Loss: [312.5229]
Epoch [1008/4000]: Loss: [310.2748]
Epoch [1009/4000]: Loss: [307.6439]
Epoch [1010/4000]: Loss: [312.0826]
Epoch [1011/4000]: Loss: [299.5041]
Epoch [1012/4000]: Loss: [299.3670]
Epoch [1013/4000]: Loss: [306.8440]
Epoch [1014/4000]: Loss: [301.3594]
Epoch [1015/4000]: Loss: [302.1257]
Epoch [1016/4000]: Loss: [297.7651]
Epoch [1017/4000]: Loss: [300.7005]
Epoch [1018/4000]: Loss: [301.4808]
Epoch [1019/4000]: Loss: [303.0683]
Epoch [1020/4000]: Loss: [309.1961]
Epoch [1021/4000]: Loss: [301.5552]
Epoch [1022/4000]: Loss: [301.7844]
Epoch [1023/4000]: Loss: [302.8860]
Epoch [1024/4000]: Loss: [294.1543]
Epoch [1025/4000]: Loss: [301.1348]
Epoch [1026/4000]: Loss: [296.7692]
Epoch [1027/4000]: Loss: [295.9388]
Epoch [1028/4000]: Loss: [298.9434]
Epoch [1029/4000]: Loss: [305.6851]
Epoch [1030/4000]: Loss: [310.0548]
Epoch [1031/4000]: Loss: [297.2832]
Epoch [1032/4000]: Loss: [304.7366]
Epoch [1033/4000]: Loss: [302.2077]
Epoch [1034/4000]: Loss: [307.1006]
Epoch [1035/4000]: Loss: [290.8860]
Epoch [1036/4000]: Loss: [297.0771]
Epoch [1037/4000]: Loss: [304.4003]
Epoch [1038/4000]: Loss: [295.8355]
Epoch [1039/4000]: Loss: [309.2408]
Epoch [1040/4000]: Loss: [305.9509]
Epoch [1041/4000]: Loss: [303.1124]
Epoch [1042/4000]: Loss: [304.2320]
Epoch [1043/4000]: Loss: [301.9514]
Epoch [1044/4000]: Loss: [315.8373]
Epoch [1045/4000]: Loss: [311.3827]
Epoch [1046/4000]: Loss: [303.3238]
Epoch [1047/4000]: Loss: [313.6601]
Epoch [1048/4000]: Loss: [305.1983]
Epoch [1049/4000]: Loss: [310.6900]
Epoch [1050/4000]: Loss: [304.9650]
Epoch [1051/4000]: Loss: [300.4997]
Epoch [1052/4000]: Loss: [310.9745]
Epoch [1053/4000]: Loss: [306.2704]
Epoch [1054/4000]: Loss: [317.0057]
Epoch [1055/4000]: Loss: [306.7684]
Epoch [1056/4000]: Loss: [307.4977]
Epoch [1057/4000]: Loss: [311.3702]
Epoch [1058/4000]: Loss: [299.8885]
Epoch [1059/4000]: Loss: [304.5608]
Epoch [1060/4000]: Loss: [309.4612]
Epoch [1061/4000]: Loss: [307.4996]
Epoch [1062/4000]: Loss: [295.5633]
Epoch [1063/4000]: Loss: [301.2265]
Epoch [1064/4000]: Loss: [304.1351]
Epoch [1065/4000]: Loss: [304.9543]
Epoch [1066/4000]: Loss: [298.8555]
Epoch [1067/4000]: Loss: [318.4717]
Epoch [1068/4000]: Loss: [303.3678]
Epoch [1069/4000]: Loss: [305.0359]
Epoch [1070/4000]: Loss: [312.0507]
Epoch [1071/4000]: Loss: [300.3579]
Epoch [1072/4000]: Loss: [293.3139]
Epoch [1073/4000]: Loss: [299.8304]
Epoch [1074/4000]: Loss: [297.1280]
Epoch [1075/4000]: Loss: [299.8463]
Epoch [1076/4000]: Loss: [297.1779]
Epoch [1077/4000]: Loss: [301.7327]
Epoch [1078/4000]: Loss: [315.8068]
Epoch [1079/4000]: Loss: [304.0212]
Epoch [1080/4000]: Loss: [307.5175]
Epoch [1081/4000]: Loss: [305.2502]
Epoch [1082/4000]: Loss: [311.3694]
Epoch [1083/4000]: Loss: [298.4657]
Epoch [1084/4000]: Loss: [303.2540]
Epoch [1085/4000]: Loss: [307.1791]
Epoch [1086/4000]: Loss: [300.7245]
Epoch [1087/4000]: Loss: [306.8551]
Epoch [1088/4000]: Loss: [299.7084]
Epoch [1089/4000]: Loss: [304.7375]
Epoch [1090/4000]: Loss: [306.8213]
Epoch [1091/4000]: Loss: [303.8544]
Epoch [1092/4000]: Loss: [299.4783]
Epoch [1093/4000]: Loss: [306.2507]
Epoch [1094/4000]: Loss: [312.7166]
Epoch [1095/4000]: Loss: [302.4056]
Epoch [1096/4000]: Loss: [302.4705]
Epoch [1097/4000]: Loss: [301.1326]
Epoch [1098/4000]: Loss: [304.6225]
Epoch [1099/4000]: Loss: [305.9097]
Epoch [1100/4000]: Loss: [306.6577]
Epoch [1101/4000]: Loss: [303.2677]
Epoch [1102/4000]: Loss: [296.6275]
Epoch [1103/4000]: Loss: [310.0117]
Epoch [1104/4000]: Loss: [307.8810]
Epoch [1105/4000]: Loss: [304.2154]
Epoch [1106/4000]: Loss: [309.2783]
Epoch [1107/4000]: Loss: [312.1028]
Epoch [1108/4000]: Loss: [310.4294]
Epoch [1109/4000]: Loss: [305.1664]
Epoch [1110/4000]: Loss: [306.3488]
Epoch [1111/4000]: Loss: [311.8865]
Epoch [1112/4000]: Loss: [307.8151]
Epoch [1113/4000]: Loss: [296.9284]
Epoch [1114/4000]: Loss: [303.9291]
Epoch [1115/4000]: Loss: [300.1485]
Epoch [1116/4000]: Loss: [299.8556]
Epoch [1117/4000]: Loss: [301.3689]
Epoch [1118/4000]: Loss: [302.0155]
Epoch [1119/4000]: Loss: [302.1378]
Epoch [1120/4000]: Loss: [317.2450]
Epoch [1121/4000]: Loss: [304.8018]
Epoch [1122/4000]: Loss: [306.8524]
Epoch [1123/4000]: Loss: [308.3705]
Epoch [1124/4000]: Loss: [304.7472]
Epoch [1125/4000]: Loss: [294.7288]
Epoch [1126/4000]: Loss: [305.8083]
Epoch [1127/4000]: Loss: [303.6732]
Epoch [1128/4000]: Loss: [315.8084]
Epoch [1129/4000]: Loss: [305.0241]
Epoch [1130/4000]: Loss: [304.6756]
Epoch [1131/4000]: Loss: [295.4820]
Epoch [1132/4000]: Loss: [300.2867]
Epoch [1133/4000]: Loss: [296.3258]
Epoch [1134/4000]: Loss: [293.7598]
Epoch [1135/4000]: Loss: [293.7400]
Epoch [1136/4000]: Loss: [310.0165]
Epoch [1137/4000]: Loss: [310.2095]
Epoch [1138/4000]: Loss: [304.2430]
Epoch [1139/4000]: Loss: [306.8218]
Epoch [1140/4000]: Loss: [309.4558]
Epoch [1141/4000]: Loss: [299.7839]
Epoch [1142/4000]: Loss: [310.8540]
Epoch [1143/4000]: Loss: [305.0748]
Epoch [1144/4000]: Loss: [303.9030]
Epoch [1145/4000]: Loss: [306.4565]
Epoch [1146/4000]: Loss: [294.7632]
Epoch [1147/4000]: Loss: [299.1044]
Epoch [1148/4000]: Loss: [294.3471]
Epoch [1149/4000]: Loss: [309.9591]
Epoch [1150/4000]: Loss: [310.9261]
Epoch [1151/4000]: Loss: [299.9336]
Epoch [1152/4000]: Loss: [307.8748]
Epoch [1153/4000]: Loss: [302.7470]
Epoch [1154/4000]: Loss: [297.5714]
Epoch [1155/4000]: Loss: [304.9889]
Epoch [1156/4000]: Loss: [304.3917]
Epoch [1157/4000]: Loss: [296.9500]
Epoch [1158/4000]: Loss: [299.1485]
Epoch [1159/4000]: Loss: [301.4088]
Epoch [1160/4000]: Loss: [309.6415]
Epoch [1161/4000]: Loss: [305.9992]
Epoch [1162/4000]: Loss: [313.6828]
Epoch [1163/4000]: Loss: [311.7326]
Epoch [1164/4000]: Loss: [290.2075]
Epoch [1165/4000]: Loss: [301.8457]
Epoch [1166/4000]: Loss: [303.7433]
Epoch [1167/4000]: Loss: [303.1287]
Epoch [1168/4000]: Loss: [300.6622]
Epoch [1169/4000]: Loss: [300.6825]
Epoch [1170/4000]: Loss: [299.5034]
Epoch [1171/4000]: Loss: [322.4610]
Epoch [1172/4000]: Loss: [304.6135]
Epoch [1173/4000]: Loss: [305.7023]
Epoch [1174/4000]: Loss: [303.1810]
Epoch [1175/4000]: Loss: [303.1738]
Epoch [1176/4000]: Loss: [300.9653]
Epoch [1177/4000]: Loss: [308.1139]
Epoch [1178/4000]: Loss: [312.0042]
Epoch [1179/4000]: Loss: [313.7464]
Epoch [1180/4000]: Loss: [303.7894]
Epoch [1181/4000]: Loss: [302.8698]
Epoch [1182/4000]: Loss: [305.7914]
Epoch [1183/4000]: Loss: [314.5716]
Epoch [1184/4000]: Loss: [305.3815]
Epoch [1185/4000]: Loss: [303.3809]
Epoch [1186/4000]: Loss: [301.0385]
Epoch [1187/4000]: Loss: [317.7810]
Epoch [1188/4000]: Loss: [310.2312]
Epoch [1189/4000]: Loss: [317.0729]
Epoch [1190/4000]: Loss: [304.0991]
Epoch [1191/4000]: Loss: [297.3388]
Epoch [1192/4000]: Loss: [302.6426]
Epoch [1193/4000]: Loss: [297.9420]
Epoch [1194/4000]: Loss: [297.0261]
Epoch [1195/4000]: Loss: [301.1531]
Epoch [1196/4000]: Loss: [297.9891]
Epoch [1197/4000]: Loss: [293.7294]
Epoch [1198/4000]: Loss: [302.5791]
Epoch [1199/4000]: Loss: [297.3399]
Epoch [1200/4000]: Loss: [302.5430]
Epoch [1201/4000]: Loss: [305.8618]
Epoch [1202/4000]: Loss: [305.5282]
Epoch [1203/4000]: Loss: [300.6629]
Epoch [1204/4000]: Loss: [300.0444]
Epoch [1205/4000]: Loss: [317.0113]
Epoch [1206/4000]: Loss: [305.5196]
Epoch [1207/4000]: Loss: [299.4143]
Epoch [1208/4000]: Loss: [300.0866]
Epoch [1209/4000]: Loss: [298.8199]
Epoch [1210/4000]: Loss: [299.8380]
Epoch [1211/4000]: Loss: [302.6518]
Epoch [1212/4000]: Loss: [298.0731]
Epoch [1213/4000]: Loss: [315.2296]
Epoch [1214/4000]: Loss: [297.8353]
Epoch [1215/4000]: Loss: [299.9994]
Epoch [1216/4000]: Loss: [299.5505]
Epoch [1217/4000]: Loss: [300.5115]
Epoch [1218/4000]: Loss: [303.4491]
Epoch [1219/4000]: Loss: [300.6355]
Epoch [1220/4000]: Loss: [312.4167]
Epoch [1221/4000]: Loss: [294.8250]
Epoch [1222/4000]: Loss: [290.3140]
Epoch [1223/4000]: Loss: [295.7374]
Epoch [1224/4000]: Loss: [297.7263]
Epoch [1225/4000]: Loss: [310.9959]
Epoch [1226/4000]: Loss: [307.1633]
Epoch [1227/4000]: Loss: [300.1731]
Epoch [1228/4000]: Loss: [308.9325]
Epoch [1229/4000]: Loss: [305.4264]
Epoch [1230/4000]: Loss: [306.5221]
Epoch [1231/4000]: Loss: [297.6412]
Epoch [1232/4000]: Loss: [293.4831]
Epoch [1233/4000]: Loss: [301.0938]
Epoch [1234/4000]: Loss: [313.5890]
Epoch [1235/4000]: Loss: [304.9781]
Epoch [1236/4000]: Loss: [304.2057]
Epoch [1237/4000]: Loss: [301.2605]
Epoch [1238/4000]: Loss: [310.3371]
Epoch [1239/4000]: Loss: [297.6975]
Epoch [1240/4000]: Loss: [295.5414]
Epoch [1241/4000]: Loss: [298.3521]
Epoch [1242/4000]: Loss: [308.3112]
Epoch [1243/4000]: Loss: [309.7463]
Epoch [1244/4000]: Loss: [307.1351]
Epoch [1245/4000]: Loss: [301.4008]
Epoch [1246/4000]: Loss: [305.7659]
Epoch [1247/4000]: Loss: [309.1960]
Epoch [1248/4000]: Loss: [301.8136]
Epoch [1249/4000]: Loss: [303.5331]
Epoch [1250/4000]: Loss: [297.8273]
Epoch [1251/4000]: Loss: [298.5099]
Epoch [1252/4000]: Loss: [313.2615]
Epoch [1253/4000]: Loss: [297.9580]
Epoch [1254/4000]: Loss: [300.4442]
Epoch [1255/4000]: Loss: [312.0862]
Epoch [1256/4000]: Loss: [303.9447]
Epoch [1257/4000]: Loss: [298.2095]
Epoch [1258/4000]: Loss: [308.5669]
Epoch [1259/4000]: Loss: [297.9454]
Epoch [1260/4000]: Loss: [305.3649]
Epoch [1261/4000]: Loss: [309.3139]
Epoch [1262/4000]: Loss: [302.0331]
Epoch [1263/4000]: Loss: [307.2181]
Epoch [1264/4000]: Loss: [301.6204]
Epoch [1265/4000]: Loss: [306.5577]
Epoch [1266/4000]: Loss: [301.6945]
Epoch [1267/4000]: Loss: [310.2260]
Epoch [1268/4000]: Loss: [307.2248]
Epoch [1269/4000]: Loss: [302.2821]
Epoch [1270/4000]: Loss: [303.4261]
Epoch [1271/4000]: Loss: [303.3687]
Epoch [1272/4000]: Loss: [305.5889]
Epoch [1273/4000]: Loss: [299.5702]
Epoch [1274/4000]: Loss: [297.2860]
Epoch [1275/4000]: Loss: [309.1794]
Epoch [1276/4000]: Loss: [307.9658]
Epoch [1277/4000]: Loss: [304.3333]
Epoch [1278/4000]: Loss: [305.6742]
Epoch [1279/4000]: Loss: [299.9426]
Epoch [1280/4000]: Loss: [297.6354]
Epoch [1281/4000]: Loss: [305.5503]
Epoch [1282/4000]: Loss: [307.4492]
Epoch [1283/4000]: Loss: [299.1830]
Epoch [1284/4000]: Loss: [301.4059]
Epoch [1285/4000]: Loss: [297.1108]
Epoch [1286/4000]: Loss: [304.4297]
Epoch [1287/4000]: Loss: [313.6099]
Epoch [1288/4000]: Loss: [312.0829]
Epoch [1289/4000]: Loss: [299.9484]
Epoch [1290/4000]: Loss: [303.6785]
Epoch [1291/4000]: Loss: [295.7635]
Epoch [1292/4000]: Loss: [308.0649]
Epoch [1293/4000]: Loss: [305.1047]
Epoch [1294/4000]: Loss: [303.1977]
Epoch [1295/4000]: Loss: [299.5913]
Epoch [1296/4000]: Loss: [301.8228]
Epoch [1297/4000]: Loss: [305.0433]
Epoch [1298/4000]: Loss: [297.8297]
Epoch [1299/4000]: Loss: [302.2351]
Epoch [1300/4000]: Loss: [307.5607]
Epoch [1301/4000]: Loss: [301.1776]
Epoch [1302/4000]: Loss: [297.3169]
Epoch [1303/4000]: Loss: [306.2994]
Epoch [1304/4000]: Loss: [304.4931]
Epoch [1305/4000]: Loss: [295.9521]
Epoch [1306/4000]: Loss: [303.1397]
Epoch [1307/4000]: Loss: [303.7311]
Epoch [1308/4000]: Loss: [302.3059]
Epoch [1309/4000]: Loss: [298.3384]
Epoch [1310/4000]: Loss: [307.1182]
Epoch [1311/4000]: Loss: [298.4292]
Epoch [1312/4000]: Loss: [314.9835]
Epoch [1313/4000]: Loss: [323.9597]
Epoch [1314/4000]: Loss: [308.3006]
Epoch [1315/4000]: Loss: [308.4872]
Epoch [1316/4000]: Loss: [301.3906]
Epoch [1317/4000]: Loss: [298.5954]
Epoch [1318/4000]: Loss: [305.9791]
Epoch [1319/4000]: Loss: [299.2972]
Epoch [1320/4000]: Loss: [307.5228]
Epoch [1321/4000]: Loss: [314.9036]
Epoch [1322/4000]: Loss: [298.2689]
Epoch [1323/4000]: Loss: [295.5950]
Epoch [1324/4000]: Loss: [309.9639]
Epoch [1325/4000]: Loss: [308.6583]
Epoch [1326/4000]: Loss: [306.0386]
Epoch [1327/4000]: Loss: [311.8919]
Epoch [1328/4000]: Loss: [307.6188]
Epoch [1329/4000]: Loss: [313.8953]
Epoch [1330/4000]: Loss: [306.7716]
Epoch [1331/4000]: Loss: [306.1786]
Epoch [1332/4000]: Loss: [306.6215]
Epoch [1333/4000]: Loss: [302.7427]
Epoch [1334/4000]: Loss: [310.1500]
Epoch [1335/4000]: Loss: [298.1874]
Epoch [1336/4000]: Loss: [305.5396]
Epoch [1337/4000]: Loss: [305.3472]
Epoch [1338/4000]: Loss: [304.4143]
Epoch [1339/4000]: Loss: [303.3665]
Epoch [1340/4000]: Loss: [306.6264]
Epoch [1341/4000]: Loss: [304.7770]
Epoch [1342/4000]: Loss: [305.6322]
Epoch [1343/4000]: Loss: [294.6846]
Epoch [1344/4000]: Loss: [306.4960]
Epoch [1345/4000]: Loss: [292.8902]
Epoch [1346/4000]: Loss: [297.0627]
Epoch [1347/4000]: Loss: [310.1618]
Epoch [1348/4000]: Loss: [301.7722]
Epoch [1349/4000]: Loss: [292.3346]
Epoch [1350/4000]: Loss: [304.2276]
Epoch [1351/4000]: Loss: [295.4596]
Epoch [1352/4000]: Loss: [305.2420]
Epoch [1353/4000]: Loss: [310.6943]
Epoch [1354/4000]: Loss: [301.9065]
Epoch [1355/4000]: Loss: [301.4612]
Epoch [1356/4000]: Loss: [306.2689]
Epoch [1357/4000]: Loss: [305.1518]
Epoch [1358/4000]: Loss: [304.6645]
Epoch [1359/4000]: Loss: [301.7477]
Epoch [1360/4000]: Loss: [302.9059]
Epoch [1361/4000]: Loss: [302.0307]
Epoch [1362/4000]: Loss: [306.2983]
Epoch [1363/4000]: Loss: [294.1263]
Epoch [1364/4000]: Loss: [304.1027]
Epoch [1365/4000]: Loss: [306.4519]
Epoch [1366/4000]: Loss: [300.5229]
Epoch [1367/4000]: Loss: [299.2261]
Epoch [1368/4000]: Loss: [296.2912]
Epoch [1369/4000]: Loss: [295.1653]
Epoch [1370/4000]: Loss: [309.4379]
Epoch [1371/4000]: Loss: [307.4205]
Epoch [1372/4000]: Loss: [307.3186]
Epoch [1373/4000]: Loss: [303.9746]
Epoch [1374/4000]: Loss: [301.6431]
Epoch [1375/4000]: Loss: [293.4100]
Epoch [1376/4000]: Loss: [301.4628]
Epoch [1377/4000]: Loss: [293.8683]
Epoch [1378/4000]: Loss: [305.4850]
Epoch [1379/4000]: Loss: [310.0206]
Epoch [1380/4000]: Loss: [309.1169]
Epoch [1381/4000]: Loss: [312.4422]
Epoch [1382/4000]: Loss: [305.3558]
Epoch [1383/4000]: Loss: [302.0859]
Epoch [1384/4000]: Loss: [293.5325]
Epoch [1385/4000]: Loss: [299.3649]
Epoch [1386/4000]: Loss: [303.9937]
Epoch [1387/4000]: Loss: [303.0347]
Epoch [1388/4000]: Loss: [296.0915]
Epoch [1389/4000]: Loss: [311.6555]
Epoch [1390/4000]: Loss: [302.1627]
Epoch [1391/4000]: Loss: [292.3051]
Epoch [1392/4000]: Loss: [305.3265]
Epoch [1393/4000]: Loss: [303.7090]
Epoch [1394/4000]: Loss: [296.5531]
Epoch [1395/4000]: Loss: [299.7027]
Epoch [1396/4000]: Loss: [302.1907]
Epoch [1397/4000]: Loss: [302.8384]
Epoch [1398/4000]: Loss: [303.0946]
Epoch [1399/4000]: Loss: [301.6264]
Epoch [1400/4000]: Loss: [302.8111]
Epoch [1401/4000]: Loss: [306.9964]
Epoch [1402/4000]: Loss: [305.5218]
Epoch [1403/4000]: Loss: [310.4909]
Epoch [1404/4000]: Loss: [299.1396]
Epoch [1405/4000]: Loss: [296.3270]
Epoch [1406/4000]: Loss: [313.2543]
Epoch [1407/4000]: Loss: [295.5830]
Epoch [1408/4000]: Loss: [307.1709]
Epoch [1409/4000]: Loss: [302.5584]
Epoch [1410/4000]: Loss: [311.6021]
Epoch [1411/4000]: Loss: [299.6244]
Epoch [1412/4000]: Loss: [308.9604]
Epoch [1413/4000]: Loss: [299.7097]
Epoch [1414/4000]: Loss: [312.3629]
Epoch [1415/4000]: Loss: [303.6026]
Epoch [1416/4000]: Loss: [303.6691]
Epoch [1417/4000]: Loss: [313.9971]
Epoch [1418/4000]: Loss: [319.0126]
Epoch [1419/4000]: Loss: [299.1903]
Epoch [1420/4000]: Loss: [303.8256]
Epoch [1421/4000]: Loss: [302.4682]
Epoch [1422/4000]: Loss: [292.2196]
Epoch [1423/4000]: Loss: [311.2448]
Epoch [1424/4000]: Loss: [300.1101]
Epoch [1425/4000]: Loss: [304.3501]
Epoch [1426/4000]: Loss: [296.0960]
Epoch [1427/4000]: Loss: [306.9422]
Epoch [1428/4000]: Loss: [308.5472]
Epoch [1429/4000]: Loss: [295.6384]
Epoch [1430/4000]: Loss: [291.6051]
Epoch [1431/4000]: Loss: [294.6976]
Epoch [1432/4000]: Loss: [306.4092]
Epoch [1433/4000]: Loss: [304.8317]
Epoch [1434/4000]: Loss: [297.8145]
Epoch [1435/4000]: Loss: [315.4954]
Epoch [1436/4000]: Loss: [309.1189]
Epoch [1437/4000]: Loss: [312.7884]
Epoch [1438/4000]: Loss: [308.4782]
Epoch [1439/4000]: Loss: [308.2200]
Epoch [1440/4000]: Loss: [299.0178]
Epoch [1441/4000]: Loss: [296.9435]
Epoch [1442/4000]: Loss: [307.9941]
Epoch [1443/4000]: Loss: [300.6361]
Epoch [1444/4000]: Loss: [301.1791]
Epoch [1445/4000]: Loss: [306.8117]
Epoch [1446/4000]: Loss: [300.3608]
Epoch [1447/4000]: Loss: [308.3062]
Epoch [1448/4000]: Loss: [304.4783]
Epoch [1449/4000]: Loss: [305.1778]
Epoch [1450/4000]: Loss: [309.7069]
Epoch [1451/4000]: Loss: [302.9531]
Epoch [1452/4000]: Loss: [294.0409]
Epoch [1453/4000]: Loss: [303.5308]
Epoch [1454/4000]: Loss: [303.5203]
Epoch [1455/4000]: Loss: [299.0476]
Epoch [1456/4000]: Loss: [312.3666]
Epoch [1457/4000]: Loss: [301.2528]
Epoch [1458/4000]: Loss: [298.1508]
Epoch [1459/4000]: Loss: [304.3932]
Epoch [1460/4000]: Loss: [297.0833]
Epoch [1461/4000]: Loss: [317.9054]
Epoch [1462/4000]: Loss: [304.5561]
Epoch [1463/4000]: Loss: [305.3235]
Epoch [1464/4000]: Loss: [302.1784]
Epoch [1465/4000]: Loss: [308.3134]
Epoch [1466/4000]: Loss: [314.5742]
Epoch [1467/4000]: Loss: [314.8095]
Epoch [1468/4000]: Loss: [306.8417]
Epoch [1469/4000]: Loss: [304.6339]
Epoch [1470/4000]: Loss: [290.6613]
Epoch [1471/4000]: Loss: [296.9072]
Epoch [1472/4000]: Loss: [310.4350]
Epoch [1473/4000]: Loss: [306.7392]
Epoch [1474/4000]: Loss: [296.9480]
Epoch [1475/4000]: Loss: [294.7741]
Epoch [1476/4000]: Loss: [302.3451]
Epoch [1477/4000]: Loss: [301.0263]
Epoch [1478/4000]: Loss: [306.6623]
Epoch [1479/4000]: Loss: [306.5322]
Epoch [1480/4000]: Loss: [297.8949]
Epoch [1481/4000]: Loss: [299.6968]
Epoch [1482/4000]: Loss: [304.3555]
Epoch [1483/4000]: Loss: [300.9061]
Epoch [1484/4000]: Loss: [301.4841]
Epoch [1485/4000]: Loss: [305.2822]
Epoch [1486/4000]: Loss: [310.1056]
Epoch [1487/4000]: Loss: [294.1625]
Epoch [1488/4000]: Loss: [304.5362]
Epoch [1489/4000]: Loss: [306.1665]
Epoch [1490/4000]: Loss: [304.8237]
Epoch [1491/4000]: Loss: [307.3027]
Epoch [1492/4000]: Loss: [298.2591]
Epoch [1493/4000]: Loss: [303.8169]
Epoch [1494/4000]: Loss: [303.3543]
Epoch [1495/4000]: Loss: [295.4234]
Epoch [1496/4000]: Loss: [301.5302]
Epoch [1497/4000]: Loss: [307.1507]
Epoch [1498/4000]: Loss: [303.9979]
Epoch [1499/4000]: Loss: [313.0519]
Epoch [1500/4000]: Loss: [308.9919]
Epoch [1501/4000]: Loss: [298.6579]
Epoch [1502/4000]: Loss: [312.5906]
Epoch [1503/4000]: Loss: [305.5180]
Epoch [1504/4000]: Loss: [302.4899]
Epoch [1505/4000]: Loss: [297.0735]
Epoch [1506/4000]: Loss: [300.3497]
Epoch [1507/4000]: Loss: [301.2050]
Epoch [1508/4000]: Loss: [298.1451]
Epoch [1509/4000]: Loss: [295.9311]
Epoch [1510/4000]: Loss: [302.1438]
Epoch [1511/4000]: Loss: [303.0417]
Epoch [1512/4000]: Loss: [303.9771]
Epoch [1513/4000]: Loss: [297.3783]
Epoch [1514/4000]: Loss: [297.5030]
Epoch [1515/4000]: Loss: [306.6903]
Epoch [1516/4000]: Loss: [299.1285]
Epoch [1517/4000]: Loss: [300.3358]
Epoch [1518/4000]: Loss: [310.7715]
Epoch [1519/4000]: Loss: [313.2599]
Epoch [1520/4000]: Loss: [306.2037]
Epoch [1521/4000]: Loss: [306.8583]
Epoch [1522/4000]: Loss: [304.7393]
Epoch [1523/4000]: Loss: [302.7829]
Epoch [1524/4000]: Loss: [308.6867]
Epoch [1525/4000]: Loss: [309.1916]
Epoch [1526/4000]: Loss: [311.1330]
Epoch [1527/4000]: Loss: [306.5535]
Epoch [1528/4000]: Loss: [299.2327]
Epoch [1529/4000]: Loss: [305.8461]
Epoch [1530/4000]: Loss: [295.4221]
Epoch [1531/4000]: Loss: [296.3093]
Epoch [1532/4000]: Loss: [307.2848]
Epoch [1533/4000]: Loss: [306.9798]
Epoch [1534/4000]: Loss: [301.5269]
Epoch [1535/4000]: Loss: [300.6789]
Epoch [1536/4000]: Loss: [299.4078]
Epoch [1537/4000]: Loss: [306.0617]
Epoch [1538/4000]: Loss: [300.8104]
Epoch [1539/4000]: Loss: [305.2428]
Epoch [1540/4000]: Loss: [306.3160]
Epoch [1541/4000]: Loss: [291.8270]
Epoch [1542/4000]: Loss: [294.8293]
Epoch [1543/4000]: Loss: [301.5161]
Epoch [1544/4000]: Loss: [315.1932]
Epoch [1545/4000]: Loss: [309.4426]
Epoch [1546/4000]: Loss: [311.2097]
Epoch [1547/4000]: Loss: [308.8420]
Epoch [1548/4000]: Loss: [312.2582]
Epoch [1549/4000]: Loss: [304.7167]
Epoch [1550/4000]: Loss: [302.1650]
Epoch [1551/4000]: Loss: [303.0240]
Epoch [1552/4000]: Loss: [302.0260]
Epoch [1553/4000]: Loss: [292.4475]
Epoch [1554/4000]: Loss: [298.9850]
Epoch [1555/4000]: Loss: [317.3311]
Epoch [1556/4000]: Loss: [307.2915]
Epoch [1557/4000]: Loss: [305.7388]
Epoch [1558/4000]: Loss: [304.2858]
Epoch [1559/4000]: Loss: [298.7484]
Epoch [1560/4000]: Loss: [298.8910]
Epoch [1561/4000]: Loss: [292.6608]
Epoch [1562/4000]: Loss: [298.8106]
Epoch [1563/4000]: Loss: [293.8189]
Epoch [1564/4000]: Loss: [310.5798]
Epoch [1565/4000]: Loss: [303.6158]
Epoch [1566/4000]: Loss: [298.7131]
Epoch [1567/4000]: Loss: [306.6627]
Epoch [1568/4000]: Loss: [301.6436]
Epoch [1569/4000]: Loss: [300.6216]
Epoch [1570/4000]: Loss: [304.1297]
Epoch [1571/4000]: Loss: [299.7931]
Epoch [1572/4000]: Loss: [300.0343]
Epoch [1573/4000]: Loss: [302.7659]
Epoch [1574/4000]: Loss: [301.4507]
Epoch [1575/4000]: Loss: [298.9468]
Epoch [1576/4000]: Loss: [297.3286]
Epoch [1577/4000]: Loss: [296.9379]
Epoch [1578/4000]: Loss: [300.2047]
Epoch [1579/4000]: Loss: [300.5485]
Epoch [1580/4000]: Loss: [309.9305]
Epoch [1581/4000]: Loss: [302.5148]
Epoch [1582/4000]: Loss: [301.6276]
Epoch [1583/4000]: Loss: [302.1060]
Epoch [1584/4000]: Loss: [306.7239]
Epoch [1585/4000]: Loss: [300.8293]
Epoch [1586/4000]: Loss: [310.4158]
Epoch [1587/4000]: Loss: [296.1591]
Epoch [1588/4000]: Loss: [304.2370]
Epoch [1589/4000]: Loss: [295.7168]
Epoch [1590/4000]: Loss: [299.6591]
Epoch [1591/4000]: Loss: [294.3046]
Epoch [1592/4000]: Loss: [299.0699]
Epoch [1593/4000]: Loss: [311.8347]
Epoch [1594/4000]: Loss: [302.0077]
Epoch [1595/4000]: Loss: [302.4929]
Epoch [1596/4000]: Loss: [305.4740]
Epoch [1597/4000]: Loss: [313.6269]
Epoch [1598/4000]: Loss: [301.8196]
Epoch [1599/4000]: Loss: [302.7341]
Epoch [1600/4000]: Loss: [309.2941]
wandb: ERROR Error while calling W&B API: context deadline exceeded (<Response [500]>)
Epoch [1601/4000]: Loss: [311.1024]
Epoch [1602/4000]: Loss: [307.1230]
Epoch [1603/4000]: Loss: [307.2316]
Epoch [1604/4000]: Loss: [303.7422]
Epoch [1605/4000]: Loss: [303.5437]
Epoch [1606/4000]: Loss: [304.2126]
Epoch [1607/4000]: Loss: [300.1277]
Epoch [1608/4000]: Loss: [292.1802]
Epoch [1609/4000]: Loss: [306.1563]
Epoch [1610/4000]: Loss: [300.3517]
Epoch [1611/4000]: Loss: [303.9523]
Epoch [1612/4000]: Loss: [306.6971]
Epoch [1613/4000]: Loss: [302.7459]
Epoch [1614/4000]: Loss: [294.8878]
Epoch [1615/4000]: Loss: [302.3339]
Epoch [1616/4000]: Loss: [300.5605]
Epoch [1617/4000]: Loss: [305.5861]
Epoch [1618/4000]: Loss: [302.4607]
Epoch [1619/4000]: Loss: [295.9698]
Epoch [1620/4000]: Loss: [306.3087]
Epoch [1621/4000]: Loss: [307.5247]
Epoch [1622/4000]: Loss: [301.0144]
Epoch [1623/4000]: Loss: [295.4450]
Epoch [1624/4000]: Loss: [310.3694]
Epoch [1625/4000]: Loss: [302.6573]
Epoch [1626/4000]: Loss: [309.6934]
Epoch [1627/4000]: Loss: [301.8920]
Epoch [1628/4000]: Loss: [301.1051]
Epoch [1629/4000]: Loss: [299.9107]
Epoch [1630/4000]: Loss: [304.2299]
Epoch [1631/4000]: Loss: [308.8061]
Epoch [1632/4000]: Loss: [299.3837]
Epoch [1633/4000]: Loss: [310.6420]
Epoch [1634/4000]: Loss: [299.1067]
Epoch [1635/4000]: Loss: [299.1833]
Epoch [1636/4000]: Loss: [302.7209]
Epoch [1637/4000]: Loss: [298.8405]
Epoch [1638/4000]: Loss: [296.0322]
Epoch [1639/4000]: Loss: [314.6143]
Epoch [1640/4000]: Loss: [305.3592]
Epoch [1641/4000]: Loss: [294.7519]
Epoch [1642/4000]: Loss: [294.9325]
Epoch [1643/4000]: Loss: [302.9738]
Epoch [1644/4000]: Loss: [307.0993]
Epoch [1645/4000]: Loss: [309.9221]
Epoch [1646/4000]: Loss: [300.4203]
Epoch [1647/4000]: Loss: [304.5955]
Epoch [1648/4000]: Loss: [298.5621]
Epoch [1649/4000]: Loss: [302.1424]
Epoch [1650/4000]: Loss: [299.9880]
Epoch [1651/4000]: Loss: [305.3345]
Epoch [1652/4000]: Loss: [299.8977]
Epoch [1653/4000]: Loss: [303.2155]
Epoch [1654/4000]: Loss: [299.5200]
Epoch [1655/4000]: Loss: [304.1661]
Epoch [1656/4000]: Loss: [306.1785]
Epoch [1657/4000]: Loss: [305.1501]
Epoch [1658/4000]: Loss: [306.3039]
Epoch [1659/4000]: Loss: [310.1744]
Epoch [1660/4000]: Loss: [310.4944]
Epoch [1661/4000]: Loss: [314.4160]
Epoch [1662/4000]: Loss: [306.0990]
Epoch [1663/4000]: Loss: [304.8275]
Epoch [1664/4000]: Loss: [310.9465]
Epoch [1665/4000]: Loss: [301.3686]
Epoch [1666/4000]: Loss: [305.9315]
Epoch [1667/4000]: Loss: [302.3580]
wandb: ERROR Error while calling W&B API: context deadline exceeded (<Response [500]>)
Epoch [1668/4000]: Loss: [310.8877]
Epoch [1669/4000]: Loss: [299.5883]
Epoch [1670/4000]: Loss: [308.9677]
Epoch [1671/4000]: Loss: [304.5010]
Epoch [1672/4000]: Loss: [303.5607]
Epoch [1673/4000]: Loss: [299.5630]
Epoch [1674/4000]: Loss: [308.4388]
wandb: ERROR Error while calling W&B API: context deadline exceeded (<Response [500]>)
Epoch [1675/4000]: Loss: [297.4314]
Epoch [1676/4000]: Loss: [299.7484]
Epoch [1677/4000]: Loss: [303.8386]
Epoch [1678/4000]: Loss: [302.9856]
Epoch [1679/4000]: Loss: [295.7007]
Epoch [1680/4000]: Loss: [300.8443]
Epoch [1681/4000]: Loss: [302.0489]
Epoch [1682/4000]: Loss: [313.1794]
Epoch [1683/4000]: Loss: [298.5256]
Epoch [1684/4000]: Loss: [304.8208]
Epoch [1685/4000]: Loss: [310.4164]
Epoch [1686/4000]: Loss: [301.0593]
Epoch [1687/4000]: Loss: [308.2938]
Epoch [1688/4000]: Loss: [304.5948]
Epoch [1689/4000]: Loss: [307.5981]
Epoch [1690/4000]: Loss: [294.9092]
Epoch [1691/4000]: Loss: [298.7630]
Epoch [1692/4000]: Loss: [298.7167]
Epoch [1693/4000]: Loss: [299.7207]
Epoch [1694/4000]: Loss: [294.2763]
Epoch [1695/4000]: Loss: [295.7580]
Epoch [1696/4000]: Loss: [297.4134]
Epoch [1697/4000]: Loss: [298.9347]
Epoch [1698/4000]: Loss: [307.0564]
Epoch [1699/4000]: Loss: [304.1297]
Epoch [1700/4000]: Loss: [304.8224]
Epoch [1701/4000]: Loss: [305.9537]
Epoch [1702/4000]: Loss: [314.2049]
Epoch [1703/4000]: Loss: [297.3842]
Epoch [1704/4000]: Loss: [309.6519]
Epoch [1705/4000]: Loss: [303.9686]
Epoch [1706/4000]: Loss: [303.6072]
Epoch [1707/4000]: Loss: [299.8986]
Epoch [1708/4000]: Loss: [306.3815]
Epoch [1709/4000]: Loss: [311.9816]
Epoch [1710/4000]: Loss: [298.4423]
Epoch [1711/4000]: Loss: [300.7820]
Epoch [1712/4000]: Loss: [304.8450]
Epoch [1713/4000]: Loss: [303.1770]
Epoch [1714/4000]: Loss: [302.0629]
Epoch [1715/4000]: Loss: [305.1600]
Epoch [1716/4000]: Loss: [304.2780]
Epoch [1717/4000]: Loss: [293.1200]
Epoch [1718/4000]: Loss: [292.2227]
Epoch [1719/4000]: Loss: [306.2013]
Epoch [1720/4000]: Loss: [298.9504]
Epoch [1721/4000]: Loss: [306.3889]
Epoch [1722/4000]: Loss: [303.9636]
Epoch [1723/4000]: Loss: [307.2416]
Epoch [1724/4000]: Loss: [296.2754]
Epoch [1725/4000]: Loss: [310.1977]
Epoch [1726/4000]: Loss: [296.4032]
Epoch [1727/4000]: Loss: [315.6528]
Epoch [1728/4000]: Loss: [304.4497]
Epoch [1729/4000]: Loss: [294.8800]
Epoch [1730/4000]: Loss: [299.5139]
Epoch [1731/4000]: Loss: [300.1095]
Epoch [1732/4000]: Loss: [304.0730]
Epoch [1733/4000]: Loss: [307.2166]
Epoch [1734/4000]: Loss: [307.8565]
Epoch [1735/4000]: Loss: [306.9513]
Epoch [1736/4000]: Loss: [298.0276]
Epoch [1737/4000]: Loss: [298.8974]
Epoch [1738/4000]: Loss: [302.8742]
Epoch [1739/4000]: Loss: [306.0101]
Epoch [1740/4000]: Loss: [296.4762]
Epoch [1741/4000]: Loss: [305.9722]
Epoch [1742/4000]: Loss: [296.6511]
Epoch [1743/4000]: Loss: [297.5488]
Epoch [1744/4000]: Loss: [314.1514]
Epoch [1745/4000]: Loss: [309.6915]
Epoch [1746/4000]: Loss: [303.2000]
Epoch [1747/4000]: Loss: [301.1810]
Epoch [1748/4000]: Loss: [304.8616]
Epoch [1749/4000]: Loss: [305.7007]
Epoch [1750/4000]: Loss: [311.2231]
Epoch [1751/4000]: Loss: [304.5418]
Epoch [1752/4000]: Loss: [304.6400]
Epoch [1753/4000]: Loss: [309.1496]
Epoch [1754/4000]: Loss: [301.6011]
Epoch [1755/4000]: Loss: [305.2399]
Epoch [1756/4000]: Loss: [303.1795]
Epoch [1757/4000]: Loss: [307.0939]
Epoch [1758/4000]: Loss: [301.5417]
Epoch [1759/4000]: Loss: [307.5836]
Epoch [1760/4000]: Loss: [298.1914]
Epoch [1761/4000]: Loss: [296.4615]
Epoch [1762/4000]: Loss: [295.9891]
Epoch [1763/4000]: Loss: [301.3537]
Epoch [1764/4000]: Loss: [302.3781]
Epoch [1765/4000]: Loss: [295.3295]
Epoch [1766/4000]: Loss: [315.8964]
Epoch [1767/4000]: Loss: [306.3122]
Epoch [1768/4000]: Loss: [305.8577]
Epoch [1769/4000]: Loss: [298.5503]
Epoch [1770/4000]: Loss: [305.9048]
Epoch [1771/4000]: Loss: [303.8473]
Epoch [1772/4000]: Loss: [308.2333]
Epoch [1773/4000]: Loss: [305.6713]
Epoch [1774/4000]: Loss: [303.0672]
Epoch [1775/4000]: Loss: [300.6586]
Epoch [1776/4000]: Loss: [299.6890]
Epoch [1777/4000]: Loss: [306.7814]
Epoch [1778/4000]: Loss: [306.4785]
Epoch [1779/4000]: Loss: [302.6894]
Epoch [1780/4000]: Loss: [310.8199]
Epoch [1781/4000]: Loss: [299.2694]
Epoch [1782/4000]: Loss: [310.3166]
Epoch [1783/4000]: Loss: [303.3224]
Epoch [1784/4000]: Loss: [303.5374]
Epoch [1785/4000]: Loss: [295.5547]
Epoch [1786/4000]: Loss: [304.2417]
Epoch [1787/4000]: Loss: [305.1766]
Epoch [1788/4000]: Loss: [294.1012]
Epoch [1789/4000]: Loss: [301.9722]
Epoch [1790/4000]: Loss: [305.7342]
Epoch [1791/4000]: Loss: [297.0723]
Epoch [1792/4000]: Loss: [301.3811]
Epoch [1793/4000]: Loss: [303.8176]
Epoch [1794/4000]: Loss: [302.2873]
Epoch [1795/4000]: Loss: [300.8133]
Epoch [1796/4000]: Loss: [309.1351]
Epoch [1797/4000]: Loss: [302.8078]
Epoch [1798/4000]: Loss: [301.6452]
Epoch [1799/4000]: Loss: [304.5374]
Epoch [1800/4000]: Loss: [294.0352]
Epoch [1801/4000]: Loss: [299.1972]
Epoch [1802/4000]: Loss: [301.1199]
Epoch [1803/4000]: Loss: [303.5111]
Epoch [1804/4000]: Loss: [306.2612]
Epoch [1805/4000]: Loss: [302.9178]
Epoch [1806/4000]: Loss: [304.3843]
Epoch [1807/4000]: Loss: [304.0428]
Epoch [1808/4000]: Loss: [297.8953]
Epoch [1809/4000]: Loss: [291.1583]
Epoch [1810/4000]: Loss: [309.7178]
Epoch [1811/4000]: Loss: [313.1749]
Epoch [1812/4000]: Loss: [299.1004]
Epoch [1813/4000]: Loss: [308.7376]
Epoch [1814/4000]: Loss: [299.3210]
Epoch [1815/4000]: Loss: [299.3925]
Epoch [1816/4000]: Loss: [309.2239]
Epoch [1817/4000]: Loss: [304.0913]
Epoch [1818/4000]: Loss: [297.1042]
Epoch [1819/4000]: Loss: [310.7559]
Epoch [1820/4000]: Loss: [295.4780]
Epoch [1821/4000]: Loss: [314.4276]
Epoch [1822/4000]: Loss: [313.7145]
Epoch [1823/4000]: Loss: [305.8509]
Epoch [1824/4000]: Loss: [294.4492]
Epoch [1825/4000]: Loss: [303.6224]
Epoch [1826/4000]: Loss: [308.7962]
Epoch [1827/4000]: Loss: [308.3156]
Epoch [1828/4000]: Loss: [301.7712]
Epoch [1829/4000]: Loss: [304.4650]
Epoch [1830/4000]: Loss: [293.5644]
Epoch [1831/4000]: Loss: [304.6398]
Epoch [1832/4000]: Loss: [304.0183]
Epoch [1833/4000]: Loss: [303.8253]
Epoch [1834/4000]: Loss: [303.7134]
Epoch [1835/4000]: Loss: [308.8851]
Epoch [1836/4000]: Loss: [298.7663]
Epoch [1837/4000]: Loss: [306.8454]
Epoch [1838/4000]: Loss: [306.8450]
Epoch [1839/4000]: Loss: [302.6445]
Epoch [1840/4000]: Loss: [301.5689]
Epoch [1841/4000]: Loss: [301.8339]
Epoch [1842/4000]: Loss: [299.9542]
Epoch [1843/4000]: Loss: [301.5906]
Epoch [1844/4000]: Loss: [298.0631]
Epoch [1845/4000]: Loss: [304.5912]
Epoch [1846/4000]: Loss: [303.3187]
Epoch [1847/4000]: Loss: [298.4909]
Epoch [1848/4000]: Loss: [305.9867]
Epoch [1849/4000]: Loss: [306.3304]
Epoch [1850/4000]: Loss: [310.3296]
Epoch [1851/4000]: Loss: [303.4852]
Epoch [1852/4000]: Loss: [303.9374]
Epoch [1853/4000]: Loss: [301.9681]
Epoch [1854/4000]: Loss: [302.5425]
Epoch [1855/4000]: Loss: [290.1858]
Epoch [1856/4000]: Loss: [307.3567]
Epoch [1857/4000]: Loss: [299.0285]
Epoch [1858/4000]: Loss: [299.4464]
Epoch [1859/4000]: Loss: [305.4551]
Epoch [1860/4000]: Loss: [303.5897]
Epoch [1861/4000]: Loss: [300.4484]
Epoch [1862/4000]: Loss: [303.9720]
Epoch [1863/4000]: Loss: [312.1988]
Epoch [1864/4000]: Loss: [305.5936]
Epoch [1865/4000]: Loss: [293.4775]
Epoch [1866/4000]: Loss: [301.4092]
Epoch [1867/4000]: Loss: [312.2504]
Epoch [1868/4000]: Loss: [299.2996]
Epoch [1869/4000]: Loss: [299.6891]
Epoch [1870/4000]: Loss: [309.6823]
Epoch [1871/4000]: Loss: [302.9817]
Epoch [1872/4000]: Loss: [310.8906]
Epoch [1873/4000]: Loss: [301.7893]
Epoch [1874/4000]: Loss: [302.9001]
Epoch [1875/4000]: Loss: [298.7821]
Epoch [1876/4000]: Loss: [303.3251]
Epoch [1877/4000]: Loss: [301.3877]
Epoch [1878/4000]: Loss: [312.3662]
Epoch [1879/4000]: Loss: [299.6572]
Epoch [1880/4000]: Loss: [297.8278]
Epoch [1881/4000]: Loss: [303.3825]
Epoch [1882/4000]: Loss: [308.7819]
Epoch [1883/4000]: Loss: [309.4900]
Epoch [1884/4000]: Loss: [298.7261]
Epoch [1885/4000]: Loss: [296.9688]
Epoch [1886/4000]: Loss: [299.6086]
Epoch [1887/4000]: Loss: [304.4797]
Epoch [1888/4000]: Loss: [298.4598]
Epoch [1889/4000]: Loss: [314.7400]
Epoch [1890/4000]: Loss: [301.3133]
Epoch [1891/4000]: Loss: [306.2219]
Epoch [1892/4000]: Loss: [296.2021]
Epoch [1893/4000]: Loss: [297.3630]
Epoch [1894/4000]: Loss: [302.8264]
Epoch [1895/4000]: Loss: [297.9142]
Epoch [1896/4000]: Loss: [306.9261]
Epoch [1897/4000]: Loss: [305.5030]
Epoch [1898/4000]: Loss: [303.3792]
Epoch [1899/4000]: Loss: [305.5449]
Epoch [1900/4000]: Loss: [296.4851]
Epoch [1901/4000]: Loss: [303.2938]
Epoch [1902/4000]: Loss: [310.6306]
Epoch [1903/4000]: Loss: [307.0295]
Epoch [1904/4000]: Loss: [308.0933]
Epoch [1905/4000]: Loss: [305.1263]
Epoch [1906/4000]: Loss: [301.4244]
Epoch [1907/4000]: Loss: [302.7340]
Epoch [1908/4000]: Loss: [319.0205]
Epoch [1909/4000]: Loss: [298.8924]
Epoch [1910/4000]: Loss: [303.0254]
Epoch [1911/4000]: Loss: [307.3706]
Epoch [1912/4000]: Loss: [301.4597]
Epoch [1913/4000]: Loss: [305.9599]
Epoch [1914/4000]: Loss: [294.6635]
Epoch [1915/4000]: Loss: [308.6227]
Epoch [1916/4000]: Loss: [305.9583]
Epoch [1917/4000]: Loss: [307.6081]
Epoch [1918/4000]: Loss: [307.3340]
Epoch [1919/4000]: Loss: [300.5443]
Epoch [1920/4000]: Loss: [304.4233]
Epoch [1921/4000]: Loss: [311.9236]
Epoch [1922/4000]: Loss: [298.3215]
Epoch [1923/4000]: Loss: [304.0895]
Epoch [1924/4000]: Loss: [302.0308]
Epoch [1925/4000]: Loss: [298.3223]
Epoch [1926/4000]: Loss: [304.9754]
Epoch [1927/4000]: Loss: [299.0936]
Epoch [1928/4000]: Loss: [297.8676]
Epoch [1929/4000]: Loss: [305.8979]
Epoch [1930/4000]: Loss: [320.1366]
Epoch [1931/4000]: Loss: [297.0930]
Epoch [1932/4000]: Loss: [305.6518]
Epoch [1933/4000]: Loss: [302.3954]
Epoch [1934/4000]: Loss: [300.3221]
Epoch [1935/4000]: Loss: [304.1179]
Epoch [1936/4000]: Loss: [310.8144]
Epoch [1937/4000]: Loss: [299.8031]
Epoch [1938/4000]: Loss: [302.7635]
Epoch [1939/4000]: Loss: [309.2263]
Epoch [1940/4000]: Loss: [296.4137]
Epoch [1941/4000]: Loss: [304.0631]
Epoch [1942/4000]: Loss: [306.7196]
Epoch [1943/4000]: Loss: [305.6635]
Epoch [1944/4000]: Loss: [310.9803]
Epoch [1945/4000]: Loss: [312.5534]
Epoch [1946/4000]: Loss: [303.3445]
Epoch [1947/4000]: Loss: [297.7838]
Epoch [1948/4000]: Loss: [291.2097]
Epoch [1949/4000]: Loss: [307.3584]
Epoch [1950/4000]: Loss: [298.2141]
Epoch [1951/4000]: Loss: [298.1692]
Epoch [1952/4000]: Loss: [302.6128]
Epoch [1953/4000]: Loss: [292.9777]
Epoch [1954/4000]: Loss: [298.1252]
Epoch [1955/4000]: Loss: [302.3850]
Epoch [1956/4000]: Loss: [305.2272]
Epoch [1957/4000]: Loss: [303.4309]
Epoch [1958/4000]: Loss: [304.5100]
Epoch [1959/4000]: Loss: [303.4844]
Epoch [1960/4000]: Loss: [308.7957]
Epoch [1961/4000]: Loss: [290.3453]
Epoch [1962/4000]: Loss: [299.8300]
Epoch [1963/4000]: Loss: [300.7957]
Epoch [1964/4000]: Loss: [295.9724]
Epoch [1965/4000]: Loss: [303.3889]
Epoch [1966/4000]: Loss: [296.7879]
Epoch [1967/4000]: Loss: [294.7434]
Epoch [1968/4000]: Loss: [298.8451]
Epoch [1969/4000]: Loss: [309.6964]
Epoch [1970/4000]: Loss: [303.2371]
Epoch [1971/4000]: Loss: [308.5728]
Epoch [1972/4000]: Loss: [298.6685]
Epoch [1973/4000]: Loss: [304.6578]
Epoch [1974/4000]: Loss: [301.4172]
Epoch [1975/4000]: Loss: [300.9803]
Epoch [1976/4000]: Loss: [304.4785]
Epoch [1977/4000]: Loss: [304.6256]
Epoch [1978/4000]: Loss: [311.4682]
Epoch [1979/4000]: Loss: [301.4575]
Epoch [1980/4000]: Loss: [304.8995]
Epoch [1981/4000]: Loss: [299.1190]
Epoch [1982/4000]: Loss: [299.6454]
Epoch [1983/4000]: Loss: [300.2858]
Epoch [1984/4000]: Loss: [306.5185]
Epoch [1985/4000]: Loss: [301.0172]
Epoch [1986/4000]: Loss: [292.6195]
Epoch [1987/4000]: Loss: [299.9172]
Epoch [1988/4000]: Loss: [295.2222]
Epoch [1989/4000]: Loss: [296.2472]
Epoch [1990/4000]: Loss: [304.7643]
Epoch [1991/4000]: Loss: [305.4517]
Epoch [1992/4000]: Loss: [290.5095]
Epoch [1993/4000]: Loss: [315.1982]
Epoch [1994/4000]: Loss: [304.6997]
Epoch [1995/4000]: Loss: [295.3378]
Epoch [1996/4000]: Loss: [304.4004]
Epoch [1997/4000]: Loss: [306.1490]
Epoch [1998/4000]: Loss: [301.5285]
Epoch [1999/4000]: Loss: [299.5962]
Epoch [2000/4000]: Loss: [299.8221]
Epoch [2001/4000]: Loss: [309.5328]
Epoch [2002/4000]: Loss: [300.1173]
Epoch [2003/4000]: Loss: [301.6167]
Epoch [2004/4000]: Loss: [301.9258]
Epoch [2005/4000]: Loss: [303.1386]
Epoch [2006/4000]: Loss: [305.5775]
Epoch [2007/4000]: Loss: [301.3195]
Epoch [2008/4000]: Loss: [327.8993]
Epoch [2009/4000]: Loss: [307.4808]
Epoch [2010/4000]: Loss: [304.4212]
Epoch [2011/4000]: Loss: [296.3185]
Epoch [2012/4000]: Loss: [295.1274]
Epoch [2013/4000]: Loss: [301.5922]
Epoch [2014/4000]: Loss: [298.6966]
Epoch [2015/4000]: Loss: [302.9430]
Epoch [2016/4000]: Loss: [299.4085]
Epoch [2017/4000]: Loss: [299.2975]
Epoch [2018/4000]: Loss: [300.5436]
Epoch [2019/4000]: Loss: [308.4093]
Epoch [2020/4000]: Loss: [302.6755]
Epoch [2021/4000]: Loss: [314.9853]
Epoch [2022/4000]: Loss: [299.2435]
Epoch [2023/4000]: Loss: [299.7655]
Epoch [2024/4000]: Loss: [302.7628]
Epoch [2025/4000]: Loss: [306.4419]
Epoch [2026/4000]: Loss: [301.2022]
Epoch [2027/4000]: Loss: [310.3586]
Epoch [2028/4000]: Loss: [306.7532]
Epoch [2029/4000]: Loss: [299.3981]
Epoch [2030/4000]: Loss: [302.1492]
Epoch [2031/4000]: Loss: [303.0355]
Epoch [2032/4000]: Loss: [303.6806]
Epoch [2033/4000]: Loss: [298.0889]
Epoch [2034/4000]: Loss: [293.6636]
Epoch [2035/4000]: Loss: [304.8448]
Epoch [2036/4000]: Loss: [303.1106]
Epoch [2037/4000]: Loss: [305.1806]
Epoch [2038/4000]: Loss: [306.5045]
Epoch [2039/4000]: Loss: [300.3832]
Epoch [2040/4000]: Loss: [308.7973]
Epoch [2041/4000]: Loss: [303.9091]
Epoch [2042/4000]: Loss: [294.3460]
Epoch [2043/4000]: Loss: [309.5559]
Epoch [2044/4000]: Loss: [304.0268]
Epoch [2045/4000]: Loss: [302.1599]
Epoch [2046/4000]: Loss: [304.5159]
Epoch [2047/4000]: Loss: [300.1374]
Epoch [2048/4000]: Loss: [297.3212]
Epoch [2049/4000]: Loss: [306.7232]
Epoch [2050/4000]: Loss: [289.4345]
Epoch [2051/4000]: Loss: [292.2139]
Epoch [2052/4000]: Loss: [302.9181]
Epoch [2053/4000]: Loss: [301.9156]
Epoch [2054/4000]: Loss: [301.8001]
Epoch [2055/4000]: Loss: [297.4433]
Epoch [2056/4000]: Loss: [304.2914]
Epoch [2057/4000]: Loss: [293.5845]
Epoch [2058/4000]: Loss: [315.3956]
Epoch [2059/4000]: Loss: [305.1155]
Epoch [2060/4000]: Loss: [299.8092]
Epoch [2061/4000]: Loss: [300.0846]
Epoch [2062/4000]: Loss: [305.8239]
Epoch [2063/4000]: Loss: [298.7014]
Epoch [2064/4000]: Loss: [307.6704]
Epoch [2065/4000]: Loss: [298.9286]
Epoch [2066/4000]: Loss: [313.0955]
Epoch [2067/4000]: Loss: [300.8027]
Epoch [2068/4000]: Loss: [312.8202]
Epoch [2069/4000]: Loss: [301.8693]
Epoch [2070/4000]: Loss: [301.8891]
Epoch [2071/4000]: Loss: [299.3429]
Epoch [2072/4000]: Loss: [299.0992]
Epoch [2073/4000]: Loss: [296.6406]
Epoch [2074/4000]: Loss: [302.5559]
Epoch [2075/4000]: Loss: [302.9311]
Epoch [2076/4000]: Loss: [298.3782]
Epoch [2077/4000]: Loss: [300.3759]
Epoch [2078/4000]: Loss: [305.9967]
Epoch [2079/4000]: Loss: [306.1766]
Epoch [2080/4000]: Loss: [302.9797]
Epoch [2081/4000]: Loss: [308.2205]
Epoch [2082/4000]: Loss: [294.1313]
Epoch [2083/4000]: Loss: [307.0077]
Epoch [2084/4000]: Loss: [304.5131]
Epoch [2085/4000]: Loss: [290.8978]
Epoch [2086/4000]: Loss: [305.6006]
Epoch [2087/4000]: Loss: [305.9973]
Epoch [2088/4000]: Loss: [296.1447]
Epoch [2089/4000]: Loss: [297.4714]
Epoch [2090/4000]: Loss: [302.9412]
Epoch [2091/4000]: Loss: [299.9161]
Epoch [2092/4000]: Loss: [302.1391]
Epoch [2093/4000]: Loss: [295.7614]
Epoch [2094/4000]: Loss: [311.4558]
Epoch [2095/4000]: Loss: [303.6202]
Epoch [2096/4000]: Loss: [299.0643]
Epoch [2097/4000]: Loss: [302.4247]
Epoch [2098/4000]: Loss: [299.6524]
Epoch [2099/4000]: Loss: [302.6164]
Epoch [2100/4000]: Loss: [305.5063]
Epoch [2101/4000]: Loss: [301.0565]
Epoch [2102/4000]: Loss: [309.0392]
Epoch [2103/4000]: Loss: [307.9877]
Epoch [2104/4000]: Loss: [303.6312]
Epoch [2105/4000]: Loss: [298.2125]
Epoch [2106/4000]: Loss: [298.6230]
Epoch [2107/4000]: Loss: [308.8992]
Epoch [2108/4000]: Loss: [312.5376]
Epoch [2109/4000]: Loss: [300.2259]
Epoch [2110/4000]: Loss: [299.3605]
Epoch [2111/4000]: Loss: [302.5120]
Epoch [2112/4000]: Loss: [306.2744]
Epoch [2113/4000]: Loss: [295.7148]
Epoch [2114/4000]: Loss: [300.7617]
Epoch [2115/4000]: Loss: [296.0217]
Epoch [2116/4000]: Loss: [302.2345]
Epoch [2117/4000]: Loss: [298.3846]
Epoch [2118/4000]: Loss: [303.3154]
Epoch [2119/4000]: Loss: [309.8570]
Epoch [2120/4000]: Loss: [322.1904]
Epoch [2121/4000]: Loss: [306.0779]
Epoch [2122/4000]: Loss: [299.6222]
Epoch [2123/4000]: Loss: [297.3551]
Epoch [2124/4000]: Loss: [303.5416]
Epoch [2125/4000]: Loss: [314.0899]
Epoch [2126/4000]: Loss: [296.0430]
Epoch [2127/4000]: Loss: [296.4772]
Epoch [2128/4000]: Loss: [304.8101]
Epoch [2129/4000]: Loss: [302.6826]
Epoch [2130/4000]: Loss: [303.3883]
Epoch [2131/4000]: Loss: [309.4679]
Epoch [2132/4000]: Loss: [306.0427]
Epoch [2133/4000]: Loss: [299.1564]
Epoch [2134/4000]: Loss: [301.6782]
Epoch [2135/4000]: Loss: [292.5332]
Epoch [2136/4000]: Loss: [304.4396]
Epoch [2137/4000]: Loss: [303.5237]
Epoch [2138/4000]: Loss: [301.3727]
Epoch [2139/4000]: Loss: [315.1338]
Epoch [2140/4000]: Loss: [300.8407]
Epoch [2141/4000]: Loss: [292.2342]
Epoch [2142/4000]: Loss: [301.1537]
Epoch [2143/4000]: Loss: [304.2100]
Epoch [2144/4000]: Loss: [297.1679]
Epoch [2145/4000]: Loss: [304.2039]
Epoch [2146/4000]: Loss: [302.1552]
Epoch [2147/4000]: Loss: [306.3907]
Epoch [2148/4000]: Loss: [308.5571]
Epoch [2149/4000]: Loss: [300.5646]
Epoch [2150/4000]: Loss: [304.4051]
Epoch [2151/4000]: Loss: [294.2314]
Epoch [2152/4000]: Loss: [306.9654]
Epoch [2153/4000]: Loss: [307.1883]
Epoch [2154/4000]: Loss: [305.6379]
Epoch [2155/4000]: Loss: [304.8306]
Epoch [2156/4000]: Loss: [302.2475]
Epoch [2157/4000]: Loss: [297.2678]
Epoch [2158/4000]: Loss: [307.3075]
Epoch [2159/4000]: Loss: [299.9633]
Epoch [2160/4000]: Loss: [291.6957]
Epoch [2161/4000]: Loss: [299.1546]
Epoch [2162/4000]: Loss: [298.6786]
Epoch [2163/4000]: Loss: [311.9965]
Epoch [2164/4000]: Loss: [305.9521]
Epoch [2165/4000]: Loss: [299.5198]
Epoch [2166/4000]: Loss: [315.3796]
Epoch [2167/4000]: Loss: [292.7729]
Epoch [2168/4000]: Loss: [299.6490]
Epoch [2169/4000]: Loss: [318.4814]
Epoch [2170/4000]: Loss: [299.9038]
Epoch [2171/4000]: Loss: [300.0024]
Epoch [2172/4000]: Loss: [306.6714]
Epoch [2173/4000]: Loss: [305.2189]
Epoch [2174/4000]: Loss: [306.4030]
Epoch [2175/4000]: Loss: [301.0560]
Epoch [2176/4000]: Loss: [300.7819]
Epoch [2177/4000]: Loss: [309.7830]
Epoch [2178/4000]: Loss: [303.3281]
Epoch [2179/4000]: Loss: [298.2316]
Epoch [2180/4000]: Loss: [301.7334]
Epoch [2181/4000]: Loss: [300.4145]
Epoch [2182/4000]: Loss: [303.8699]
Epoch [2183/4000]: Loss: [312.7090]
Epoch [2184/4000]: Loss: [301.5177]
Epoch [2185/4000]: Loss: [305.4899]
Epoch [2186/4000]: Loss: [296.9441]
Epoch [2187/4000]: Loss: [297.4863]
Epoch [2188/4000]: Loss: [300.4217]
Epoch [2189/4000]: Loss: [309.9164]
Epoch [2190/4000]: Loss: [309.9014]
Epoch [2191/4000]: Loss: [303.2452]
Epoch [2192/4000]: Loss: [304.9044]
Epoch [2193/4000]: Loss: [301.6659]
Epoch [2194/4000]: Loss: [312.5362]
Epoch [2195/4000]: Loss: [296.1742]
Epoch [2196/4000]: Loss: [294.2024]
Epoch [2197/4000]: Loss: [306.4552]
Epoch [2198/4000]: Loss: [291.6680]
Epoch [2199/4000]: Loss: [298.9844]
Epoch [2200/4000]: Loss: [303.8086]
Epoch [2201/4000]: Loss: [294.8966]
Epoch [2202/4000]: Loss: [301.8733]
Epoch [2203/4000]: Loss: [305.6367]
Epoch [2204/4000]: Loss: [308.3969]
Epoch [2205/4000]: Loss: [300.1610]
Epoch [2206/4000]: Loss: [306.5338]
Epoch [2207/4000]: Loss: [299.9557]
Epoch [2208/4000]: Loss: [301.2458]
Epoch [2209/4000]: Loss: [303.3067]
Epoch [2210/4000]: Loss: [302.1636]
Epoch [2211/4000]: Loss: [298.2500]
Epoch [2212/4000]: Loss: [304.3212]
Epoch [2213/4000]: Loss: [295.6881]
Epoch [2214/4000]: Loss: [294.6061]
Epoch [2215/4000]: Loss: [302.6010]
Epoch [2216/4000]: Loss: [302.8722]
Epoch [2217/4000]: Loss: [297.4956]
Epoch [2218/4000]: Loss: [300.5486]
Epoch [2219/4000]: Loss: [305.3318]
Epoch [2220/4000]: Loss: [311.9541]
Epoch [2221/4000]: Loss: [305.9746]
Epoch [2222/4000]: Loss: [309.2966]
Epoch [2223/4000]: Loss: [300.6474]
Epoch [2224/4000]: Loss: [291.7694]
Epoch [2225/4000]: Loss: [304.1849]
Epoch [2226/4000]: Loss: [310.6764]
Epoch [2227/4000]: Loss: [289.9770]
Epoch [2228/4000]: Loss: [294.3660]
Epoch [2229/4000]: Loss: [295.5684]
Epoch [2230/4000]: Loss: [298.9624]
Epoch [2231/4000]: Loss: [305.1762]
Epoch [2232/4000]: Loss: [314.7599]
Epoch [2233/4000]: Loss: [306.0151]
Epoch [2234/4000]: Loss: [302.3439]
Epoch [2235/4000]: Loss: [298.4337]
Epoch [2236/4000]: Loss: [310.7896]
Epoch [2237/4000]: Loss: [302.1107]
Epoch [2238/4000]: Loss: [294.6070]
Epoch [2239/4000]: Loss: [305.1467]
Epoch [2240/4000]: Loss: [301.2754]
Epoch [2241/4000]: Loss: [306.7846]
Epoch [2242/4000]: Loss: [308.5245]
Epoch [2243/4000]: Loss: [300.1330]
Epoch [2244/4000]: Loss: [300.4061]
Epoch [2245/4000]: Loss: [309.0155]
Epoch [2246/4000]: Loss: [299.3322]
Epoch [2247/4000]: Loss: [304.4303]
Epoch [2248/4000]: Loss: [303.9349]
Epoch [2249/4000]: Loss: [305.0929]
Epoch [2250/4000]: Loss: [305.2688]
Epoch [2251/4000]: Loss: [303.2709]
Epoch [2252/4000]: Loss: [301.8205]
Epoch [2253/4000]: Loss: [305.0496]
Epoch [2254/4000]: Loss: [306.8440]
Epoch [2255/4000]: Loss: [306.6344]
Epoch [2256/4000]: Loss: [298.3587]
Epoch [2257/4000]: Loss: [296.3829]
Epoch [2258/4000]: Loss: [305.5006]
Epoch [2259/4000]: Loss: [303.5218]
Epoch [2260/4000]: Loss: [292.0275]
Epoch [2261/4000]: Loss: [297.5290]
Epoch [2262/4000]: Loss: [300.9860]
Epoch [2263/4000]: Loss: [298.9127]
Epoch [2264/4000]: Loss: [304.8339]
Epoch [2265/4000]: Loss: [301.7998]
Epoch [2266/4000]: Loss: [304.5425]
Epoch [2267/4000]: Loss: [296.6124]
Epoch [2268/4000]: Loss: [300.2800]
Epoch [2269/4000]: Loss: [293.2590]
Epoch [2270/4000]: Loss: [302.1540]
Epoch [2271/4000]: Loss: [307.1597]
Epoch [2272/4000]: Loss: [303.0488]
Epoch [2273/4000]: Loss: [302.3278]
Epoch [2274/4000]: Loss: [294.5525]
Epoch [2275/4000]: Loss: [301.4565]
Epoch [2276/4000]: Loss: [299.6064]
Epoch [2277/4000]: Loss: [306.2450]
Epoch [2278/4000]: Loss: [299.5085]
Epoch [2279/4000]: Loss: [309.5685]
Epoch [2280/4000]: Loss: [307.0844]
Epoch [2281/4000]: Loss: [311.4794]
Epoch [2282/4000]: Loss: [299.7933]
Epoch [2283/4000]: Loss: [299.4118]
Epoch [2284/4000]: Loss: [301.5636]
Epoch [2285/4000]: Loss: [307.5791]
Epoch [2286/4000]: Loss: [305.5793]
Epoch [2287/4000]: Loss: [293.1545]
Epoch [2288/4000]: Loss: [307.7285]
Epoch [2289/4000]: Loss: [284.7676]
Epoch [2290/4000]: Loss: [296.5618]
Epoch [2291/4000]: Loss: [308.7264]
Epoch [2292/4000]: Loss: [314.1584]
Epoch [2293/4000]: Loss: [311.4236]
Epoch [2294/4000]: Loss: [314.3643]
Epoch [2295/4000]: Loss: [297.5856]
Epoch [2296/4000]: Loss: [301.1181]
Epoch [2297/4000]: Loss: [292.4803]
Epoch [2298/4000]: Loss: [293.2430]
Epoch [2299/4000]: Loss: [295.7972]
Epoch [2300/4000]: Loss: [319.3249]
Epoch [2301/4000]: Loss: [295.3988]
Epoch [2302/4000]: Loss: [301.2366]
Epoch [2303/4000]: Loss: [298.1023]
Epoch [2304/4000]: Loss: [300.4814]
Epoch [2305/4000]: Loss: [297.5506]
Epoch [2306/4000]: Loss: [300.1997]
Epoch [2307/4000]: Loss: [302.3829]
Epoch [2308/4000]: Loss: [300.8111]
Epoch [2309/4000]: Loss: [314.8941]
Epoch [2310/4000]: Loss: [305.7674]
Epoch [2311/4000]: Loss: [303.9163]
Epoch [2312/4000]: Loss: [304.0912]
Epoch [2313/4000]: Loss: [300.1377]
Epoch [2314/4000]: Loss: [298.4629]
Epoch [2315/4000]: Loss: [299.6635]
Epoch [2316/4000]: Loss: [299.7236]
Epoch [2317/4000]: Loss: [299.3181]
Epoch [2318/4000]: Loss: [303.7162]
Epoch [2319/4000]: Loss: [303.8889]
Epoch [2320/4000]: Loss: [300.6315]
Epoch [2321/4000]: Loss: [306.3657]
Epoch [2322/4000]: Loss: [301.9569]
Epoch [2323/4000]: Loss: [295.1594]
Epoch [2324/4000]: Loss: [302.0385]
Epoch [2325/4000]: Loss: [300.1952]
Epoch [2326/4000]: Loss: [304.1172]
Epoch [2327/4000]: Loss: [294.1441]
Epoch [2328/4000]: Loss: [316.7844]
Epoch [2329/4000]: Loss: [302.5405]
Epoch [2330/4000]: Loss: [304.8395]
Epoch [2331/4000]: Loss: [297.7795]
Epoch [2332/4000]: Loss: [313.1039]
Epoch [2333/4000]: Loss: [304.3306]
Epoch [2334/4000]: Loss: [308.3694]
Epoch [2335/4000]: Loss: [296.1969]
Epoch [2336/4000]: Loss: [305.5568]
Epoch [2337/4000]: Loss: [301.2257]
Epoch [2338/4000]: Loss: [302.9901]
Epoch [2339/4000]: Loss: [308.7884]
Epoch [2340/4000]: Loss: [301.3992]
Epoch [2341/4000]: Loss: [304.5852]
Epoch [2342/4000]: Loss: [295.9448]
Epoch [2343/4000]: Loss: [298.7678]
Epoch [2344/4000]: Loss: [303.4909]
Epoch [2345/4000]: Loss: [293.9022]
Epoch [2346/4000]: Loss: [299.9393]
Epoch [2347/4000]: Loss: [304.6705]
Epoch [2348/4000]: Loss: [296.2586]
Epoch [2349/4000]: Loss: [293.7490]
Epoch [2350/4000]: Loss: [300.2313]
Epoch [2351/4000]: Loss: [307.2930]
Epoch [2352/4000]: Loss: [299.4753]
Epoch [2353/4000]: Loss: [309.7252]
Epoch [2354/4000]: Loss: [298.5902]
Epoch [2355/4000]: Loss: [302.2486]
Epoch [2356/4000]: Loss: [301.5901]
Epoch [2357/4000]: Loss: [302.1264]
Epoch [2358/4000]: Loss: [307.8121]
Epoch [2359/4000]: Loss: [302.9593]
Epoch [2360/4000]: Loss: [303.2980]
Epoch [2361/4000]: Loss: [303.7125]
Epoch [2362/4000]: Loss: [309.1923]
Epoch [2363/4000]: Loss: [301.0538]
Epoch [2364/4000]: Loss: [305.0524]
Epoch [2365/4000]: Loss: [297.5418]
Epoch [2366/4000]: Loss: [300.3074]
Epoch [2367/4000]: Loss: [301.2073]
Epoch [2368/4000]: Loss: [297.2861]
Epoch [2369/4000]: Loss: [309.7206]
Epoch [2370/4000]: Loss: [306.2191]
Epoch [2371/4000]: Loss: [312.1892]
Epoch [2372/4000]: Loss: [304.2815]
Epoch [2373/4000]: Loss: [313.2814]
Epoch [2374/4000]: Loss: [305.6688]
Epoch [2375/4000]: Loss: [303.3484]
Epoch [2376/4000]: Loss: [303.4712]
Epoch [2377/4000]: Loss: [302.4606]
Epoch [2378/4000]: Loss: [314.3024]
Epoch [2379/4000]: Loss: [302.5816]
Epoch [2380/4000]: Loss: [304.4338]
Epoch [2381/4000]: Loss: [295.7009]
Epoch [2382/4000]: Loss: [312.1727]
Epoch [2383/4000]: Loss: [308.9358]
Epoch [2384/4000]: Loss: [303.1660]
Epoch [2385/4000]: Loss: [303.9640]
Epoch [2386/4000]: Loss: [307.5327]
Epoch [2387/4000]: Loss: [300.4191]
Epoch [2388/4000]: Loss: [293.5490]
Epoch [2389/4000]: Loss: [305.6111]
Epoch [2390/4000]: Loss: [302.2815]
Epoch [2391/4000]: Loss: [302.7628]
Epoch [2392/4000]: Loss: [305.1497]
Epoch [2393/4000]: Loss: [296.5393]
Epoch [2394/4000]: Loss: [307.4777]
Epoch [2395/4000]: Loss: [297.2335]
Epoch [2396/4000]: Loss: [305.6331]
Epoch [2397/4000]: Loss: [301.6667]
Epoch [2398/4000]: Loss: [311.6799]
Epoch [2399/4000]: Loss: [308.5137]
Epoch [2400/4000]: Loss: [296.8804]
Epoch [2401/4000]: Loss: [303.0619]
Epoch [2402/4000]: Loss: [296.3302]
Epoch [2403/4000]: Loss: [299.0381]
Epoch [2404/4000]: Loss: [305.7826]
Epoch [2405/4000]: Loss: [304.1137]
Epoch [2406/4000]: Loss: [296.9559]
Epoch [2407/4000]: Loss: [300.2801]
Epoch [2408/4000]: Loss: [299.8801]
Epoch [2409/4000]: Loss: [300.2723]
Epoch [2410/4000]: Loss: [299.7031]
Epoch [2411/4000]: Loss: [304.7215]
Epoch [2412/4000]: Loss: [296.8856]
Epoch [2413/4000]: Loss: [306.7297]
Epoch [2414/4000]: Loss: [301.6728]
Epoch [2415/4000]: Loss: [298.3247]
Epoch [2416/4000]: Loss: [314.6157]
Epoch [2417/4000]: Loss: [301.8877]
Epoch [2418/4000]: Loss: [296.0880]
Epoch [2419/4000]: Loss: [306.8985]
Epoch [2420/4000]: Loss: [304.3996]
Epoch [2421/4000]: Loss: [311.0743]
Epoch [2422/4000]: Loss: [302.5579]
Epoch [2423/4000]: Loss: [300.6753]
Epoch [2424/4000]: Loss: [304.7988]
Epoch [2425/4000]: Loss: [305.2592]
Epoch [2426/4000]: Loss: [300.7290]
Epoch [2427/4000]: Loss: [310.1332]
Epoch [2428/4000]: Loss: [297.5300]
Epoch [2429/4000]: Loss: [302.5146]
Epoch [2430/4000]: Loss: [302.0552]
Epoch [2431/4000]: Loss: [303.1076]
Epoch [2432/4000]: Loss: [304.9353]
Epoch [2433/4000]: Loss: [303.4944]
Epoch [2434/4000]: Loss: [301.3421]
Epoch [2435/4000]: Loss: [306.0692]
Epoch [2436/4000]: Loss: [307.1242]
Epoch [2437/4000]: Loss: [294.0576]
Epoch [2438/4000]: Loss: [299.4079]
Epoch [2439/4000]: Loss: [300.0761]
Epoch [2440/4000]: Loss: [306.0281]
Epoch [2441/4000]: Loss: [302.6813]
Epoch [2442/4000]: Loss: [297.0660]
Epoch [2443/4000]: Loss: [301.1017]
Epoch [2444/4000]: Loss: [306.3161]
Epoch [2445/4000]: Loss: [297.8796]
Epoch [2446/4000]: Loss: [287.5599]
Epoch [2447/4000]: Loss: [299.5440]
Epoch [2448/4000]: Loss: [310.3546]
Epoch [2449/4000]: Loss: [289.0331]
Epoch [2450/4000]: Loss: [297.5693]
Epoch [2451/4000]: Loss: [304.0605]
Epoch [2452/4000]: Loss: [302.1391]
Epoch [2453/4000]: Loss: [290.4218]
Epoch [2454/4000]: Loss: [294.6881]
Epoch [2455/4000]: Loss: [295.8735]
Epoch [2456/4000]: Loss: [305.9232]
Epoch [2457/4000]: Loss: [318.3087]
Epoch [2458/4000]: Loss: [311.7989]
Epoch [2459/4000]: Loss: [296.9258]
